
########## Setting Up Experiment ######################

Putting log in RNN_ADAM_model=RNN_optimizer=ADAM_initial_lr=0.0001_batch_size=20_seq_len=20_hidden_size=1500_num_layers=2_dp_keep_prob=0.35_0
Using the GPU
Loading data from data
  vocabulary size: 10000

########## Running Main Loop ##########################

EPOCH 0 ------------------
step: 10	loss: 1960.1107215881348	speed (wps):2135.56795537915
step: 242	loss: 34478.557081222534	speed (wps):2351.857651325042
step: 474	loss: 65294.31474685669	speed (wps):2335.2136536761695
step: 706	loss: 95341.63501739502	speed (wps):2336.6486132437326
step: 938	loss: 125160.24615287781	speed (wps):2338.734694968364
step: 1170	loss: 154743.82133483887	speed (wps):2340.6795204938417
step: 1402	loss: 183728.82558822632	speed (wps):2342.580572572225
step: 1634	loss: 212624.072265625	speed (wps):2345.3826662129304
step: 1866	loss: 241359.3141937256	speed (wps):2342.9659424902184
step: 2098	loss: 269788.9097595215	speed (wps):2355.280940469151
epoch: 0	train ppl: 599.0464286253155	val ppl: 377.8351027955476	best val: 377.8351027955476	time (s) spent in epoch: 399.9668781757355

EPOCH 1 ------------------
step: 10	loss: 1374.0149593353271	speed (wps):2381.6120089916967
step: 242	loss: 29237.569618225098	speed (wps):2471.508193048167
step: 474	loss: 57431.0858631134	speed (wps):2474.135022290299
step: 706	loss: 85306.01306915283	speed (wps):2475.827624626198
step: 938	loss: 113211.22667312622	speed (wps):2476.3044808653126
step: 1170	loss: 141135.87754249573	speed (wps):2476.703545304472
step: 1402	loss: 168545.13709068298	speed (wps):2476.9715944908594
step: 1634	loss: 196012.90014266968	speed (wps):2477.132767567727
step: 1866	loss: 223488.27465057373	speed (wps):2477.306607822414
step: 2098	loss: 250702.4224472046	speed (wps):2476.2006025628953
epoch: 1	train ppl: 388.00713693994464	val ppl: 308.73591139473194	best val: 308.73591139473194	time (s) spent in epoch: 382.969610452652

EPOCH 2 ------------------
step: 10	loss: 1326.0342502593994	speed (wps):2357.240245424601
step: 242	loss: 28217.800903320312	speed (wps):2439.769816616703
step: 474	loss: 55511.90887451172	speed (wps):2440.6575713256098
step: 706	loss: 82529.00386810303	speed (wps):2441.0013807744945
step: 938	loss: 109591.18692398071	speed (wps):2440.573207518442
step: 1170	loss: 136718.66744041443	speed (wps):2440.5764913072353
step: 1402	loss: 163377.21888542175	speed (wps):2440.253000243151
step: 1634	loss: 190148.3664035797	speed (wps):2440.163074239087
step: 1866	loss: 216924.25297737122	speed (wps):2439.7627088842974
step: 2098	loss: 243427.67789840698	speed (wps):2439.455480729885
epoch: 2	train ppl: 327.55857930007045	val ppl: 265.4718125358803	best val: 265.4718125358803	time (s) spent in epoch: 388.28382873535156

EPOCH 3 ------------------
step: 10	loss: 1300.6826400756836	speed (wps):2345.821024245741
step: 242	loss: 27581.24355316162	speed (wps):2432.9601479957687
step: 474	loss: 54343.263664245605	speed (wps):2435.639410780947
step: 706	loss: 80814.56769943237	speed (wps):2436.1467523177425
step: 938	loss: 107346.32326126099	speed (wps):2436.5478064073113
step: 1170	loss: 133950.73099136353	speed (wps):2436.7090953474044
step: 1402	loss: 160086.96299552917	speed (wps):2436.8058211557
step: 1634	loss: 186386.69296264648	speed (wps):2436.821182808452
step: 1866	loss: 212686.00399971008	speed (wps):2436.953844528268
step: 2098	loss: 238750.24396896362	speed (wps):2436.9509643019856
epoch: 3	train ppl: 293.23108965880675	val ppl: 243.38559402308135	best val: 243.38559402308135	time (s) spent in epoch: 388.6506154537201

EPOCH 4 ------------------
step: 10	loss: 1285.1654434204102	speed (wps):2345.7697385655893
step: 242	loss: 27112.454223632812	speed (wps):2434.4871357499837
step: 474	loss: 53466.492195129395	speed (wps):2435.9135484601256
step: 706	loss: 79517.47401237488	speed (wps):2436.425740339233
step: 938	loss: 105664.56941604614	speed (wps):2436.544953683306
step: 1170	loss: 131902.69446372986	speed (wps):2436.712060179569
step: 1402	loss: 157650.95210075378	speed (wps):2436.9295402666457
step: 1634	loss: 183596.74253463745	speed (wps):2437.0001111598885
step: 1866	loss: 209537.04717636108	speed (wps):2437.0563864403416
step: 2098	loss: 235198.20249557495	speed (wps):2437.09071774857
epoch: 4	train ppl: 269.64934345521976	val ppl: 233.78616021406205	best val: 233.78616021406205	time (s) spent in epoch: 388.6219449043274

EPOCH 5 ------------------
step: 10	loss: 1264.2543506622314	speed (wps):2349.7076574373114
step: 242	loss: 26755.553798675537	speed (wps):2434.41256081906
step: 474	loss: 52759.70532417297	speed (wps):2435.987829832707
step: 706	loss: 78462.23600387573	speed (wps):2436.465997791459
step: 938	loss: 104264.9933052063	speed (wps):2436.5049069670054
step: 1170	loss: 130176.35407447815	speed (wps):2436.868961774881
step: 1402	loss: 155611.34059906006	speed (wps):2436.896111658165
step: 1634	loss: 181230.41544914246	speed (wps):2437.06275062681
step: 1866	loss: 206852.48022079468	speed (wps):2437.063036168509
step: 2098	loss: 232220.59935569763	speed (wps):2437.0462396515804
epoch: 5	train ppl: 251.37172875550806	val ppl: 218.65111100439898	best val: 218.65111100439898	time (s) spent in epoch: 388.62069034576416

EPOCH 6 ------------------
step: 10	loss: 1249.1616535186768	speed (wps):2344.8726020245385
step: 242	loss: 26473.50125312805	speed (wps):2432.382274423863
step: 474	loss: 52188.29400062561	speed (wps):2434.4260086359927
step: 706	loss: 77618.02349090576	speed (wps):2435.351592107981
step: 938	loss: 103132.4471950531	speed (wps):2436.1183751755507
step: 1170	loss: 128757.9069519043	speed (wps):2436.4850492579462
step: 1402	loss: 153897.19102859497	speed (wps):2436.4764146910975
step: 1634	loss: 179288.74207496643	speed (wps):2436.6222100266323
step: 1866	loss: 204675.92427253723	speed (wps):2436.593402790117
step: 2098	loss: 229778.237657547	speed (wps):2436.7026246784094
epoch: 6	train ppl: 237.3550824812711	val ppl: 210.06291135044523	best val: 210.06291135044523	time (s) spent in epoch: 388.6626296043396

EPOCH 7 ------------------
step: 10	loss: 1244.1877746582031	speed (wps):2358.4642058555796
step: 242	loss: 26175.55974960327	speed (wps):2433.037784838101
step: 474	loss: 51671.96816444397	speed (wps):2435.2032643525204
step: 706	loss: 76862.96935081482	speed (wps):2435.9451108801854
step: 938	loss: 102142.02147483826	speed (wps):2436.2096299264895
step: 1170	loss: 127526.79571151733	speed (wps):2436.386210583194
step: 1402	loss: 152494.10046577454	speed (wps):2436.461988877575
step: 1634	loss: 177651.82147026062	speed (wps):2436.6349346363945
step: 1866	loss: 202805.86998939514	speed (wps):2436.6611653864948
step: 2098	loss: 227675.7458972931	speed (wps):2436.747783229331
epoch: 7	train ppl: 225.83801796633824	val ppl: 205.73980406387918	best val: 205.73980406387918	time (s) spent in epoch: 388.69057846069336

EPOCH 8 ------------------
step: 10	loss: 1231.3943099975586	speed (wps):2347.8106702789955
step: 242	loss: 25945.501022338867	speed (wps):2432.888308927987
step: 474	loss: 51238.83628845215	speed (wps):2434.9231710405365
step: 706	loss: 76201.16289138794	speed (wps):2436.137821232974
step: 938	loss: 101245.19464492798	speed (wps):2436.5686725718815
step: 1170	loss: 126432.88136482239	speed (wps):2436.7058403870674
step: 1402	loss: 151148.7368106842	speed (wps):2436.7716517677636
step: 1634	loss: 176134.1901397705	speed (wps):2436.841514400029
step: 1866	loss: 201099.98826026917	speed (wps):2436.7625793897546
step: 2098	loss: 225768.5910129547	speed (wps):2436.8117917628233
epoch: 8	train ppl: 215.96907668347666	val ppl: 201.58498553617056	best val: 201.58498553617056	time (s) spent in epoch: 388.6720688343048

EPOCH 9 ------------------
step: 10	loss: 1224.7062587738037	speed (wps):2346.1592080672044
step: 242	loss: 25718.35594177246	speed (wps):2431.1381005431213
step: 474	loss: 50803.62895965576	speed (wps):2433.4066572742136
step: 706	loss: 75575.78356742859	speed (wps):2434.1359099806396
step: 938	loss: 100456.10960006714	speed (wps):2435.562133911553
step: 1170	loss: 125470.49563407898	speed (wps):2436.7214382843677
step: 1402	loss: 150026.45317077637	speed (wps):2437.117004710916
step: 1634	loss: 174818.95593643188	speed (wps):2437.1839725856107
step: 1866	loss: 199593.86655807495	speed (wps):2437.1189791308507
step: 2098	loss: 224066.42223358154	speed (wps):2436.9614942449166
epoch: 9	train ppl: 207.37253911681353	val ppl: 196.8369241358963	best val: 196.8369241358963	time (s) spent in epoch: 388.6142244338989

EPOCH 10 ------------------
step: 10	loss: 1211.7515182495117	speed (wps):2349.3472153426196
step: 242	loss: 25545.318689346313	speed (wps):2436.0802193838686
step: 474	loss: 50487.803354263306	speed (wps):2437.7683634384034
step: 706	loss: 75087.42464065552	speed (wps):2437.825928321176
step: 938	loss: 99776.0858631134	speed (wps):2437.7450287164224
step: 1170	loss: 124600.25723457336	speed (wps):2437.328980749707
step: 1402	loss: 148982.73968696594	speed (wps):2437.1187912345627
step: 1634	loss: 173614.05641555786	speed (wps):2437.1304839450995
step: 1866	loss: 198236.9491672516	speed (wps):2437.6239168845345
step: 2098	loss: 222540.0982284546	speed (wps):2437.9572580628005
epoch: 10	train ppl: 200.06290176825595	val ppl: 187.5007117242079	best val: 187.5007117242079	time (s) spent in epoch: 388.4915294647217

EPOCH 11 ------------------
step: 10	loss: 1209.845790863037	speed (wps):2342.8920945691184
step: 242	loss: 25374.354190826416	speed (wps):2433.524481929789
step: 474	loss: 50139.39298629761	speed (wps):2434.1288376176212
step: 706	loss: 74590.5919265747	speed (wps):2434.9641812341156
step: 938	loss: 99118.59836578369	speed (wps):2435.2664604125857
step: 1170	loss: 123786.54131889343	speed (wps):2436.309126757089
step: 1402	loss: 147988.78613471985	speed (wps):2437.0911761108623
step: 1634	loss: 172482.16353416443	speed (wps):2437.297709252317
step: 1866	loss: 196955.95861434937	speed (wps):2437.35419028122
step: 2098	loss: 221089.2188835144	speed (wps):2437.23498252725
epoch: 11	train ppl: 193.1619770089631	val ppl: 187.40831018249813	best val: 187.40831018249813	time (s) spent in epoch: 388.6150062084198

EPOCH 12 ------------------
step: 10	loss: 1199.2546367645264	speed (wps):2347.209571102121
step: 242	loss: 25231.03783607483	speed (wps):2431.9530025719973
step: 474	loss: 49880.77547073364	speed (wps):2436.512902535737
step: 706	loss: 74148.51920127869	speed (wps):2437.86630220504
step: 938	loss: 98542.12265968323	speed (wps):2437.9608611216026
step: 1170	loss: 123066.9469165802	speed (wps):2438.102935476877
step: 1402	loss: 147123.6770248413	speed (wps):2438.115971499507
step: 1634	loss: 171488.92965316772	speed (wps):2437.848729392793
step: 1866	loss: 195825.58492660522	speed (wps):2437.7321251341705
step: 2098	loss: 219810.53604125977	speed (wps):2437.7713953084403
epoch: 12	train ppl: 187.4721375339702	val ppl: 186.50956144093888	best val: 186.50956144093888	time (s) spent in epoch: 388.48408555984497

EPOCH 13 ------------------
step: 10	loss: 1191.713171005249	speed (wps):2346.7179915739125
step: 242	loss: 25060.527868270874	speed (wps):2434.2396895704883
step: 474	loss: 49566.32643699646	speed (wps):2435.785688781118
step: 706	loss: 73691.31649971008	speed (wps):2436.484680623962
step: 938	loss: 97947.50922203064	speed (wps):2436.621429347048
step: 1170	loss: 122320.29323577881	speed (wps):2436.501934609916
step: 1402	loss: 146246.25371932983	speed (wps):2437.1143602569923
step: 1634	loss: 170452.24716186523	speed (wps):2437.7254547388598
step: 1866	loss: 194662.55519866943	speed (wps):2437.848882970881
step: 2098	loss: 218517.9237651825	speed (wps):2437.823215646252
epoch: 13	train ppl: 181.87477370611245	val ppl: 183.3270290880128	best val: 183.3270290880128	time (s) spent in epoch: 388.52309703826904

EPOCH 14 ------------------
step: 10	loss: 1187.5514507293701	speed (wps):2338.532686474378
step: 242	loss: 24939.55798149109	speed (wps):2431.5362090588533
step: 474	loss: 49327.847204208374	speed (wps):2433.906733587501
step: 706	loss: 73338.52581977844	speed (wps):2435.9499934265345
step: 938	loss: 97431.15293502808	speed (wps):2436.8537762795504
step: 1170	loss: 121676.5835571289	speed (wps):2436.950597161696
step: 1402	loss: 145479.37900543213	speed (wps):2436.7912047642417
step: 1634	loss: 169559.84580993652	speed (wps):2436.7264522826226
step: 1866	loss: 193664.08699035645	speed (wps):2436.620105541761
step: 2098	loss: 217401.46551132202	speed (wps):2436.3793236447086
epoch: 14	train ppl: 177.13843313095816	val ppl: 181.77537013567178	best val: 181.77537013567178	time (s) spent in epoch: 388.7095613479614

EPOCH 15 ------------------
step: 10	loss: 1177.8096675872803	speed (wps):2350.792941508558
step: 242	loss: 24797.78018951416	speed (wps):2434.2938609089506
step: 474	loss: 49055.17992973328	speed (wps):2435.7419874210987
step: 706	loss: 72944.54483032227	speed (wps):2435.8978922641254
step: 938	loss: 96950.83807945251	speed (wps):2436.358715784596
step: 1170	loss: 121094.28369522095	speed (wps):2436.2777423202833
step: 1402	loss: 144761.61638259888	speed (wps):2436.7483858514097
step: 1634	loss: 168758.4428215027	speed (wps):2437.2498719479145
step: 1866	loss: 192736.60137176514	speed (wps):2437.467163904933
step: 2098	loss: 216366.58179283142	speed (wps):2437.4470902356616
epoch: 15	train ppl: 172.87160949352588	val ppl: 177.25833519346446	best val: 177.25833519346446	time (s) spent in epoch: 388.5756664276123

EPOCH 16 ------------------
step: 10	loss: 1173.0354976654053	speed (wps):2345.9054119604334
step: 242	loss: 24690.59185028076	speed (wps):2431.7003420724245
step: 474	loss: 48879.31700706482	speed (wps):2434.3837689721645
step: 706	loss: 72648.07110786438	speed (wps):2436.1947461367154
step: 938	loss: 96547.68034934998	speed (wps):2437.1252681692686
step: 1170	loss: 120581.86184883118	speed (wps):2437.7814417375803
step: 1402	loss: 144139.44540977478	speed (wps):2438.633221158377
step: 1634	loss: 168008.19316864014	speed (wps):2439.1674066636124
step: 1866	loss: 191903.59285354614	speed (wps):2439.5018355098373
step: 2098	loss: 215395.00699043274	speed (wps):2439.7287515910607
epoch: 16	train ppl: 168.7954680191138	val ppl: 177.68918707165838	best val: 177.25833519346446	time (s) spent in epoch: 388.18008613586426

EPOCH 17 ------------------
step: 10	loss: 1170.7452201843262	speed (wps):2349.17795041773
step: 242	loss: 24563.732328414917	speed (wps):2436.1193042167274
step: 474	loss: 48618.041400909424	speed (wps):2438.6959723637915
step: 706	loss: 72289.97120857239	speed (wps):2439.5035073088197
step: 938	loss: 96071.44702911377	speed (wps):2439.9583078872315
step: 1170	loss: 119988.91743659973	speed (wps):2440.2602827883197
step: 1402	loss: 143470.96363067627	speed (wps):2440.5369085509133
step: 1634	loss: 167266.25388145447	speed (wps):2440.8016857953667
step: 1866	loss: 191058.72673034668	speed (wps):2440.9394412630513
step: 2098	loss: 214441.1468410492	speed (wps):2441.0814876509316
epoch: 17	train ppl: 165.10096766564823	val ppl: 175.2393901067063	best val: 175.2393901067063	time (s) spent in epoch: 387.9583122730255

EPOCH 18 ------------------
step: 10	loss: 1167.2388458251953	speed (wps):2349.809977335812
step: 242	loss: 24490.604753494263	speed (wps):2438.4723359448153
step: 474	loss: 48451.58781051636	speed (wps):2440.92714276956
step: 706	loss: 71997.88969993591	speed (wps):2441.3691883898077
step: 938	loss: 95678.34297180176	speed (wps):2441.366575084951
step: 1170	loss: 119526.76833152771	speed (wps):2441.515723326786
step: 1402	loss: 142892.39797592163	speed (wps):2441.583229007053
step: 1634	loss: 166571.56165122986	speed (wps):2441.5396690416533
step: 1866	loss: 190254.37893867493	speed (wps):2441.5693235251883
step: 2098	loss: 213525.60011863708	speed (wps):2441.6391953241405
epoch: 18	train ppl: 161.56754434299896	val ppl: 173.93921840647639	best val: 173.93921840647639	time (s) spent in epoch: 387.9102704524994

EPOCH 19 ------------------
step: 10	loss: 1156.4237689971924	speed (wps):2356.054250071971
step: 242	loss: 24381.48278236389	speed (wps):2438.214644412284
step: 474	loss: 48255.06986618042	speed (wps):2440.551814812103
step: 706	loss: 71703.3327293396	speed (wps):2441.3289647108722
step: 938	loss: 95281.09878540039	speed (wps):2441.5359689694405
step: 1170	loss: 119019.74565505981	speed (wps):2441.683258322624
step: 1402	loss: 142273.33282470703	speed (wps):2441.9795783829345
step: 1634	loss: 165871.25373840332	speed (wps):2441.8093434086372
step: 1866	loss: 189447.01412200928	speed (wps):2441.819522545959
step: 2098	loss: 212606.39318466187	speed (wps):2441.936204591956
epoch: 19	train ppl: 158.0587754688275	val ppl: 168.65938420022943	best val: 168.65938420022943	time (s) spent in epoch: 387.8557360172272

EPOCH 20 ------------------
step: 10	loss: 1158.3950805664062	speed (wps):2352.9221211380964
step: 242	loss: 24255.69354057312	speed (wps):2436.492776815048
step: 474	loss: 47990.94107627869	speed (wps):2439.218614695195
step: 706	loss: 71301.88124656677	speed (wps):2440.1474022454236
step: 938	loss: 94799.98254776001	speed (wps):2440.5086347898764
step: 1170	loss: 118437.61219978333	speed (wps):2440.7520360600365
step: 1402	loss: 141599.8102760315	speed (wps):2440.9028018902964
step: 1634	loss: 165112.69150733948	speed (wps):2441.027006504979
step: 1866	loss: 188572.78031349182	speed (wps):2441.2123973305656
step: 2098	loss: 211652.60622024536	speed (wps):2441.329618879562
epoch: 20	train ppl: 154.6835624315175	val ppl: 168.59116384128725	best val: 168.59116384128725	time (s) spent in epoch: 387.92404198646545

EPOCH 21 ------------------
step: 10	loss: 1149.4876861572266	speed (wps):2352.165796959291
step: 242	loss: 24137.872219085693	speed (wps):2438.701110159399
step: 474	loss: 47863.089427948	speed (wps):2440.5641397689765
step: 706	loss: 71130.91629981995	speed (wps):2440.6622236164667
step: 938	loss: 94510.00799179077	speed (wps):2440.536461250829
step: 1170	loss: 118050.909948349	speed (wps):2440.110299665054
step: 1402	loss: 141124.60857391357	speed (wps):2439.6635469786083
step: 1634	loss: 164544.69230651855	speed (wps):2439.3948727329885
step: 1866	loss: 187939.2364501953	speed (wps):2439.3328349569942
step: 2098	loss: 210911.5010356903	speed (wps):2439.195503253486
epoch: 21	train ppl: 151.77372072312153	val ppl: 175.41243559620975	best val: 168.59116384128725	time (s) spent in epoch: 388.38408613204956

EPOCH 22 ------------------
step: 10	loss: 1148.3050918579102	speed (wps):2344.0083045872225
step: 242	loss: 24084.687576293945	speed (wps):2433.6031426228733
step: 474	loss: 47679.356994628906	speed (wps):2435.822266610452
step: 706	loss: 70857.75522232056	speed (wps):2436.2659347800873
step: 938	loss: 94184.71196174622	speed (wps):2436.3014981142364
step: 1170	loss: 117658.12353134155	speed (wps):2435.330825115739
step: 1402	loss: 140635.52857398987	speed (wps):2434.306265452364
step: 1634	loss: 163971.4011478424	speed (wps):2432.9678095952822
step: 1866	loss: 187297.0758342743	speed (wps):2431.704016808152
step: 2098	loss: 210206.273021698	speed (wps):2430.6745556014976
epoch: 22	train ppl: 149.2573000299711	val ppl: 170.65071775848017	best val: 168.59116384128725	time (s) spent in epoch: 389.89329624176025

EPOCH 23 ------------------
step: 10	loss: 1135.7378387451172	speed (wps):2327.1274625801557
step: 242	loss: 23968.57506752014	speed (wps):2416.2831716499104
step: 474	loss: 47465.009632110596	speed (wps):2417.885886290863
step: 706	loss: 70534.22070503235	speed (wps):2418.3197360017903
step: 938	loss: 93784.00382041931	speed (wps):2418.2163285443626
step: 1170	loss: 117140.70107460022	speed (wps):2417.964356764522
step: 1402	loss: 140046.57509803772	speed (wps):2417.5592597394216
step: 1634	loss: 163293.71797561646	speed (wps):2417.1638477594815
step: 1866	loss: 186548.54882240295	speed (wps):2417.0037212539096
step: 2098	loss: 209364.14010047913	speed (wps):2416.783168622233
epoch: 23	train ppl: 146.325176467483	val ppl: 167.89427352589644	best val: 167.89427352589644	time (s) spent in epoch: 391.99064087867737

EPOCH 24 ------------------
step: 10	loss: 1137.983627319336	speed (wps):2320.3058312984226
step: 242	loss: 23906.39391899109	speed (wps):2410.0171968199265
step: 474	loss: 47343.14441680908	speed (wps):2412.77896249444
step: 706	loss: 70333.20912361145	speed (wps):2413.664158027146
step: 938	loss: 93470.05729675293	speed (wps):2414.2346734938073
step: 1170	loss: 116733.5389328003	speed (wps):2414.45376949181
step: 1402	loss: 139543.47675323486	speed (wps):2414.8574788128685
step: 1634	loss: 162707.71851539612	speed (wps):2415.3967946970247
step: 1866	loss: 185877.03882217407	speed (wps):2415.59639501963
step: 2098	loss: 208625.04887580872	speed (wps):2415.71752041764
epoch: 24	train ppl: 143.78778287791832	val ppl: 170.5260191399786	best val: 167.89427352589644	time (s) spent in epoch: 392.07464146614075

EPOCH 25 ------------------
step: 10	loss: 1143.4451580047607	speed (wps):2318.8399503737674
step: 242	loss: 23829.897022247314	speed (wps):2412.790454702657
step: 474	loss: 47191.11487388611	speed (wps):2415.5028409547976
step: 706	loss: 70107.72667884827	speed (wps):2416.0103626232744
step: 938	loss: 93152.07350730896	speed (wps):2415.913314452847
step: 1170	loss: 116369.46984291077	speed (wps):2415.6364424377693
step: 1402	loss: 139123.33355903625	speed (wps):2415.026626383121
step: 1634	loss: 162201.9531917572	speed (wps):2414.581433329049
step: 1866	loss: 185283.86280059814	speed (wps):2414.081482314944
step: 2098	loss: 207948.0269050598	speed (wps):2413.6417554773957
epoch: 25	train ppl: 141.578685712679	val ppl: 170.18325753286436	best val: 167.89427352589644	time (s) spent in epoch: 392.5321168899536

EPOCH 26 ------------------
step: 10	loss: 1132.9119396209717	speed (wps):2323.334413489208
step: 242	loss: 23718.124752044678	speed (wps):2405.708947338277
step: 474	loss: 47001.06936454773	speed (wps):2407.8433745390685
step: 706	loss: 69842.79992103577	speed (wps):2408.8777092749688
step: 938	loss: 92813.71159553528	speed (wps):2408.8644466308083
step: 1170	loss: 115980.56897163391	speed (wps):2408.552382608139
step: 1402	loss: 138654.86298561096	speed (wps):2408.3448828946093
step: 1634	loss: 161713.6553478241	speed (wps):2408.3029453606478
step: 1866	loss: 184737.8817462921	speed (wps):2408.456735047256
step: 2098	loss: 207337.64709472656	speed (wps):2408.5683364836555
epoch: 26	train ppl: 139.4211042680786	val ppl: 170.2453055825155	best val: 167.89427352589644	time (s) spent in epoch: 393.2908685207367

EPOCH 27 ------------------
step: 10	loss: 1135.4889106750488	speed (wps):2330.3324829369335
step: 242	loss: 23651.208600997925	speed (wps):2406.6039281341455
step: 474	loss: 46862.01150894165	speed (wps):2407.1149288154893
step: 706	loss: 69606.99396133423	speed (wps):2407.001679041858
step: 938	loss: 92530.42979240417	speed (wps):2407.330743450154
step: 1170	loss: 115607.69397735596	speed (wps):2407.7519059051983
step: 1402	loss: 138206.49528503418	speed (wps):2410.8984176338827
step: 1634	loss: 161167.23573684692	speed (wps):2415.0032277182913
step: 1866	loss: 184106.1194705963	speed (wps):2418.54237024319
step: 2098	loss: 206642.0667552948	speed (wps):2421.742428196512
epoch: 27	train ppl: 137.2298098878576	val ppl: 165.23574413059532	best val: 165.23574413059532	time (s) spent in epoch: 390.58320784568787

EPOCH 28 ------------------
step: 10	loss: 1125.905418395996	speed (wps):2356.851904401524
step: 242	loss: 23573.108625411987	speed (wps):2446.504542657558
step: 474	loss: 46729.73613739014	speed (wps):2449.365032326134
step: 706	loss: 69435.72736740112	speed (wps):2450.41215975787
step: 938	loss: 92302.53823280334	speed (wps):2450.980859733439
step: 1170	loss: 115298.84301185608	speed (wps):2451.250768584575
step: 1402	loss: 137820.51893234253	speed (wps):2451.4542991221956
step: 1634	loss: 160705.0889492035	speed (wps):2451.4751644822136
step: 1866	loss: 183586.80855751038	speed (wps):2451.6452731110226
step: 2098	loss: 206029.49912071228	speed (wps):2451.651352426395
epoch: 28	train ppl: 135.16985589882398	val ppl: 167.35446167760492	best val: 165.23574413059532	time (s) spent in epoch: 386.32896900177

EPOCH 29 ------------------
step: 10	loss: 1124.5288944244385	speed (wps):2368.317033961306
step: 242	loss: 23532.109804153442	speed (wps):2448.4148871468456
step: 474	loss: 46630.33218383789	speed (wps):2450.2041389018027
step: 706	loss: 69243.95877838135	speed (wps):2450.8566910825043
step: 938	loss: 92039.69320297241	speed (wps):2451.2170136735112
step: 1170	loss: 114979.41704750061	speed (wps):2451.3342482446474
step: 1402	loss: 137434.1258430481	speed (wps):2451.51387235533
step: 1634	loss: 160253.95871162415	speed (wps):2451.659347544421
step: 1866	loss: 183054.58004951477	speed (wps):2451.7135108913435
step: 2098	loss: 205423.099193573	speed (wps):2451.8695874621762
epoch: 29	train ppl: 133.26351256799026	val ppl: 164.49754711662985	best val: 164.49754711662985	time (s) spent in epoch: 386.29552960395813

EPOCH 30 ------------------
step: 10	loss: 1114.5332431793213	speed (wps):2374.464035786787
step: 242	loss: 23462.140731811523	speed (wps):2449.6566904797855
step: 474	loss: 46488.99850845337	speed (wps):2450.8074340211456
step: 706	loss: 69041.76921844482	speed (wps):2451.342914434596
step: 938	loss: 91755.88233947754	speed (wps):2451.606040005708
step: 1170	loss: 114646.74778938293	speed (wps):2451.802082998198
step: 1402	loss: 137069.1283607483	speed (wps):2451.910896071928
step: 1634	loss: 159835.7491493225	speed (wps):2452.0163683959945
step: 1866	loss: 182583.1288433075	speed (wps):2452.219273916031
step: 2098	loss: 204865.834608078	speed (wps):2452.269875321226
epoch: 30	train ppl: 131.57571916597863	val ppl: 165.08362469586558	best val: 164.49754711662985	time (s) spent in epoch: 386.2467215061188

EPOCH 31 ------------------
step: 10	loss: 1113.2560729980469	speed (wps):2361.468483918032
step: 242	loss: 23364.382944107056	speed (wps):2447.5788666094854
step: 474	loss: 46315.82377433777	speed (wps):2450.068944430459
step: 706	loss: 68816.27584457397	speed (wps):2450.3971352518565
step: 938	loss: 91485.45757293701	speed (wps):2450.589675936663
step: 1170	loss: 114268.87969970703	speed (wps):2450.7866172399026
step: 1402	loss: 136615.48302650452	speed (wps):2450.8229620226516
step: 1634	loss: 159293.270778656	speed (wps):2450.814695460704
step: 1866	loss: 181999.06973838806	speed (wps):2450.0351776811012
step: 2098	loss: 204229.49743270874	speed (wps):2449.082640615006
epoch: 31	train ppl: 129.5153014048635	val ppl: 163.9092586953924	best val: 163.9092586953924	time (s) spent in epoch: 386.9480993747711

EPOCH 32 ------------------
step: 10	loss: 1109.8587608337402	speed (wps):2355.4798883711906
step: 242	loss: 23317.942276000977	speed (wps):2432.9145294057016
step: 474	loss: 46226.55997276306	speed (wps):2435.111537188585
step: 706	loss: 68661.77604675293	speed (wps):2435.354127192483
step: 938	loss: 91262.27210044861	speed (wps):2435.409060554079
step: 1170	loss: 113989.36686515808	speed (wps):2435.6687730427925
step: 1402	loss: 136276.61383628845	speed (wps):2435.887087801832
step: 1634	loss: 158902.0334148407	speed (wps):2435.008751229809
step: 1866	loss: 181551.35507583618	speed (wps):2431.882621974156
step: 2098	loss: 203740.45572280884	speed (wps):2428.8873884397876
epoch: 32	train ppl: 127.91474799511502	val ppl: 163.8612172417062	best val: 163.8612172417062	time (s) spent in epoch: 390.56586265563965

EPOCH 33 ------------------
step: 10	loss: 1111.1562538146973	speed (wps):2323.4438098614564
step: 242	loss: 23260.58397293091	speed (wps):2400.644616744569
step: 474	loss: 46103.06460380554	speed (wps):2402.2168944375117
step: 706	loss: 68454.42224502563	speed (wps):2400.9304317842257
step: 938	loss: 90991.6069316864	speed (wps):2400.910099096218
step: 1170	loss: 113688.44544410706	speed (wps):2401.7582807324056
step: 1402	loss: 135912.33735084534	speed (wps):2402.385217323661
step: 1634	loss: 158496.63184165955	speed (wps):2402.029206247998
step: 1866	loss: 181073.2340812683	speed (wps):2402.07777205307
step: 2098	loss: 203190.81911087036	speed (wps):2402.2598947984857
epoch: 33	train ppl: 126.3660666319593	val ppl: 163.41535789432754	best val: 163.41535789432754	time (s) spent in epoch: 394.4930419921875

EPOCH 34 ------------------
step: 10	loss: 1100.5227279663086	speed (wps):2312.6807011124215
step: 242	loss: 23180.744800567627	speed (wps):2390.8448301712037
step: 474	loss: 45972.5461769104	speed (wps):2397.377351092559
step: 706	loss: 68275.36078453064	speed (wps):2400.810798790761
step: 938	loss: 90779.27103042603	speed (wps):2403.306729647809
step: 1170	loss: 113385.6797504425	speed (wps):2404.848523022076
step: 1402	loss: 135540.68577766418	speed (wps):2406.369380563792
step: 1634	loss: 158053.50631713867	speed (wps):2407.5650071559253
step: 1866	loss: 180553.82515907288	speed (wps):2408.8296564077373
step: 2098	loss: 202625.53359985352	speed (wps):2409.659716815424
epoch: 34	train ppl: 124.66386726052048	val ppl: 162.53879240982556	best val: 162.53879240982556	time (s) spent in epoch: 392.9703505039215

EPOCH 35 ------------------
step: 10	loss: 1109.2150211334229	speed (wps):2324.8569430251287
step: 242	loss: 23113.661279678345	speed (wps):2414.960761704484
step: 474	loss: 45881.52737617493	speed (wps):2416.6422048630643
step: 706	loss: 68139.15006637573	speed (wps):2417.3788118334455
step: 938	loss: 90551.12462043762	speed (wps):2417.4199124261427
step: 1170	loss: 113120.01165390015	speed (wps):2417.3242307051023
step: 1402	loss: 135233.51272583008	speed (wps):2417.4420032768912
step: 1634	loss: 157709.14432525635	speed (wps):2417.4401562817716
step: 1866	loss: 180190.23376464844	speed (wps):2417.3995682838417
step: 2098	loss: 202194.569272995	speed (wps):2416.9825162453053
epoch: 35	train ppl: 123.35694353780931	val ppl: 163.5315036966533	best val: 162.53879240982556	time (s) spent in epoch: 392.0056526660919

EPOCH 36 ------------------
step: 10	loss: 1097.075023651123	speed (wps):2331.196440249105
step: 242	loss: 23102.64714241028	speed (wps):2411.4202155469
step: 474	loss: 45794.91436958313	speed (wps):2413.4206821333532
step: 706	loss: 67975.12426376343	speed (wps):2413.4182101326037
step: 938	loss: 90366.28134727478	speed (wps):2413.609246946686
step: 1170	loss: 112845.39003372192	speed (wps):2413.921865205175
step: 1402	loss: 134877.80442237854	speed (wps):2414.333222360639
step: 1634	loss: 157328.67380142212	speed (wps):2415.0532575108527
step: 1866	loss: 179735.26889801025	speed (wps):2415.4325734174295
step: 2098	loss: 201651.57673835754	speed (wps):2415.989322433373
epoch: 36	train ppl: 121.82007866310596	val ppl: 165.31491547135326	best val: 162.53879240982556	time (s) spent in epoch: 392.03795528411865

EPOCH 37 ------------------
step: 10	loss: 1093.855037689209	speed (wps):2339.5848316298234
step: 242	loss: 23011.132373809814	speed (wps):2417.1040507662683
step: 474	loss: 45659.49640274048	speed (wps):2419.1783694076325
step: 706	loss: 67817.89651870728	speed (wps):2419.430414668654
step: 938	loss: 90076.78392410278	speed (wps):2419.7876880007475
step: 1170	loss: 112536.76595687866	speed (wps):2420.0589283092036
step: 1402	loss: 134568.95867347717	speed (wps):2420.14992709641
step: 1634	loss: 156937.62119293213	speed (wps):2420.2747964346113
step: 1866	loss: 179297.23579406738	speed (wps):2420.6881023825117
step: 2098	loss: 201182.49102592468	speed (wps):2420.6151545997864
epoch: 37	train ppl: 120.44527823615768	val ppl: 162.35152347010623	best val: 162.35152347010623	time (s) spent in epoch: 391.3821768760681

EPOCH 38 ------------------
step: 10	loss: 1093.5955810546875	speed (wps):2330.50375167543
step: 242	loss: 22939.915266036987	speed (wps):2415.6853372352175
step: 474	loss: 45566.57883644104	speed (wps):2418.358694560165
step: 706	loss: 67669.26856040955	speed (wps):2419.1036928521153
step: 938	loss: 89905.62697410583	speed (wps):2418.7802010497257
step: 1170	loss: 112331.57848358154	speed (wps):2418.9777319930067
step: 1402	loss: 134287.67945289612	speed (wps):2419.1514511941164
step: 1634	loss: 156582.32704162598	speed (wps):2419.328113278888
step: 1866	loss: 178895.60990333557	speed (wps):2419.1750736752924
step: 2098	loss: 200757.05625534058	speed (wps):2419.3336924214086
epoch: 38	train ppl: 119.2969365396358	val ppl: 162.1428494382105	best val: 162.1428494382105	time (s) spent in epoch: 391.54754543304443

EPOCH 39 ------------------
step: 10	loss: 1088.766269683838	speed (wps):2328.082726879714
step: 242	loss: 22919.486846923828	speed (wps):2414.489940576507
step: 474	loss: 45479.99715805054	speed (wps):2418.898301033626
step: 706	loss: 67481.00105285645	speed (wps):2421.2264032348726
step: 938	loss: 89648.6173915863	speed (wps):2422.7218481130203
step: 1170	loss: 112003.45239639282	speed (wps):2423.1114450553646
step: 1402	loss: 133903.85414123535	speed (wps):2423.4615173572033
step: 1634	loss: 156153.4527206421	speed (wps):2423.777960949013
step: 1866	loss: 178404.90741729736	speed (wps):2423.962986558866
step: 2098	loss: 200187.86716461182	speed (wps):2424.177687308787
epoch: 39	train ppl: 117.66723430934273	val ppl: 160.98123642092028	best val: 160.98123642092028	time (s) spent in epoch: 390.7474949359894

DONE

Saving learning curves to RNN_ADAM_model=RNN_optimizer=ADAM_initial_lr=0.0001_batch_size=20_seq_len=20_hidden_size=1500_num_layers=2_dp_keep_prob=0.35_0/learning_curves.npy
Set compute mode to DEFAULT for GPU 00000000:0A:00.0.
All done.
