
########## Setting Up Experiment ######################

Putting log in RNN_SGD_model=RNN_optimizer=SGD_initial_lr=0.0001_batch_size=20_seq_len=35_hidden_size=1500_num_layers=2_dp_keep_prob=0.35_0
Using the GPU
Loading data from data
  vocabulary size: 10000

########## Running Main Loop ##########################

EPOCH 0 ------------------
step: 10	loss: 3550.3864336013794	speed (wps):2458.201456251192
step: 142	loss: 46152.82732486725	speed (wps):2670.506301421062
step: 274	loss: 88753.41607093811	speed (wps):2677.997960537985
step: 406	loss: 131346.00006103516	speed (wps):2679.977711834459
step: 538	loss: 173936.0979795456	speed (wps):2680.9154620340473
step: 670	loss: 216521.53000354767	speed (wps):2681.5291533628047
step: 802	loss: 259098.27017307281	speed (wps):2681.8793093526792
step: 934	loss: 301667.5267601013	speed (wps):2682.153589272464
step: 1066	loss: 344231.30054473877	speed (wps):2682.3568139079266
step: 1198	loss: 386793.45009326935	speed (wps):2682.5000212011178
epoch: 0	train ppl: 10062.5061687182	val ppl: 9895.26164314318	best val: 9895.26164314318	time (s) spent in epoch: 353.3383078575134

EPOCH 1 ------------------
step: 10	loss: 3545.69109916687	speed (wps):2610.988838993011
step: 142	loss: 46099.25807476044	speed (wps):2678.463015961037
step: 274	loss: 88644.48854446411	speed (wps):2681.14332525123
step: 406	loss: 131182.86004543304	speed (wps):2682.129890568481
step: 538	loss: 173723.10668945312	speed (wps):2682.603060945808
step: 670	loss: 216254.81845855713	speed (wps):2682.8671441840215
step: 802	loss: 258780.27177333832	speed (wps):2683.0555002308624
step: 934	loss: 301302.5125646591	speed (wps):2683.1556101381107
step: 1066	loss: 343819.66208457947	speed (wps):2683.261834902541
step: 1198	loss: 386331.9024133682	speed (wps):2683.3495855061915
epoch: 1	train ppl: 9952.526127901081	val ppl: 9784.772140224872	best val: 9784.772140224872	time (s) spent in epoch: 353.2396790981293

EPOCH 2 ------------------
step: 10	loss: 3542.0510959625244	speed (wps):2620.990474604477
step: 142	loss: 46046.451625823975	speed (wps):2678.937823726254
step: 274	loss: 88543.37488174438	speed (wps):2681.2126834993423
step: 406	loss: 131033.53823661804	speed (wps):2681.951916666207
step: 538	loss: 173521.79443836212	speed (wps):2682.333761832
step: 670	loss: 216000.4022216797	speed (wps):2682.51517584907
step: 802	loss: 258476.3393497467	speed (wps):2682.6915611716477
step: 934	loss: 300947.28400707245	speed (wps):2682.812127564774
step: 1066	loss: 343413.2791185379	speed (wps):2682.861595547061
step: 1198	loss: 385872.49119758606	speed (wps):2682.894081582786
epoch: 2	train ppl: 9842.808267399643	val ppl: 9674.514583707198	best val: 9674.514583707198	time (s) spent in epoch: 353.3025732040405

EPOCH 3 ------------------
step: 10	loss: 3538.30518245697	speed (wps):2617.281242078334
step: 142	loss: 45990.810832977295	speed (wps):2678.7109436720616
step: 274	loss: 88437.48717784882	speed (wps):2681.2393415264864
step: 406	loss: 130872.40547657013	speed (wps):2682.059131600976
step: 538	loss: 173305.41512012482	speed (wps):2682.4416777800634
step: 670	loss: 215739.81301307678	speed (wps):2682.743852699455
step: 802	loss: 258155.54058551788	speed (wps):2682.89045804041
step: 934	loss: 300571.0201215744	speed (wps):2682.2082871726034
step: 1066	loss: 342984.9980211258	speed (wps):2681.7149981578564
step: 1198	loss: 385391.59841537476	speed (wps):2681.181968521321
epoch: 3	train ppl: 9730.851001870084	val ppl: 9563.584629033427	best val: 9563.584629033427	time (s) spent in epoch: 353.6913526058197

EPOCH 4 ------------------
step: 10	loss: 3534.343008995056	speed (wps):2603.6212556984196
step: 142	loss: 45930.693736076355	speed (wps):2661.8858395731445
step: 274	loss: 88323.01069259644	speed (wps):2663.812240762364
step: 406	loss: 130707.39368915558	speed (wps):2664.5136482736684
step: 538	loss: 173088.49353313446	speed (wps):2665.1134967100484
step: 670	loss: 215464.50334072113	speed (wps):2665.5494413599477
step: 802	loss: 257828.33416461945	speed (wps):2665.807977406064
step: 934	loss: 300189.49807167053	speed (wps):2666.124749814192
step: 1066	loss: 342550.4008245468	speed (wps):2666.2282460010874
step: 1198	loss: 384905.1910209656	speed (wps):2666.26555319084
epoch: 4	train ppl: 9618.991224396694	val ppl: 9451.450386828485	best val: 9451.450386828485	time (s) spent in epoch: 355.50464701652527

EPOCH 5 ------------------
step: 10	loss: 3528.719882965088	speed (wps):2596.319554608049
step: 142	loss: 45878.27661514282	speed (wps):2661.2038623062076
step: 274	loss: 88218.18559646606	speed (wps):2664.5042892886886
step: 406	loss: 130543.18716049194	speed (wps):2665.0340201098356
step: 538	loss: 172871.11339092255	speed (wps):2665.420098330704
step: 670	loss: 215196.6737794876	speed (wps):2665.747521075795
step: 802	loss: 257507.73440361023	speed (wps):2666.1438170289352
step: 934	loss: 299815.7010984421	speed (wps):2666.3140864439433
step: 1066	loss: 342125.8948469162	speed (wps):2666.360083814586
step: 1198	loss: 384424.5850944519	speed (wps):2666.617732458233
epoch: 5	train ppl: 9508.765123333547	val ppl: 9337.143497139801	best val: 9337.143497139801	time (s) spent in epoch: 355.4422562122345

EPOCH 6 ------------------
step: 10	loss: 3524.600796699524	speed (wps):2594.1244173466616
step: 142	loss: 45817.26924419403	speed (wps):2662.4236196900615
step: 274	loss: 88103.64352226257	speed (wps):2665.086335234071
step: 406	loss: 130379.22953605652	speed (wps):2665.769624853933
step: 538	loss: 172649.55731868744	speed (wps):2666.3844702723463
step: 670	loss: 214920.13267040253	speed (wps):2666.865424382839
step: 802	loss: 257177.1814107895	speed (wps):2667.0139742926076
step: 934	loss: 299433.22949409485	speed (wps):2667.045500066539
step: 1066	loss: 341683.8645029068	speed (wps):2667.1428646775785
step: 1198	loss: 383932.35493659973	speed (wps):2667.249410779191
epoch: 6	train ppl: 9396.261369197158	val ppl: 9219.942650958385	best val: 9219.942650958385	time (s) spent in epoch: 355.3144636154175

EPOCH 7 ------------------
step: 10	loss: 3519.756326675415	speed (wps):2607.2926859768777
step: 142	loss: 45758.77004146576	speed (wps):2662.813058879403
step: 274	loss: 87989.71825122833	speed (wps):2664.843016330251
step: 406	loss: 130208.52442741394	speed (wps):2665.69505242934
step: 538	loss: 172424.50413703918	speed (wps):2666.355295574628
step: 670	loss: 214636.74314022064	speed (wps):2666.6957017443424
step: 802	loss: 256831.8172979355	speed (wps):2666.9855302032292
step: 934	loss: 299024.5407342911	speed (wps):2667.4721247652615
step: 1066	loss: 341217.1937084198	speed (wps):2667.5923522624444
step: 1198	loss: 383403.76680374146	speed (wps):2667.70114777335
epoch: 7	train ppl: 9280.11821900161	val ppl: 9099.024444057217	best val: 9099.024444057217	time (s) spent in epoch: 355.17821645736694

EPOCH 8 ------------------
step: 10	loss: 3515.867419242859	speed (wps):2598.390253729739
step: 142	loss: 45691.12683773041	speed (wps):2663.7851865402536
step: 274	loss: 87862.08809375763	speed (wps):2667.0146124512194
step: 406	loss: 130021.11629962921	speed (wps):2668.321729075089
step: 538	loss: 172176.90855026245	speed (wps):2668.512601184495
step: 670	loss: 214325.38237571716	speed (wps):2668.5813206529033
step: 802	loss: 256462.74309635162	speed (wps):2668.5965362881584
step: 934	loss: 298592.9696416855	speed (wps):2668.8670104804987
step: 1066	loss: 340725.67872047424	speed (wps):2669.019868829027
step: 1198	loss: 382851.1973142624	speed (wps):2669.1670717438133
epoch: 8	train ppl: 9157.671006382006	val ppl: 8973.211923652832	best val: 8973.211923652832	time (s) spent in epoch: 355.01885509490967

EPOCH 9 ------------------
step: 10	loss: 3509.272174835205	speed (wps):2594.706519693926
step: 142	loss: 45624.463028907776	speed (wps):2662.4639885508614
step: 274	loss: 87731.07995510101	speed (wps):2665.6958830504027
step: 406	loss: 129828.0101108551	speed (wps):2666.9174006955714
step: 538	loss: 171926.3821554184	speed (wps):2667.60400799238
step: 670	loss: 214015.88894367218	speed (wps):2668.1604581583506
step: 802	loss: 256085.653758049	speed (wps):2668.3143218392743
step: 934	loss: 298151.2199783325	speed (wps):2668.4490776904213
step: 1066	loss: 340220.825176239	speed (wps):2668.540592231066
step: 1198	loss: 382278.1846666336	speed (wps):2668.626381087638
epoch: 9	train ppl: 9032.587964243095	val ppl: 8841.669463885726	best val: 8841.669463885726	time (s) spent in epoch: 355.0510799884796

EPOCH 10 ------------------
step: 10	loss: 3505.2953481674194	speed (wps):2615.5861398835223
step: 142	loss: 45556.45296096802	speed (wps):2666.3875594644833
step: 274	loss: 87594.65570449829	speed (wps):2668.3908922194355
step: 406	loss: 129632.4678850174	speed (wps):2668.88898068409
step: 538	loss: 171657.7206659317	speed (wps):2669.0541567496525
step: 670	loss: 213681.88477039337	speed (wps):2669.2886181248878
step: 802	loss: 255682.36001491547	speed (wps):2669.3754394560833
step: 934	loss: 297684.6415090561	speed (wps):2669.595025388568
step: 1066	loss: 339683.8282728195	speed (wps):2669.888662404133
step: 1198	loss: 381680.00401973724	speed (wps):2669.9564436406267
epoch: 10	train ppl: 8903.859472021928	val ppl: 8703.101290325541	best val: 8703.101290325541	time (s) spent in epoch: 354.9040496349335

EPOCH 11 ------------------
step: 10	loss: 3498.645429611206	speed (wps):2603.825920774088
step: 142	loss: 45481.39012813568	speed (wps):2665.170377139503
step: 274	loss: 87458.37164402008	speed (wps):2667.623791196527
step: 406	loss: 129419.95404243469	speed (wps):2669.1512364488453
step: 538	loss: 171376.13448143005	speed (wps):2669.4085526920235
step: 670	loss: 213330.28750419617	speed (wps):2669.5490375676573
step: 802	loss: 255262.60768413544	speed (wps):2669.673014652066
step: 934	loss: 297194.0352535248	speed (wps):2669.7955397531023
step: 1066	loss: 339125.7973766327	speed (wps):2669.9367272280465
step: 1198	loss: 381043.3596754074	speed (wps):2669.998394798439
epoch: 11	train ppl: 8769.053387581938	val ppl: 8556.196561276129	best val: 8556.196561276129	time (s) spent in epoch: 354.8883023262024

EPOCH 12 ------------------
step: 10	loss: 3491.538691520691	speed (wps):2596.769217001431
step: 142	loss: 45398.010482788086	speed (wps):2663.887997400943
step: 274	loss: 87295.24948596954	speed (wps):2666.909834229419
step: 406	loss: 129173.99494171143	speed (wps):2668.2959417030015
step: 538	loss: 171054.96401309967	speed (wps):2668.8716378674185
step: 670	loss: 212928.459815979	speed (wps):2669.486443717728
step: 802	loss: 254775.6421327591	speed (wps):2669.754765969601
step: 934	loss: 296619.3471670151	speed (wps):2669.7534487370326
step: 1066	loss: 338469.2034769058	speed (wps):2669.7316827267564
step: 1198	loss: 380302.8722333908	speed (wps):2669.7865707248816
epoch: 12	train ppl: 8616.289359211116	val ppl: 8399.17558491582	best val: 8399.17558491582	time (s) spent in epoch: 354.91088914871216

EPOCH 13 ------------------
step: 10	loss: 3486.0882997512817	speed (wps):2616.896540827249
step: 142	loss: 45313.814663887024	speed (wps):2666.241581792069
step: 274	loss: 87130.68173408508	speed (wps):2667.435949109482
step: 406	loss: 128933.02891254425	speed (wps):2668.144444999875
step: 538	loss: 170736.25718593597	speed (wps):2668.6074375329126
step: 670	loss: 212526.20668411255	speed (wps):2668.900607922706
step: 802	loss: 254296.83991909027	speed (wps):2669.1082021629736
step: 934	loss: 296061.93751335144	speed (wps):2669.3268623439108
step: 1066	loss: 337829.17757987976	speed (wps):2669.5302184336397
step: 1198	loss: 379577.2270870209	speed (wps):2669.5141736507553
epoch: 13	train ppl: 8465.83803672963	val ppl: 8230.495839027966	best val: 8230.495839027966	time (s) spent in epoch: 354.9607148170471

EPOCH 14 ------------------
step: 10	loss: 3479.045181274414	speed (wps):2607.2840559656215
step: 142	loss: 45218.21237564087	speed (wps):2663.7766348189416
step: 274	loss: 86940.25574684143	speed (wps):2666.9243515209637
step: 406	loss: 128653.85877132416	speed (wps):2667.6875925148674
step: 538	loss: 170364.87969398499	speed (wps):2664.5361264479484
step: 670	loss: 212067.66825199127	speed (wps):2661.4469605209283
step: 802	loss: 253740.57084560394	speed (wps):2659.1111782941775
step: 934	loss: 295406.11606121063	speed (wps):2657.472759941164
step: 1066	loss: 337078.09123039246	speed (wps):2656.053988332197
step: 1198	loss: 378733.7262392044	speed (wps):2655.18789929094
epoch: 14	train ppl: 8296.460019350608	val ppl: 8048.002940508393	best val: 8048.002940508393	time (s) spent in epoch: 357.2067286968231

EPOCH 15 ------------------
step: 10	loss: 3471.1380577087402	speed (wps):2589.021541549743
step: 142	loss: 45115.09756565094	speed (wps):2643.829968056841
step: 274	loss: 86743.88286113739	speed (wps):2644.096749966682
step: 406	loss: 128358.36048603058	speed (wps):2644.8939088977604
step: 538	loss: 169967.1530675888	speed (wps):2644.9920665158456
step: 670	loss: 211571.10818862915	speed (wps):2645.4158801786425
step: 802	loss: 253143.92514705658	speed (wps):2645.1811953471274
step: 934	loss: 294708.24458122253	speed (wps):2645.0999186483755
step: 1066	loss: 336280.3202009201	speed (wps):2645.290013028869
step: 1198	loss: 377827.4795627594	speed (wps):2645.2963325820447
epoch: 15	train ppl: 8117.776460802457	val ppl: 7849.219189297985	best val: 7849.219189297985	time (s) spent in epoch: 358.3556070327759

EPOCH 16 ------------------
step: 10	loss: 3462.0482635498047	speed (wps):2585.670025557158
step: 142	loss: 44992.057065963745	speed (wps):2640.7387781843627
step: 274	loss: 86519.31049823761	speed (wps):2643.902570486556
step: 406	loss: 128024.54333305359	speed (wps):2644.417214946645
step: 538	loss: 169522.0708847046	speed (wps):2645.1094177535324
step: 670	loss: 211010.35720348358	speed (wps):2644.8013644837383
step: 802	loss: 252459.95678901672	speed (wps):2645.15667248876
step: 934	loss: 293908.37861061096	speed (wps):2645.79055561211
step: 1066	loss: 335361.7130279541	speed (wps):2645.758754699634
step: 1198	loss: 376797.5828266144	speed (wps):2645.894372551616
epoch: 16	train ppl: 7919.941102500077	val ppl: 7631.24382699223	best val: 7631.24382699223	time (s) spent in epoch: 358.28806805610657

EPOCH 17 ------------------
step: 10	loss: 3451.8963956832886	speed (wps):2550.4970549295035
step: 142	loss: 44873.97575855255	speed (wps):2641.7293423524616
step: 274	loss: 86279.64950561523	speed (wps):2643.7667648348806
step: 406	loss: 127658.30354213715	speed (wps):2644.4989003027385
step: 538	loss: 169031.47871494293	speed (wps):2644.604842406735
step: 670	loss: 210399.25823688507	speed (wps):2645.1045948083756
step: 802	loss: 251722.6322698593	speed (wps):2645.3829422719386
step: 934	loss: 293044.1455125809	speed (wps):2645.397326488601
step: 1066	loss: 334375.64620018005	speed (wps):2645.4700679462567
step: 1198	loss: 375682.2751903534	speed (wps):2646.0591639780428
epoch: 17	train ppl: 7710.730994106657	val ppl: 7391.024355500215	best val: 7391.024355500215	time (s) spent in epoch: 358.3362863063812

EPOCH 18 ------------------
step: 10	loss: 3441.1274576187134	speed (wps):2588.1117588841744
step: 142	loss: 44726.603293418884	speed (wps):2641.549837206915
step: 274	loss: 85989.6059846878	speed (wps):2642.9149453219648
step: 406	loss: 127234.69307899475	speed (wps):2643.9198496401377
step: 538	loss: 168469.19281482697	speed (wps):2644.229342802736
step: 670	loss: 209691.85219287872	speed (wps):2644.500031832293
step: 802	loss: 250865.95765590668	speed (wps):2645.9849199983582
step: 934	loss: 292043.635430336	speed (wps):2645.9116125318387
step: 1066	loss: 333230.0283908844	speed (wps):2645.771216500575
step: 1198	loss: 374376.4182662964	speed (wps):2645.100849406428
epoch: 18	train ppl: 7472.487662875841	val ppl: 7124.848939267362	best val: 7124.848939267362	time (s) spent in epoch: 358.4573287963867

EPOCH 19 ------------------
step: 10	loss: 3428.147087097168	speed (wps):2556.222303623051
step: 142	loss: 44560.74031829834	speed (wps):2634.924128808599
step: 274	loss: 85671.94851398468	speed (wps):2640.8998564379212
step: 406	loss: 126754.15841579437	speed (wps):2642.0659371262677
step: 538	loss: 167829.70057487488	speed (wps):2643.0260024602067
step: 670	loss: 208896.40221118927	speed (wps):2643.664887432964
step: 802	loss: 249910.0737285614	speed (wps):2644.2932876856958
step: 934	loss: 290918.8318157196	speed (wps):2644.271432934389
step: 1066	loss: 331942.3559951782	speed (wps):2644.50176195124
step: 1198	loss: 372923.62510204315	speed (wps):2644.3569959376923
epoch: 19	train ppl: 7216.966072360361	val ppl: 6828.854774175524	best val: 6828.854774175524	time (s) spent in epoch: 358.53798270225525

EPOCH 20 ------------------
step: 10	loss: 3414.8463821411133	speed (wps):2576.817962838643
step: 142	loss: 44377.98366546631	speed (wps):2642.3907134829133
step: 274	loss: 85319.901638031	speed (wps):2644.08040201479
step: 406	loss: 126224.65654373169	speed (wps):2644.6069986552966
step: 538	loss: 167121.96505069733	speed (wps):2644.2534579002677
step: 670	loss: 208002.40745067596	speed (wps):2644.308408528545
step: 802	loss: 248816.63835525513	speed (wps):2644.899790010204
step: 934	loss: 289637.8786993027	speed (wps):2644.9031907951558
step: 1066	loss: 330465.3696537018	speed (wps):2645.56834529583
step: 1198	loss: 371247.45659828186	speed (wps):2645.6522235395933
epoch: 20	train ppl: 6931.3221621399925	val ppl: 6498.7732635171305	best val: 6498.7732635171305	time (s) spent in epoch: 358.34013271331787

EPOCH 21 ------------------
step: 10	loss: 3398.0584812164307	speed (wps):2591.0296819062823
step: 142	loss: 44164.53876018524	speed (wps):2643.484441937133
step: 274	loss: 84909.25565719604	speed (wps):2645.610876473726
step: 406	loss: 125608.6889743805	speed (wps):2645.158683671524
step: 538	loss: 166290.74689388275	speed (wps):2644.9518686840665
step: 670	loss: 206955.9909772873	speed (wps):2644.9722887484413
step: 802	loss: 247566.14748477936	speed (wps):2645.1651781267246
step: 934	loss: 288172.95555114746	speed (wps):2645.8821473832145
step: 1066	loss: 328779.9108839035	speed (wps):2646.095465690076
step: 1198	loss: 369337.62583732605	speed (wps):2646.0827331427804
epoch: 21	train ppl: 6619.757168393979	val ppl: 6130.784294717009	best val: 6130.784294717009	time (s) spent in epoch: 358.2393591403961

EPOCH 22 ------------------
step: 10	loss: 3381.669387817383	speed (wps):2570.4622259265357
step: 142	loss: 43922.90232181549	speed (wps):2641.7313203691187
step: 274	loss: 84422.13289260864	speed (wps):2643.8998173552586
step: 406	loss: 124888.25709819794	speed (wps):2644.0379866498515
step: 538	loss: 165340.60702323914	speed (wps):2645.4118715431077
step: 670	loss: 205771.35284900665	speed (wps):2645.4032056968267
step: 802	loss: 246128.41381072998	speed (wps):2645.9605574399952
step: 934	loss: 286472.42250442505	speed (wps):2645.488098164608
step: 1066	loss: 326829.77729797363	speed (wps):2645.484830306458
step: 1198	loss: 367119.9831914902	speed (wps):2645.5366907275943
epoch: 22	train ppl: 6274.036222074551	val ppl: 5722.250740266518	best val: 5722.250740266518	time (s) spent in epoch: 358.36414670944214

EPOCH 23 ------------------
step: 10	loss: 3357.599244117737	speed (wps):2578.0801241713434
step: 142	loss: 43634.94222640991	speed (wps):2642.3580187174307
step: 274	loss: 83858.44232082367	speed (wps):2643.1288286408585
step: 406	loss: 124041.73919200897	speed (wps):2644.0292462321354
step: 538	loss: 164205.51201820374	speed (wps):2644.603114376482
step: 670	loss: 204350.8091878891	speed (wps):2644.5652649872495
step: 802	loss: 244407.40886688232	speed (wps):2644.412726917351
step: 934	loss: 284450.56718349457	speed (wps):2644.2244350576602
step: 1066	loss: 324526.2245416641	speed (wps):2644.4700292524003
step: 1198	loss: 364525.7246160507	speed (wps):2644.6351963263737
epoch: 23	train ppl: 5895.981215656643	val ppl: 5273.713236688495	best val: 5273.713236688495	time (s) spent in epoch: 358.44822430610657

EPOCH 24 ------------------
step: 10	loss: 3332.1330070495605	speed (wps):2572.2119963028995
step: 142	loss: 43297.75557041168	speed (wps):2640.9683914483744
step: 274	loss: 83212.47560024261	speed (wps):2643.1151316650407
step: 406	loss: 123086.42860889435	speed (wps):2643.6384202495283
step: 538	loss: 162944.0440940857	speed (wps):2644.3672042033013
step: 670	loss: 202770.78070163727	speed (wps):2644.2873400012477
step: 802	loss: 242487.96767234802	speed (wps):2644.918640685163
step: 934	loss: 282215.5485057831	speed (wps):2645.324751359435
step: 1066	loss: 321955.6001186371	speed (wps):2645.5081783162996
step: 1198	loss: 361598.20434093475	speed (wps):2645.6480381123697
epoch: 24	train ppl: 5497.288814422685	val ppl: 4792.17677336485	best val: 4792.17677336485	time (s) spent in epoch: 358.3150053024292

EPOCH 25 ------------------
step: 10	loss: 3300.9850311279297	speed (wps):2567.6294068925954
step: 142	loss: 42928.865752220154	speed (wps):2642.3671152977986
step: 274	loss: 82514.63402748108	speed (wps):2644.0637685275765
step: 406	loss: 122027.44302272797	speed (wps):2645.2508907100055
step: 538	loss: 161530.79642772675	speed (wps):2645.6408957902167
step: 670	loss: 200991.98922157288	speed (wps):2646.0231471861607
step: 802	loss: 240344.54454898834	speed (wps):2645.9108448398533
step: 934	loss: 279687.3218154907	speed (wps):2645.7349181799423
step: 1066	loss: 319059.975066185	speed (wps):2645.975430680349
step: 1198	loss: 358343.5973072052	speed (wps):2645.8938753783077
epoch: 25	train ppl: 5084.28216917545	val ppl: 4295.0243512185925	best val: 4295.0243512185925	time (s) spent in epoch: 358.3202979564667

EPOCH 26 ------------------
step: 10	loss: 3273.653998374939	speed (wps):2587.1541180439194
step: 142	loss: 42518.16866874695	speed (wps):2641.364241243641
step: 274	loss: 81726.6096162796	speed (wps):2643.454794520512
step: 406	loss: 120855.37147045135	speed (wps):2644.719097845026
step: 538	loss: 159961.26457691193	speed (wps):2644.827383843048
step: 670	loss: 199058.64500522614	speed (wps):2645.284878502269
step: 802	loss: 238011.2763261795	speed (wps):2645.4500773699506
step: 934	loss: 276974.8922777176	speed (wps):2645.403245858126
step: 1066	loss: 315957.51430511475	speed (wps):2645.8403741436123
step: 1198	loss: 354844.6778392792	speed (wps):2645.9185632418116
epoch: 26	train ppl: 4675.716592829088	val ppl: 3813.552112076737	best val: 3813.552112076737	time (s) spent in epoch: 358.3149571418762

EPOCH 27 ------------------
step: 10	loss: 3241.496353149414	speed (wps):2572.377536016195
step: 142	loss: 42099.633922576904	speed (wps):2640.784222594481
step: 274	loss: 80929.71540927887	speed (wps):2645.1290024183527
step: 406	loss: 119684.78630065918	speed (wps):2644.861225558637
step: 538	loss: 158427.898106575	speed (wps):2644.982924308414
step: 670	loss: 197156.20813846588	speed (wps):2644.9207314648547
step: 802	loss: 235745.61182022095	speed (wps):2644.884509084146
step: 934	loss: 274321.78923130035	speed (wps):2644.950482932404
step: 1066	loss: 312968.2373762131	speed (wps):2645.242210547658
step: 1198	loss: 351494.84389305115	speed (wps):2645.3651856197353
epoch: 27	train ppl: 4317.356840470608	val ppl: 3392.467280025826	best val: 3392.467280025826	time (s) spent in epoch: 358.42443203926086

EPOCH 28 ------------------
step: 10	loss: 3213.0737733840942	speed (wps):2586.2473039354254
step: 142	loss: 41746.3059091568	speed (wps):2640.933904552754
step: 274	loss: 80209.5845746994	speed (wps):2643.7726514483343
step: 406	loss: 118622.37246513367	speed (wps):2645.173960306254
step: 538	loss: 157024.75778102875	speed (wps):2646.051912074272
step: 670	loss: 195416.32729530334	speed (wps):2645.917354974799
step: 802	loss: 233669.30211544037	speed (wps):2645.6251783659463
step: 934	loss: 271943.5284566879	speed (wps):2645.7008978552158
step: 1066	loss: 310265.0662612915	speed (wps):2645.7714287789972
step: 1198	loss: 348494.9681901932	speed (wps):2645.734509143338
epoch: 28	train ppl: 4020.59107688143	val ppl: 3074.7055232947578	best val: 3074.7055232947578	time (s) spent in epoch: 358.31432700157166

EPOCH 29 ------------------
step: 10	loss: 3188.8585662841797	speed (wps):2570.6866742522925
step: 142	loss: 41433.26222896576	speed (wps):2639.1549485929054
step: 274	loss: 79641.68950080872	speed (wps):2643.550389385188
step: 406	loss: 117801.99614524841	speed (wps):2650.213343714735
step: 538	loss: 155963.80242347717	speed (wps):2654.5958885767845
step: 670	loss: 194140.12700796127	speed (wps):2657.3403097461037
step: 802	loss: 232152.52891540527	speed (wps):2659.367391146942
step: 934	loss: 270229.3230342865	speed (wps):2660.8435174293113
step: 1066	loss: 308366.4304828644	speed (wps):2661.8331012536423
step: 1198	loss: 346390.3087377548	speed (wps):2662.6608181253114
epoch: 29	train ppl: 3827.1525292103092	val ppl: 2875.2051791017025	best val: 2875.2051791017025	time (s) spent in epoch: 355.75836539268494

EPOCH 30 ------------------
step: 10	loss: 3178.8653469085693	speed (wps):2604.491567092099
step: 142	loss: 41257.36577987671	speed (wps):2665.5878839474244
step: 274	loss: 79296.02394580841	speed (wps):2667.6786311983215
step: 406	loss: 117287.00371742249	speed (wps):2668.129872958308
step: 538	loss: 155278.631234169	speed (wps):2668.4922983070624
step: 670	loss: 193262.54772663116	speed (wps):2668.678058963779
step: 802	loss: 231108.02572011948	speed (wps):2669.0065693924334
step: 934	loss: 268997.2661972046	speed (wps):2669.110709793187
step: 1066	loss: 306968.3141875267	speed (wps):2669.2193365928524
step: 1198	loss: 344866.95467948914	speed (wps):2669.3789857675115
epoch: 30	train ppl: 3694.9127596202916	val ppl: 2754.5335104421124	best val: 2754.5335104421124	time (s) spent in epoch: 354.9979000091553

EPOCH 31 ------------------
step: 10	loss: 3168.8315391540527	speed (wps):2601.455668234332
step: 142	loss: 41106.75996303558	speed (wps):2664.7551152211763
step: 274	loss: 79002.08011865616	speed (wps):2666.9581259770594
step: 406	loss: 116840.59620380402	speed (wps):2669.664546514441
step: 538	loss: 154708.13643455505	speed (wps):2673.9096975126063
step: 670	loss: 192569.1363954544	speed (wps):2676.326171337563
step: 802	loss: 230289.34635162354	speed (wps):2677.814391517233
step: 934	loss: 268070.0929570198	speed (wps):2678.939805167341
step: 1066	loss: 305921.8244481087	speed (wps):2679.8821103791583
step: 1198	loss: 343676.5376639366	speed (wps):2680.6015047993546
epoch: 31	train ppl: 3589.3635605089044	val ppl: 2669.1775193295994	best val: 2669.1775193295994	time (s) spent in epoch: 353.4908666610718

EPOCH 32 ------------------
step: 10	loss: 3149.3300247192383	speed (wps):2618.8581289906883
step: 142	loss: 40963.64059925079	speed (wps):2679.850500727891
step: 274	loss: 78728.8116979599	speed (wps):2682.878884629035
step: 406	loss: 116472.67112731934	speed (wps):2684.0493972440163
step: 538	loss: 154218.28767299652	speed (wps):2684.695587068087
step: 670	loss: 191958.9200091362	speed (wps):2684.937071874329
step: 802	loss: 229554.97507095337	speed (wps):2684.9778317712985
step: 934	loss: 267227.5572514534	speed (wps):2685.235200956669
step: 1066	loss: 304957.16380119324	speed (wps):2685.4438660622186
step: 1198	loss: 342604.8479151726	speed (wps):2685.604554080887
epoch: 32	train ppl: 3499.8842517735557	val ppl: 2599.1424479005727	best val: 2599.1424479005727	time (s) spent in epoch: 352.94312143325806

EPOCH 33 ------------------
step: 10	loss: 3141.5794134140015	speed (wps):2617.3968442092414
step: 142	loss: 40835.04107713699	speed (wps):2675.7787580465865
step: 274	loss: 78508.91734600067	speed (wps):2677.9562139550458
step: 406	loss: 116119.90200519562	speed (wps):2676.9407319578536
step: 538	loss: 153751.36620521545	speed (wps):2674.901044259808
step: 670	loss: 191379.07773256302	speed (wps):2674.507648957172
step: 802	loss: 228864.3074440956	speed (wps):2673.770877363235
step: 934	loss: 266388.5359454155	speed (wps):2673.603320738834
step: 1066	loss: 304016.50762557983	speed (wps):2673.396468444284
step: 1198	loss: 341567.820892334	speed (wps):2673.309701308048
epoch: 33	train ppl: 3415.270955016249	val ppl: 2536.962247168539	best val: 2536.962247168539	time (s) spent in epoch: 354.5766797065735

EPOCH 34 ------------------
step: 10	loss: 3140.7599687576294	speed (wps):2602.2297569670136
step: 142	loss: 40704.774544239044	speed (wps):2666.9808799340603
step: 274	loss: 78287.6514673233	speed (wps):2669.6833361675035
step: 406	loss: 115807.66545295715	speed (wps):2670.472915004452
step: 538	loss: 153344.17803049088	speed (wps):2671.057620876787
step: 670	loss: 190868.72009038925	speed (wps):2671.3920163611187
step: 802	loss: 228252.96469688416	speed (wps):2671.557623131027
step: 934	loss: 265699.9804162979	speed (wps):2671.726040150615
step: 1066	loss: 303215.9123492241	speed (wps):2671.843717791597
step: 1198	loss: 340633.17683696747	speed (wps):2671.906442738488
epoch: 34	train ppl: 3339.959337939881	val ppl: 2480.21181322979	best val: 2480.21181322979	time (s) spent in epoch: 354.75127601623535

EPOCH 35 ------------------
step: 10	loss: 3121.98260307312	speed (wps):2600.755549370977
step: 142	loss: 40587.40116357803	speed (wps):2666.2532986999477
step: 274	loss: 78082.12717056274	speed (wps):2669.479625998079
step: 406	loss: 115487.71173477173	speed (wps):2670.4107484846772
step: 538	loss: 152933.05441856384	speed (wps):2670.6312735322867
step: 670	loss: 190401.76571130753	speed (wps):2670.7320429843835
step: 802	loss: 227697.46419906616	speed (wps):2670.819365559142
step: 934	loss: 265048.5898733139	speed (wps):2670.9000884814254
step: 1066	loss: 302485.1285171509	speed (wps):2670.851155369654
step: 1198	loss: 339827.58550167084	speed (wps):2670.6948579130485
epoch: 35	train ppl: 3274.637562133909	val ppl: 2427.7438601858626	best val: 2427.7438601858626	time (s) spent in epoch: 354.9400587081909

EPOCH 36 ------------------
step: 10	loss: 3117.737829685211	speed (wps):2606.2114327418653
step: 142	loss: 40485.31434774399	speed (wps):2665.712210304632
step: 274	loss: 77871.11124277115	speed (wps):2668.0481504654695
step: 406	loss: 115169.06502246857	speed (wps):2668.8589800308105
step: 538	loss: 152514.19262886047	speed (wps):2669.5176691846536
step: 670	loss: 189880.7610630989	speed (wps):2669.769195612202
step: 802	loss: 227060.01921892166	speed (wps):2669.742165262648
step: 934	loss: 264309.4792985916	speed (wps):2669.8949682043794
step: 1066	loss: 301647.51066446304	speed (wps):2669.9981106383198
step: 1198	loss: 338912.66087293625	speed (wps):2670.1005990555223
epoch: 36	train ppl: 3205.549550927998	val ppl: 2379.3260170917315	best val: 2379.3260170917315	time (s) spent in epoch: 354.9421327114105

EPOCH 37 ------------------
step: 10	loss: 3116.1703538894653	speed (wps):2607.2238579640753
step: 142	loss: 40397.887547016144	speed (wps):2669.2102301851287
step: 274	loss: 77721.70627117157	speed (wps):2667.7245444671216
step: 406	loss: 114935.50799131393	speed (wps):2669.0594541841974
step: 538	loss: 152191.832613945	speed (wps):2669.054557393183
step: 670	loss: 189460.38850784302	speed (wps):2670.0792858521845
step: 802	loss: 226552.94723272324	speed (wps):2670.758551819319
step: 934	loss: 263745.28193950653	speed (wps):2671.457235654987
step: 1066	loss: 301004.9680376053	speed (wps):2671.9943618352822
step: 1198	loss: 338178.48058462143	speed (wps):2672.4053154420926
epoch: 37	train ppl: 3150.7201830232766	val ppl: 2334.801063597324	best val: 2334.801063597324	time (s) spent in epoch: 354.65781259536743

EPOCH 38 ------------------
step: 10	loss: 3102.7028727531433	speed (wps):2604.632719434874
step: 142	loss: 40318.35264921188	speed (wps):2668.767193564221
step: 274	loss: 77553.76516103745	speed (wps):2672.356636585409
step: 406	loss: 114678.9541220665	speed (wps):2673.8377765836844
step: 538	loss: 151852.72148132324	speed (wps):2674.420085573451
step: 670	loss: 189026.4143061638	speed (wps):2674.476867041964
step: 802	loss: 226048.84484052658	speed (wps):2672.728066430744
step: 934	loss: 263144.4180369377	speed (wps):2671.664400161768
step: 1066	loss: 300311.4384293556	speed (wps):2671.0162351686095
step: 1198	loss: 337384.2245221138	speed (wps):2670.3073968985027
epoch: 38	train ppl: 3089.838550624635	val ppl: 2292.79534158471	best val: 2292.79534158471	time (s) spent in epoch: 355.0560154914856

EPOCH 39 ------------------
step: 10	loss: 3094.850606918335	speed (wps):2593.9071077531753
step: 142	loss: 40201.74535751343	speed (wps):2659.4831627314998
step: 274	loss: 77357.35534191132	speed (wps):2662.6642584863093
step: 406	loss: 114402.87006616592	speed (wps):2663.746065673362
step: 538	loss: 151488.01795721054	speed (wps):2664.2831273453444
step: 670	loss: 188595.8999633789	speed (wps):2664.7543061700853
step: 802	loss: 225529.61776971817	speed (wps):2665.1916896960365
step: 934	loss: 262549.368519783	speed (wps):2666.5097646201016
step: 1066	loss: 299658.3939933777	speed (wps):2667.428167817222
step: 1198	loss: 336660.57114362717	speed (wps):2668.098724136779
epoch: 39	train ppl: 3039.0378085693014	val ppl: 2254.2748582660897	best val: 2254.2748582660897	time (s) spent in epoch: 355.1943619251251

DONE

Saving learning curves to RNN_SGD_model=RNN_optimizer=SGD_initial_lr=0.0001_batch_size=20_seq_len=35_hidden_size=1500_num_layers=2_dp_keep_prob=0.35_0/learning_curves.npy
Set compute mode to DEFAULT for GPU 00000000:06:00.0.
All done.
