
########## Setting Up Experiment ######################

Putting log in GRU_ADAM_model=GRU_optimizer=ADAM_initial_lr=0.0001_batch_size=20_seq_len=35_hidden_size=1500_num_layers=2_dp_keep_prob=0.35_0
Using the GPU
Loading data from data
  vocabulary size: 10000

########## Running Main Loop ##########################

EPOCH 0 ------------------
step: 10	loss: 3490.0957679748535	speed (wps):1323.8888253054818
step: 142	loss: 36503.899290561676	speed (wps):1365.7004427818288
step: 274	loss: 67497.09735393524	speed (wps):1364.1279176943206
step: 406	loss: 97811.00597143173	speed (wps):1363.4878953476734
step: 538	loss: 127835.99856376648	speed (wps):1362.8403643563283
step: 670	loss: 157557.95765161514	speed (wps):1362.5809238031889
step: 802	loss: 186667.8419661522	speed (wps):1362.4566862436177
step: 934	loss: 215644.7042274475	speed (wps):1362.3374531129075
step: 1066	loss: 244464.85330581665	speed (wps):1362.270018105654
step: 1198	loss: 272967.39716768265	speed (wps):1362.1496510992986
epoch: 0	train ppl: 644.416933003638	val ppl: 394.3484281922493	best val: 394.3484281922493	time (s) spent in epoch: 695.7097070217133

EPOCH 1 ------------------
step: 10	loss: 2409.5910143852234	speed (wps):1346.572155747719
step: 142	loss: 30319.020400047302	speed (wps):1361.1786971288284
step: 274	loss: 58563.74354124069	speed (wps):1361.9028723544927
step: 406	loss: 86456.29889249802	speed (wps):1361.9132724226677
step: 538	loss: 114389.39065217972	speed (wps):1361.746115512151
step: 670	loss: 142260.76668024063	speed (wps):1361.7110572970253
step: 802	loss: 169642.28296518326	speed (wps):1361.6770857913284
step: 934	loss: 197060.0306200981	speed (wps):1361.6167625968671
step: 1066	loss: 224439.10876512527	speed (wps):1361.6047660364547
step: 1198	loss: 251544.32510137558	speed (wps):1361.5041525416373
epoch: 1	train ppl: 395.9230359067231	val ppl: 302.3790042674227	best val: 302.3790042674227	time (s) spent in epoch: 695.9912424087524

EPOCH 2 ------------------
step: 10	loss: 2310.2987384796143	speed (wps):1344.6399618959274
step: 142	loss: 29075.45081615448	speed (wps):1360.2275920054378
step: 274	loss: 56301.268911361694	speed (wps):1360.6915404006795
step: 406	loss: 83152.48111963272	speed (wps):1360.907618260103
step: 538	loss: 110121.71817541122	speed (wps):1361.0152887741585
step: 670	loss: 137062.66840219498	speed (wps):1361.0291131349813
step: 802	loss: 163572.05614805222	speed (wps):1361.0490030902524
step: 934	loss: 190135.55885076523	speed (wps):1361.0960939638703
step: 1066	loss: 216710.49330711365	speed (wps):1361.3216377976848
step: 1198	loss: 243009.6581506729	speed (wps):1361.3471942099247
epoch: 2	train ppl: 324.1899447865776	val ppl: 260.6402089002018	best val: 260.6402089002018	time (s) spent in epoch: 696.0914235115051

EPOCH 3 ------------------
step: 10	loss: 2258.2620668411255	speed (wps):1353.5960900456007
step: 142	loss: 28313.891112804413	speed (wps):1360.7153814356564
step: 274	loss: 54877.10864543915	speed (wps):1360.9838649374267
step: 406	loss: 81088.16968679428	speed (wps):1361.0021969047716
step: 538	loss: 107425.11481761932	speed (wps):1360.937012327544
step: 670	loss: 133737.80805826187	speed (wps):1361.0506297620054
step: 802	loss: 159615.5427455902	speed (wps):1361.0055346821423
step: 934	loss: 185612.9699420929	speed (wps):1361.0843314092326
step: 1066	loss: 211611.06068849564	speed (wps):1361.0189214180782
step: 1198	loss: 237316.56998872757	speed (wps):1361.0097811718613
epoch: 3	train ppl: 283.5686378971729	val ppl: 236.1883622845908	best val: 236.1883622845908	time (s) spent in epoch: 696.2664332389832

EPOCH 4 ------------------
step: 10	loss: 2211.3685035705566	speed (wps):1346.2128695238384
step: 142	loss: 27710.499448776245	speed (wps):1360.0661967177411
step: 274	loss: 53770.27136325836	speed (wps):1360.4127666420777
step: 406	loss: 79457.09881067276	speed (wps):1360.7945512727867
step: 538	loss: 105257.87688016891	speed (wps):1360.975507431665
step: 670	loss: 131085.8253145218	speed (wps):1360.8633526999345
step: 802	loss: 156476.7008280754	speed (wps):1360.9106506656117
step: 934	loss: 181993.70978593826	speed (wps):1360.9600744289953
step: 1066	loss: 207499.07693862915	speed (wps):1360.9884773790743
step: 1198	loss: 232696.19067430496	speed (wps):1361.0066245452047
epoch: 4	train ppl: 254.30712286759947	val ppl: 214.59620621630833	best val: 214.59620621630833	time (s) spent in epoch: 696.2579655647278

EPOCH 5 ------------------
step: 10	loss: 2176.9830203056335	speed (wps):1352.052757625505
step: 142	loss: 27209.290313720703	speed (wps):1359.7350174791036
step: 274	loss: 52835.428137779236	speed (wps):1360.481636707879
step: 406	loss: 78042.65931129456	speed (wps):1360.5228238096513
step: 538	loss: 103438.62384319305	speed (wps):1360.6280536050194
step: 670	loss: 128857.63701677322	speed (wps):1360.733746960774
step: 802	loss: 153812.75522708893	speed (wps):1360.715694245126
step: 934	loss: 178924.45322275162	speed (wps):1360.752597059804
step: 1066	loss: 204039.5531821251	speed (wps):1360.7920400026267
step: 1198	loss: 228800.63801288605	speed (wps):1360.7021296959342
epoch: 5	train ppl: 231.76765856219498	val ppl: 197.59056309770665	best val: 197.59056309770665	time (s) spent in epoch: 696.2994122505188

EPOCH 6 ------------------
step: 10	loss: 2136.246073246002	speed (wps):1346.0530737543927
step: 142	loss: 26743.98687362671	speed (wps):1360.0582222420257
step: 274	loss: 52019.22978401184	speed (wps):1360.6851930456455
step: 406	loss: 76857.6167845726	speed (wps):1360.6624892293444
step: 538	loss: 101852.26745843887	speed (wps):1360.9559646616908
step: 670	loss: 126851.13980770111	speed (wps):1360.8592005345147
step: 802	loss: 151393.36203575134	speed (wps):1360.9386969327973
step: 934	loss: 176168.84462594986	speed (wps):1361.0383750393937
step: 1066	loss: 200921.26510620117	speed (wps):1360.9529683468757
step: 1198	loss: 225285.81681251526	speed (wps):1360.9658985866115
epoch: 6	train ppl: 213.40229776843987	val ppl: 184.9375685000439	best val: 184.9375685000439	time (s) spent in epoch: 696.2745821475983

EPOCH 7 ------------------
step: 10	loss: 2115.436317920685	speed (wps):1342.2182228852196
step: 142	loss: 26358.427464962006	speed (wps):1359.4363602640499
step: 274	loss: 51308.96312713623	speed (wps):1360.2374893544697
step: 406	loss: 75773.21583032608	speed (wps):1360.619799883577
step: 538	loss: 100458.41022253036	speed (wps):1360.6726920667568
step: 670	loss: 125151.45164012909	speed (wps):1360.7793695762705
step: 802	loss: 149376.77392482758	speed (wps):1361.0142785830112
step: 934	loss: 173818.5106754303	speed (wps):1360.892229687702
step: 1066	loss: 198254.10451173782	speed (wps):1360.9311945054137
step: 1198	loss: 222286.58927202225	speed (wps):1360.9583398222119
epoch: 7	train ppl: 198.76190342333535	val ppl: 175.3058331980601	best val: 175.3058331980601	time (s) spent in epoch: 696.3103632926941

EPOCH 8 ------------------
step: 10	loss: 2087.936990261078	speed (wps):1352.2969288765512
step: 142	loss: 26009.788043498993	speed (wps):1359.648129852061
step: 274	loss: 50691.2513923645	speed (wps):1360.5059735042635
step: 406	loss: 74809.38919782639	speed (wps):1360.5993563011914
step: 538	loss: 99163.9456152916	speed (wps):1360.6799632331242
step: 670	loss: 123524.15201187134	speed (wps):1360.8108062220288
step: 802	loss: 147402.63767004013	speed (wps):1360.8002483295747
step: 934	loss: 171557.6894712448	speed (wps):1360.7580835512617
step: 1066	loss: 195702.44237184525	speed (wps):1360.8078201983744
step: 1198	loss: 219397.70033836365	speed (wps):1360.7868795541676
epoch: 8	train ppl: 185.6194392907803	val ppl: 166.1867769105996	best val: 166.1867769105996	time (s) spent in epoch: 696.381115436554

EPOCH 9 ------------------
step: 10	loss: 2066.2721586227417	speed (wps):1352.8427691149889
step: 142	loss: 25680.385961532593	speed (wps):1360.9864311753665
step: 274	loss: 50047.19601392746	speed (wps):1361.0403369381759
step: 406	loss: 73861.76954507828	speed (wps):1361.056488920588
step: 538	loss: 97917.06717729568	speed (wps):1361.109962434914
step: 670	loss: 122005.44934511185	speed (wps):1361.0409522262087
step: 802	loss: 145617.57722139359	speed (wps):1360.8767171783445
step: 934	loss: 169511.08283281326	speed (wps):1360.8948925327134
step: 1066	loss: 193384.1815185547	speed (wps):1360.8645381750487
step: 1198	loss: 216816.64393424988	speed (wps):1360.7612417727066
epoch: 9	train ppl: 174.56769045481298	val ppl: 157.62370915263094	best val: 157.62370915263094	time (s) spent in epoch: 696.387416601181

EPOCH 10 ------------------
step: 10	loss: 2044.1698169708252	speed (wps):1344.201249057854
step: 142	loss: 25357.204666137695	speed (wps):1359.501328558922
step: 274	loss: 49518.42039346695	speed (wps):1359.967207584163
step: 406	loss: 73039.74300384521	speed (wps):1360.0939247345784
step: 538	loss: 96845.48358917236	speed (wps):1360.0682368822054
step: 670	loss: 120652.99644470215	speed (wps):1360.2015249934516
step: 802	loss: 143963.719291687	speed (wps):1360.1535054483481
step: 934	loss: 167618.77311706543	speed (wps):1360.3537807489774
step: 1066	loss: 191251.80290699005	speed (wps):1360.4813222678886
step: 1198	loss: 214411.06367588043	speed (wps):1360.4856939929641
epoch: 10	train ppl: 164.95021719096317	val ppl: 150.99492655172665	best val: 150.99492655172665	time (s) spent in epoch: 696.499401807785

EPOCH 11 ------------------
step: 10	loss: 2018.6148262023926	speed (wps):1344.4508196697427
step: 142	loss: 25068.691971302032	speed (wps):1359.5242465621088
step: 274	loss: 48982.20942258835	speed (wps):1360.2623972125882
step: 406	loss: 72239.14652585983	speed (wps):1360.0988165953977
step: 538	loss: 95763.78963947296	speed (wps):1360.2260861203495
step: 670	loss: 119314.788813591	speed (wps):1360.311012970306
step: 802	loss: 142366.7349934578	speed (wps):1360.2971924907972
step: 934	loss: 165757.6447892189	speed (wps):1360.2932296897704
step: 1066	loss: 189157.9039311409	speed (wps):1360.345433633587
step: 1198	loss: 212015.28274059296	speed (wps):1360.3294045830276
epoch: 11	train ppl: 155.84468680420898	val ppl: 145.32135418230772	best val: 145.32135418230772	time (s) spent in epoch: 696.6297841072083

EPOCH 12 ------------------
step: 10	loss: 1995.2477860450745	speed (wps):1347.157381425452
step: 142	loss: 24804.42575931549	speed (wps):1359.0805600223434
step: 274	loss: 48504.23473119736	speed (wps):1359.693051288643
step: 406	loss: 71504.28199291229	speed (wps):1360.4441392796352
step: 538	loss: 94792.0373916626	speed (wps):1360.3753042013554
step: 670	loss: 118102.15298175812	speed (wps):1360.394087197177
step: 802	loss: 140929.53010320663	speed (wps):1360.444346761779
step: 934	loss: 164071.62996530533	speed (wps):1360.3773859797159
step: 1066	loss: 187252.56250858307	speed (wps):1360.3269227329286
step: 1198	loss: 209897.2498512268	speed (wps):1360.376498652976
epoch: 12	train ppl: 148.25985070247114	val ppl: 140.63903142575725	best val: 140.63903142575725	time (s) spent in epoch: 696.5590288639069

EPOCH 13 ------------------
step: 10	loss: 1975.9914875030518	speed (wps):1343.600309772241
step: 142	loss: 24540.34072637558	speed (wps):1359.3319151444875
step: 274	loss: 48033.90283823013	speed (wps):1359.777489366461
step: 406	loss: 70784.52508211136	speed (wps):1360.2094888686402
step: 538	loss: 93849.70754623413	speed (wps):1360.2777499387166
step: 670	loss: 116932.93526649475	speed (wps):1360.183578442058
step: 802	loss: 139522.53585100174	speed (wps):1360.095910293975
step: 934	loss: 162457.077357769	speed (wps):1360.1541970812218
step: 1066	loss: 185412.02979564667	speed (wps):1360.1129300153525
step: 1198	loss: 207822.69439220428	speed (wps):1360.268438307862
epoch: 13	train ppl: 141.16001542580744	val ppl: 136.46140760786875	best val: 136.46140760786875	time (s) spent in epoch: 696.5451292991638

EPOCH 14 ------------------
step: 10	loss: 1955.2063155174255	speed (wps):1343.3712264747799
step: 142	loss: 24295.23598432541	speed (wps):1359.899461524942
step: 274	loss: 47581.0986161232	speed (wps):1359.892958936301
step: 406	loss: 70085.15839099884	speed (wps):1359.9966784391322
step: 538	loss: 92962.1686911583	speed (wps):1360.1494236715284
step: 670	loss: 115833.54900598526	speed (wps):1360.222448208753
step: 802	loss: 138191.29990816116	speed (wps):1360.1900019313268
step: 934	loss: 160939.80788469315	speed (wps):1360.3376048707266
step: 1066	loss: 183699.9084997177	speed (wps):1360.3423489407505
step: 1198	loss: 205897.61972427368	speed (wps):1360.3385859517905
epoch: 14	train ppl: 134.8050822316717	val ppl: 133.32500941109976	best val: 133.32500941109976	time (s) spent in epoch: 696.5484936237335

EPOCH 15 ------------------
step: 10	loss: 1937.5400233268738	speed (wps):1344.8470214033619
step: 142	loss: 24063.398401737213	speed (wps):1359.9583245243186
step: 274	loss: 47182.04514026642	speed (wps):1360.3082049364418
step: 406	loss: 69499.05365467072	speed (wps):1360.2983292285953
step: 538	loss: 92168.29459667206	speed (wps):1360.5072229673524
step: 670	loss: 114836.27235889435	speed (wps):1360.629798225831
step: 802	loss: 137000.666949749	speed (wps):1360.7445657647609
step: 934	loss: 159554.5439195633	speed (wps):1360.8278172452417
step: 1066	loss: 182106.91626548767	speed (wps):1360.7714546560983
step: 1198	loss: 204093.3866739273	speed (wps):1360.8035020214343
epoch: 15	train ppl: 129.13431339591853	val ppl: 129.10263293368334	best val: 129.10263293368334	time (s) spent in epoch: 696.3760888576508

EPOCH 16 ------------------
step: 10	loss: 1924.6887946128845	speed (wps):1346.6306610486695
step: 142	loss: 23864.949567317963	speed (wps):1359.7428604572824
step: 274	loss: 46788.77345561981	speed (wps):1359.9104375042543
step: 406	loss: 68897.96958684921	speed (wps):1360.4363919811524
step: 538	loss: 91346.26657009125	speed (wps):1360.4763016994027
step: 670	loss: 113803.8423371315	speed (wps):1360.5128805182721
step: 802	loss: 135781.63753032684	speed (wps):1360.6914259012383
step: 934	loss: 158144.39073324203	speed (wps):1360.7624969241135
step: 1066	loss: 180522.74400949478	speed (wps):1360.8306245755427
step: 1198	loss: 202310.98160982132	speed (wps):1360.8473925469787
epoch: 16	train ppl: 123.78821549137528	val ppl: 126.7837950322044	best val: 126.7837950322044	time (s) spent in epoch: 696.3509936332703

EPOCH 17 ------------------
step: 10	loss: 1908.372917175293	speed (wps):1347.3613384910202
step: 142	loss: 23645.27414560318	speed (wps):1360.8869749184362
step: 274	loss: 46403.652074337006	speed (wps):1360.7963147113298
step: 406	loss: 68349.83372688293	speed (wps):1360.870184446639
step: 538	loss: 90590.54109573364	speed (wps):1360.9006201293755
step: 670	loss: 112830.08088111877	speed (wps):1361.0972911066867
step: 802	loss: 134617.8159916401	speed (wps):1361.0462443933777
step: 934	loss: 156826.403683424	speed (wps):1361.0581656843692
step: 1066	loss: 179016.6553747654	speed (wps):1361.1236801786283
step: 1198	loss: 200621.52779698372	speed (wps):1361.0568176434226
epoch: 17	train ppl: 118.89674421625116	val ppl: 124.11563792902254	best val: 124.11563792902254	time (s) spent in epoch: 696.2322359085083

EPOCH 18 ------------------
step: 10	loss: 1894.8223733901978	speed (wps):1347.3240719530327
step: 142	loss: 23433.613860607147	speed (wps):1360.493739044817
step: 274	loss: 46003.59513759613	speed (wps):1360.7818888533636
step: 406	loss: 67754.14424180984	speed (wps):1360.8964497399995
step: 538	loss: 89838.43200922012	speed (wps):1360.9371726705272
step: 670	loss: 111921.89290523529	speed (wps):1360.8853341236397
step: 802	loss: 133548.8556110859	speed (wps):1361.0232740206845
step: 934	loss: 155565.71803689003	speed (wps):1361.2134823048707
step: 1066	loss: 177618.99044156075	speed (wps):1361.167634768054
step: 1198	loss: 199063.16499352455	speed (wps):1361.1214254082186
epoch: 18	train ppl: 114.62321641151962	val ppl: 122.30553969203412	best val: 122.30553969203412	time (s) spent in epoch: 696.2110784053802

EPOCH 19 ------------------
step: 10	loss: 1881.720404624939	speed (wps):1344.4134341350396
step: 142	loss: 23232.91113615036	speed (wps):1359.4646331886738
step: 274	loss: 45617.567744255066	speed (wps):1360.4548617358682
step: 406	loss: 67189.7089767456	speed (wps):1360.6408064748316
step: 538	loss: 89095.93170404434	speed (wps):1360.6282571598651
step: 670	loss: 110993.75058412552	speed (wps):1360.7731914521585
step: 802	loss: 132442.46428370476	speed (wps):1360.7698656746609
step: 934	loss: 154294.8108446598	speed (wps):1360.7793459785285
step: 1066	loss: 176141.96593165398	speed (wps):1360.8509078604402
step: 1198	loss: 197379.43381667137	speed (wps):1360.875079532729
epoch: 19	train ppl: 110.13945141247592	val ppl: 119.97296024781471	best val: 119.97296024781471	time (s) spent in epoch: 696.2905111312866

EPOCH 20 ------------------
step: 10	loss: 1868.1788563728333	speed (wps):1352.291493082663
step: 142	loss: 23056.16550207138	speed (wps):1360.8315645243888
step: 274	loss: 45273.697707653046	speed (wps):1360.8616798357832
step: 406	loss: 66666.89984798431	speed (wps):1361.180893387153
step: 538	loss: 88385.50806760788	speed (wps):1361.062389837702
step: 670	loss: 110136.75194740295	speed (wps):1360.9599012149592
step: 802	loss: 131392.34442949295	speed (wps):1360.8572009068607
step: 934	loss: 153093.32581043243	speed (wps):1360.9613111851313
step: 1066	loss: 174796.7428445816	speed (wps):1360.9615200971916
step: 1198	loss: 195881.5890622139	speed (wps):1360.9174136701113
epoch: 20	train ppl: 106.21670971517077	val ppl: 1443.3518178643048	best val: 119.97296024781471	time (s) spent in epoch: 696.255265712738

EPOCH 21 ------------------
step: 10	loss: 1855.5508303642273	speed (wps):1346.8384464818378
step: 142	loss: 24780.4800760746	speed (wps):1360.210339370365
step: 274	loss: 46861.98001265526	speed (wps):1360.49511628783
step: 406	loss: 68102.0004093647	speed (wps):1360.816513223986
step: 538	loss: 89645.72980999947	speed (wps):1360.9800476332684
step: 670	loss: 111236.04387164116	speed (wps):1361.0203639429033
step: 802	loss: 132338.5859632492	speed (wps):1361.016687516406
step: 934	loss: 153868.86647462845	speed (wps):1360.9007094044505
step: 1066	loss: 175422.2433924675	speed (wps):1360.9865421520485
step: 1198	loss: 196335.79942464828	speed (wps):1361.1311605996116
epoch: 21	train ppl: 106.9323031175453	val ppl: 116.68164264545304	best val: 116.68164264545304	time (s) spent in epoch: 696.2141513824463

EPOCH 22 ------------------
step: 10	loss: 1847.6259660720825	speed (wps):1348.5993310315046
step: 142	loss: 22746.305890083313	speed (wps):1360.310512116469
step: 274	loss: 44670.6049990654	speed (wps):1360.5202490818963
step: 406	loss: 65731.71706199646	speed (wps):1360.605852137977
step: 538	loss: 87138.20108175278	speed (wps):1360.8859608087632
step: 670	loss: 108539.45118665695	speed (wps):1360.8544326728509
step: 802	loss: 129473.11982870102	speed (wps):1360.8343272452303
step: 934	loss: 150864.06150341034	speed (wps):1361.4909464857355
step: 1066	loss: 172266.40298843384	speed (wps):1362.5375810378757
step: 1198	loss: 193012.53249168396	speed (wps):1362.928247461263
epoch: 22	train ppl: 99.19513778635273	val ppl: 115.41025998740652	best val: 115.41025998740652	time (s) spent in epoch: 695.1104135513306

EPOCH 23 ------------------
step: 10	loss: 1821.8336200714111	speed (wps):1355.4344285642878
step: 142	loss: 22534.800882339478	speed (wps):1366.3633561175423
step: 274	loss: 44310.00650882721	speed (wps):1363.906411751496
step: 406	loss: 65232.247928380966	speed (wps):1365.079533946575
step: 538	loss: 86485.08362174034	speed (wps):1365.5355672477308
step: 670	loss: 107742.99495697021	speed (wps):1365.0944708640463
step: 802	loss: 128538.50235104561	speed (wps):1365.538543954174
step: 934	loss: 149784.69278216362	speed (wps):1365.4716052080169
step: 1066	loss: 171022.43055820465	speed (wps):1365.4909713231566
step: 1198	loss: 191591.5103149414	speed (wps):1365.7565546226026
epoch: 23	train ppl: 95.90456737087975	val ppl: 114.32794545812393	best val: 114.32794545812393	time (s) spent in epoch: 693.9280161857605

EPOCH 24 ------------------
step: 10	loss: 1816.8201541900635	speed (wps):1350.2524772150068
step: 142	loss: 22399.604388475418	speed (wps):1367.4750737871739
step: 274	loss: 44010.34451842308	speed (wps):1367.7647539851953
step: 406	loss: 64774.145612716675	speed (wps):1366.6651143311146
step: 538	loss: 85868.83731603622	speed (wps):1367.5592988942235
step: 670	loss: 106971.45608663559	speed (wps):1367.471798246999
step: 802	loss: 127597.92101025581	speed (wps):1366.4609372198208
step: 934	loss: 148704.33863282204	speed (wps):1366.909014710464
step: 1066	loss: 169792.75621056557	speed (wps):1366.879114397553
step: 1198	loss: 190244.08845424652	speed (wps):1366.4391230124324
epoch: 24	train ppl: 92.9126510065935	val ppl: 113.3705987088078	best val: 113.3705987088078	time (s) spent in epoch: 693.3130543231964

EPOCH 25 ------------------
step: 10	loss: 1806.037564277649	speed (wps):1355.4895534668542
step: 142	loss: 22225.782828330994	speed (wps):1363.8379366820968
step: 274	loss: 43693.09762954712	speed (wps):1364.8619186677968
step: 406	loss: 64297.36963868141	speed (wps):1366.3937405353834
step: 538	loss: 85210.09387612343	speed (wps):1365.5515276343888
step: 670	loss: 106147.98537015915	speed (wps):1365.77843095773
step: 802	loss: 126621.30757808685	speed (wps):1366.210297842355
step: 934	loss: 147583.39735627174	speed (wps):1365.6917956413608
step: 1066	loss: 168535.96957683563	speed (wps):1365.930202944896
step: 1198	loss: 188830.16504645348	speed (wps):1366.227700133903
epoch: 25	train ppl: 89.8303264620123	val ppl: 112.98174811633876	best val: 112.98174811633876	time (s) spent in epoch: 693.8088397979736

EPOCH 26 ------------------
step: 10	loss: 1792.2061729431152	speed (wps):1348.7266686776093
step: 142	loss: 22096.065657138824	speed (wps):1368.2339302481262
step: 274	loss: 43430.398309230804	speed (wps):1367.7790224218984
step: 406	loss: 63890.23450255394	speed (wps):1366.5334700537846
step: 538	loss: 84651.50203585625	speed (wps):1367.3046698158828
step: 670	loss: 105444.58167910576	speed (wps):1367.101589277745
step: 802	loss: 125776.15987181664	speed (wps):1366.4546868452794
step: 934	loss: 146605.4469692707	speed (wps):1366.841470507204
step: 1066	loss: 167397.17845082283	speed (wps):1366.6178986517932
step: 1198	loss: 187535.44561862946	speed (wps):1366.3825391100088
epoch: 26	train ppl: 87.10462304745874	val ppl: 112.18832739977044	best val: 112.18832739977044	time (s) spent in epoch: 693.307633638382

EPOCH 27 ------------------
step: 10	loss: 1781.0188508033752	speed (wps):1350.8290417776022
step: 142	loss: 21918.3320248127	speed (wps):1361.3190987339574
step: 274	loss: 43101.58461689949	speed (wps):1364.4624571405561
step: 406	loss: 63413.51278543472	speed (wps):1365.4827666361693
step: 538	loss: 84044.83598947525	speed (wps):1364.412502369578
step: 670	loss: 104704.78960514069	speed (wps):1364.3057081486847
step: 802	loss: 124902.21458554268	speed (wps):1364.3464775137547
step: 934	loss: 145588.12841653824	speed (wps):1364.7118959148327
step: 1066	loss: 166254.70447182655	speed (wps):1365.270761707959
step: 1198	loss: 186248.27849149704	speed (wps):1365.1146363573614
epoch: 27	train ppl: 84.45515553340591	val ppl: 112.0019494706524	best val: 112.0019494706524	time (s) spent in epoch: 693.9336321353912

EPOCH 28 ------------------
step: 10	loss: 1761.727638244629	speed (wps):1354.1362800399984
step: 142	loss: 21745.80640554428	speed (wps):1366.5082762996942
step: 274	loss: 42782.773122787476	speed (wps):1364.192100456546
step: 406	loss: 62954.52795624733	speed (wps):1365.675265206605
step: 538	loss: 83484.7736465931	speed (wps):1366.0193320434869
step: 670	loss: 104004.96431708336	speed (wps):1365.077145990497
step: 802	loss: 124059.55661416054	speed (wps):1365.8275911424673
step: 934	loss: 144621.94054841995	speed (wps):1365.8635430581583
step: 1066	loss: 165149.85278248787	speed (wps):1365.5623358996734
step: 1198	loss: 185005.1049363613	speed (wps):1366.0171685225355
epoch: 28	train ppl: 81.94171734325734	val ppl: 111.19529308112782	best val: 111.19529308112782	time (s) spent in epoch: 693.6534614562988

EPOCH 29 ------------------
step: 10	loss: 1753.0674934387207	speed (wps):1347.1281052510571
step: 142	loss: 21595.679179430008	speed (wps):1362.170562517686
step: 274	loss: 42495.19276738167	speed (wps):1365.5563608123584
step: 406	loss: 62491.755306720734	speed (wps):1365.1047783309523
step: 538	loss: 82819.10207748413	speed (wps):1365.5699853529497
step: 670	loss: 103202.25926280022	speed (wps):1366.1600422935967
step: 802	loss: 123105.74382901192	speed (wps):1365.6421833516374
step: 934	loss: 143517.82515764236	speed (wps):1365.8192517312873
step: 1066	loss: 163901.11193537712	speed (wps):1366.1205601537008
step: 1198	loss: 183609.72254872322	speed (wps):1365.6273474124712
epoch: 29	train ppl: 79.3440945167903	val ppl: 111.80676518513076	best val: 111.19529308112782	time (s) spent in epoch: 693.7153854370117

EPOCH 30 ------------------
step: 10	loss: 1744.396550655365	speed (wps):1354.1275931811906
step: 142	loss: 21459.824693202972	speed (wps):1366.384536107218
step: 274	loss: 42225.547235012054	speed (wps):1363.9028152498663
step: 406	loss: 62091.33488535881	speed (wps):1365.4111615673548
step: 538	loss: 82289.03194308281	speed (wps):1365.7346351003337
step: 670	loss: 102537.92460680008	speed (wps):1364.8055767746614
step: 802	loss: 122299.10291194916	speed (wps):1365.6171836710787
step: 934	loss: 142603.98978114128	speed (wps):1365.7300138674652
step: 1066	loss: 162847.27472305298	speed (wps):1365.315576613317
step: 1198	loss: 182406.49826407433	speed (wps):1365.7475097989418
epoch: 30	train ppl: 77.06935075281314	val ppl: 111.84234169147119	best val: 111.19529308112782	time (s) spent in epoch: 693.7586040496826

EPOCH 31 ------------------
step: 10	loss: 1732.4740314483643	speed (wps):1346.7397123270432
step: 142	loss: 21338.012742996216	speed (wps):1360.2392218063894
step: 274	loss: 41953.95656466484	speed (wps):1364.5047916994665
step: 406	loss: 61732.577884197235	speed (wps):1364.5746194249243
step: 538	loss: 81798.61777305603	speed (wps):1364.967887693379
step: 670	loss: 101864.3554019928	speed (wps):1365.685502305692
step: 802	loss: 121507.93992757797	speed (wps):1365.2351585749486
step: 934	loss: 141653.8326537609	speed (wps):1365.3240085519294
step: 1066	loss: 161787.63785362244	speed (wps):1365.757324764727
step: 1198	loss: 181223.3039021492	speed (wps):1365.3884650986145
epoch: 31	train ppl: 74.95118692849975	val ppl: 111.31489733322323	best val: 111.19529308112782	time (s) spent in epoch: 693.8895304203033

EPOCH 32 ------------------
step: 10	loss: 1715.8098149299622	speed (wps):1356.037803797687
step: 142	loss: 21184.09428358078	speed (wps):1366.705900598289
step: 274	loss: 41670.26454091072	speed (wps):1363.7836967477579
step: 406	loss: 61271.76570177078	speed (wps):1363.8540237114091
step: 538	loss: 81211.36883497238	speed (wps):1361.973534789345
step: 670	loss: 101148.4168946743	speed (wps):1361.1117813925455
step: 802	loss: 120637.97382116318	speed (wps):1360.5574127263274
step: 934	loss: 140644.95183587074	speed (wps):1360.2192298599896
step: 1066	loss: 160655.75205087662	speed (wps):1359.9423488143393
step: 1198	loss: 179971.5787744522	speed (wps):1359.7256267014711
epoch: 32	train ppl: 72.73300839444235	val ppl: 111.37691703493054	best val: 111.19529308112782	time (s) spent in epoch: 696.9556057453156

EPOCH 33 ------------------
step: 10	loss: 1712.3630571365356	speed (wps):1347.0209574376015
step: 142	loss: 21012.89565563202	speed (wps):1357.1159086644107
step: 274	loss: 41376.45006418228	speed (wps):1357.4608477692727
step: 406	loss: 60879.9287879467	speed (wps):1357.6702963200737
step: 538	loss: 80698.65592360497	speed (wps):1357.738365104228
step: 670	loss: 100530.14778733253	speed (wps):1357.8593712755078
step: 802	loss: 119917.92328715324	speed (wps):1357.9666996004253
step: 934	loss: 139824.21228170395	speed (wps):1358.0950641691306
step: 1066	loss: 159673.2999420166	speed (wps):1358.163892777899
step: 1198	loss: 178842.4568116665	speed (wps):1358.1959142689286
epoch: 33	train ppl: 70.77707136070008	val ppl: 111.12707312654267	best val: 111.12707312654267	time (s) spent in epoch: 697.6825189590454

EPOCH 34 ------------------
step: 10	loss: 1705.118932723999	speed (wps):1339.8262017022057
step: 142	loss: 20905.283529758453	speed (wps):1357.2396166666285
step: 274	loss: 41121.93285703659	speed (wps):1358.2311345541686
step: 406	loss: 60468.61122131348	speed (wps):1358.3690080616632
step: 538	loss: 80130.71360230446	speed (wps):1358.3780403225715
step: 670	loss: 99820.90766429901	speed (wps):1358.3495157559998
step: 802	loss: 119047.47904062271	speed (wps):1358.4593827435215
step: 934	loss: 138799.27302718163	speed (wps):1358.5740741945813
step: 1066	loss: 158547.893075943	speed (wps):1358.5739265820096
step: 1198	loss: 177580.4719030857	speed (wps):1358.6076534731128
epoch: 34	train ppl: 68.7220406625804	val ppl: 111.61955619694699	best val: 111.12707312654267	time (s) spent in epoch: 697.4909045696259

EPOCH 35 ------------------
step: 10	loss: 1700.403687953949	speed (wps):1343.0455362644002
step: 142	loss: 20737.30296611786	speed (wps):1357.0584406811383
step: 274	loss: 40843.7818646431	speed (wps):1358.0981079202288
step: 406	loss: 60054.40907597542	speed (wps):1358.224619689825
step: 538	loss: 79572.89065480232	speed (wps):1358.268417018714
step: 670	loss: 99148.8694691658	speed (wps):1358.4692290304313
step: 802	loss: 118274.44680333138	speed (wps):1358.3744963150868
step: 934	loss: 137929.34271097183	speed (wps):1358.285003253109
step: 1066	loss: 157521.08065605164	speed (wps):1358.342445066107
step: 1198	loss: 176461.7327797413	speed (wps):1358.3579233136775
epoch: 35	train ppl: 66.88454432808932	val ppl: 111.5724539692798	best val: 111.12707312654267	time (s) spent in epoch: 697.6176950931549

EPOCH 36 ------------------
step: 10	loss: 1679.9726963043213	speed (wps):1343.23232793758
step: 142	loss: 20605.44802069664	speed (wps):1357.4179269500519
step: 274	loss: 40573.14632296562	speed (wps):1357.8929315072205
step: 406	loss: 59664.58507537842	speed (wps):1358.293788508887
step: 538	loss: 79079.56123948097	speed (wps):1358.3270243733518
step: 670	loss: 98506.18338108063	speed (wps):1358.3392575265798
step: 802	loss: 117469.63111162186	speed (wps):1358.4151927950645
step: 934	loss: 136995.51442861557	speed (wps):1358.3898086867396
step: 1066	loss: 156480.3472650051	speed (wps):1358.352623792354
step: 1198	loss: 175273.95108819008	speed (wps):1358.2835161195235
epoch: 36	train ppl: 65.05972991336856	val ppl: 112.47457377417209	best val: 111.12707312654267	time (s) spent in epoch: 697.6606607437134

EPOCH 37 ------------------
step: 10	loss: 1671.7067861557007	speed (wps):1344.4666587792965
step: 142	loss: 20474.817110300064	speed (wps):1357.1587244010054
step: 274	loss: 40308.2716190815	speed (wps):1357.7329926459672
step: 406	loss: 59250.58362722397	speed (wps):1358.024808899179
step: 538	loss: 78528.55688929558	speed (wps):1357.9840339059497
step: 670	loss: 97811.31259560585	speed (wps):1358.041817534479
step: 802	loss: 116659.16559934616	speed (wps):1358.1872098315234
step: 934	loss: 136033.83933067322	speed (wps):1358.2426516141484
step: 1066	loss: 155368.68583202362	speed (wps):1358.2899924715095
step: 1198	loss: 174035.9881913662	speed (wps):1358.313860934785
epoch: 37	train ppl: 63.14100318614951	val ppl: 112.47862740909815	best val: 111.12707312654267	time (s) spent in epoch: 697.6702432632446

EPOCH 38 ------------------
step: 10	loss: 1666.304726600647	speed (wps):1342.778565778546
step: 142	loss: 20362.863463163376	speed (wps):1356.282798874835
step: 274	loss: 40077.41686940193	speed (wps):1356.6739584801542
step: 406	loss: 58911.93015694618	speed (wps):1356.3916566853097
step: 538	loss: 78093.86625766754	speed (wps):1356.435455351402
step: 670	loss: 97281.6314971447	speed (wps):1356.5681094014635
step: 802	loss: 116029.63652133942	speed (wps):1356.5613032570288
step: 934	loss: 135316.95003390312	speed (wps):1356.6833259940786
step: 1066	loss: 154507.9455459118	speed (wps):1356.6366539887244
step: 1198	loss: 173037.10602521896	speed (wps):1356.630658356986
epoch: 38	train ppl: 61.627739801196135	val ppl: 113.04329193983878	best val: 111.12707312654267	time (s) spent in epoch: 698.5304911136627

EPOCH 39 ------------------
step: 10	loss: 1651.2365913391113	speed (wps):1340.8113101939493
step: 142	loss: 20233.158909082413	speed (wps):1355.0869040482087
step: 274	loss: 39828.86565327644	speed (wps):1355.8246978432142
step: 406	loss: 58525.3754234314	speed (wps):1355.917330102856
step: 538	loss: 77556.83122754097	speed (wps):1356.1010623581421
step: 670	loss: 96603.73736023903	speed (wps):1356.315027811994
step: 802	loss: 115206.54781460762	speed (wps):1356.2486407417477
step: 934	loss: 134336.37308478355	speed (wps):1356.294520079903
step: 1066	loss: 153416.247061491	speed (wps):1356.410450035995
step: 1198	loss: 171858.82117152214	speed (wps):1356.4864077152895
epoch: 39	train ppl: 59.94628744759056	val ppl: 113.56660270377601	best val: 111.12707312654267	time (s) spent in epoch: 698.5793182849884

DONE

Saving learning curves to GRU_ADAM_model=GRU_optimizer=ADAM_initial_lr=0.0001_batch_size=20_seq_len=35_hidden_size=1500_num_layers=2_dp_keep_prob=0.35_0/learning_curves.npy
Set compute mode to DEFAULT for GPU 00000000:90:00.0.
All done.
