
########## Setting Up Experiment ######################

Putting log in RNN_ADAM_model=RNN_optimizer=ADAM_initial_lr=0.0001_batch_size=20_seq_len=35_hidden_size=1500_num_layers=2_dp_keep_prob=0.65_0
Using the GPU
Loading data from data
  vocabulary size: 10000

########## Running Main Loop ##########################

EPOCH 0 ------------------
step: 10	loss: 3510.031270980835	speed (wps):2270.5033055940285
step: 142	loss: 35172.95052051544	speed (wps):2447.051350016365
step: 274	loss: 65321.79157495499	speed (wps):2448.504630079629
step: 406	loss: 94590.26026010513	speed (wps):2447.8179794235934
step: 538	loss: 123595.48511981964	speed (wps):2447.7910707015753
step: 670	loss: 152239.47939872742	speed (wps):2447.269775038375
step: 802	loss: 180209.99567985535	speed (wps):2446.630789965742
step: 934	loss: 208018.07326316833	speed (wps):2446.009923611351
step: 1066	loss: 235634.5762681961	speed (wps):2445.5227043506593
step: 1198	loss: 262868.0939555168	speed (wps):2445.5751672688434
epoch: 0	train ppl: 505.3959096307604	val ppl: 314.1022331549565	best val: 314.1022331549565	time (s) spent in epoch: 387.48692870140076

EPOCH 1 ------------------
step: 10	loss: 2300.5819272994995	speed (wps):2390.161953932597
step: 142	loss: 28902.51900434494	speed (wps):2445.8153402089442
step: 274	loss: 55852.31053829193	speed (wps):2448.031198441941
step: 406	loss: 82414.09637928009	speed (wps):2449.7501446234623
step: 538	loss: 109036.98431968689	speed (wps):2450.3135106931686
step: 670	loss: 135565.88329315186	speed (wps):2450.820980072476
step: 802	loss: 161620.56695699692	speed (wps):2451.3957715701404
step: 934	loss: 187711.20416402817	speed (wps):2451.9253101411723
step: 1066	loss: 213769.6158337593	speed (wps):2452.1041151326335
step: 1198	loss: 239539.9378323555	speed (wps):2452.310442795019
epoch: 1	train ppl: 297.39631433924797	val ppl: 249.65030681985186	best val: 249.65030681985186	time (s) spent in epoch: 386.46281242370605

EPOCH 2 ------------------
step: 10	loss: 2205.238206386566	speed (wps):2392.253919135711
step: 142	loss: 27618.12190055847	speed (wps):2450.01393535344
step: 274	loss: 53498.15754175186	speed (wps):2451.2528195622117
step: 406	loss: 78993.03827285767	speed (wps):2451.7996870546235
step: 538	loss: 104583.77129793167	speed (wps):2451.5117387395103
step: 670	loss: 130159.19763088226	speed (wps):2451.630055354436
step: 802	loss: 155288.79376649857	speed (wps):2451.3404641632706
step: 934	loss: 180533.64277362823	speed (wps):2451.4775032630446
step: 1066	loss: 205741.5654349327	speed (wps):2451.0345890545127
step: 1198	loss: 230660.68016767502	speed (wps):2450.837439106544
epoch: 2	train ppl: 241.59865120558905	val ppl: 223.68503223574092	best val: 223.68503223574092	time (s) spent in epoch: 386.7974433898926

EPOCH 3 ------------------
step: 10	loss: 2143.293364048004	speed (wps):2386.392361804352
step: 142	loss: 26788.936784267426	speed (wps):2439.679547598798
step: 274	loss: 51976.61068439484	speed (wps):2441.5653391984592
step: 406	loss: 76739.62646722794	speed (wps):2442.5966365691193
step: 538	loss: 101648.106944561	speed (wps):2443.2724586427535
step: 670	loss: 126552.41871833801	speed (wps):2443.792874707694
step: 802	loss: 151026.25979185104	speed (wps):2443.731548854288
step: 934	loss: 175663.87766122818	speed (wps):2443.2037530370935
step: 1066	loss: 200271.91301107407	speed (wps):2442.535229288183
step: 1198	loss: 224554.29579734802	speed (wps):2441.8167721403297
epoch: 3	train ppl: 209.29102174983612	val ppl: 201.85242403816187	best val: 201.85242403816187	time (s) spent in epoch: 388.2410361766815

EPOCH 4 ------------------
step: 10	loss: 2092.0934772491455	speed (wps):2372.675211228224
step: 142	loss: 26131.79913043976	speed (wps):2430.3659942798013
step: 274	loss: 50778.3038187027	speed (wps):2432.7201763282374
step: 406	loss: 74983.31986427307	speed (wps):2433.5292993978724
step: 538	loss: 99342.02587604523	speed (wps):2433.9149939456915
step: 670	loss: 123711.43488645554	speed (wps):2433.698905502656
step: 802	loss: 147626.59945487976	speed (wps):2433.72220019503
step: 934	loss: 171783.08932304382	speed (wps):2433.729853637288
step: 1066	loss: 195880.92656373978	speed (wps):2433.7362582076457
step: 1198	loss: 219663.96122217178	speed (wps):2433.547283556385
epoch: 4	train ppl: 186.57707044746877	val ppl: 190.79487196291723	best val: 190.79487196291723	time (s) spent in epoch: 389.4312860965729

EPOCH 5 ------------------
step: 10	loss: 2053.911461830139	speed (wps):2369.832289748744
step: 142	loss: 25592.697339057922	speed (wps):2428.358481867746
step: 274	loss: 49799.83669757843	speed (wps):2431.092732336267
step: 406	loss: 73526.53331756592	speed (wps):2432.1096686841015
step: 538	loss: 97416.21350765228	speed (wps):2432.875392009241
step: 670	loss: 121341.07163906097	speed (wps):2433.0784223009537
step: 802	loss: 144814.6780538559	speed (wps):2433.1118334288785
step: 934	loss: 168522.59385347366	speed (wps):2433.4675497055205
step: 1066	loss: 192195.6301164627	speed (wps):2433.5504970064176
step: 1198	loss: 215523.18659305573	speed (wps):2433.8332132841265
epoch: 5	train ppl: 169.16893536059777	val ppl: 182.40088180506237	best val: 182.40088180506237	time (s) spent in epoch: 389.3776664733887

EPOCH 6 ------------------
step: 10	loss: 2021.1919379234314	speed (wps):2378.555854060297
step: 142	loss: 25145.1819729805	speed (wps):2430.0535859878555
step: 274	loss: 48948.47604036331	speed (wps):2432.624357284857
step: 406	loss: 72248.70558977127	speed (wps):2432.8537725199776
step: 538	loss: 95741.93666934967	speed (wps):2433.374517279099
step: 670	loss: 119279.89604234695	speed (wps):2433.2469854988112
step: 802	loss: 142362.94658899307	speed (wps):2433.39323862861
step: 934	loss: 165688.747651577	speed (wps):2433.5441570427006
step: 1066	loss: 188998.24011325836	speed (wps):2433.621363363525
step: 1198	loss: 211931.52728557587	speed (wps):2433.7738662023394
epoch: 6	train ppl: 155.35586482412705	val ppl: 173.90594211325867	best val: 173.90594211325867	time (s) spent in epoch: 389.4005527496338

EPOCH 7 ------------------
step: 10	loss: 1991.8050503730774	speed (wps):2377.7841012959884
step: 142	loss: 24731.890120506287	speed (wps):2428.9899409923273
step: 274	loss: 48196.58186197281	speed (wps):2431.0988592104786
step: 406	loss: 71104.42404270172	speed (wps):2431.6172681157364
step: 538	loss: 94229.58333015442	speed (wps):2432.0676831675455
step: 670	loss: 117392.46494293213	speed (wps):2432.354093630762
step: 802	loss: 140082.58937358856	speed (wps):2432.723618439562
step: 934	loss: 163051.61579847336	speed (wps):2432.870670849562
step: 1066	loss: 186015.4201245308	speed (wps):2432.859748306346
step: 1198	loss: 208555.4576086998	speed (wps):2432.9473598164936
epoch: 7	train ppl: 143.55397684131572	val ppl: 167.66160966571098	best val: 167.66160966571098	time (s) spent in epoch: 389.5161542892456

EPOCH 8 ------------------
step: 10	loss: 1951.9404363632202	speed (wps):2368.682712754761
step: 142	loss: 24318.602206707	speed (wps):2428.1462756390893
step: 274	loss: 47453.047070503235	speed (wps):2430.154901623942
step: 406	loss: 70012.94569015503	speed (wps):2431.282461746058
step: 538	loss: 92784.89777803421	speed (wps):2431.507721305224
step: 670	loss: 115603.28764438629	speed (wps):2431.88210329782
step: 802	loss: 137947.5783920288	speed (wps):2432.096503388576
step: 934	loss: 160596.49518728256	speed (wps):2432.3383949945064
step: 1066	loss: 183253.2009792328	speed (wps):2432.3918526691627
step: 1198	loss: 205489.64161157608	speed (wps):2432.569660129376
epoch: 8	train ppl: 133.40826941154617	val ppl: 163.9983039503146	best val: 163.9983039503146	time (s) spent in epoch: 389.5729036331177

EPOCH 9 ------------------
step: 10	loss: 1929.8753786087036	speed (wps):2382.7615596189485
step: 142	loss: 23988.235116004944	speed (wps):2428.4557215067484
step: 274	loss: 46801.792628765106	speed (wps):2430.9153738128634
step: 406	loss: 69031.55216693878	speed (wps):2432.1494730880045
step: 538	loss: 91508.85859251022	speed (wps):2432.6140223401035
step: 670	loss: 114025.7710981369	speed (wps):2432.6735417439004
step: 802	loss: 136070.04496574402	speed (wps):2432.8244180520355
step: 934	loss: 158437.15340852737	speed (wps):2433.0174582306986
step: 1066	loss: 180799.6750473976	speed (wps):2433.2532930796415
step: 1198	loss: 202714.06069517136	speed (wps):2433.2929452812327
epoch: 9	train ppl: 124.8726738678169	val ppl: 160.6459717804886	best val: 160.6459717804886	time (s) spent in epoch: 389.4747049808502

EPOCH 10 ------------------
step: 10	loss: 1903.3028078079224	speed (wps):2369.110327980534
step: 142	loss: 23671.166043281555	speed (wps):2429.627760333273
step: 274	loss: 46224.53053474426	speed (wps):2431.929003066979
step: 406	loss: 68173.53025913239	speed (wps):2432.774896494395
step: 538	loss: 90351.25474452972	speed (wps):2432.945803019441
step: 670	loss: 112570.47642469406	speed (wps):2433.2761375327314
step: 802	loss: 134340.33611774445	speed (wps):2433.4037271306256
step: 934	loss: 156432.30571985245	speed (wps):2433.554434424566
step: 1066	loss: 178508.67119312286	speed (wps):2433.3941182598446
step: 1198	loss: 200127.41898298264	speed (wps):2433.40223621694
epoch: 10	train ppl: 117.43718033724579	val ppl: 157.99607778841903	best val: 157.99607778841903	time (s) spent in epoch: 389.4467146396637

EPOCH 11 ------------------
step: 10	loss: 1881.1905694007874	speed (wps):2373.393068658341
step: 142	loss: 23378.549416065216	speed (wps):2429.771883941594
step: 274	loss: 45667.923736572266	speed (wps):2432.0616085208826
step: 406	loss: 67320.8004951477	speed (wps):2432.748998536756
step: 538	loss: 89219.77033615112	speed (wps):2432.857805789034
step: 670	loss: 111164.43137645721	speed (wps):2433.103504559499
step: 802	loss: 132635.53319692612	speed (wps):2433.0478140766872
step: 934	loss: 154485.22188663483	speed (wps):2433.1161910951496
step: 1066	loss: 176297.0167517662	speed (wps):2433.14028447799
step: 1198	loss: 197635.16320943832	speed (wps):2433.3207666436365
epoch: 11	train ppl: 110.72371574346822	val ppl: 157.31371535169313	best val: 157.31371535169313	time (s) spent in epoch: 389.4396433830261

EPOCH 12 ------------------
step: 10	loss: 1852.7858638763428	speed (wps):2366.5240598372734
step: 142	loss: 23086.378276348114	speed (wps):2428.7389167953106
step: 274	loss: 45114.3629527092	speed (wps):2431.9033290051225
step: 406	loss: 66496.54913663864	speed (wps):2432.27805798647
step: 538	loss: 88142.2581243515	speed (wps):2432.7002218628845
step: 670	loss: 109841.6304898262	speed (wps):2432.796978748964
step: 802	loss: 131100.36563396454	speed (wps):2432.84961800512
step: 934	loss: 152685.32860517502	speed (wps):2432.9841882357227
step: 1066	loss: 174246.24940395355	speed (wps):2432.9937179594654
step: 1198	loss: 195329.28666830063	speed (wps):2432.9797049419053
epoch: 12	train ppl: 104.78945561383487	val ppl: 155.96652490671642	best val: 155.96652490671642	time (s) spent in epoch: 389.5228054523468

EPOCH 13 ------------------
step: 10	loss: 1841.1126494407654	speed (wps):2369.399894281324
step: 142	loss: 22821.678926944733	speed (wps):2429.0406579741243
step: 274	loss: 44607.17273950577	speed (wps):2431.22149835064
step: 406	loss: 65736.0433959961	speed (wps):2432.084047237469
step: 538	loss: 87134.86181974411	speed (wps):2432.4831660066716
step: 670	loss: 108588.67682933807	speed (wps):2432.7566538152423
step: 802	loss: 129565.04293560982	speed (wps):2432.9762884377938
step: 934	loss: 150895.98480582237	speed (wps):2432.86564930776
step: 1066	loss: 172223.71238350868	speed (wps):2432.9109941507854
step: 1198	loss: 193048.352445364	speed (wps):2432.971289005904
epoch: 13	train ppl: 99.21659190645215	val ppl: 154.5192163646381	best val: 154.5192163646381	time (s) spent in epoch: 389.52440309524536

EPOCH 14 ------------------
step: 10	loss: 1811.494381427765	speed (wps):2369.8968061787878
step: 142	loss: 22543.949539661407	speed (wps):2428.2313924252485
step: 274	loss: 44126.807622909546	speed (wps):2431.698959366587
step: 406	loss: 64997.66726732254	speed (wps):2432.201095513999
step: 538	loss: 86140.78217506409	speed (wps):2432.516929451877
step: 670	loss: 107366.79545879364	speed (wps):2433.4573195597377
step: 802	loss: 128117.17208862305	speed (wps):2434.781266470966
step: 934	loss: 149218.709025383	speed (wps):2435.685529561181
step: 1066	loss: 170305.8997309208	speed (wps):2436.815872172359
step: 1198	loss: 190886.62566542625	speed (wps):2437.454566336435
epoch: 14	train ppl: 94.27148779566642	val ppl: 154.65741925351426	best val: 154.5192163646381	time (s) spent in epoch: 388.7509481906891

EPOCH 15 ------------------
step: 10	loss: 1793.0955958366394	speed (wps):2386.1173143619017
step: 142	loss: 22277.92781352997	speed (wps):2438.881836966658
step: 274	loss: 43622.602808475494	speed (wps):2440.712121965789
step: 406	loss: 64269.20034408569	speed (wps):2442.137792199809
step: 538	loss: 85183.22484493256	speed (wps):2442.0395046341628
step: 670	loss: 106151.56469106674	speed (wps):2441.5049178383383
step: 802	loss: 126659.46821451187	speed (wps):2440.7601869631
step: 934	loss: 147563.28276872635	speed (wps):2439.951682632731
step: 1066	loss: 168394.4409453869	speed (wps):2439.2999028193744
step: 1198	loss: 188766.5529179573	speed (wps):2438.7160441263454
epoch: 15	train ppl: 89.66951826430059	val ppl: 154.0259977802116	best val: 154.0259977802116	time (s) spent in epoch: 388.6815059185028

EPOCH 16 ------------------
step: 10	loss: 1771.9979166984558	speed (wps):2371.5263579657158
step: 142	loss: 22069.157564640045	speed (wps):2427.981774625174
step: 274	loss: 43207.157135009766	speed (wps):2430.6931321251623
step: 406	loss: 63631.955226659775	speed (wps):2431.339429659494
step: 538	loss: 84338.44797492027	speed (wps):2431.611451491773
step: 670	loss: 105116.56806349754	speed (wps):2431.9399343861896
step: 802	loss: 125428.27572464943	speed (wps):2432.0707821355722
step: 934	loss: 146094.76880908012	speed (wps):2432.30957445318
step: 1066	loss: 166718.14945816994	speed (wps):2432.3685076543234
step: 1198	loss: 186869.22162532806	speed (wps):2432.413579294392
epoch: 16	train ppl: 85.66230850642276	val ppl: 153.65827353809138	best val: 153.65827353809138	time (s) spent in epoch: 389.5963385105133

EPOCH 17 ------------------
step: 10	loss: 1748.8945007324219	speed (wps):2378.6681475583882
step: 142	loss: 21828.385840654373	speed (wps):2428.814731453104
step: 274	loss: 42771.448155641556	speed (wps):2430.45946651557
step: 406	loss: 62966.92524433136	speed (wps):2431.5373589975266
step: 538	loss: 83457.79748678207	speed (wps):2431.8430717963415
step: 670	loss: 104019.21772241592	speed (wps):2431.9234289497817
step: 802	loss: 124105.83188891411	speed (wps):2432.1505418703464
step: 934	loss: 144590.81153988838	speed (wps):2432.253099120751
step: 1066	loss: 165031.44590854645	speed (wps):2432.2393183514882
step: 1198	loss: 184980.14326691628	speed (wps):2432.377941637408
epoch: 17	train ppl: 81.85085785104941	val ppl: 154.9765101376051	best val: 153.65827353809138	time (s) spent in epoch: 389.6236689090729

EPOCH 18 ------------------
step: 10	loss: 1741.7487597465515	speed (wps):2372.387457899782
step: 142	loss: 21598.651485443115	speed (wps):2428.865609732609
step: 274	loss: 42295.75506687164	speed (wps):2430.757572762043
step: 406	loss: 62325.9005177021	speed (wps):2431.4919492087215
step: 538	loss: 82569.28129792213	speed (wps):2431.8168718941033
step: 670	loss: 102923.9149749279	speed (wps):2432.2652644941813
step: 802	loss: 122808.64580750465	speed (wps):2432.348438351763
step: 934	loss: 143065.60018777847	speed (wps):2432.491297740421
step: 1066	loss: 163306.34006142616	speed (wps):2432.5114063386345
step: 1198	loss: 183015.42488455772	speed (wps):2432.120152677354
epoch: 18	train ppl: 78.16742606062584	val ppl: 156.62274490314658	best val: 153.65827353809138	time (s) spent in epoch: 389.8349664211273

EPOCH 19 ------------------
step: 10	loss: 1715.273220539093	speed (wps):2362.091723448361
step: 142	loss: 21400.41063308716	speed (wps):2417.2903514350655
step: 274	loss: 41922.18061208725	speed (wps):2418.7192983283367
step: 406	loss: 61726.881358623505	speed (wps):2419.4706533455033
step: 538	loss: 81812.34882831573	speed (wps):2419.788422160815
step: 670	loss: 101973.03712844849	speed (wps):2419.837105419819
step: 802	loss: 121653.33833217621	speed (wps):2420.1365601561047
step: 934	loss: 141716.147698164	speed (wps):2420.3737661120085
step: 1066	loss: 161747.83284544945	speed (wps):2420.405695287635
step: 1198	loss: 181260.32343268394	speed (wps):2420.485323555576
epoch: 19	train ppl: 74.91746300438216	val ppl: 156.4443457976701	best val: 153.65827353809138	time (s) spent in epoch: 391.6592423915863

EPOCH 20 ------------------
step: 10	loss: 1699.2882585525513	speed (wps):2354.0073746816884
step: 142	loss: 21175.681866407394	speed (wps):2408.7202811931497
step: 274	loss: 41469.72103238106	speed (wps):2411.329839204005
step: 406	loss: 61079.66647028923	speed (wps):2411.808099229609
step: 538	loss: 80981.62057757378	speed (wps):2411.971108885068
step: 670	loss: 100945.08465409279	speed (wps):2411.9790969024075
step: 802	loss: 120463.82159590721	speed (wps):2412.0706132985542
step: 934	loss: 140323.8694369793	speed (wps):2412.1656664881443
step: 1066	loss: 160168.47648739815	speed (wps):2412.255715957196
step: 1198	loss: 179509.93329524994	speed (wps):2412.2534092068718
epoch: 20	train ppl: 71.89028345698233	val ppl: 158.55379338874434	best val: 153.65827353809138	time (s) spent in epoch: 392.91658091545105

EPOCH 21 ------------------
step: 10	loss: 1683.4551692008972	speed (wps):2356.810024542943
step: 142	loss: 20985.419509410858	speed (wps):2408.3561899726587
step: 274	loss: 41115.52287220955	speed (wps):2410.4473887281106
step: 406	loss: 60526.26259088516	speed (wps):2411.277659280929
step: 538	loss: 80226.65149569511	speed (wps):2411.789401342016
step: 670	loss: 99979.56365704536	speed (wps):2412.029966724285
step: 802	loss: 119292.62225985527	speed (wps):2412.217810586714
step: 934	loss: 138976.02728962898	speed (wps):2412.240730747761
step: 1066	loss: 158653.31077575684	speed (wps):2412.320580929534
step: 1198	loss: 177793.99980425835	speed (wps):2412.350759034108
epoch: 21	train ppl: 68.98160286466059	val ppl: 158.7927411276603	best val: 153.65827353809138	time (s) spent in epoch: 392.8966062068939

EPOCH 22 ------------------
step: 10	loss: 1668.3595633506775	speed (wps):2357.626735207099
step: 142	loss: 20804.821358919144	speed (wps):2407.9984650745705
step: 274	loss: 40733.845945596695	speed (wps):2410.3547912745444
step: 406	loss: 59950.11782050133	speed (wps):2411.6352266702647
step: 538	loss: 79452.76041030884	speed (wps):2412.034686523942
step: 670	loss: 99031.27629041672	speed (wps):2412.4202467768673
step: 802	loss: 118165.51159143448	speed (wps):2412.4619063619607
step: 934	loss: 137695.4458940029	speed (wps):2412.4445728345036
step: 1066	loss: 157176.15794181824	speed (wps):2412.4955925840814
step: 1198	loss: 176158.59403252602	speed (wps):2412.5282293175574
epoch: 22	train ppl: 66.354622704236	val ppl: 160.98981735932648	best val: 153.65827353809138	time (s) spent in epoch: 392.8779044151306

EPOCH 23 ------------------
step: 10	loss: 1647.6628947257996	speed (wps):2358.3372363732065
step: 142	loss: 20616.913912296295	speed (wps):2408.3676702015946
step: 274	loss: 40366.52528882027	speed (wps):2410.3133305305278
step: 406	loss: 59406.03857040405	speed (wps):2410.866045748848
step: 538	loss: 78722.63653159142	speed (wps):2411.1965206142086
step: 670	loss: 98109.71715569496	speed (wps):2411.53192994276
step: 802	loss: 117059.81890320778	speed (wps):2411.7225830687444
step: 934	loss: 136383.40874671936	speed (wps):2411.067247532998
step: 1066	loss: 155708.8167309761	speed (wps):2410.596678596492
step: 1198	loss: 174512.8217768669	speed (wps):2410.3456132639403
epoch: 23	train ppl: 63.78726370408002	val ppl: 162.78500637509148	best val: 153.65827353809138	time (s) spent in epoch: 393.2768495082855

EPOCH 24 ------------------
step: 10	loss: 1638.065996170044	speed (wps):2347.9403921194576
step: 142	loss: 20436.634435653687	speed (wps):2403.621317892962
step: 274	loss: 40004.023525714874	speed (wps):2405.4036606503128
step: 406	loss: 58863.07406544685	speed (wps):2405.324292844158
step: 538	loss: 77992.17935919762	speed (wps):2405.7997200288673
step: 670	loss: 97221.77367687225	speed (wps):2406.0480064729118
step: 802	loss: 116021.73074126244	speed (wps):2406.0962011996335
step: 934	loss: 135202.65961766243	speed (wps):2406.2160828877645
step: 1066	loss: 154377.14266061783	speed (wps):2406.263288203079
step: 1198	loss: 173010.14095544815	speed (wps):2406.4034306814965
epoch: 24	train ppl: 61.543832532301955	val ppl: 165.02088170253725	best val: 153.65827353809138	time (s) spent in epoch: 393.8488597869873

EPOCH 25 ------------------
step: 10	loss: 1625.0512623786926	speed (wps):2356.915285991478
step: 142	loss: 20278.613061904907	speed (wps):2403.3045075392383
step: 274	loss: 39682.4245262146	speed (wps):2405.009902720633
step: 406	loss: 58375.792944431305	speed (wps):2405.682091996952
step: 538	loss: 77346.6441321373	speed (wps):2406.1109353669717
step: 670	loss: 96383.82580161095	speed (wps):2406.4119085976267
step: 802	loss: 115007.27885127068	speed (wps):2406.5595903621465
step: 934	loss: 133998.00365805626	speed (wps):2406.550693671257
step: 1066	loss: 152962.32267022133	speed (wps):2406.504183583035
step: 1198	loss: 171392.2953903675	speed (wps):2406.550666748403
epoch: 25	train ppl: 59.21762988269699	val ppl: 165.87129079496842	best val: 153.65827353809138	time (s) spent in epoch: 393.8417880535126

EPOCH 26 ------------------
step: 10	loss: 1608.5699105262756	speed (wps):2347.982213399798
step: 142	loss: 20079.001208543777	speed (wps):2404.478566348562
step: 274	loss: 39285.84715008736	speed (wps):2407.8652309450595
step: 406	loss: 57775.286910533905	speed (wps):2410.320525392203
step: 538	loss: 76562.23292946815	speed (wps):2411.437154470483
step: 670	loss: 95444.78204607964	speed (wps):2412.3382082502367
step: 802	loss: 113913.58799815178	speed (wps):2412.681965898321
step: 934	loss: 132738.19538474083	speed (wps):2412.9748766589346
step: 1066	loss: 151535.3429555893	speed (wps):2413.359607180658
step: 1198	loss: 169797.44775652885	speed (wps):2413.7074087111173
epoch: 26	train ppl: 57.008508366177416	val ppl: 169.3224344274645	best val: 153.65827353809138	time (s) spent in epoch: 392.6193401813507

EPOCH 27 ------------------
step: 10	loss: 1585.1274263858795	speed (wps):2364.2950831793246
step: 142	loss: 19914.07126545906	speed (wps):2409.783215274858
step: 274	loss: 38981.44639134407	speed (wps):2410.223268778488
step: 406	loss: 57311.43536448479	speed (wps):2409.7987677005353
step: 538	loss: 75945.4492866993	speed (wps):2409.661538165154
step: 670	loss: 94658.11681985855	speed (wps):2409.6871718365182
step: 802	loss: 112960.33334493637	speed (wps):2409.2793939523067
step: 934	loss: 131648.54874134064	speed (wps):2408.898255650804
step: 1066	loss: 150298.43463897705	speed (wps):2408.8392417485843
step: 1198	loss: 168426.22629404068	speed (wps):2408.6383645434703
epoch: 27	train ppl: 55.1474092781905	val ppl: 171.84407131648774	best val: 153.65827353809138	time (s) spent in epoch: 393.5482246875763

EPOCH 28 ------------------
step: 10	loss: 1577.3013544082642	speed (wps):2350.5954959100936
step: 142	loss: 19742.78191447258	speed (wps):2402.5321491663317
step: 274	loss: 38640.618188381195	speed (wps):2404.422299992268
step: 406	loss: 56832.402938604355	speed (wps):2405.241754936564
step: 538	loss: 75317.03204989433	speed (wps):2405.4671878203753
step: 670	loss: 93883.10519814491	speed (wps):2405.641825168996
step: 802	loss: 112030.34571290016	speed (wps):2405.7058336753985
step: 934	loss: 130539.62030649185	speed (wps):2405.7796391018337
step: 1066	loss: 149042.90258169174	speed (wps):2405.970666027177
step: 1198	loss: 166983.1951022148	speed (wps):2406.07882023088
epoch: 28	train ppl: 53.268674173173814	val ppl: 173.41292924136795	best val: 153.65827353809138	time (s) spent in epoch: 393.9203019142151

EPOCH 29 ------------------
step: 10	loss: 1558.3973503112793	speed (wps):2351.150104584082
step: 142	loss: 19550.432560443878	speed (wps):2403.617175952428
step: 274	loss: 38301.6225707531	speed (wps):2405.8692990651634
step: 406	loss: 56331.57623887062	speed (wps):2406.5890150800997
step: 538	loss: 74650.25419712067	speed (wps):2406.43632690506
step: 670	loss: 93060.85174918175	speed (wps):2406.3213195369326
step: 802	loss: 111024.39409255981	speed (wps):2406.497442090455
step: 934	loss: 129400.94621419907	speed (wps):2406.5949475288435
step: 1066	loss: 147718.44052553177	speed (wps):2406.647446437873
step: 1198	loss: 165530.2801144123	speed (wps):2406.691538424218
epoch: 29	train ppl: 51.541888337637744	val ppl: 177.52845866773077	best val: 153.65827353809138	time (s) spent in epoch: 393.8099641799927

EPOCH 30 ------------------
step: 10	loss: 1553.342010974884	speed (wps):2349.713897242809
step: 142	loss: 19422.97502040863	speed (wps):2402.31739468004
step: 274	loss: 37978.45777273178	speed (wps):2404.6947728930263
step: 406	loss: 55845.92143177986	speed (wps):2405.391012866835
step: 538	loss: 74007.33801364899	speed (wps):2405.793414691137
step: 670	loss: 92252.17269301414	speed (wps):2405.994885147145
step: 802	loss: 110125.45516014099	speed (wps):2406.1636920043766
step: 934	loss: 128356.55240058899	speed (wps):2406.3148988547773
step: 1066	loss: 146546.70593857765	speed (wps):2406.50085974414
step: 1198	loss: 164194.73120570183	speed (wps):2406.675303661968
epoch: 30	train ppl: 49.898387120869685	val ppl: 178.1591546533713	best val: 153.65827353809138	time (s) spent in epoch: 393.83126044273376

EPOCH 31 ------------------
step: 10	loss: 1531.2880098819733	speed (wps):2351.2817363589525
step: 142	loss: 19243.217568397522	speed (wps):2401.3500872081936
step: 274	loss: 37702.59464979172	speed (wps):2404.1449851515513
step: 406	loss: 55419.95555758476	speed (wps):2404.8458812209883
step: 538	loss: 73438.95062208176	speed (wps):2405.3234967360245
step: 670	loss: 91561.91997051239	speed (wps):2405.3416858254195
step: 802	loss: 109263.8024365902	speed (wps):2405.632170611629
step: 934	loss: 127372.91468381882	speed (wps):2406.7323630068813
step: 1066	loss: 145399.78082299232	speed (wps):2407.6716979345547
step: 1198	loss: 162898.2807469368	speed (wps):2408.507254124593
epoch: 31	train ppl: 48.36334451612815	val ppl: 181.22717987078775	best val: 153.65827353809138	time (s) spent in epoch: 393.35074257850647

EPOCH 32 ------------------
step: 10	loss: 1528.2686734199524	speed (wps):2357.0654546253377
step: 142	loss: 19116.77407860756	speed (wps):2410.379407363447
step: 274	loss: 37395.36624789238	speed (wps):2412.069292049546
step: 406	loss: 54961.49021625519	speed (wps):2412.81148871184
step: 538	loss: 72822.38466620445	speed (wps):2413.499638891087
step: 670	loss: 90774.57070827484	speed (wps):2413.6765446146514
step: 802	loss: 108342.32900977135	speed (wps):2413.9412141721364
step: 934	loss: 126292.28157281876	speed (wps):2414.131881380635
step: 1066	loss: 144207.10052132607	speed (wps):2413.5258480206894
step: 1198	loss: 161577.2433769703	speed (wps):2412.830258464719
epoch: 32	train ppl: 46.89466377459846	val ppl: 185.6361103164255	best val: 153.65827353809138	time (s) spent in epoch: 392.9208650588989

EPOCH 33 ------------------
step: 10	loss: 1503.9305663108826	speed (wps):2349.634406308482
step: 142	loss: 18968.408091068268	speed (wps):2402.325724601754
step: 274	loss: 37162.55949258804	speed (wps):2404.835233450179
step: 406	loss: 54611.96848988533	speed (wps):2405.683651478606
step: 538	loss: 72334.39374089241	speed (wps):2405.9743698066754
step: 670	loss: 90132.25377082825	speed (wps):2406.041089225305
step: 802	loss: 107575.24339556694	speed (wps):2406.039930652009
step: 934	loss: 125367.41488575935	speed (wps):2406.094247751204
step: 1066	loss: 143121.68293833733	speed (wps):2406.0533123545615
step: 1198	loss: 160378.37119460106	speed (wps):2406.0424042449686
epoch: 33	train ppl: 45.54077029342775	val ppl: 185.9216685481794	best val: 153.65827353809138	time (s) spent in epoch: 393.93668127059937

EPOCH 34 ------------------
step: 10	loss: 1502.6357519626617	speed (wps):2345.4082892421347
step: 142	loss: 18816.550234556198	speed (wps):2401.493375421936
step: 274	loss: 36840.26192069054	speed (wps):2403.9853150782537
step: 406	loss: 54170.49958229065	speed (wps):2404.8301763631575
step: 538	loss: 71774.47772145271	speed (wps):2405.078668046424
step: 670	loss: 89465.85474848747	speed (wps):2405.268224233685
step: 802	loss: 106790.6783926487	speed (wps):2405.4936175283515
step: 934	loss: 124463.63273501396	speed (wps):2405.6730457897297
step: 1066	loss: 142112.0173561573	speed (wps):2405.926171484949
step: 1198	loss: 159228.5976243019	speed (wps):2405.9832635068738
epoch: 34	train ppl: 44.28632768418843	val ppl: 189.85147749152657	best val: 153.65827353809138	time (s) spent in epoch: 393.9484295845032

EPOCH 35 ------------------
step: 10	loss: 1488.8300204277039	speed (wps):2347.074258530236
step: 142	loss: 18704.358664751053	speed (wps):2403.080440719121
step: 274	loss: 36614.61404919624	speed (wps):2404.745408712042
step: 406	loss: 53803.24417233467	speed (wps):2405.3766517714103
step: 538	loss: 71238.9794754982	speed (wps):2405.6513083141444
step: 670	loss: 88813.89609336853	speed (wps):2405.739404871432
step: 802	loss: 105964.62818622589	speed (wps):2405.9434571953616
step: 934	loss: 123523.81088256836	speed (wps):2405.9946106327297
step: 1066	loss: 141045.31697392464	speed (wps):2406.1264024938014
step: 1198	loss: 158056.50299072266	speed (wps):2406.3147220037804
epoch: 35	train ppl: 43.080131505480885	val ppl: 191.45953103198934	best val: 153.65827353809138	time (s) spent in epoch: 393.8773386478424

EPOCH 36 ------------------
step: 10	loss: 1476.163341999054	speed (wps):2347.9260537377268
step: 142	loss: 18546.36080622673	speed (wps):2402.0950785946548
step: 274	loss: 36357.14546442032	speed (wps):2404.147512154991
step: 406	loss: 53427.46762275696	speed (wps):2405.164475192524
step: 538	loss: 70757.64544487	speed (wps):2405.4063763279946
step: 670	loss: 88189.72166895866	speed (wps):2405.519316082436
step: 802	loss: 105239.5622086525	speed (wps):2405.6483442371523
step: 934	loss: 122688.8880264759	speed (wps):2405.7840434472278
step: 1066	loss: 140123.47729206085	speed (wps):2405.749227729683
step: 1198	loss: 157016.00413441658	speed (wps):2405.8546205713697
epoch: 36	train ppl: 42.04141008348725	val ppl: 195.27891977682359	best val: 153.65827353809138	time (s) spent in epoch: 393.9299054145813

EPOCH 37 ------------------
step: 10	loss: 1462.7786231040955	speed (wps):2348.5021165223125
step: 142	loss: 18418.37899684906	speed (wps):2403.4796331051507
step: 274	loss: 36066.031383275986	speed (wps):2405.4145747312605
step: 406	loss: 53036.43523335457	speed (wps):2406.2313095205272
step: 538	loss: 70229.60755825043	speed (wps):2406.675557683642
step: 670	loss: 87551.9920361042	speed (wps):2406.8148862308476
step: 802	loss: 104514.15825605392	speed (wps):2406.684832565955
step: 934	loss: 121819.64311480522	speed (wps):2406.9231173691273
step: 1066	loss: 139106.3051879406	speed (wps):2407.5074762573804
step: 1198	loss: 155874.2122220993	speed (wps):2408.4130153811143
epoch: 37	train ppl: 40.905404635609706	val ppl: 197.1711648101309	best val: 153.65827353809138	time (s) spent in epoch: 393.2671706676483

EPOCH 38 ------------------
step: 10	loss: 1453.0094742774963	speed (wps):2366.701296938742
step: 142	loss: 18285.037635564804	speed (wps):2416.123967368427
step: 274	loss: 35836.665753126144	speed (wps):2418.9704385994023
step: 406	loss: 52675.3201508522	speed (wps):2420.1978956304233
step: 538	loss: 69753.46379160881	speed (wps):2420.9075361624264
step: 670	loss: 86949.9338722229	speed (wps):2421.437063686557
step: 802	loss: 103785.87415575981	speed (wps):2421.7130356439025
step: 934	loss: 120985.0942993164	speed (wps):2422.059962722853
step: 1066	loss: 138158.04789543152	speed (wps):2422.201850061801
step: 1198	loss: 154799.32227492332	speed (wps):2422.2709217691236
epoch: 38	train ppl: 39.889262125046145	val ppl: 200.93319949849263	best val: 153.65827353809138	time (s) spent in epoch: 391.2119846343994

EPOCH 39 ------------------
step: 10	loss: 1449.562224149704	speed (wps):2368.465923383072
step: 142	loss: 18188.173936605453	speed (wps):2418.0648761222587
step: 274	loss: 35642.72385597229	speed (wps):2420.7418934724883
step: 406	loss: 52371.36918544769	speed (wps):2421.8543968559566
step: 538	loss: 69328.31269741058	speed (wps):2422.189428868855
step: 670	loss: 86401.76036953926	speed (wps):2422.2650768479343
step: 802	loss: 103120.28557419777	speed (wps):2422.346621218744
step: 934	loss: 120216.27353191376	speed (wps):2422.3469096328135
step: 1066	loss: 137290.02279639244	speed (wps):2422.626170885438
step: 1198	loss: 153842.78244137764	speed (wps):2422.687999012833
epoch: 39	train ppl: 38.99374567353235	val ppl: 202.618078589737	best val: 153.65827353809138	time (s) spent in epoch: 391.1358435153961

DONE

Saving learning curves to RNN_ADAM_model=RNN_optimizer=ADAM_initial_lr=0.0001_batch_size=20_seq_len=35_hidden_size=1500_num_layers=2_dp_keep_prob=0.65_0/learning_curves.npy
Set compute mode to DEFAULT for GPU 00000000:11:00.0.
All done.
