
########## Setting Up Experiment ######################

Putting log in RNN_ADAM_model=RNN_optimizer=ADAM_initial_lr=0.0001_batch_size=20_seq_len=35_hidden_size=1500_num_layers=2_dp_keep_prob=0.35_num_layers=3_0
Using the GPU
Loading data from data
  vocabulary size: 10000

########## Running Main Loop ##########################

EPOCH 0 ------------------
step: 10	loss: 3433.79891872406	speed (wps):1922.8389113835663
step: 142	loss: 36395.22267103195	speed (wps):2022.082334727597
step: 274	loss: 67705.55305957794	speed (wps):2020.9549234202093
step: 406	loss: 98184.73648786545	speed (wps):2020.4607664638927
step: 538	loss: 128441.99637889862	speed (wps):2019.9019629688187
step: 670	loss: 158401.65129423141	speed (wps):2019.664844982893
step: 802	loss: 187820.76860427856	speed (wps):2019.473724602032
step: 934	loss: 217150.22458314896	speed (wps):2019.3591328281364
step: 1066	loss: 246318.4162569046	speed (wps):2019.2333925353337
step: 1198	loss: 275226.93823575974	speed (wps):2019.1679773000021
epoch: 0	train ppl: 682.8646439515172	val ppl: 411.20005719733103	best val: 411.20005719733103	time (s) spent in epoch: 469.4334990978241

EPOCH 1 ------------------
step: 10	loss: 2442.189040184021	speed (wps):1989.4991665897671
step: 142	loss: 30832.83085823059	speed (wps):2016.147048513915
step: 274	loss: 59579.40470457077	speed (wps):2017.288350634308
step: 406	loss: 87982.9744052887	speed (wps):2017.7816317192244
step: 538	loss: 116436.27668619156	speed (wps):2017.883042628861
step: 670	loss: 144830.41255950928	speed (wps):2017.8002750693965
step: 802	loss: 172778.03081989288	speed (wps):2017.6957049079854
step: 934	loss: 200748.66723060608	speed (wps):2017.6091984986194
step: 1066	loss: 228681.43568515778	speed (wps):2017.6697094098686
step: 1198	loss: 256420.23623228073	speed (wps):2017.6091129272127
epoch: 1	train ppl: 445.1863735864122	val ppl: 330.9038525853453	best val: 330.9038525853453	time (s) spent in epoch: 469.7515125274658

EPOCH 2 ------------------
step: 10	loss: 2360.0600242614746	speed (wps):1979.6570407468232
step: 142	loss: 29732.853462696075	speed (wps):2014.7616919617055
step: 274	loss: 57558.35656166077	speed (wps):2016.09759767562
step: 406	loss: 85070.7066488266	speed (wps):2016.5167403376954
step: 538	loss: 112656.13763093948	speed (wps):2016.5644075066646
step: 670	loss: 140256.88032865524	speed (wps):2016.3088995642815
step: 802	loss: 167422.74449825287	speed (wps):2016.0706870085914
step: 934	loss: 194671.4139509201	speed (wps):2015.939682022305
step: 1066	loss: 221925.59265851974	speed (wps):2015.776469546182
step: 1198	loss: 248954.86515045166	speed (wps):2015.7202682997536
epoch: 2	train ppl: 373.79261983466193	val ppl: 295.0938036529523	best val: 295.0938036529523	time (s) spent in epoch: 470.20637702941895

EPOCH 3 ------------------
step: 10	loss: 2307.9716992378235	speed (wps):1980.2025247349493
step: 142	loss: 29103.95453929901	speed (wps):2011.6049428226997
step: 274	loss: 56360.12536525726	speed (wps):2014.11585219709
step: 406	loss: 83289.55490112305	speed (wps):2015.2853680747558
step: 538	loss: 110348.70137453079	speed (wps):2015.9306458392211
step: 670	loss: 137419.10024166107	speed (wps):2016.2480880287817
step: 802	loss: 164058.3175778389	speed (wps):2016.3387033862589
step: 934	loss: 190809.66358184814	speed (wps):2016.5395216406482
step: 1066	loss: 217545.09066343307	speed (wps):2016.7442176803052
step: 1198	loss: 244071.50331497192	speed (wps):2016.8267814979165
epoch: 3	train ppl: 333.1904626263442	val ppl: 267.89402455319157	best val: 267.89402455319157	time (s) spent in epoch: 469.9272108078003

EPOCH 4 ------------------
step: 10	loss: 2272.0602464675903	speed (wps):1985.9862885388873
step: 142	loss: 28605.331110954285	speed (wps):2014.7566740887257
step: 274	loss: 55426.873881816864	speed (wps):2016.0210099135566
step: 406	loss: 81969.41761016846	speed (wps):2016.5648076808793
step: 538	loss: 108599.72351074219	speed (wps):2016.8497815588942
step: 670	loss: 135270.55121660233	speed (wps):2017.0684002953394
step: 802	loss: 161523.9339709282	speed (wps):2017.2713318444876
step: 934	loss: 187886.86437606812	speed (wps):2017.3417707522988
step: 1066	loss: 214264.64825868607	speed (wps):2017.361458166825
step: 1198	loss: 240398.61746549606	speed (wps):2017.4204421586776
epoch: 4	train ppl: 305.45209310360883	val ppl: 252.30895962578606	best val: 252.30895962578606	time (s) spent in epoch: 469.8018388748169

EPOCH 5 ------------------
step: 10	loss: 2242.6295495033264	speed (wps):1984.0376341351277
step: 142	loss: 28218.47250699997	speed (wps):2014.5918233066225
step: 274	loss: 54710.25270700455	speed (wps):2015.9296246780111
step: 406	loss: 80879.60436582565	speed (wps):2016.3368952201697
step: 538	loss: 107191.19891643524	speed (wps):2016.8154441950112
step: 670	loss: 133520.4294347763	speed (wps):2017.0980837608743
step: 802	loss: 159468.18882226944	speed (wps):2017.1265605703852
step: 934	loss: 185528.53444814682	speed (wps):2017.2942123709092
step: 1066	loss: 211585.0112271309	speed (wps):2017.3687409895033
step: 1198	loss: 237417.22519636154	speed (wps):2017.478859689959
epoch: 5	train ppl: 284.8451642887539	val ppl: 236.73580588900398	best val: 236.73580588900398	time (s) spent in epoch: 469.7783031463623

EPOCH 6 ------------------
step: 10	loss: 2224.6018171310425	speed (wps):1981.930537736846
step: 142	loss: 27904.259424209595	speed (wps):2014.8107311420695
step: 274	loss: 54114.64781999588	speed (wps):2016.0543093198964
step: 406	loss: 80020.47637462616	speed (wps):2016.6866316510414
step: 538	loss: 106036.24621391296	speed (wps):2016.9802094232505
step: 670	loss: 132112.8477358818	speed (wps):2017.1013324113728
step: 802	loss: 157753.85389089584	speed (wps):2017.258581541725
step: 934	loss: 183541.67091608047	speed (wps):2017.2091759073705
step: 1066	loss: 209360.2093553543	speed (wps):2017.13258400089
step: 1198	loss: 234942.47648239136	speed (wps):2017.2151832675042
epoch: 6	train ppl: 268.6009735344894	val ppl: 225.43541782491147	best val: 225.43541782491147	time (s) spent in epoch: 469.82237696647644

EPOCH 7 ------------------
step: 10	loss: 2202.901186943054	speed (wps):1990.4848876717745
step: 142	loss: 27605.047101974487	speed (wps):2016.5406853757947
step: 274	loss: 53599.38245534897	speed (wps):2017.440071209477
step: 406	loss: 79235.62246322632	speed (wps):2017.6840682288614
step: 538	loss: 104997.9585647583	speed (wps):2017.8149496216345
step: 670	loss: 130818.4969997406	speed (wps):2017.881856925565
step: 802	loss: 156240.07520198822	speed (wps):2017.9834349444225
step: 934	loss: 181832.41218566895	speed (wps):2018.1217687621433
step: 1066	loss: 207404.15921211243	speed (wps):2018.3055909589928
step: 1198	loss: 232738.70933771133	speed (wps):2018.509309256936
epoch: 7	train ppl: 254.92572470665309	val ppl: 216.90404993740503	best val: 216.90404993740503	time (s) spent in epoch: 469.5374827384949

EPOCH 8 ------------------
step: 10	loss: 2185.3646540641785	speed (wps):1983.9269690033034
step: 142	loss: 27370.64597606659	speed (wps):2016.287229526917
step: 274	loss: 53119.52609539032	speed (wps):2017.5588122576603
step: 406	loss: 78535.12303590775	speed (wps):2018.0392718019941
step: 538	loss: 104063.09541225433	speed (wps):2018.3766761359745
step: 670	loss: 129639.97892141342	speed (wps):2018.518954639413
step: 802	loss: 154854.9954032898	speed (wps):2018.6019944297498
step: 934	loss: 180240.1687669754	speed (wps):2018.7515014305072
step: 1066	loss: 205601.49423837662	speed (wps):2018.8774922987386
step: 1198	loss: 230735.0205373764	speed (wps):2018.8917932656784
epoch: 8	train ppl: 243.32764488121106	val ppl: 212.6187774896642	best val: 212.6187774896642	time (s) spent in epoch: 469.43973445892334

EPOCH 9 ------------------
step: 10	loss: 2170.767090320587	speed (wps):1985.4271170194427
step: 142	loss: 27136.705741882324	speed (wps):2016.4546337867641
step: 274	loss: 52714.70801830292	speed (wps):2017.9023799767695
step: 406	loss: 77935.65095424652	speed (wps):2018.5620225246785
step: 538	loss: 103299.85472917557	speed (wps):2018.6700386945065
step: 670	loss: 128710.85446834564	speed (wps):2018.8939826316657
step: 802	loss: 153722.42894411087	speed (wps):2019.0133130518498
step: 934	loss: 178931.37412548065	speed (wps):2019.0663473565312
step: 1066	loss: 204133.3080816269	speed (wps):2019.0541996175457
step: 1198	loss: 229070.59871435165	speed (wps):2019.0664409126496
epoch: 9	train ppl: 233.82925688830352	val ppl: 210.2687680289964	best val: 210.2687680289964	time (s) spent in epoch: 469.4277091026306

EPOCH 10 ------------------
step: 10	loss: 2152.985725402832	speed (wps):1981.6047553889064
step: 142	loss: 26927.41004705429	speed (wps):2015.941711455066
step: 274	loss: 52356.3925075531	speed (wps):2017.3400288375426
step: 406	loss: 77366.01859092712	speed (wps):2017.760302953834
step: 538	loss: 102556.3262796402	speed (wps):2018.0272225138845
step: 670	loss: 127802.57695436478	speed (wps):2018.1006639534285
step: 802	loss: 152641.38387441635	speed (wps):2018.3673915907352
step: 934	loss: 177670.85527181625	speed (wps):2018.3897788197853
step: 1066	loss: 202712.7790403366	speed (wps):2018.5192723693178
step: 1198	loss: 227461.49399518967	speed (wps):2018.5865665104534
epoch: 10	train ppl: 225.001821383948	val ppl: 200.73896760677087	best val: 200.73896760677087	time (s) spent in epoch: 469.52195143699646

EPOCH 11 ------------------
step: 10	loss: 2138.814673423767	speed (wps):1983.686668302943
step: 142	loss: 26758.602995872498	speed (wps):2016.1183814866888
step: 274	loss: 52004.707555770874	speed (wps):2017.7792870321182
step: 406	loss: 76881.14829778671	speed (wps):2018.213288573851
step: 538	loss: 101891.26696586609	speed (wps):2018.444274146884
step: 670	loss: 126954.9213552475	speed (wps):2018.4107871302815
step: 802	loss: 151634.62460041046	speed (wps):2018.4845643599908
step: 934	loss: 176538.02573919296	speed (wps):2018.6674286677219
step: 1066	loss: 201416.62809610367	speed (wps):2018.746578950304
step: 1198	loss: 226005.40138959885	speed (wps):2018.782503614792
epoch: 11	train ppl: 217.35015523386772	val ppl: 195.92704888986364	best val: 195.92704888986364	time (s) spent in epoch: 469.48029112815857

EPOCH 12 ------------------
step: 10	loss: 2128.0609726905823	speed (wps):1991.0720756811236
step: 142	loss: 26626.392543315887	speed (wps):2016.5555332865274
step: 274	loss: 51746.76912546158	speed (wps):2017.653425918349
step: 406	loss: 76480.1921415329	speed (wps):2017.929425874248
step: 538	loss: 101327.27989196777	speed (wps):2018.0055547168192
step: 670	loss: 126259.74444627762	speed (wps):2017.9045368324255
step: 802	loss: 150804.41748142242	speed (wps):2018.0025353416881
step: 934	loss: 175580.76956748962	speed (wps):2017.977904140988
step: 1066	loss: 200344.9186706543	speed (wps):2017.9601020856442
step: 1198	loss: 224804.5465350151	speed (wps):2018.103236465474
epoch: 12	train ppl: 211.3932155746644	val ppl: 192.03916143250183	best val: 192.03916143250183	time (s) spent in epoch: 469.61770701408386

EPOCH 13 ------------------
step: 10	loss: 2114.6064257621765	speed (wps):1980.5475218642086
step: 142	loss: 26439.200859069824	speed (wps):2015.1447773754649
step: 274	loss: 51392.08956241608	speed (wps):2016.8370488123321
step: 406	loss: 75959.41655397415	speed (wps):2017.1795366111369
step: 538	loss: 100701.91389322281	speed (wps):2017.4589905107082
step: 670	loss: 125498.91279697418	speed (wps):2017.4765713416277
step: 802	loss: 149881.70624256134	speed (wps):2017.6057590470205
step: 934	loss: 174491.95130586624	speed (wps):2017.7349926957866
step: 1066	loss: 199117.63864517212	speed (wps):2017.9552314523678
step: 1198	loss: 223442.44590044022	speed (wps):2018.0685289588132
epoch: 13	train ppl: 204.64929125246218	val ppl: 191.62977798585626	best val: 191.62977798585626	time (s) spent in epoch: 469.6200668811798

EPOCH 14 ------------------
step: 10	loss: 2103.367700576782	speed (wps):1984.0860235399698
step: 142	loss: 26285.038969516754	speed (wps):2015.82799105891
step: 274	loss: 51120.66507577896	speed (wps):2017.173194327505
step: 406	loss: 75574.85775232315	speed (wps):2017.6205187096386
step: 538	loss: 100165.70736169815	speed (wps):2017.7090588814792
step: 670	loss: 124825.4897403717	speed (wps):2018.0226653699094
step: 802	loss: 149081.84556245804	speed (wps):2018.153924565506
step: 934	loss: 173564.73195314407	speed (wps):2018.2745822027862
step: 1066	loss: 198072.74114847183	speed (wps):2018.391956954265
step: 1198	loss: 222260.12362957	speed (wps):2018.4912446816518
epoch: 14	train ppl: 199.05389440612774	val ppl: 188.60632686241598	best val: 188.60632686241598	time (s) spent in epoch: 469.5294494628906

EPOCH 15 ------------------
step: 10	loss: 2099.459617137909	speed (wps):1983.766477748172
step: 142	loss: 26172.308735847473	speed (wps):2016.6478799961985
step: 274	loss: 50878.18399190903	speed (wps):2017.9573427071716
step: 406	loss: 75204.62527990341	speed (wps):2018.3551186227585
step: 538	loss: 99688.70917797089	speed (wps):2018.6150296159335
step: 670	loss: 124228.71386528015	speed (wps):2018.8007504425423
step: 802	loss: 148368.7072443962	speed (wps):2018.8612745109767
step: 934	loss: 172764.97596502304	speed (wps):2018.9023582939828
step: 1066	loss: 197131.46339654922	speed (wps):2018.9500355462671
step: 1198	loss: 221187.38283872604	speed (wps):2018.9782981219705
epoch: 15	train ppl: 194.06518198509013	val ppl: 185.89412694514007	best val: 185.89412694514007	time (s) spent in epoch: 469.4304988384247

EPOCH 16 ------------------
step: 10	loss: 2084.2685985565186	speed (wps):1982.181970459259
step: 142	loss: 26028.40782880783	speed (wps):2016.6900170820943
step: 274	loss: 50632.39882707596	speed (wps):2018.3998518219983
step: 406	loss: 74837.81127691269	speed (wps):2018.7523597441593
step: 538	loss: 99208.28394651413	speed (wps):2018.8609367287957
step: 670	loss: 123622.66259431839	speed (wps):2018.9275061201806
step: 802	loss: 147643.50528240204	speed (wps):2019.0512748243666
step: 934	loss: 171920.48295497894	speed (wps):2019.0277019960465
step: 1066	loss: 196181.75935029984	speed (wps):2019.0910280550404
step: 1198	loss: 220124.61866140366	speed (wps):2019.2038345052044
epoch: 16	train ppl: 189.20208882210363	val ppl: 184.83049575875182	best val: 184.83049575875182	time (s) spent in epoch: 469.34240674972534

EPOCH 17 ------------------
step: 10	loss: 2081.1952471733093	speed (wps):1985.2938413866802
step: 142	loss: 25942.74231672287	speed (wps):2020.2137632905556
step: 274	loss: 50452.00352668762	speed (wps):2021.1136112221432
step: 406	loss: 74543.65232467651	speed (wps):2021.6967904466626
step: 538	loss: 98810.23598432541	speed (wps):2021.9210496694102
step: 670	loss: 123117.21487760544	speed (wps):2022.1213737021062
step: 802	loss: 147038.83867263794	speed (wps):2022.0191620285639
step: 934	loss: 171247.03536510468	speed (wps):2021.8684630049079
step: 1066	loss: 195438.48613023758	speed (wps):2021.6946390387845
step: 1198	loss: 219290.48620224	speed (wps):2021.7027530128905
epoch: 17	train ppl: 185.50707304022893	val ppl: 180.74027523903686	best val: 180.74027523903686	time (s) spent in epoch: 468.8295307159424

EPOCH 18 ------------------
step: 10	loss: 2068.272705078125	speed (wps):1987.2452099513935
step: 142	loss: 25809.93780851364	speed (wps):2018.4151086640666
step: 274	loss: 50218.41980934143	speed (wps):2020.2043929005383
step: 406	loss: 74199.6271276474	speed (wps):2020.7196174501107
step: 538	loss: 98365.13153791428	speed (wps):2021.2391950916676
step: 670	loss: 122571.40902757645	speed (wps):2021.3855547347016
step: 802	loss: 146390.97020626068	speed (wps):2021.4237726910883
step: 934	loss: 170521.4232635498	speed (wps):2021.6055220952892
step: 1066	loss: 194619.72388267517	speed (wps):2021.7095922504066
step: 1198	loss: 218389.42717790604	speed (wps):2021.8134122877036
epoch: 18	train ppl: 181.5903377330056	val ppl: 179.50274602153792	best val: 179.50274602153792	time (s) spent in epoch: 468.76640033721924

EPOCH 19 ------------------
step: 10	loss: 2062.63165473938	speed (wps):1991.842141894451
step: 142	loss: 25722.622108459473	speed (wps):2020.9705948057979
step: 274	loss: 50041.75860643387	speed (wps):2021.9486705049267
step: 406	loss: 73919.75959062576	speed (wps):2022.1441301045995
step: 538	loss: 97966.77999734879	speed (wps):2022.267325693044
step: 670	loss: 122077.61511564255	speed (wps):2022.2386866517136
step: 802	loss: 145802.08227872849	speed (wps):2022.2994132567107
step: 934	loss: 169807.52588272095	speed (wps):2022.3889807783837
step: 1066	loss: 193818.94552469254	speed (wps):2022.4552461118137
step: 1198	loss: 217470.72769641876	speed (wps):2022.4621522279717
epoch: 19	train ppl: 177.67891098717814	val ppl: 177.62970410620613	best val: 177.62970410620613	time (s) spent in epoch: 468.6274518966675

EPOCH 20 ------------------
step: 10	loss: 2055.182468891144	speed (wps):1990.334740970119
step: 142	loss: 25612.736949920654	speed (wps):2020.1556153179486
step: 274	loss: 49840.620975494385	speed (wps):2021.1552450961597
step: 406	loss: 73616.85158967972	speed (wps):2021.4985793253545
step: 538	loss: 97594.17639255524	speed (wps):2021.5741562125113
step: 670	loss: 121615.12781143188	speed (wps):2021.7652257626282
step: 802	loss: 145251.06721401215	speed (wps):2021.821724534802
step: 934	loss: 169180.44737815857	speed (wps):2021.9354051521727
step: 1066	loss: 193071.58567905426	speed (wps):2021.9901733063487
step: 1198	loss: 216650.54734230042	speed (wps):2022.0513864923762
epoch: 20	train ppl: 174.26270148643275	val ppl: 176.01893782325473	best val: 176.01893782325473	time (s) spent in epoch: 468.7098569869995

EPOCH 21 ------------------
step: 10	loss: 2049.2638087272644	speed (wps):1988.8555847487662
step: 142	loss: 25503.435282707214	speed (wps):2019.724042709948
step: 274	loss: 49636.7737531662	speed (wps):2021.2968454843663
step: 406	loss: 73372.0842051506	speed (wps):2021.7801803537504
step: 538	loss: 97237.14921236038	speed (wps):2021.8317139471428
step: 670	loss: 121185.05965709686	speed (wps):2021.9758152217323
step: 802	loss: 144705.29544353485	speed (wps):2021.958404722144
step: 934	loss: 168558.14296483994	speed (wps):2022.1008465622836
step: 1066	loss: 192376.75961256027	speed (wps):2022.1272181572604
step: 1198	loss: 215845.76577186584	speed (wps):2022.1451375669594
epoch: 21	train ppl: 171.00988179908748	val ppl: 176.31328027873457	best val: 176.01893782325473	time (s) spent in epoch: 468.7008001804352

EPOCH 22 ------------------
step: 10	loss: 2037.9300546646118	speed (wps):1989.1734643347236
step: 142	loss: 25418.617119789124	speed (wps):2019.925369777353
step: 274	loss: 49485.364179611206	speed (wps):2021.2368178552308
step: 406	loss: 73072.63801574707	speed (wps):2021.565437675023
step: 538	loss: 96860.9618973732	speed (wps):2021.748634134874
step: 670	loss: 120709.80926036835	speed (wps):2021.7569804510495
step: 802	loss: 144179.22412395477	speed (wps):2021.8758048505817
step: 934	loss: 167942.19380378723	speed (wps):2021.982216060559
step: 1066	loss: 191686.91568613052	speed (wps):2022.028162164752
step: 1198	loss: 215067.01954364777	speed (wps):2022.1276571653157
epoch: 22	train ppl: 167.93095807592368	val ppl: 178.32122785484776	best val: 176.01893782325473	time (s) spent in epoch: 468.70754170417786

EPOCH 23 ------------------
step: 10	loss: 2037.8909182548523	speed (wps):1990.8683306725661
step: 142	loss: 25337.898750305176	speed (wps):2020.3088757822752
step: 274	loss: 49312.86033153534	speed (wps):2021.5168069010847
step: 406	loss: 72837.29906797409	speed (wps):2021.831796676556
step: 538	loss: 96548.06706905365	speed (wps):2021.9968528924996
step: 670	loss: 120335.59333562851	speed (wps):2022.0822274415848
step: 802	loss: 143707.94738292694	speed (wps):2022.229275953026
step: 934	loss: 167383.99583101273	speed (wps):2022.2733257353807
step: 1066	loss: 191060.81190347672	speed (wps):2022.2143201134752
step: 1198	loss: 214359.22836065292	speed (wps):2022.2386336332563
epoch: 23	train ppl: 165.07527283760896	val ppl: 174.46576397924684	best val: 174.46576397924684	time (s) spent in epoch: 468.6939375400543

EPOCH 24 ------------------
step: 10	loss: 2026.3102960586548	speed (wps):1986.5957533317746
step: 142	loss: 25256.433367729187	speed (wps):2020.4207688559509
step: 274	loss: 49165.90598344803	speed (wps):2021.4496706780167
step: 406	loss: 72644.81562376022	speed (wps):2021.9850739297465
step: 538	loss: 96283.81038665771	speed (wps):2022.120691861766
step: 670	loss: 120001.5361237526	speed (wps):2022.2080919789487
step: 802	loss: 143311.7134141922	speed (wps):2022.2888630353505
step: 934	loss: 166948.52885484695	speed (wps):2022.4000270261176
step: 1066	loss: 190544.6605706215	speed (wps):2022.4865815195922
step: 1198	loss: 213778.86215686798	speed (wps):2022.4819286390511
epoch: 24	train ppl: 162.77319375168122	val ppl: 173.99791424983223	best val: 173.99791424983223	time (s) spent in epoch: 468.61615538597107

EPOCH 25 ------------------
step: 10	loss: 2021.0750794410706	speed (wps):1989.0810911616722
step: 142	loss: 25189.415278434753	speed (wps):2019.6070681494493
step: 274	loss: 49035.67244529724	speed (wps):2021.00087091141
step: 406	loss: 72422.68767595291	speed (wps):2021.7607954091427
step: 538	loss: 96012.80498504639	speed (wps):2021.8700144797858
step: 670	loss: 119653.20458650589	speed (wps):2021.942020260488
step: 802	loss: 142877.47540473938	speed (wps):2022.1426405323452
step: 934	loss: 166421.15815639496	speed (wps):2022.185847583559
step: 1066	loss: 189930.06853342056	speed (wps):2022.1926969717279
step: 1198	loss: 213083.60178470612	speed (wps):2022.1433940433326
epoch: 25	train ppl: 160.07189943056778	val ppl: 175.28534710793645	best val: 173.99791424983223	time (s) spent in epoch: 468.70302414894104

EPOCH 26 ------------------
step: 10	loss: 2016.4799976348877	speed (wps):1990.016980631925
step: 142	loss: 25105.10318517685	speed (wps):2020.2306192464305
step: 274	loss: 48878.84699344635	speed (wps):2021.0968195301505
step: 406	loss: 72166.74426794052	speed (wps):2021.3842258903298
step: 538	loss: 95672.29989528656	speed (wps):2021.5722038789495
step: 670	loss: 119255.13713121414	speed (wps):2021.7418469313695
step: 802	loss: 142444.61633205414	speed (wps):2022.0603620546142
step: 934	loss: 165902.87658452988	speed (wps):2022.055911294875
step: 1066	loss: 189372.91200637817	speed (wps):2022.047736615712
step: 1198	loss: 212444.73412513733	speed (wps):2022.127083357002
epoch: 26	train ppl: 157.7391022510938	val ppl: 172.07967832527436	best val: 172.07967832527436	time (s) spent in epoch: 468.71379017829895

EPOCH 27 ------------------
step: 10	loss: 2005.6086540222168	speed (wps):1989.1838782942095
step: 142	loss: 25019.461805820465	speed (wps):2019.564818792411
step: 274	loss: 48739.2990231514	speed (wps):2021.0366823667541
step: 406	loss: 71977.0431470871	speed (wps):2021.5308007359617
step: 538	loss: 95429.33583974838	speed (wps):2021.781941180203
step: 670	loss: 118922.99039363861	speed (wps):2021.925311004664
step: 802	loss: 142020.98660945892	speed (wps):2022.0886187824315
step: 934	loss: 165423.64583969116	speed (wps):2022.2136753708196
step: 1066	loss: 188793.19651842117	speed (wps):2022.2921072014083
step: 1198	loss: 211786.02023363113	speed (wps):2022.3297682957927
epoch: 27	train ppl: 155.18433514462046	val ppl: 173.01137631706516	best val: 172.07967832527436	time (s) spent in epoch: 468.6707088947296

EPOCH 28 ------------------
step: 10	loss: 2007.2895002365112	speed (wps):1992.2639597591083
step: 142	loss: 24941.343595981598	speed (wps):2019.8012786066467
step: 274	loss: 48611.0383105278	speed (wps):2020.9802820491714
step: 406	loss: 71767.26161003113	speed (wps):2021.544767542118
step: 538	loss: 95162.70321846008	speed (wps):2021.776617661741
step: 670	loss: 118620.74567556381	speed (wps):2021.9811216624457
step: 802	loss: 141639.38428401947	speed (wps):2022.0488622278024
step: 934	loss: 165000.9902715683	speed (wps):2022.1651526436883
step: 1066	loss: 188342.0070528984	speed (wps):2022.1650398656338
step: 1198	loss: 211299.9718260765	speed (wps):2022.2521917278364
epoch: 28	train ppl: 153.49200078736726	val ppl: 178.7777934178315	best val: 172.07967832527436	time (s) spent in epoch: 468.6664547920227

EPOCH 29 ------------------
step: 10	loss: 2002.8285503387451	speed (wps):1991.8916498558883
step: 142	loss: 24885.211219787598	speed (wps):2019.6923688583295
step: 274	loss: 48489.49939727783	speed (wps):2021.0270097592952
step: 406	loss: 71602.01673984528	speed (wps):2021.4756946085308
step: 538	loss: 94909.92373466492	speed (wps):2021.6799209963845
step: 670	loss: 118297.60081291199	speed (wps):2021.7489966301464
step: 802	loss: 141240.66115617752	speed (wps):2021.7965458378062
step: 934	loss: 164538.7848162651	speed (wps):2021.9981294632214
step: 1066	loss: 187806.76287651062	speed (wps):2022.0370527138523
step: 1198	loss: 210685.16207695007	speed (wps):2022.1499244317629
epoch: 29	train ppl: 151.19204970811205	val ppl: 172.63545342839794	best val: 172.07967832527436	time (s) spent in epoch: 468.694210767746

EPOCH 30 ------------------
step: 10	loss: 1994.5677971839905	speed (wps):1990.083443139911
step: 142	loss: 24799.804892539978	speed (wps):2019.3372913739004
step: 274	loss: 48319.100370407104	speed (wps):2020.988583306546
step: 406	loss: 71345.01811742783	speed (wps):2021.3855115721765
step: 538	loss: 94598.6828327179	speed (wps):2021.6623844490093
step: 670	loss: 117912.83214330673	speed (wps):2021.8555426773623
step: 802	loss: 140811.8359208107	speed (wps):2022.0250288153056
step: 934	loss: 164047.78200626373	speed (wps):2022.0856360582422
step: 1066	loss: 187283.1949520111	speed (wps):2022.1465726288964
step: 1198	loss: 210095.13628959656	speed (wps):2022.1330107893448
epoch: 30	train ppl: 149.0809655337482	val ppl: 171.48860595372153	best val: 171.48860595372153	time (s) spent in epoch: 468.70953154563904

EPOCH 31 ------------------
step: 10	loss: 1990.4119610786438	speed (wps):1985.5510110582586
step: 142	loss: 24744.742267131805	speed (wps):2019.4667457015933
step: 274	loss: 48233.38665962219	speed (wps):2020.804469241136
step: 406	loss: 71201.443836689	speed (wps):2021.0438547092642
step: 538	loss: 94382.3163318634	speed (wps):2021.5506148332993
step: 670	loss: 117646.4532828331	speed (wps):2021.6211375245473
step: 802	loss: 140495.16633987427	speed (wps):2021.685707731065
step: 934	loss: 163657.99174308777	speed (wps):2021.770294567067
step: 1066	loss: 186782.39634037018	speed (wps):2021.8325298381608
step: 1198	loss: 209529.23298358917	speed (wps):2021.8258034715425
epoch: 31	train ppl: 147.11053276419315	val ppl: 171.90810463617098	best val: 171.48860595372153	time (s) spent in epoch: 468.78026700019836

EPOCH 32 ------------------
step: 10	loss: 1982.5999331474304	speed (wps):1991.1540764041008
step: 142	loss: 24685.318393707275	speed (wps):2019.8823491303272
step: 274	loss: 48099.854180812836	speed (wps):2020.9572756301102
step: 406	loss: 71001.20954751968	speed (wps):2021.4536687289221
step: 538	loss: 94098.88068914413	speed (wps):2021.6584432874488
step: 670	loss: 117300.43743610382	speed (wps):2021.7729254588007
step: 802	loss: 140069.6857905388	speed (wps):2021.8787629660526
step: 934	loss: 163157.01554059982	speed (wps):2021.9937463643819
step: 1066	loss: 186209.8745250702	speed (wps):2022.0500310721036
step: 1198	loss: 208904.28415060043	speed (wps):2022.1407352046294
epoch: 32	train ppl: 145.01140439672912	val ppl: 170.7893580116004	best val: 170.7893580116004	time (s) spent in epoch: 468.69877076148987

EPOCH 33 ------------------
step: 10	loss: 1978.4335827827454	speed (wps):1991.3625457759817
step: 142	loss: 24640.511260032654	speed (wps):2020.5001777761754
step: 274	loss: 47963.84405851364	speed (wps):2021.325152761846
step: 406	loss: 70806.13871097565	speed (wps):2021.8189376748408
step: 538	loss: 93846.91502571106	speed (wps):2021.957049162279
step: 670	loss: 116957.78952360153	speed (wps):2022.0508446962604
step: 802	loss: 139703.99622917175	speed (wps):2022.0765914099268
step: 934	loss: 162762.24650859833	speed (wps):2022.0958970165125
step: 1066	loss: 185781.5259361267	speed (wps):2022.1921539516031
step: 1198	loss: 208421.39043807983	speed (wps):2022.183643373153
epoch: 33	train ppl: 143.31649338325255	val ppl: 170.16115085847872	best val: 170.16115085847872	time (s) spent in epoch: 468.6933431625366

EPOCH 34 ------------------
step: 10	loss: 1977.5036215782166	speed (wps):1986.237163407885
step: 142	loss: 24574.702577590942	speed (wps):2020.0446846478028
step: 274	loss: 47895.12586355209	speed (wps):2021.476170353676
step: 406	loss: 70661.40445709229	speed (wps):2021.8034893006195
step: 538	loss: 93616.5483546257	speed (wps):2022.0367899553314
step: 670	loss: 116680.0818824768	speed (wps):2022.0326497499923
step: 802	loss: 139352.09508419037	speed (wps):2022.094172060239
step: 934	loss: 162347.45216846466	speed (wps):2022.0858207515919
step: 1066	loss: 185337.75599956512	speed (wps):2022.2253100420185
step: 1198	loss: 207899.0957903862	speed (wps):2022.2745209850227
epoch: 34	train ppl: 141.6073288030585	val ppl: 168.23711765596258	best val: 168.23711765596258	time (s) spent in epoch: 468.66360783576965

EPOCH 35 ------------------
step: 10	loss: 1960.3725218772888	speed (wps):1986.9428597074711
step: 142	loss: 24476.39209985733	speed (wps):2019.1595226936765
step: 274	loss: 47695.94300031662	speed (wps):2020.870470066138
step: 406	loss: 70409.61137771606	speed (wps):2021.3765597043318
step: 538	loss: 93331.60223007202	speed (wps):2021.6902674437629
step: 670	loss: 116352.53286361694	speed (wps):2021.932437099118
step: 802	loss: 138976.42935991287	speed (wps):2022.0702213829213
step: 934	loss: 161923.45035791397	speed (wps):2022.1091936693833
step: 1066	loss: 184857.68471479416	speed (wps):2022.2466701890105
step: 1198	loss: 207366.1284852028	speed (wps):2022.2660369476841
epoch: 35	train ppl: 139.73666625610542	val ppl: 169.53228873951014	best val: 168.23711765596258	time (s) spent in epoch: 468.66691541671753

EPOCH 36 ------------------
step: 10	loss: 1966.392068862915	speed (wps):1991.2654265211402
step: 142	loss: 24429.762511253357	speed (wps):2019.7912703513236
step: 274	loss: 47628.029346466064	speed (wps):2020.936009828224
step: 406	loss: 70269.81623888016	speed (wps):2021.545923471549
step: 538	loss: 93145.76206207275	speed (wps):2021.6372501225183
step: 670	loss: 116088.94749164581	speed (wps):2021.8695594537571
step: 802	loss: 138611.50807380676	speed (wps):2021.9214641364222
step: 934	loss: 161503.32006454468	speed (wps):2023.2403424264148
step: 1066	loss: 184348.75288963318	speed (wps):2025.066775200962
step: 1198	loss: 206808.01390886307	speed (wps):2026.2530695211685
epoch: 36	train ppl: 137.96024843075458	val ppl: 169.28825519512742	best val: 168.23711765596258	time (s) spent in epoch: 467.69631457328796

EPOCH 37 ------------------
step: 10	loss: 1958.1463027000427	speed (wps):1989.5795670034324
step: 142	loss: 24345.41550397873	speed (wps):2018.3113645128185
step: 274	loss: 47463.91265630722	speed (wps):2024.4301366839925
step: 406	loss: 70050.96904039383	speed (wps):2027.5138279994833
step: 538	loss: 92851.06109142303	speed (wps):2028.2427508886065
step: 670	loss: 115766.37864351273	speed (wps):2027.5212002887667
step: 802	loss: 138272.83253192902	speed (wps):2026.6776905524848
step: 934	loss: 161102.8123664856	speed (wps):2027.5298992163991
step: 1066	loss: 183924.7050333023	speed (wps):2028.2172027263457
step: 1198	loss: 206337.89078235626	speed (wps):2028.2350359720135
epoch: 37	train ppl: 136.30052939678077	val ppl: 169.22274852925892	best val: 168.23711765596258	time (s) spent in epoch: 467.4571125507355

EPOCH 38 ------------------
step: 10	loss: 1961.6724848747253	speed (wps):1990.768437211674
step: 142	loss: 24316.876883506775	speed (wps):2012.752974830683
step: 274	loss: 47393.77867460251	speed (wps):2014.3859612889946
step: 406	loss: 69952.5212264061	speed (wps):2015.7090482302867
step: 538	loss: 92706.4179611206	speed (wps):2016.6406525212408
step: 670	loss: 115555.15074491501	speed (wps):2017.4196249097188
step: 802	loss: 138016.14660024643	speed (wps):2017.96337283474
step: 934	loss: 160779.59842681885	speed (wps):2018.3991979553168
step: 1066	loss: 183543.0418586731	speed (wps):2018.6602437415077
step: 1198	loss: 205897.83686876297	speed (wps):2018.84217057416
epoch: 38	train ppl: 134.94038043544276	val ppl: 168.48468351408337	best val: 168.23711765596258	time (s) spent in epoch: 469.43226313591003

EPOCH 39 ------------------
step: 10	loss: 1943.3849835395813	speed (wps):1984.9973306893041
step: 142	loss: 24254.89931344986	speed (wps):2017.783465049607
step: 274	loss: 47270.382459163666	speed (wps):2019.1148171212108
step: 406	loss: 69766.71335220337	speed (wps):2019.382749284904
step: 538	loss: 92484.55952882767	speed (wps):2019.7346140344239
step: 670	loss: 115307.34522342682	speed (wps):2019.943553902574
step: 802	loss: 137690.5938220024	speed (wps):2020.022175363505
step: 934	loss: 160404.1614627838	speed (wps):2020.0254365830995
step: 1066	loss: 183086.12562656403	speed (wps):2020.060077282428
step: 1198	loss: 205362.03864097595	speed (wps):2020.0805408076608
epoch: 39	train ppl: 133.26327641586226	val ppl: 170.79446700988834	best val: 168.23711765596258	time (s) spent in epoch: 469.17439317703247

DONE

Saving learning curves to RNN_ADAM_model=RNN_optimizer=ADAM_initial_lr=0.0001_batch_size=20_seq_len=35_hidden_size=1500_num_layers=2_dp_keep_prob=0.35_num_layers=3_0/learning_curves.npy
Set compute mode to DEFAULT for GPU 00000000:07:00.0.
All done.
