
########## Setting Up Experiment ######################

Putting log in RNN_ADAM_model=RNN_optimizer=ADAM_initial_lr=0.0001_batch_size=20_seq_len=35_hidden_size=1500_num_layers=2_dp_keep_prob=0.5_0
Using the GPU
Loading data from data
  vocabulary size: 10000

########## Running Main Loop ##########################

EPOCH 0 ------------------
step: 10	loss: 3564.5455360412598	speed (wps):2254.83400623386
step: 142	loss: 35879.92459535599	speed (wps):2430.7499857041043
step: 274	loss: 66455.75426101685	speed (wps):2433.6546481936507
step: 406	loss: 96185.26238679886	speed (wps):2432.701602096213
step: 538	loss: 125659.15491580963	speed (wps):2431.177830426255
step: 670	loss: 154806.60699605942	speed (wps):2430.1472406187418
step: 802	loss: 183345.77095508575	speed (wps):2428.921661400402
step: 934	loss: 211733.36251974106	speed (wps):2428.0802941414217
step: 1066	loss: 239931.52164459229	speed (wps):2427.4253346583127
step: 1198	loss: 267786.9612264633	speed (wps):2426.9140385258384
epoch: 0	train ppl: 569.2210580213106	val ppl: 346.37756757450126	best val: 346.37756757450126	time (s) spent in epoch: 390.5849840641022

EPOCH 1 ------------------
step: 10	loss: 2353.742172718048	speed (wps):2387.751250281315
step: 142	loss: 29607.439510822296	speed (wps):2420.0837020165327
step: 274	loss: 57204.654507637024	speed (wps):2420.3604316453293
step: 406	loss: 84434.45153236389	speed (wps):2419.5037303928243
step: 538	loss: 111715.13199806213	speed (wps):2418.4552875115414
step: 670	loss: 138923.44441890717	speed (wps):2417.3222509441407
step: 802	loss: 165656.24969482422	speed (wps):2416.575834265216
step: 934	loss: 192421.63774251938	speed (wps):2415.907353262872
step: 1066	loss: 219175.0527024269	speed (wps):2415.269295162916
step: 1198	loss: 245647.78068065643	speed (wps):2414.808217413587
epoch: 1	train ppl: 344.275588764855	val ppl: 273.8043142769021	best val: 273.8043142769021	time (s) spent in epoch: 392.599502325058

EPOCH 2 ------------------
step: 10	loss: 2261.8754172325134	speed (wps):2363.604686351333
step: 142	loss: 28413.56926202774	speed (wps):2406.387217394324
step: 274	loss: 55020.616636276245	speed (wps):2408.4168151075005
step: 406	loss: 81271.63318157196	speed (wps):2409.1381126787387
step: 538	loss: 107611.66633367538	speed (wps):2409.5100191662145
step: 670	loss: 133950.07775306702	speed (wps):2409.62844313378
step: 802	loss: 159854.07515764236	speed (wps):2409.7979416854514
step: 934	loss: 185840.85364580154	speed (wps):2409.915712267049
step: 1066	loss: 211825.1886534691	speed (wps):2409.9124383215035
step: 1198	loss: 237550.9999203682	speed (wps):2409.9223724556623
epoch: 2	train ppl: 284.8175178713812	val ppl: 240.6753942915861	best val: 240.6753942915861	time (s) spent in epoch: 393.27250480651855

EPOCH 3 ------------------
step: 10	loss: 2208.122868537903	speed (wps):2371.6247526753364
step: 142	loss: 27662.780148983	speed (wps):2407.8593708622516
step: 274	loss: 53626.8016910553	speed (wps):2409.120588825891
step: 406	loss: 79233.03480386734	speed (wps):2409.953097265356
step: 538	loss: 104944.06165361404	speed (wps):2410.1525446848877
step: 670	loss: 130672.83772468567	speed (wps):2410.261243394853
step: 802	loss: 155981.13781690598	speed (wps):2410.520385590665
step: 934	loss: 181420.66809892654	speed (wps):2410.673266346995
step: 1066	loss: 206858.0664396286	speed (wps):2410.8727511211546
step: 1198	loss: 232001.6664338112	speed (wps):2410.9336500975705
epoch: 3	train ppl: 249.94959719131904	val ppl: 222.01277583869617	best val: 222.01277583869617	time (s) spent in epoch: 393.1340835094452

EPOCH 4 ------------------
step: 10	loss: 2163.1323194503784	speed (wps):2360.226354484195
step: 142	loss: 27088.80524635315	speed (wps):2406.655011118338
step: 274	loss: 52557.56350040436	speed (wps):2411.843904995917
step: 406	loss: 77663.53544712067	speed (wps):2417.410437132435
step: 538	loss: 102917.19683885574	speed (wps):2418.6417935675463
step: 670	loss: 128198.47413301468	speed (wps):2419.0431006548024
step: 802	loss: 153035.55606365204	speed (wps):2419.0275770042863
step: 934	loss: 178049.57280158997	speed (wps):2419.163669606847
step: 1066	loss: 203050.85239887238	speed (wps):2419.2954829079
step: 1198	loss: 227770.3486609459	speed (wps):2419.527773176725
epoch: 4	train ppl: 226.3047110075055	val ppl: 206.27293194322735	best val: 206.27293194322735	time (s) spent in epoch: 391.69968700408936

EPOCH 5 ------------------
step: 10	loss: 2129.069323539734	speed (wps):2366.999642415751
step: 142	loss: 26637.078652381897	speed (wps):2416.6684792407086
step: 274	loss: 51723.26101064682	speed (wps):2418.1724586476494
step: 406	loss: 76431.94247245789	speed (wps):2419.239384227231
step: 538	loss: 101289.51123714447	speed (wps):2419.618139152744
step: 670	loss: 126177.84162044525	speed (wps):2418.5120276842144
step: 802	loss: 150638.63740205765	speed (wps):2417.577190520628
step: 934	loss: 175279.61873292923	speed (wps):2416.7970327401886
step: 1066	loss: 199912.47851610184	speed (wps):2416.236577597392
step: 1198	loss: 224249.86681699753	speed (wps):2415.717711396811
epoch: 5	train ppl: 208.27460255647702	val ppl: 194.7108260802587	best val: 194.7108260802587	time (s) spent in epoch: 392.44184279441833

EPOCH 6 ------------------
step: 10	loss: 2103.204061985016	speed (wps):2369.2234694124577
step: 142	loss: 26262.013092041016	speed (wps):2408.453892843509
step: 274	loss: 51028.71268749237	speed (wps):2409.795587130167
step: 406	loss: 75383.44197273254	speed (wps):2410.4949551516497
step: 538	loss: 99876.12071037292	speed (wps):2411.1035800892
step: 670	loss: 124437.76739835739	speed (wps):2411.220051996366
step: 802	loss: 148574.47560548782	speed (wps):2411.1605850986793
step: 934	loss: 172902.63317108154	speed (wps):2411.1047194928556
step: 1066	loss: 197236.47698163986	speed (wps):2411.165822823394
step: 1198	loss: 221247.43160963058	speed (wps):2411.132048624395
epoch: 6	train ppl: 193.93115785061323	val ppl: 186.29430705358578	best val: 186.29430705358578	time (s) spent in epoch: 393.10331773757935

EPOCH 7 ------------------
step: 10	loss: 2077.669382095337	speed (wps):2367.032256830382
step: 142	loss: 25910.547020435333	speed (wps):2407.187271832052
step: 274	loss: 50389.13369655609	speed (wps):2408.7906836640545
step: 406	loss: 74436.15510463715	speed (wps):2409.2316967662323
step: 538	loss: 98633.83538484573	speed (wps):2409.6891378221644
step: 670	loss: 122872.06030130386	speed (wps):2410.2070719017233
step: 802	loss: 146709.6252799034	speed (wps):2410.4025361883823
step: 934	loss: 170774.3312048912	speed (wps):2410.449053173548
step: 1066	loss: 194832.64335870743	speed (wps):2410.610928227342
step: 1198	loss: 218536.00151062012	speed (wps):2410.666885888465
epoch: 7	train ppl: 181.98136787234884	val ppl: 179.74539730687306	best val: 179.74539730687306	time (s) spent in epoch: 393.1901261806488

EPOCH 8 ------------------
step: 10	loss: 2048.112814426422	speed (wps):2363.5640364544647
step: 142	loss: 25574.128289222717	speed (wps):2407.034830298243
step: 274	loss: 49788.56092214584	speed (wps):2409.1279568601003
step: 406	loss: 73532.94028997421	speed (wps):2409.5970099697893
step: 538	loss: 97455.36116600037	speed (wps):2410.0346897166432
step: 670	loss: 121427.54941940308	speed (wps):2410.295441306754
step: 802	loss: 144973.433406353	speed (wps):2410.4612709156872
step: 934	loss: 168776.94328308105	speed (wps):2410.499921038462
step: 1066	loss: 192575.74961423874	speed (wps):2410.5996093841813
step: 1198	loss: 216028.93286466599	speed (wps):2410.654633633677
epoch: 8	train ppl: 171.46712166013182	val ppl: 174.68688824187882	best val: 174.68688824187882	time (s) spent in epoch: 393.1704728603363

EPOCH 9 ------------------
step: 10	loss: 2030.7174563407898	speed (wps):2358.674129439347
step: 142	loss: 25289.701919555664	speed (wps):2407.571069465177
step: 274	loss: 49248.54046821594	speed (wps):2409.127388980739
step: 406	loss: 72737.87336111069	speed (wps):2409.6867131555505
step: 538	loss: 96430.82638502121	speed (wps):2409.8576738266565
step: 670	loss: 120184.6553349495	speed (wps):2409.9088346697836
step: 802	loss: 143487.34351873398	speed (wps):2409.974238509423
step: 934	loss: 167048.82354021072	speed (wps):2410.0779179949163
step: 1066	loss: 190617.91323184967	speed (wps):2410.2633517094014
step: 1198	loss: 213814.4969344139	speed (wps):2410.3369785552445
epoch: 9	train ppl: 162.71390095713912	val ppl: 170.4444066991703	best val: 170.4444066991703	time (s) spent in epoch: 393.2246549129486

EPOCH 10 ------------------
step: 10	loss: 2014.7420740127563	speed (wps):2361.1348487538007
step: 142	loss: 25047.78608560562	speed (wps):2407.9163627448866
step: 274	loss: 48820.315697193146	speed (wps):2409.0119928233594
step: 406	loss: 72091.2563920021	speed (wps):2409.5730073248883
step: 538	loss: 95537.03703641891	speed (wps):2409.7759403325986
step: 670	loss: 119049.95035886765	speed (wps):2410.0539476191925
step: 802	loss: 142123.01783323288	speed (wps):2410.2453468330837
step: 934	loss: 165493.38338375092	speed (wps):2410.331552866955
step: 1066	loss: 188836.38398885727	speed (wps):2410.3458592542743
step: 1198	loss: 211812.02603578568	speed (wps):2410.3363794751126
epoch: 10	train ppl: 155.1485386830429	val ppl: 166.62991969486364	best val: 166.62991969486364	time (s) spent in epoch: 393.2409782409668

EPOCH 11 ------------------
step: 10	loss: 1998.5329914093018	speed (wps):2359.957822587422
step: 142	loss: 24829.34091567993	speed (wps):2405.491354250355
step: 274	loss: 48384.223239421844	speed (wps):2407.3359058738984
step: 406	loss: 71426.21099710464	speed (wps):2408.6460452064507
step: 538	loss: 94683.80811214447	speed (wps):2409.139047211875
step: 670	loss: 117982.7130651474	speed (wps):2409.439535089007
step: 802	loss: 140836.80424928665	speed (wps):2409.5582978043262
step: 934	loss: 164021.9939661026	speed (wps):2409.7496108087794
step: 1066	loss: 187176.11821889877	speed (wps):2409.791516202565
step: 1198	loss: 209919.59335327148	speed (wps):2409.9374136957877
epoch: 11	train ppl: 148.36790797859834	val ppl: 163.45359386703637	best val: 163.45359386703637	time (s) spent in epoch: 393.30213356018066

EPOCH 12 ------------------
step: 10	loss: 1974.2575192451477	speed (wps):2366.2426507663513
step: 142	loss: 24606.159155368805	speed (wps):2407.3931523688166
step: 274	loss: 47976.94080352783	speed (wps):2408.9625427649403
step: 406	loss: 70829.83047485352	speed (wps):2409.314197846547
step: 538	loss: 93879.78258371353	speed (wps):2409.2528092386983
step: 670	loss: 117008.98316860199	speed (wps):2409.5903443967404
step: 802	loss: 139686.7712688446	speed (wps):2409.7637563549397
step: 934	loss: 162666.82279586792	speed (wps):2409.8948843366375
step: 1066	loss: 185629.6687889099	speed (wps):2409.9399482685744
step: 1198	loss: 208213.5802912712	speed (wps):2409.9277788335094
epoch: 12	train ppl: 142.48740857362338	val ppl: 161.59910710578774	best val: 161.59910710578774	time (s) spent in epoch: 393.3079333305359

EPOCH 13 ------------------
step: 10	loss: 1970.0191044807434	speed (wps):2358.6720623172814
step: 142	loss: 24414.866092205048	speed (wps):2406.4377258973755
step: 274	loss: 47605.40129184723	speed (wps):2409.1582561281643
step: 406	loss: 70248.79481315613	speed (wps):2409.7742313396448
step: 538	loss: 93097.47110366821	speed (wps):2409.7959282522825
step: 670	loss: 116025.83319664001	speed (wps):2409.7719306009467
step: 802	loss: 138507.0091533661	speed (wps):2409.7070432107134
step: 934	loss: 161302.9126238823	speed (wps):2409.6100612299474
step: 1066	loss: 184087.69434452057	speed (wps):2409.714136492546
step: 1198	loss: 206447.82484054565	speed (wps):2409.7176722055337
epoch: 13	train ppl: 136.58524237709636	val ppl: 159.6628543427546	best val: 159.6628543427546	time (s) spent in epoch: 393.3131809234619

EPOCH 14 ------------------
step: 10	loss: 1944.3408632278442	speed (wps):2364.216160272308
step: 142	loss: 24199.881064891815	speed (wps):2406.9069411434857
step: 274	loss: 47244.279375076294	speed (wps):2408.949433089907
step: 406	loss: 69701.8504190445	speed (wps):2409.4043026315653
step: 538	loss: 92412.0437502861	speed (wps):2409.559947373929
step: 670	loss: 115185.75717687607	speed (wps):2409.9156503596546
step: 802	loss: 137490.59451818466	speed (wps):2409.9773770034326
step: 934	loss: 160106.62282705307	speed (wps):2410.0063205984575
step: 1066	loss: 182727.7381014824	speed (wps):2410.061109631222
step: 1198	loss: 204942.6830482483	speed (wps):2410.22167844572
epoch: 14	train ppl: 131.82763845603668	val ppl: 158.65782523326914	best val: 158.65782523326914	time (s) spent in epoch: 393.2432556152344

EPOCH 15 ------------------
step: 10	loss: 1929.324882030487	speed (wps):2367.081527118599
step: 142	loss: 24018.67264509201	speed (wps):2407.3609760372506
step: 274	loss: 46899.51782941818	speed (wps):2408.611103343303
step: 406	loss: 69198.54507446289	speed (wps):2409.305308209835
step: 538	loss: 91731.4607000351	speed (wps):2409.5157496702886
step: 670	loss: 114317.63255119324	speed (wps):2409.4696400389944
step: 802	loss: 136449.15255784988	speed (wps):2409.635215975746
step: 934	loss: 158931.17250919342	speed (wps):2409.8535743812786
step: 1066	loss: 181374.23294067383	speed (wps):2409.925332082637
step: 1198	loss: 203399.55318689346	speed (wps):2410.0830695324485
epoch: 15	train ppl: 127.05878246125718	val ppl: 160.33658583442156	best val: 158.65782523326914	time (s) spent in epoch: 393.2784390449524

EPOCH 16 ------------------
step: 10	loss: 1921.8498277664185	speed (wps):2355.0852146854704
step: 142	loss: 23854.90003824234	speed (wps):2404.687853950249
step: 274	loss: 46559.81320858002	speed (wps):2407.1453541438577
step: 406	loss: 68699.48523759842	speed (wps):2408.420665793864
step: 538	loss: 91103.82771015167	speed (wps):2408.7180887576897
step: 670	loss: 113526.62828207016	speed (wps):2408.782152335975
step: 802	loss: 135526.8482375145	speed (wps):2409.2105957621675
step: 934	loss: 157862.10326433182	speed (wps):2409.5516043313796
step: 1066	loss: 180146.7490887642	speed (wps):2409.5626482861203
step: 1198	loss: 202017.4773287773	speed (wps):2409.5500407727513
epoch: 16	train ppl: 122.92445079379588	val ppl: 158.82771889212654	best val: 158.65782523326914	time (s) spent in epoch: 393.36337327957153

EPOCH 17 ------------------
step: 10	loss: 1903.1500005722046	speed (wps):2363.234737350317
step: 142	loss: 23664.441673755646	speed (wps):2406.9460598727114
step: 274	loss: 46254.86983060837	speed (wps):2416.418233927581
step: 406	loss: 68215.72540044785	speed (wps):2420.6567257275456
step: 538	loss: 90446.5717124939	speed (wps):2422.9753969082726
step: 670	loss: 112744.37299489975	speed (wps):2424.483651539395
step: 802	loss: 134567.59677648544	speed (wps):2425.6185740331075
step: 934	loss: 156768.45094680786	speed (wps):2426.4975073856544
step: 1066	loss: 178918.02480459213	speed (wps):2426.991214141416
step: 1198	loss: 200654.08115386963	speed (wps):2427.5691231882442
epoch: 17	train ppl: 119.00211155054953	val ppl: 156.07105987209724	best val: 156.07105987209724	time (s) spent in epoch: 390.35067892074585

EPOCH 18 ------------------
step: 10	loss: 1891.6777086257935	speed (wps):2386.7394351989324
step: 142	loss: 23489.828414916992	speed (wps):2428.598610343571
step: 274	loss: 45919.365372657776	speed (wps):2430.311658810389
step: 406	loss: 67753.69898796082	speed (wps):2431.375904179182
step: 538	loss: 89793.83225679398	speed (wps):2431.2580190729427
step: 670	loss: 111957.07720518112	speed (wps):2431.538646797403
step: 802	loss: 133632.80700683594	speed (wps):2431.676877387049
step: 934	loss: 155678.96080732346	speed (wps):2431.7001346013626
step: 1066	loss: 177688.2046508789	speed (wps):2431.719276161865
step: 1198	loss: 199248.53528261185	speed (wps):2431.639302185206
epoch: 18	train ppl: 115.11776654236976	val ppl: 153.5876003199441	best val: 153.5876003199441	time (s) spent in epoch: 389.7371349334717

EPOCH 19 ------------------
step: 10	loss: 1885.8794283866882	speed (wps):2387.1896522846064
step: 142	loss: 23349.358594417572	speed (wps):2427.706953904982
step: 274	loss: 45635.92453956604	speed (wps):2429.830325664008
step: 406	loss: 67290.11349439621	speed (wps):2430.187036474413
step: 538	loss: 89219.28345918655	speed (wps):2430.1873660940473
step: 670	loss: 111220.65177202225	speed (wps):2430.5500181751063
step: 802	loss: 132737.74084329605	speed (wps):2430.664901991786
step: 934	loss: 154629.26807403564	speed (wps):2430.6473182543577
step: 1066	loss: 176499.74503993988	speed (wps):2430.7708050682663
step: 1198	loss: 197904.68311309814	speed (wps):2431.1093390958135
epoch: 19	train ppl: 111.45897849823733	val ppl: 155.0365224571192	best val: 153.5876003199441	time (s) spent in epoch: 389.7560443878174

EPOCH 20 ------------------
step: 10	loss: 1870.3321599960327	speed (wps):2389.3639145328193
step: 142	loss: 23196.442694664	speed (wps):2437.2185251647225
step: 274	loss: 45356.2867975235	speed (wps):2441.0896126348407
step: 406	loss: 66907.07024812698	speed (wps):2443.557234950912
step: 538	loss: 88693.6853814125	speed (wps):2444.770276445149
step: 670	loss: 110557.2101855278	speed (wps):2446.239167299872
step: 802	loss: 131946.98069691658	speed (wps):2447.243074166876
step: 934	loss: 153696.31144881248	speed (wps):2448.03897100962
step: 1066	loss: 175447.51824498177	speed (wps):2448.8003690472256
step: 1198	loss: 196726.94319844246	speed (wps):2449.1779341311094
epoch: 20	train ppl: 108.4491600923651	val ppl: 154.28261942188846	best val: 153.5876003199441	time (s) spent in epoch: 386.91447138786316

EPOCH 21 ------------------
step: 10	loss: 1861.3487601280212	speed (wps):2403.7455276989604
step: 142	loss: 23058.40143442154	speed (wps):2449.442819938098
step: 274	loss: 45114.58703994751	speed (wps):2451.1289400162486
step: 406	loss: 66497.93244600296	speed (wps):2451.6336943534598
step: 538	loss: 88178.1218957901	speed (wps):2451.5549725774745
step: 670	loss: 109903.8809967041	speed (wps):2451.519718055307
step: 802	loss: 131194.36372160912	speed (wps):2451.725220820778
step: 934	loss: 152801.44856095314	speed (wps):2452.0059925451824
step: 1066	loss: 174424.75922226906	speed (wps):2452.2308548150936
step: 1198	loss: 195572.09108233452	speed (wps):2452.2133208005826
epoch: 21	train ppl: 105.46120957500291	val ppl: 153.12164492656305	best val: 153.12164492656305	time (s) spent in epoch: 386.5263919830322

EPOCH 22 ------------------
step: 10	loss: 1853.0231857299805	speed (wps):2401.5598470700256
step: 142	loss: 22927.47766017914	speed (wps):2450.3883007623867
step: 274	loss: 44818.729984760284	speed (wps):2452.6602561422173
step: 406	loss: 66076.05353116989	speed (wps):2452.797399325867
step: 538	loss: 87625.56408882141	speed (wps):2452.8511650249025
step: 670	loss: 109235.59687614441	speed (wps):2453.122199006859
step: 802	loss: 130389.49563384056	speed (wps):2452.8176757643623
step: 934	loss: 151904.98481869698	speed (wps):2453.01875630159
step: 1066	loss: 173419.3181693554	speed (wps):2453.0753346804195
step: 1198	loss: 194442.3619711399	speed (wps):2453.19292884199
epoch: 22	train ppl: 102.68270825540226	val ppl: 151.91282100531882	best val: 151.91282100531882	time (s) spent in epoch: 386.36383843421936

EPOCH 23 ------------------
step: 10	loss: 1835.7517623901367	speed (wps):2402.6191231460425
step: 142	loss: 22801.678535938263	speed (wps):2448.3265295078427
step: 274	loss: 44578.80576848984	speed (wps):2450.960155964169
step: 406	loss: 65709.7126030922	speed (wps):2452.0500893672934
step: 538	loss: 87103.08874607086	speed (wps):2452.264162076273
step: 670	loss: 108570.18583536148	speed (wps):2452.6207840217826
step: 802	loss: 129586.2447142601	speed (wps):2452.5326761972633
step: 934	loss: 150981.25085115433	speed (wps):2452.5716521206577
step: 1066	loss: 172348.20723056793	speed (wps):2452.5420463309933
step: 1198	loss: 193233.55086803436	speed (wps):2452.4855325930316
epoch: 23	train ppl: 99.75023215517179	val ppl: 152.3126745375469	best val: 151.91282100531882	time (s) spent in epoch: 386.49865341186523

EPOCH 24 ------------------
step: 10	loss: 1826.0992217063904	speed (wps):2404.9304731942193
step: 142	loss: 22683.382787704468	speed (wps):2449.7712259342265
step: 274	loss: 44343.641991615295	speed (wps):2450.9304701134315
step: 406	loss: 65360.39055585861	speed (wps):2452.0177013700336
step: 538	loss: 86662.3709821701	speed (wps):2452.1091037830574
step: 670	loss: 108031.82454824448	speed (wps):2452.2801783389054
step: 802	loss: 128947.31790781021	speed (wps):2452.219502099205
step: 934	loss: 150241.48493766785	speed (wps):2452.257911747107
step: 1066	loss: 171530.55779218674	speed (wps):2452.2836302498554
step: 1198	loss: 192309.52738285065	speed (wps):2452.558855156673
epoch: 24	train ppl: 97.61864240599762	val ppl: 151.39867287766117	best val: 151.39867287766117	time (s) spent in epoch: 386.4723129272461

EPOCH 25 ------------------
step: 10	loss: 1816.6817831993103	speed (wps):2401.5048452617743
step: 142	loss: 22541.52662038803	speed (wps):2448.2796867327347
step: 274	loss: 44088.10443401337	speed (wps):2451.2802210543573
step: 406	loss: 64961.29332065582	speed (wps):2451.4147978349624
step: 538	loss: 86122.37930059433	speed (wps):2451.4790903030703
step: 670	loss: 107363.23561429977	speed (wps):2451.427467259357
step: 802	loss: 128168.154129982	speed (wps):2452.040232359838
step: 934	loss: 149315.73819875717	speed (wps):2452.128467368239
step: 1066	loss: 170474.45435643196	speed (wps):2452.1944702082874
step: 1198	loss: 191106.88876748085	speed (wps):2452.0619236149205
epoch: 25	train ppl: 94.86151307960158	val ppl: 154.01742520134758	best val: 151.39867287766117	time (s) spent in epoch: 386.52204871177673

EPOCH 26 ------------------
step: 10	loss: 1805.7476544380188	speed (wps):2398.214683387067
step: 142	loss: 22441.335742473602	speed (wps):2448.3231172488213
step: 274	loss: 43849.3509721756	speed (wps):2450.566397057381
step: 406	loss: 64624.666674137115	speed (wps):2451.120596674413
step: 538	loss: 85684.44599628448	speed (wps):2451.742679955112
step: 670	loss: 106797.17885017395	speed (wps):2451.9052661314086
step: 802	loss: 127479.17689561844	speed (wps):2451.928903973085
step: 934	loss: 148534.69056606293	speed (wps):2451.8611403219584
step: 1066	loss: 169552.4503850937	speed (wps):2452.1127791345066
step: 1198	loss: 190083.07710051537	speed (wps):2451.974301651274
epoch: 26	train ppl: 92.53283975468038	val ppl: 152.05615513214977	best val: 151.39867287766117	time (s) spent in epoch: 386.5493505001068

EPOCH 27 ------------------
step: 10	loss: 1792.1814393997192	speed (wps):2403.899576148561
step: 142	loss: 22321.87676668167	speed (wps):2449.7935964184185
step: 274	loss: 43660.98594665527	speed (wps):2451.158444641039
step: 406	loss: 64305.43343305588	speed (wps):2451.8421357802636
step: 538	loss: 85232.12558031082	speed (wps):2452.9203531551675
step: 670	loss: 106237.83403873444	speed (wps):2452.373198512101
step: 802	loss: 126804.84065890312	speed (wps):2452.532717017555
step: 934	loss: 147753.20247769356	speed (wps):2452.718150792311
step: 1066	loss: 168696.2539112568	speed (wps):2452.8091243495305
step: 1198	loss: 189140.01858353615	speed (wps):2452.7882349675997
epoch: 27	train ppl: 90.48968183762629	val ppl: 154.16718728294765	best val: 151.39867287766117	time (s) spent in epoch: 386.39238929748535

EPOCH 28 ------------------
step: 10	loss: 1787.691650390625	speed (wps):2410.6082422647737
step: 142	loss: 22203.913803100586	speed (wps):2451.3422261615497
step: 274	loss: 43398.984673023224	speed (wps):2452.7256581838888
step: 406	loss: 63954.98696088791	speed (wps):2452.729599300643
step: 538	loss: 84823.3265542984	speed (wps):2452.9182810284083
step: 670	loss: 105727.54478931427	speed (wps):2453.061163008996
step: 802	loss: 126196.1167049408	speed (wps):2453.3153054211366
step: 934	loss: 147032.88506507874	speed (wps):2453.4548887561655
step: 1066	loss: 167856.31753087044	speed (wps):2453.768976725536
step: 1198	loss: 188166.00378394127	speed (wps):2453.908702790348
epoch: 28	train ppl: 88.38564603226519	val ppl: 155.18446706428105	best val: 151.39867287766117	time (s) spent in epoch: 386.246248960495

EPOCH 29 ------------------
step: 10	loss: 1777.5020813941956	speed (wps):2413.2763094429038
step: 142	loss: 22076.10304236412	speed (wps):2452.881880898045
step: 274	loss: 43195.17677903175	speed (wps):2454.18914521676
step: 406	loss: 63622.00062632561	speed (wps):2454.16804312087
step: 538	loss: 84356.93222641945	speed (wps):2454.4911154827
step: 670	loss: 105179.03200984001	speed (wps):2454.4785208113904
step: 802	loss: 125525.77929973602	speed (wps):2454.2315502442193
step: 934	loss: 146250.42331457138	speed (wps):2454.258562092997
step: 1066	loss: 166938.58768939972	speed (wps):2454.443575041604
step: 1198	loss: 187159.84877943993	speed (wps):2454.4479298774804
epoch: 29	train ppl: 86.31741513318418	val ppl: 153.65065783633347	best val: 151.39867287766117	time (s) spent in epoch: 386.14793634414673

EPOCH 30 ------------------
step: 10	loss: 1764.12024974823	speed (wps):2403.1311406221444
step: 142	loss: 21973.681213855743	speed (wps):2451.842233299403
step: 274	loss: 42961.20823144913	speed (wps):2453.7008288923257
step: 406	loss: 63284.24484848976	speed (wps):2453.598435158382
step: 538	loss: 83910.86886286736	speed (wps):2453.5498638217887
step: 670	loss: 104626.46686792374	speed (wps):2453.5654593526865
step: 802	loss: 124916.26103520393	speed (wps):2453.9950518408787
step: 934	loss: 145519.90251421928	speed (wps):2454.0735281817942
step: 1066	loss: 166123.76614451408	speed (wps):2453.9858663337527
step: 1198	loss: 186252.35498666763	speed (wps):2454.0433299594565
epoch: 30	train ppl: 84.48125983655443	val ppl: 155.58233765076545	best val: 151.39867287766117	time (s) spent in epoch: 386.2105360031128

EPOCH 31 ------------------
step: 10	loss: 1760.717318058014	speed (wps):2406.0633485646154
step: 142	loss: 21878.68452191353	speed (wps):2451.4149784919705
step: 274	loss: 42796.35186314583	speed (wps):2452.420836047151
step: 406	loss: 63020.02348899841	speed (wps):2453.792099506537
step: 538	loss: 83549.8442697525	speed (wps):2454.1235684375843
step: 670	loss: 104157.5235915184	speed (wps):2454.3276818170093
step: 802	loss: 124322.31520652771	speed (wps):2454.4115493834483
step: 934	loss: 144859.09198760986	speed (wps):2454.070906541959
step: 1066	loss: 165342.4547457695	speed (wps):2454.131960415717
step: 1198	loss: 185339.24124717712	speed (wps):2454.1573637925662
epoch: 31	train ppl: 82.65672378453735	val ppl: 155.62305139150655	best val: 151.39867287766117	time (s) spent in epoch: 386.16758489608765

EPOCH 32 ------------------
step: 10	loss: 1756.6609835624695	speed (wps):2407.6642351819073
step: 142	loss: 21764.617425203323	speed (wps):2451.2393096716473
step: 274	loss: 42564.84386086464	speed (wps):2451.6560152130755
step: 406	loss: 62695.0892329216	speed (wps):2452.3138743427094
step: 538	loss: 83096.43065452576	speed (wps):2452.5352752654408
step: 670	loss: 103587.99652934074	speed (wps):2453.0990207314426
step: 802	loss: 123662.67771244049	speed (wps):2453.637084089116
step: 934	loss: 144111.28618717194	speed (wps):2453.805050892313
step: 1066	loss: 164506.6777396202	speed (wps):2453.8065459076843
step: 1198	loss: 184405.7372713089	speed (wps):2453.948450130937
epoch: 32	train ppl: 80.86447736957439	val ppl: 155.5271307962996	best val: 151.39867287766117	time (s) spent in epoch: 386.2442786693573

EPOCH 33 ------------------
step: 10	loss: 1733.9293384552002	speed (wps):2410.500469245429
step: 142	loss: 21672.99025297165	speed (wps):2452.7455917305897
step: 274	loss: 42409.78286027908	speed (wps):2453.500607741667
step: 406	loss: 62420.86369752884	speed (wps):2453.6747071887135
step: 538	loss: 82745.02062559128	speed (wps):2453.7127058084066
step: 670	loss: 103138.11084032059	speed (wps):2454.163057945473
step: 802	loss: 123124.32507038116	speed (wps):2453.953097990127
step: 934	loss: 143443.43488693237	speed (wps):2453.920166187621
step: 1066	loss: 163749.30977106094	speed (wps):2453.9585103506106
step: 1198	loss: 183577.24846601486	speed (wps):2453.965903718872
epoch: 33	train ppl: 79.22318391566505	val ppl: 157.5046914619034	best val: 151.39867287766117	time (s) spent in epoch: 386.2184419631958

EPOCH 34 ------------------
step: 10	loss: 1729.0419936180115	speed (wps):2400.0767521817857
step: 142	loss: 21584.188145399094	speed (wps):2449.5235769525393
step: 274	loss: 42202.311247587204	speed (wps):2452.4174541950542
step: 406	loss: 62151.778107881546	speed (wps):2453.01551054961
step: 538	loss: 82387.22521185875	speed (wps):2453.276841477103
step: 670	loss: 102679.89179968834	speed (wps):2453.685320065713
step: 802	loss: 122563.33917498589	speed (wps):2453.7529653001566
step: 934	loss: 142800.70453882217	speed (wps):2453.9462677430142
step: 1066	loss: 163013.59958291054	speed (wps):2453.9551829235334
step: 1198	loss: 182726.453551054	speed (wps):2453.9164362807287
epoch: 34	train ppl: 77.61758523738993	val ppl: 158.1081435628378	best val: 151.39867287766117	time (s) spent in epoch: 386.19894433021545

EPOCH 35 ------------------
step: 10	loss: 1716.4194750785828	speed (wps):2408.581062129203
step: 142	loss: 21493.490742444992	speed (wps):2451.7570138177307
step: 274	loss: 42033.551260232925	speed (wps):2452.5691103790864
step: 406	loss: 61880.32096862793	speed (wps):2452.8080476989107
step: 538	loss: 81994.802236557	speed (wps):2453.2271045514863
step: 670	loss: 102229.01222109795	speed (wps):2453.3067855554787
step: 802	loss: 122004.33182120323	speed (wps):2453.6758606084795
step: 934	loss: 142156.6405570507	speed (wps):2453.8834112956556
step: 1066	loss: 162273.34670901299	speed (wps):2453.917845619934
step: 1198	loss: 181941.13743782043	speed (wps):2454.0445514377493
epoch: 35	train ppl: 76.16624715182918	val ppl: 159.05828769857146	best val: 151.39867287766117	time (s) spent in epoch: 386.2084264755249

EPOCH 36 ------------------
step: 10	loss: 1713.7375712394714	speed (wps):2398.605107589551
step: 142	loss: 21342.81949520111	speed (wps):2451.4279034674773
step: 274	loss: 41779.904074668884	speed (wps):2452.7846779893566
step: 406	loss: 61524.08688902855	speed (wps):2453.434687234021
step: 538	loss: 81560.05226612091	speed (wps):2453.9013716083778
step: 670	loss: 101689.33093547821	speed (wps):2454.1581755785323
step: 802	loss: 121397.42141842842	speed (wps):2454.011841445888
step: 934	loss: 141461.56632900238	speed (wps):2454.1766804436143
step: 1066	loss: 161507.78737306595	speed (wps):2454.1958997107936
step: 1198	loss: 181048.1500685215	speed (wps):2454.4781521115865
epoch: 36	train ppl: 74.58482365511504	val ppl: 161.2216761581065	best val: 151.39867287766117	time (s) spent in epoch: 386.0060739517212

EPOCH 37 ------------------
step: 10	loss: 1700.302333831787	speed (wps):2413.297588349389
step: 142	loss: 21259.910488128662	speed (wps):2453.851158615647
step: 274	loss: 41593.84487628937	speed (wps):2456.8407474676255
step: 406	loss: 61259.96528148651	speed (wps):2458.4838091944403
step: 538	loss: 81210.6203699112	speed (wps):2459.1191608027193
step: 670	loss: 101240.28229832649	speed (wps):2459.2396069219367
step: 802	loss: 120855.95294237137	speed (wps):2459.438005935589
step: 934	loss: 140833.29599142075	speed (wps):2459.303648138649
step: 1066	loss: 160780.73833107948	speed (wps):2458.8321487330622
step: 1198	loss: 180235.50112843513	speed (wps):2457.882800178249
epoch: 37	train ppl: 73.14967548996238	val ppl: 161.60993280006682	best val: 151.39867287766117	time (s) spent in epoch: 385.8741788864136

EPOCH 38 ------------------
step: 10	loss: 1697.8795647621155	speed (wps):2383.732880187905
step: 142	loss: 21170.06721019745	speed (wps):2426.269746613311
step: 274	loss: 41418.024789094925	speed (wps):2432.4328004655695
step: 406	loss: 60982.51654982567	speed (wps):2437.17680496527
step: 538	loss: 80821.13329291344	speed (wps):2439.2641313177687
step: 670	loss: 100730.22495508194	speed (wps):2440.0896035437836
step: 802	loss: 120254.61064100266	speed (wps):2439.2473368363653
step: 934	loss: 140129.7183895111	speed (wps):2438.6026483276664
step: 1066	loss: 160015.8084487915	speed (wps):2439.815517968452
step: 1198	loss: 179401.1492216587	speed (wps):2440.85418099935
epoch: 38	train ppl: 71.75758601377588	val ppl: 162.13984680217322	best val: 151.39867287766117	time (s) spent in epoch: 388.1968352794647

EPOCH 39 ------------------
step: 10	loss: 1693.250653743744	speed (wps):2392.0505107378867
step: 142	loss: 21086.563963890076	speed (wps):2432.1938175803734
step: 274	loss: 41261.81052446365	speed (wps):2432.26733601906
step: 406	loss: 60707.0074403286	speed (wps):2436.637980741955
step: 538	loss: 80436.64519548416	speed (wps):2439.1499123101203
step: 670	loss: 100274.27214622498	speed (wps):2440.2270936638856
step: 802	loss: 119721.3870215416	speed (wps):2439.83801364616
step: 934	loss: 139526.43444657326	speed (wps):2438.646864860384
step: 1066	loss: 159330.12939572334	speed (wps):2439.123846452367
step: 1198	loss: 178627.70790457726	speed (wps):2439.9762779932275
epoch: 39	train ppl: 70.43257559907711	val ppl: 163.8240125283294	best val: 151.39867287766117	time (s) spent in epoch: 388.29930901527405

DONE

Saving learning curves to RNN_ADAM_model=RNN_optimizer=ADAM_initial_lr=0.0001_batch_size=20_seq_len=35_hidden_size=1500_num_layers=2_dp_keep_prob=0.5_0/learning_curves.npy
Set compute mode to DEFAULT for GPU 00000000:11:00.0.
All done.
