
########## Setting Up Experiment ######################

Putting log in RNN_ADAM_model=RNN_optimizer=ADAM_initial_lr=0.0001_batch_size=20_seq_len=35_hidden_size=1500_num_layers=2_dp_keep_prob=1.0_0
Using the GPU
Loading data from data
  vocabulary size: 10000

########## Running Main Loop ##########################

EPOCH 0 ------------------
step: 10	loss: 3570.402011871338	speed (wps):1993.9581897882324
step: 142	loss: 34381.07134819031	speed (wps):2075.0006323602197
step: 274	loss: 63816.73983812332	speed (wps):2078.415558803797
step: 406	loss: 92268.95704746246	speed (wps):2079.591799833093
step: 538	loss: 120348.38545084	speed (wps):2080.1206469552594
step: 670	loss: 147999.47371006012	speed (wps):2080.443327135396
step: 802	loss: 174908.53096723557	speed (wps):2080.6982318679284
step: 934	loss: 201634.33993816376	speed (wps):2080.8724777765106
step: 1066	loss: 228155.53110837936	speed (wps):2080.934412207319
step: 1198	loss: 254249.92662906647	speed (wps):2081.002278056168
epoch: 0	train ppl: 409.8999507596602	val ppl: 283.45066257586166	best val: 283.45066257586166	time (s) spent in epoch: 454.3794639110565

EPOCH 1 ------------------
step: 10	loss: 2218.750948905945	speed (wps):2046.878147332374
step: 142	loss: 27608.286044597626	speed (wps):2079.413831403624
step: 274	loss: 53362.57323026657	speed (wps):2080.7533075509346
step: 406	loss: 78647.57088661194	speed (wps):2081.2541187012
step: 538	loss: 103951.52473449707	speed (wps):2081.2897149428422
step: 670	loss: 129154.09695625305	speed (wps):2081.3697579045706
step: 802	loss: 153847.69704818726	speed (wps):2081.39101553169
step: 934	loss: 178591.43752336502	speed (wps):2081.404969312304
step: 1066	loss: 203283.22126865387	speed (wps):2081.44011870369
step: 1198	loss: 227623.19359064102	speed (wps):2081.466138881459
epoch: 1	train ppl: 223.43195201962936	val ppl: 222.95496729081822	best val: 222.95496729081822	time (s) spent in epoch: 454.28505873680115

EPOCH 2 ------------------
step: 10	loss: 2092.700550556183	speed (wps):2045.1029351113882
step: 142	loss: 25994.06964302063	speed (wps):2079.6747128868833
step: 274	loss: 50437.07015752792	speed (wps):2081.1151107434002
step: 406	loss: 74385.93960285187	speed (wps):2081.6581286767428
step: 538	loss: 98421.05179309845	speed (wps):2081.9070658347237
step: 670	loss: 122416.43735647202	speed (wps):2082.0502868622475
step: 802	loss: 145923.77705335617	speed (wps):2082.0932356701173
step: 934	loss: 169585.82381248474	speed (wps):2082.2328051326344
step: 1066	loss: 193203.0915760994	speed (wps):2082.3748308580352
step: 1198	loss: 216440.51095962524	speed (wps):2082.4386849164785
epoch: 2	train ppl: 172.02134654250145	val ppl: 198.66759875040262	best val: 198.66759875040262	time (s) spent in epoch: 454.059207201004

EPOCH 3 ------------------
step: 10	loss: 2007.9825401306152	speed (wps):2049.224887999333
step: 142	loss: 24884.591846466064	speed (wps):2081.303951605383
step: 274	loss: 48410.63991546631	speed (wps):2082.5214967499073
step: 406	loss: 71374.8594379425	speed (wps):2082.9070614812254
step: 538	loss: 94475.41599273682	speed (wps):2083.1689808136402
step: 670	loss: 117583.93706560135	speed (wps):2083.196891547476
step: 802	loss: 140186.79906845093	speed (wps):2083.237458100476
step: 934	loss: 163019.59907770157	speed (wps):2083.252970655008
step: 1066	loss: 185795.69403409958	speed (wps):2083.3473330507272
step: 1198	loss: 208152.88709640503	speed (wps):2083.383374035952
epoch: 3	train ppl: 141.51530313933375	val ppl: 185.94604165136556	best val: 185.94604165136556	time (s) spent in epoch: 453.8631896972656

EPOCH 4 ------------------
step: 10	loss: 1938.5610914230347	speed (wps):2050.8877023223395
step: 142	loss: 23967.049283981323	speed (wps):2081.3879812127207
step: 274	loss: 46753.712038993835	speed (wps):2082.4219424147796
step: 406	loss: 68894.67091321945	speed (wps):2082.8999635348723
step: 538	loss: 91217.24869728088	speed (wps):2083.108960832107
step: 670	loss: 113554.31886911392	speed (wps):2083.231483096873
step: 802	loss: 135379.1887998581	speed (wps):2083.352769678682
step: 934	loss: 157497.1317601204	speed (wps):2083.348571118492
step: 1066	loss: 179537.3905158043	speed (wps):2083.4198281663507
step: 1198	loss: 201134.886200428	speed (wps):2083.450150244933
epoch: 4	train ppl: 119.91737597481087	val ppl: 182.50602656823048	best val: 182.50602656823048	time (s) spent in epoch: 453.86402344703674

EPOCH 5 ------------------
step: 10	loss: 1877.431788444519	speed (wps):2047.8331304806293
step: 142	loss: 23196.56229019165	speed (wps):2081.4716254749205
step: 274	loss: 45332.43101119995	speed (wps):2082.5844193542007
step: 406	loss: 66756.37187242508	speed (wps):2082.980269363641
step: 538	loss: 88397.0957660675	speed (wps):2083.1781124461945
step: 670	loss: 110056.7602801323	speed (wps):2083.246947563004
step: 802	loss: 131207.5083398819	speed (wps):2083.3308197503275
step: 934	loss: 152683.50009202957	speed (wps):2083.317127039463
step: 1066	loss: 174062.97496557236	speed (wps):2083.3609302632667
step: 1198	loss: 194982.94871807098	speed (wps):2083.3593407777034
epoch: 5	train ppl: 103.6343962728207	val ppl: 176.957860217518	best val: 176.957860217518	time (s) spent in epoch: 453.8635346889496

EPOCH 6 ------------------
step: 10	loss: 1820.3690671920776	speed (wps):2049.339576930233
step: 142	loss: 22486.224987506866	speed (wps):2081.013212409523
step: 274	loss: 43990.6405043602	speed (wps):2082.432286813794
step: 406	loss: 64752.26558923721	speed (wps):2082.824441476901
step: 538	loss: 85742.40252971649	speed (wps):2082.888974724529
step: 670	loss: 106756.00744724274	speed (wps):2082.993859252063
step: 802	loss: 127273.37658286095	speed (wps):2083.068894105054
step: 934	loss: 148134.63213562965	speed (wps):2083.097836991316
step: 1066	loss: 168885.07254362106	speed (wps):2083.170701798396
step: 1198	loss: 189157.6675605774	speed (wps):2083.1833768132683
epoch: 6	train ppl: 90.26376144729402	val ppl: 172.29753503210725	best val: 172.29753503210725	time (s) spent in epoch: 453.91965436935425

EPOCH 7 ------------------
step: 10	loss: 1765.2770519256592	speed (wps):2045.2788152633523
step: 142	loss: 21818.832985162735	speed (wps):2080.581385191139
step: 274	loss: 42716.41340136528	speed (wps):2082.149571519134
step: 406	loss: 62868.7686753273	speed (wps):2082.7172452832874
step: 538	loss: 83239.12322282791	speed (wps):2082.9564201278395
step: 670	loss: 103640.03249168396	speed (wps):2083.097883634959
step: 802	loss: 123563.20101976395	speed (wps):2083.215361501082
step: 934	loss: 143829.58618998528	speed (wps):2083.23231908444
step: 1066	loss: 163984.97829079628	speed (wps):2083.253736839118
step: 1198	loss: 183650.10883688927	speed (wps):2083.1926928081098
epoch: 7	train ppl: 79.18722525146143	val ppl: 172.52043723850505	best val: 172.29753503210725	time (s) spent in epoch: 453.91353011131287

EPOCH 8 ------------------
step: 10	loss: 1711.864948272705	speed (wps):2049.486272639376
step: 142	loss: 21178.07740688324	speed (wps):2080.9614649546393
step: 274	loss: 41506.9953083992	speed (wps):2082.2220192275217
step: 406	loss: 61072.66734480858	speed (wps):2082.786831342094
step: 538	loss: 80851.87104582787	speed (wps):2083.041897639705
step: 670	loss: 100687.64407396317	speed (wps):2083.1575608337166
step: 802	loss: 120035.86941957474	speed (wps):2083.181168287204
step: 934	loss: 139721.82949781418	speed (wps):2083.233463660501
step: 1066	loss: 159305.20420074463	speed (wps):2083.237514424832
step: 1198	loss: 178381.8412709236	speed (wps):2083.312744320866
epoch: 8	train ppl: 69.84238518186743	val ppl: 174.58741925741901	best val: 172.29753503210725	time (s) spent in epoch: 453.87624192237854

EPOCH 9 ------------------
step: 10	loss: 1659.865493774414	speed (wps):2051.741628560912
step: 142	loss: 20555.396341085434	speed (wps):2081.4555379302283
step: 274	loss: 40341.11890792847	speed (wps):2082.4046697532854
step: 406	loss: 59324.35358166695	speed (wps):2082.771990959923
step: 538	loss: 78517.9698061943	speed (wps):2083.000633081726
step: 670	loss: 97772.3988878727	speed (wps):2083.0987977212126
step: 802	loss: 116548.82237792015	speed (wps):2083.1663397961975
step: 934	loss: 135661.16245150566	speed (wps):2083.239594436008
step: 1066	loss: 154682.92470097542	speed (wps):2083.295945392389
step: 1198	loss: 173176.6130566597	speed (wps):2083.3318410581796
epoch: 9	train ppl: 61.698650721690676	val ppl: 177.8049655486115	best val: 172.29753503210725	time (s) spent in epoch: 453.89132142066956

EPOCH 10 ------------------
step: 10	loss: 1609.9145758152008	speed (wps):2047.4655940299674
step: 142	loss: 19944.53844308853	speed (wps):2081.1474872420304
step: 274	loss: 39193.32911133766	speed (wps):2082.6205717592925
step: 406	loss: 57609.345762729645	speed (wps):2083.071108317972
step: 538	loss: 76240.26583075523	speed (wps):2083.2583069751086
step: 670	loss: 94934.78972434998	speed (wps):2083.3813350687365
step: 802	loss: 113158.21037888527	speed (wps):2083.395849805842
step: 934	loss: 131719.87067580223	speed (wps):2083.3906382286427
step: 1066	loss: 150200.71433663368	speed (wps):2083.361832224441
step: 1198	loss: 168127.7125608921	speed (wps):2083.342624353424
epoch: 10	train ppl: 54.68720566483164	val ppl: 181.77571779612475	best val: 172.29753503210725	time (s) spent in epoch: 453.87877011299133

EPOCH 11 ------------------
step: 10	loss: 1561.908028125763	speed (wps):2049.534135357508
step: 142	loss: 19345.94486951828	speed (wps):2081.690983679784
step: 274	loss: 38057.4555003643	speed (wps):2082.792836674655
step: 406	loss: 55923.85139465332	speed (wps):2083.0404683032316
step: 538	loss: 73994.5334982872	speed (wps):2083.1741252310226
step: 670	loss: 92138.88421058655	speed (wps):2083.24639242435
step: 802	loss: 109829.8290848732	speed (wps):2083.3451185398453
step: 934	loss: 127848.40584874153	speed (wps):2083.345617661991
step: 1066	loss: 145797.84988045692	speed (wps):2083.397975047126
step: 1198	loss: 163167.27697372437	speed (wps):2083.4265285163524
epoch: 11	train ppl: 48.56778647471523	val ppl: 186.74767453115072	best val: 172.29753503210725	time (s) spent in epoch: 453.8708703517914

EPOCH 12 ------------------
step: 10	loss: 1516.793636083603	speed (wps):2045.0806608438859
step: 142	loss: 18764.156653881073	speed (wps):2080.765627698529
step: 274	loss: 36939.077808856964	speed (wps):2082.216783621545
step: 406	loss: 54264.15981173515	speed (wps):2082.799490122885
step: 538	loss: 71793.94659161568	speed (wps):2083.0198256960234
step: 670	loss: 89396.39896154404	speed (wps):2083.1156522939245
step: 802	loss: 106561.40162467957	speed (wps):2083.2110357471693
step: 934	loss: 124028.20460319519	speed (wps):2083.2478136524637
step: 1066	loss: 141446.90532922745	speed (wps):2083.2067008455
step: 1198	loss: 158267.34773635864	speed (wps):2083.1831388909764
epoch: 12	train ppl: 43.19608374155626	val ppl: 192.0594974665074	best val: 172.29753503210725	time (s) spent in epoch: 453.91376280784607

EPOCH 13 ------------------
step: 10	loss: 1473.3258771896362	speed (wps):2049.61529898893
step: 142	loss: 18195.54916381836	speed (wps):2081.2092716574584
step: 274	loss: 35826.936024427414	speed (wps):2082.4911218662974
step: 406	loss: 52607.3739695549	speed (wps):2082.8811641951
step: 538	loss: 69596.67373776436	speed (wps):2082.9767278043305
step: 670	loss: 86659.73869562149	speed (wps):2083.1019915228544
step: 802	loss: 103288.28991174698	speed (wps):2083.177045150343
step: 934	loss: 120200.63427209854	speed (wps):2083.2199074709292
step: 1066	loss: 137089.81221437454	speed (wps):2083.2775375591723
step: 1198	loss: 153368.6748111248	speed (wps):2083.3193354852315
epoch: 13	train ppl: 38.425167615787984	val ppl: 198.50143600891215	best val: 172.29753503210725	time (s) spent in epoch: 453.8812532424927

EPOCH 14 ------------------
step: 10	loss: 1431.2422287464142	speed (wps):2043.6786181309876
step: 142	loss: 17630.663187503815	speed (wps):2080.6714710398837
step: 274	loss: 34711.87709212303	speed (wps):2082.048753447466
step: 406	loss: 50948.03307890892	speed (wps):2082.5676740482168
step: 538	loss: 67403.82980704308	speed (wps):2082.7605140201754
step: 670	loss: 83932.11638689041	speed (wps):2082.926062883908
step: 802	loss: 100026.43662571907	speed (wps):2083.0606119269664
step: 934	loss: 116391.19352817535	speed (wps):2083.1450204098655
step: 1066	loss: 132756.4386844635	speed (wps):2083.147766509177
step: 1198	loss: 148505.76278448105	speed (wps):2083.1299368865502
epoch: 14	train ppl: 34.2201309767917	val ppl: 204.6857959653172	best val: 172.29753503210725	time (s) spent in epoch: 453.9178977012634

EPOCH 15 ------------------
step: 10	loss: 1391.132206916809	speed (wps):2050.289439601635
step: 142	loss: 17077.11582183838	speed (wps):2081.2969975926594
step: 274	loss: 33610.69517970085	speed (wps):2082.575421736708
step: 406	loss: 49314.1191470623	speed (wps):2083.113336949864
step: 538	loss: 65262.776889801025	speed (wps):2083.1994610346615
step: 670	loss: 81266.73317790031	speed (wps):2083.21822613475
step: 802	loss: 96830.67503929138	speed (wps):2083.276082255942
step: 934	loss: 112663.73443365097	speed (wps):2083.2941517065724
step: 1066	loss: 128516.2620472908	speed (wps):2083.2963568604296
step: 1198	loss: 143745.29259681702	speed (wps):2083.2643117615194
epoch: 15	train ppl: 30.56498099051644	val ppl: 212.2247013011252	best val: 172.29753503210725	time (s) spent in epoch: 453.8945951461792

EPOCH 16 ------------------
step: 10	loss: 1352.9996168613434	speed (wps):2047.3339828954283
step: 142	loss: 16536.108179092407	speed (wps):2080.5577643372253
step: 274	loss: 32512.85166144371	speed (wps):2082.052833874296
step: 406	loss: 47692.821925878525	speed (wps):2082.7365934364143
step: 538	loss: 63133.36224794388	speed (wps):2082.9675129448497
step: 670	loss: 78606.27604961395	speed (wps):2083.1260753052225
step: 802	loss: 93646.10679149628	speed (wps):2083.2201732331355
step: 934	loss: 108966.15221619606	speed (wps):2083.280553621721
step: 1066	loss: 124318.97697925568	speed (wps):2083.2985721406526
step: 1198	loss: 139032.71657943726	speed (wps):2083.2639295768745
epoch: 16	train ppl: 27.33793647772539	val ppl: 223.34455132841893	best val: 172.29753503210725	time (s) spent in epoch: 453.9142589569092

EPOCH 17 ------------------
step: 10	loss: 1313.5330426692963	speed (wps):2050.322761270425
step: 142	loss: 15984.961494207382	speed (wps):2081.3413740711467
step: 274	loss: 31409.605833292007	speed (wps):2082.398552421051
step: 406	loss: 46070.187599658966	speed (wps):2082.843639142669
step: 538	loss: 61000.42264223099	speed (wps):2082.998258705741
step: 670	loss: 75945.98936080933	speed (wps):2083.133280283766
step: 802	loss: 90479.23667907715	speed (wps):2083.1182333249403
step: 934	loss: 105303.06145906448	speed (wps):2083.171334286268
step: 1066	loss: 120167.94742584229	speed (wps):2083.148089264772
step: 1198	loss: 134375.6624853611	speed (wps):2083.158000796302
epoch: 17	train ppl: 24.47816463754303	val ppl: 234.3397279824301	best val: 172.29753503210725	time (s) spent in epoch: 453.912207365036

EPOCH 18 ------------------
step: 10	loss: 1272.7559161186218	speed (wps):2050.884446411892
step: 142	loss: 15434.249732494354	speed (wps):2081.9346797775893
step: 274	loss: 30320.815876722336	speed (wps):2082.920765773787
step: 406	loss: 44476.70147061348	speed (wps):2083.169443507779
step: 538	loss: 58904.50721502304	speed (wps):2083.3155902110043
step: 670	loss: 73330.89309215546	speed (wps):2083.4434169353553
step: 802	loss: 87375.93522787094	speed (wps):2083.446055130155
step: 934	loss: 101706.6940832138	speed (wps):2083.454573812591
step: 1066	loss: 116089.02990341187	speed (wps):2083.468472816171
step: 1198	loss: 129801.4430308342	speed (wps):2083.506815230253
epoch: 18	train ppl: 21.956427592586365	val ppl: 246.38490333693557	best val: 172.29753503210725	time (s) spent in epoch: 453.8597192764282

EPOCH 19 ------------------
step: 10	loss: 1233.8160395622253	speed (wps):2045.8986518070642
step: 142	loss: 14899.860832691193	speed (wps):2080.909905719007
step: 274	loss: 29276.095011234283	speed (wps):2082.440660159079
step: 406	loss: 42955.745598077774	speed (wps):2082.975531009873
step: 538	loss: 56889.9426484108	speed (wps):2083.1991155048904
step: 670	loss: 70806.09601974487	speed (wps):2083.3511734786075
step: 802	loss: 84385.17404437065	speed (wps):2083.43545747932
step: 934	loss: 98220.64819931984	speed (wps):2083.483117214468
step: 1066	loss: 112119.16492700577	speed (wps):2083.4491571251574
step: 1198	loss: 125343.07182192802	speed (wps):2083.4690226116813
epoch: 19	train ppl: 19.74514783191403	val ppl: 258.14256976509927	best val: 172.29753503210725	time (s) spent in epoch: 453.8520083427429

EPOCH 20 ------------------
step: 10	loss: 1195.1690101623535	speed (wps):2049.621152383934
step: 142	loss: 14386.152613162994	speed (wps):2081.571912518059
step: 274	loss: 28285.124257802963	speed (wps):2082.77883522497
step: 406	loss: 41525.23239970207	speed (wps):2083.158385374222
step: 538	loss: 54977.99695253372	speed (wps):2083.181150856999
step: 670	loss: 68389.9473452568	speed (wps):2083.1879348959005
step: 802	loss: 81504.37736868858	speed (wps):2083.24362476261
step: 934	loss: 94850.51962137222	speed (wps):2083.2669683620466
step: 1066	loss: 108268.11670541763	speed (wps):2083.326764382814
step: 1198	loss: 121017.1048784256	speed (wps):2083.357492562714
epoch: 20	train ppl: 17.80914941765095	val ppl: 266.9827301008429	best val: 172.29753503210725	time (s) spent in epoch: 453.87651896476746

EPOCH 21 ------------------
step: 10	loss: 1157.0350515842438	speed (wps):2045.4609439695234
step: 142	loss: 13877.787606716156	speed (wps):2080.7773630758984
step: 274	loss: 27319.628061056137	speed (wps):2082.1713933638093
step: 406	loss: 40118.94660830498	speed (wps):2082.7419115189714
step: 538	loss: 53095.55460214615	speed (wps):2082.9643572649115
step: 670	loss: 66015.64493060112	speed (wps):2083.1195818362307
step: 802	loss: 78670.79545021057	speed (wps):2083.228029620774
step: 934	loss: 91541.86764240265	speed (wps):2083.3260156506053
step: 1066	loss: 104484.10271167755	speed (wps):2083.291024413472
step: 1198	loss: 116776.0878264904	speed (wps):2083.3288709247754
epoch: 21	train ppl: 16.09462759149503	val ppl: 275.9433455741303	best val: 172.29753503210725	time (s) spent in epoch: 453.88004660606384

EPOCH 22 ------------------
step: 10	loss: 1120.0704622268677	speed (wps):2049.321501518678
step: 142	loss: 13385.288217067719	speed (wps):2081.299257125822
step: 274	loss: 26415.847721099854	speed (wps):2082.6168866275643
step: 406	loss: 38777.376734018326	speed (wps):2083.055657474955
step: 538	loss: 51289.56108927727	speed (wps):2083.199120989489
step: 670	loss: 63742.05994129181	speed (wps):2083.2712505896534
step: 802	loss: 75942.41135835648	speed (wps):2083.257276225727
step: 934	loss: 88363.28854203224	speed (wps):2083.285200127901
step: 1066	loss: 100834.30150270462	speed (wps):2083.3319958740085
step: 1198	loss: 112683.14837932587	speed (wps):2083.349315576172
epoch: 22	train ppl: 14.59374411739219	val ppl: 287.1983674357302	best val: 172.29753503210725	time (s) spent in epoch: 453.8770911693573

EPOCH 23 ------------------
step: 10	loss: 1082.2276902198792	speed (wps):2049.897340552881
step: 142	loss: 12893.643870353699	speed (wps):2080.9253660017616
step: 274	loss: 25537.037044763565	speed (wps):2082.2948156730567
step: 406	loss: 37458.72453212738	speed (wps):2082.697933789101
step: 538	loss: 49503.2275390625	speed (wps):2083.0191594322014
step: 670	loss: 61517.857941389084	speed (wps):2083.1831063542536
step: 802	loss: 73265.50810933113	speed (wps):2083.258846449988
step: 934	loss: 85252.5860786438	speed (wps):2083.3079381103116
step: 1066	loss: 97275.701546669	speed (wps):2083.3696340133697
step: 1198	loss: 108690.43730258942	speed (wps):2083.398401885504
epoch: 23	train ppl: 13.261952909120954	val ppl: 300.70962294169675	best val: 172.29753503210725	time (s) spent in epoch: 453.8891463279724

EPOCH 24 ------------------
step: 10	loss: 1043.4212529659271	speed (wps):2049.376118844006
step: 142	loss: 12405.724650621414	speed (wps):2081.2752072780663
step: 274	loss: 24636.969915628433	speed (wps):2082.484026464125
step: 406	loss: 36108.399851322174	speed (wps):2082.9308136309915
step: 538	loss: 47692.61633038521	speed (wps):2083.1673738739732
step: 670	loss: 59292.91093945503	speed (wps):2083.3109226657775
step: 802	loss: 70612.6546305418	speed (wps):2083.326723635255
step: 934	loss: 82176.85043275356	speed (wps):2083.322191103715
step: 1066	loss: 93776.91175878048	speed (wps):2083.3594879583106
step: 1198	loss: 104753.3981025219	speed (wps):2083.3882061539516
epoch: 24	train ppl: 12.065770741208015	val ppl: 315.43341738182716	best val: 172.29753503210725	time (s) spent in epoch: 453.8680431842804

EPOCH 25 ------------------
step: 10	loss: 1004.7390925884247	speed (wps):2050.135080688803
step: 142	loss: 11936.751229166985	speed (wps):2081.0971566486205
step: 274	loss: 23766.5419536829	speed (wps):2082.1316429393232
step: 406	loss: 34802.829161286354	speed (wps):2082.6583281965354
step: 538	loss: 45949.3502420187	speed (wps):2082.8977063839916
step: 670	loss: 57151.45159184933	speed (wps):2083.005415290775
step: 802	loss: 68067.58384227753	speed (wps):2083.1347544888113
step: 934	loss: 79214.84493494034	speed (wps):2083.1978812128314
step: 1066	loss: 90416.91430807114	speed (wps):2083.2424559311016
step: 1198	loss: 100971.71493649483	speed (wps):2083.3114189421212
epoch: 25	train ppl: 11.020046927634779	val ppl: 331.82188265078275	best val: 172.29753503210725	time (s) spent in epoch: 453.91264057159424

EPOCH 26 ------------------
step: 10	loss: 965.8455204963684	speed (wps):2047.4846751550015
step: 142	loss: 11486.000500321388	speed (wps):2080.9653740306917
step: 274	loss: 22929.859769940376	speed (wps):2082.505522297472
step: 406	loss: 33548.268291950226	speed (wps):2082.974488938028
step: 538	loss: 44282.9981136322	speed (wps):2083.195210477986
step: 670	loss: 55095.045709609985	speed (wps):2083.3336012849604
step: 802	loss: 65626.00764989853	speed (wps):2083.3932391730664
step: 934	loss: 76376.4303791523	speed (wps):2083.403671693278
step: 1066	loss: 87199.53369379044	speed (wps):2083.3860039664282
step: 1198	loss: 97359.29670512676	speed (wps):2083.3848228059005
epoch: 26	train ppl: 10.107013105856296	val ppl: 350.9678971238171	best val: 172.29753503210725	time (s) spent in epoch: 453.86580061912537

EPOCH 27 ------------------
step: 10	loss: 925.9217596054077	speed (wps):2050.275512506334
step: 142	loss: 11057.647705674171	speed (wps):2081.723104367102
step: 274	loss: 22129.980397820473	speed (wps):2082.679390590547
step: 406	loss: 32358.762207627296	speed (wps):2082.9689155052693
step: 538	loss: 42693.935083150864	speed (wps):2083.280326380285
step: 670	loss: 53128.63788187504	speed (wps):2083.3515061546414
step: 802	loss: 63279.04509246349	speed (wps):2083.364038457828
step: 934	loss: 73631.8293607235	speed (wps):2083.3641859987797
step: 1066	loss: 84084.4424366951	speed (wps):2083.3758231139177
step: 1198	loss: 93866.17601811886	speed (wps):2083.378259585896
epoch: 27	train ppl: 9.298136224960054	val ppl: 373.16037003396264	best val: 172.29753503210725	time (s) spent in epoch: 453.8777759075165

EPOCH 28 ------------------
step: 10	loss: 886.9884252548218	speed (wps):2045.465737268241
step: 142	loss: 10647.377613782883	speed (wps):2080.827255375797
step: 274	loss: 21350.332058668137	speed (wps):2082.1751682027357
step: 406	loss: 31239.511544704437	speed (wps):2082.754384616417
step: 538	loss: 41200.075241327286	speed (wps):2082.891154205671
step: 670	loss: 51270.36312401295	speed (wps):2083.014771217073
step: 802	loss: 61039.86458718777	speed (wps):2083.089715791675
step: 934	loss: 70998.52076768875	speed (wps):2083.116391427158
step: 1066	loss: 81101.83595836163	speed (wps):2083.1079242766637
step: 1198	loss: 90527.43293404579	speed (wps):2083.0947045973367
epoch: 28	train ppl: 8.587804547373944	val ppl: 397.4325749312875	best val: 172.29753503210725	time (s) spent in epoch: 453.92839908599854

EPOCH 29 ------------------
step: 10	loss: 851.022515296936	speed (wps):2050.4828765807824
step: 142	loss: 10260.161691904068	speed (wps):2081.3831625339258
step: 274	loss: 20603.506274819374	speed (wps):2082.587706861298
step: 406	loss: 30180.81650674343	speed (wps):2083.0293316546713
step: 538	loss: 39797.785469293594	speed (wps):2083.209475963228
step: 670	loss: 49518.78376543522	speed (wps):2083.275568445587
step: 802	loss: 58917.27760493755	speed (wps):2083.3097447196837
step: 934	loss: 68503.94759297371	speed (wps):2083.358933579751
step: 1066	loss: 78274.74206805229	speed (wps):2083.369006376617
step: 1198	loss: 87365.33366262913	speed (wps):2083.386089094136
epoch: 29	train ppl: 7.969567483747947	val ppl: 423.28908157952696	best val: 172.29753503210725	time (s) spent in epoch: 453.8671681880951

EPOCH 30 ------------------
step: 10	loss: 821.8049949407578	speed (wps):2050.5122988614994
step: 142	loss: 9915.611328482628	speed (wps):2081.3272489183773
step: 274	loss: 19919.383161067963	speed (wps):2082.2913465029806
step: 406	loss: 29204.468630552292	speed (wps):2082.5370198065807
step: 538	loss: 38507.3866635561	speed (wps):2082.7428091170846
step: 670	loss: 47898.02502036095	speed (wps):2082.9687720553193
step: 802	loss: 56951.33337676525	speed (wps):2083.0423895265517
step: 934	loss: 66187.50042438507	speed (wps):2083.105957084985
step: 1066	loss: 75641.80014312267	speed (wps):2083.1657800258977
step: 1198	loss: 84426.82728409767	speed (wps):2083.2029100489754
epoch: 30	train ppl: 7.436317854801511	val ppl: 448.6330592071254	best val: 172.29753503210725	time (s) spent in epoch: 453.93001890182495

EPOCH 31 ------------------
step: 10	loss: 799.8148721456528	speed (wps):2047.7595087630486
step: 142	loss: 9629.42455470562	speed (wps):2081.159030920757
step: 274	loss: 19323.67060303688	speed (wps):2082.3990733864875
step: 406	loss: 28354.218546152115	speed (wps):2082.78287073996
step: 538	loss: 37340.163845419884	speed (wps):2082.996070775157
step: 670	loss: 46410.802626013756	speed (wps):2083.1770464780484
step: 802	loss: 55158.123096227646	speed (wps):2083.217874128092
step: 934	loss: 64069.99397397041	speed (wps):2083.2147648599835
step: 1066	loss: 73230.6385654211	speed (wps):2083.1999336998974
step: 1198	loss: 81718.28218519688	speed (wps):2083.2093217639767
epoch: 31	train ppl: 6.969333887044047	val ppl: 470.6780006406351	best val: 172.29753503210725	time (s) spent in epoch: 453.9051203727722

EPOCH 32 ------------------
step: 10	loss: 778.1744945049286	speed (wps):2049.873140216018
step: 142	loss: 9354.727125167847	speed (wps):2081.507134527853
step: 274	loss: 18732.065961956978	speed (wps):2082.513342980619
step: 406	loss: 27507.091568112373	speed (wps):2082.709157644017
step: 538	loss: 36171.623911857605	speed (wps):2082.906495688769
step: 670	loss: 44929.27188396454	speed (wps):2083.0655959799715
step: 802	loss: 53400.00081002712	speed (wps):2083.1714200399488
step: 934	loss: 62007.60341286659	speed (wps):2083.262952736766
step: 1066	loss: 70890.28578877449	speed (wps):2083.3210092186673
step: 1198	loss: 79101.27900958061	speed (wps):2083.358973353782
epoch: 32	train ppl: 6.5450434348109505	val ppl: 495.4583960288681	best val: 172.29753503210725	time (s) spent in epoch: 453.8887937068939

EPOCH 33 ------------------
step: 10	loss: 752.3629975318909	speed (wps):2046.4175872527546
step: 142	loss: 9073.139384388924	speed (wps):2080.764782096485
step: 274	loss: 18143.519222140312	speed (wps):2082.2377960127383
step: 406	loss: 26649.22740340233	speed (wps):2082.5289226788836
step: 538	loss: 35015.43083131313	speed (wps):2082.820609869312
step: 670	loss: 43483.00216257572	speed (wps):2082.967100477958
step: 802	loss: 51704.935549497604	speed (wps):2083.091606015781
step: 934	loss: 60017.44998574257	speed (wps):2083.102601235601
step: 1066	loss: 68604.12666738033	speed (wps):2083.101556697482
step: 1198	loss: 76562.07807779312	speed (wps):2083.141345540163
epoch: 33	train ppl: 6.158549802575551	val ppl: 525.3922442034265	best val: 172.29753503210725	time (s) spent in epoch: 453.9102201461792

EPOCH 34 ------------------
step: 10	loss: 735.9013932943344	speed (wps):2049.626615582768
step: 142	loss: 8806.745858192444	speed (wps):2081.5135636431396
step: 274	loss: 17578.42886865139	speed (wps):2082.6416513931895
step: 406	loss: 25839.352204203606	speed (wps):2083.0143897782145
step: 538	loss: 33938.316571712494	speed (wps):2083.0572221500056
step: 670	loss: 42139.39738690853	speed (wps):2083.058939900483
step: 802	loss: 50122.17413187027	speed (wps):2083.148029036282
step: 934	loss: 58134.29314553738	speed (wps):2083.198850276187
step: 1066	loss: 66430.96759140491	speed (wps):2083.2271286104406
step: 1198	loss: 74143.81492316723	speed (wps):2083.258117921841
epoch: 34	train ppl: 5.8111386383161525	val ppl: 557.537188611314	best val: 172.29753503210725	time (s) spent in epoch: 453.89989852905273

EPOCH 35 ------------------
step: 10	loss: 717.6726675033569	speed (wps):2044.8525070449787
step: 142	loss: 8554.467566609383	speed (wps):2080.314112148087
step: 274	loss: 17045.535280108452	speed (wps):2081.7366911381473
step: 406	loss: 25073.896137475967	speed (wps):2082.4073172746353
step: 538	loss: 32937.85346984863	speed (wps):2082.702323885226
step: 670	loss: 40903.26289474964	speed (wps):2082.8498853283886
step: 802	loss: 48658.66141319275	speed (wps):2082.9674014745174
step: 934	loss: 56418.40814113617	speed (wps):2083.0529065290993
step: 1066	loss: 64445.061849951744	speed (wps):2083.065353518041
step: 1198	loss: 71928.05675804615	speed (wps):2083.0716862861223
epoch: 35	train ppl: 5.510141451249606	val ppl: 593.7129691993009	best val: 172.29753503210725	time (s) spent in epoch: 453.9373896121979

EPOCH 36 ------------------
step: 10	loss: 699.063413143158	speed (wps):2049.5251609275747
step: 142	loss: 8309.097848534584	speed (wps):2081.22406579869
step: 274	loss: 16526.67262017727	speed (wps):2082.638895545245
step: 406	loss: 24356.23944580555	speed (wps):2083.022327282978
step: 538	loss: 31998.216242790222	speed (wps):2083.0402936379746
step: 670	loss: 39772.94595718384	speed (wps):2083.0959519420694
step: 802	loss: 47284.54991042614	speed (wps):2083.195065587465
step: 934	loss: 54801.58642709255	speed (wps):2083.2053223146036
step: 1066	loss: 62566.68510496616	speed (wps):2083.2335994718323
step: 1198	loss: 69836.84889435768	speed (wps):2083.2261864517786
epoch: 36	train ppl: 5.239112963864261	val ppl: 626.2902363487876	best val: 172.29753503210725	time (s) spent in epoch: 453.90173625946045

EPOCH 37 ------------------
step: 10	loss: 671.8090051412582	speed (wps):2045.0551496336063
step: 142	loss: 8049.26450252533	speed (wps):2080.660664863057
step: 274	loss: 16011.265116930008	speed (wps):2081.9747823773387
step: 406	loss: 23625.317568182945	speed (wps):2082.5558419701993
step: 538	loss: 31065.444927215576	speed (wps):2082.8027888117417
step: 670	loss: 38645.759615302086	speed (wps):2082.911277061092
step: 802	loss: 45916.58231496811	speed (wps):2082.964182773813
step: 934	loss: 53228.207112550735	speed (wps):2083.0887116433173
step: 1066	loss: 60779.328609108925	speed (wps):2083.1089035880314
step: 1198	loss: 67865.29680669308	speed (wps):2083.112917207373
epoch: 37	train ppl: 4.9987716496543335	val ppl: 663.3578718821227	best val: 172.29753503210725	time (s) spent in epoch: 453.9324688911438

EPOCH 38 ------------------
step: 10	loss: 646.0955327749252	speed (wps):2049.222547542568
step: 142	loss: 7824.154589772224	speed (wps):2081.3353896879107
step: 274	loss: 15563.585653305054	speed (wps):2082.4906706810707
step: 406	loss: 22979.02889430523	speed (wps):2082.957017143085
step: 538	loss: 30234.54007446766	speed (wps):2083.1044583760954
step: 670	loss: 37633.08093845844	speed (wps):2083.139507310876
step: 802	loss: 44734.93462562561	speed (wps):2083.1076261249113
step: 934	loss: 51845.131761431694	speed (wps):2083.1197694512566
step: 1066	loss: 59194.36907291412	speed (wps):2083.1381115919257
step: 1198	loss: 66105.20260870457	speed (wps):2083.1927988262623
epoch: 38	train ppl: 4.7942727946744	val ppl: 704.7085557171249	best val: 172.29753503210725	time (s) spent in epoch: 453.9011437892914

EPOCH 39 ------------------
step: 10	loss: 632.7028572559357	speed (wps):2050.480272879793
step: 142	loss: 7601.068367362022	speed (wps):2081.06161000627
step: 274	loss: 15115.340660214424	speed (wps):2082.3754046322892
step: 406	loss: 22303.10106575489	speed (wps):2082.7749314298053
step: 538	loss: 29411.261960864067	speed (wps):2082.9855013256015
step: 670	loss: 36602.82360076904	speed (wps):2083.111892370182
step: 802	loss: 43500.261640548706	speed (wps):2083.2167991279553
step: 934	loss: 50426.62364423275	speed (wps):2083.252029998134
step: 1066	loss: 57559.55709815025	speed (wps):2083.3125898892113
step: 1198	loss: 64253.194345235825	speed (wps):2083.3132362525685
epoch: 39	train ppl: 4.5849072599200955	val ppl: 743.9638942957822	best val: 172.29753503210725	time (s) spent in epoch: 453.90308237075806

DONE

Saving learning curves to RNN_ADAM_model=RNN_optimizer=ADAM_initial_lr=0.0001_batch_size=20_seq_len=35_hidden_size=1500_num_layers=2_dp_keep_prob=1.0_0/learning_curves.npy
Set compute mode to DEFAULT for GPU 00000000:84:00.0.
All done.
