
########## Setting Up Experiment ######################

Putting log in RNN_ADAM_model=RNN_optimizer=ADAM_initial_lr=0.0001_batch_size=20_seq_len=35_hidden_size=1500_num_layers=2_dp_keep_prob=0.35_emb_size=1000_0
Using the GPU
Loading data from data
  vocabulary size: 10000

########## Running Main Loop ##########################

EPOCH 0 ------------------
step: 10	loss: 3448.430528640747	speed (wps):1359.6407458844799
step: 142	loss: 36467.433602809906	speed (wps):1373.2329219520293
step: 274	loss: 67268.40421915054	speed (wps):1373.8445460903854
step: 406	loss: 97250.32990455627	speed (wps):1373.205424255453
step: 538	loss: 126979.18319225311	speed (wps):1373.4197631734492
step: 670	loss: 156445.77598810196	speed (wps):1373.3453808442332
step: 802	loss: 185247.409222126	speed (wps):1373.0667662906553
step: 934	loss: 213894.1100883484	speed (wps):1373.2268408154584
step: 1066	loss: 242363.42498540878	speed (wps):1373.5569525425828
step: 1198	loss: 270492.08196878433	speed (wps):1373.9222100702548
epoch: 0	train ppl: 606.5893154851806	val ppl: 344.1445425825706	best val: 344.1445425825706	time (s) spent in epoch: 683.9143531322479

EPOCH 1 ------------------
step: 10	loss: 2369.8920583724976	speed (wps):1377.704742643436
step: 142	loss: 29858.994166851044	speed (wps):1374.1840376805899
step: 274	loss: 57714.70688581467	speed (wps):1373.75778634105
step: 406	loss: 85215.8555150032	speed (wps):1372.7869555580116
step: 538	loss: 112753.2831454277	speed (wps):1372.9715675137318
step: 670	loss: 140268.78999710083	speed (wps):1373.125375503935
step: 802	loss: 167260.18835783005	speed (wps):1373.0997350027749
step: 934	loss: 194290.31706094742	speed (wps):1372.9642960739975
step: 1066	loss: 221290.4831290245	speed (wps):1373.077460196518
step: 1198	loss: 248009.06090974808	speed (wps):1372.9573697242668
epoch: 1	train ppl: 363.95585750275256	val ppl: 270.58847039946454	best val: 270.58847039946454	time (s) spent in epoch: 687.1288225650787

EPOCH 2 ------------------
step: 10	loss: 2277.637927532196	speed (wps):1345.2448015383109
step: 142	loss: 28627.702300548553	speed (wps):1372.4703647210465
step: 274	loss: 55467.45585203171	speed (wps):1373.6922025332397
step: 406	loss: 81922.43702888489	speed (wps):1374.1300897108633
step: 538	loss: 108511.88082933426	speed (wps):1374.3694170138867
step: 670	loss: 135092.4928021431	speed (wps):1374.5471486069043
step: 802	loss: 161196.18037462234	speed (wps):1374.5162179722029
step: 934	loss: 187409.90018844604	speed (wps):1374.4549843812215
step: 1066	loss: 213591.18448019028	speed (wps):1374.5026424181156
step: 1198	loss: 239512.44940280914	speed (wps):1374.454279512997
epoch: 2	train ppl: 298.43029697382764	val ppl: 234.45649967205824	best val: 234.45649967205824	time (s) spent in epoch: 684.3677797317505

EPOCH 3 ------------------
step: 10	loss: 2230.221104621887	speed (wps):1512.8333010744368
step: 142	loss: 27880.087492465973	speed (wps):1633.3344552908115
step: 274	loss: 54062.78411626816	speed (wps):1678.7577833729797
step: 406	loss: 79850.90111494064	speed (wps):1695.903639477089
step: 538	loss: 105793.60085725784	speed (wps):1704.4750806199313
step: 670	loss: 131759.90885019302	speed (wps):1709.7469030946359
step: 802	loss: 157267.40530729294	speed (wps):1713.4129594552796
step: 934	loss: 182888.4295129776	speed (wps):1716.0360886124552
step: 1066	loss: 208501.52257919312	speed (wps):1718.0082611736152
step: 1198	loss: 233843.6253476143	speed (wps):1719.6551127049902
epoch: 3	train ppl: 261.0678510217999	val ppl: 212.27955503129257	best val: 212.27955503129257	time (s) spent in epoch: 547.8363225460052

EPOCH 4 ------------------
step: 10	loss: 2185.2430057525635	speed (wps):1704.2313839679996
step: 142	loss: 27286.09722852707	speed (wps):1731.4836090812307
step: 274	loss: 52972.0866727829	speed (wps):1731.6348315905607
step: 406	loss: 78256.03802680969	speed (wps):1731.8780427985694
step: 538	loss: 103732.23047971725	speed (wps):1731.9371051979429
step: 670	loss: 129210.51832437515	speed (wps):1731.945465142759
step: 802	loss: 154232.92377233505	speed (wps):1731.9423752770956
step: 934	loss: 179405.64928293228	speed (wps):1732.0395948975947
step: 1066	loss: 204568.6889743805	speed (wps):1732.129575193606
step: 1198	loss: 229441.1205458641	speed (wps):1732.1454439185836
epoch: 4	train ppl: 235.32486869500937	val ppl: 195.6192943357321	best val: 195.6192943357321	time (s) spent in epoch: 544.3595244884491

EPOCH 5 ------------------
step: 10	loss: 2153.0103754997253	speed (wps):1702.8499148605117
step: 142	loss: 26827.340500354767	speed (wps):1453.970067826268
step: 274	loss: 52134.42063808441	speed (wps):1412.0564093054559
step: 406	loss: 77019.36207532883	speed (wps):1398.783780087939
step: 538	loss: 102076.5741944313	speed (wps):1391.722340358237
step: 670	loss: 127134.15436267853	speed (wps):1386.6582156396723
step: 802	loss: 151784.17969226837	speed (wps):1383.965941172193
step: 934	loss: 176587.84133195877	speed (wps):1381.754078448718
step: 1066	loss: 201388.67799043655	speed (wps):1379.8744201934828
step: 1198	loss: 225899.042429924	speed (wps):1378.4853342812048
epoch: 5	train ppl: 216.34933163046048	val ppl: 185.8012786160259	best val: 185.8012786160259	time (s) spent in epoch: 684.9023342132568

EPOCH 6 ------------------
step: 10	loss: 2124.718472957611	speed (wps):1346.6798498610294
step: 142	loss: 26453.874475955963	speed (wps):1365.4130804707183
step: 274	loss: 51447.667870521545	speed (wps):1367.8103269043113
step: 406	loss: 75976.79714202881	speed (wps):1367.8152816321026
step: 538	loss: 100689.1989326477	speed (wps):1367.6898853917562
step: 670	loss: 125429.5846247673	speed (wps):1367.6821659838554
step: 802	loss: 149712.18749284744	speed (wps):1367.5549669146637
step: 934	loss: 174237.43339776993	speed (wps):1368.0408870393537
step: 1066	loss: 198732.02199220657	speed (wps):1371.000953225825
step: 1198	loss: 222913.54057073593	speed (wps):1373.4363448133304
epoch: 6	train ppl: 201.77201007740328	val ppl: 176.77396305762014	best val: 176.77396305762014	time (s) spent in epoch: 687.6270353794098

EPOCH 7 ------------------
step: 10	loss: 2097.4880933761597	speed (wps):1333.667414958632
step: 142	loss: 26122.113728523254	speed (wps):1355.8493604604373
step: 274	loss: 50843.803215026855	speed (wps):1358.844346058454
step: 406	loss: 75052.83013343811	speed (wps):1358.9104930377616
step: 538	loss: 99498.68178129196	speed (wps):1359.4504013112899
step: 670	loss: 123950.39352655411	speed (wps):1359.6144067271316
step: 802	loss: 147978.2352399826	speed (wps):1360.0204180539058
step: 934	loss: 172255.63351631165	speed (wps):1360.462313206145
step: 1066	loss: 196506.89764976501	speed (wps):1360.4147602129358
step: 1198	loss: 220428.85279417038	speed (wps):1360.0798366873096
epoch: 7	train ppl: 190.3004374529404	val ppl: 171.13617399435753	best val: 171.13617399435753	time (s) spent in epoch: 693.7428860664368

EPOCH 8 ------------------
step: 10	loss: 2072.8635811805725	speed (wps):1330.9552735699547
step: 142	loss: 25817.816710472107	speed (wps):1356.9993986148575
step: 274	loss: 50287.35342979431	speed (wps):1357.2470388109418
step: 406	loss: 74252.86911725998	speed (wps):1357.5880947425971
step: 538	loss: 98440.91132640839	speed (wps):1358.02154986605
step: 670	loss: 122637.1040225029	speed (wps):1357.64200415687
step: 802	loss: 146423.9327096939	speed (wps):1366.575201957292
step: 934	loss: 170474.2299437523	speed (wps):1366.7020698657814
step: 1066	loss: 194497.64530420303	speed (wps):1366.6130070750032
step: 1198	loss: 218144.85657691956	speed (wps):1366.0011833163808
epoch: 8	train ppl: 180.17235932227337	val ppl: 164.44437745672298	best val: 164.44437745672298	time (s) spent in epoch: 690.8630611896515

EPOCH 9 ------------------
step: 10	loss: 2062.1601152420044	speed (wps):1350.1464686817217
step: 142	loss: 25566.13464832306	speed (wps):1362.1302361584071
step: 274	loss: 49847.8489613533	speed (wps):1362.9895127259965
step: 406	loss: 73577.0130109787	speed (wps):1363.0612546518798
step: 538	loss: 97534.72222805023	speed (wps):1362.6861601932144
step: 670	loss: 121534.78221416473	speed (wps):1362.7331377428081
step: 802	loss: 145072.7595114708	speed (wps):1363.143696335194
step: 934	loss: 168889.8992729187	speed (wps):1363.8944073137475
step: 1066	loss: 192691.40504837036	speed (wps):1364.51658057768
step: 1198	loss: 216105.15665531158	speed (wps):1364.7817535628808
epoch: 9	train ppl: 171.7485254399124	val ppl: 160.9847669716525	best val: 160.9847669716525	time (s) spent in epoch: 691.1933524608612

EPOCH 10 ------------------
step: 10	loss: 2029.2998337745667	speed (wps):1334.7311305048172
step: 142	loss: 25285.625007152557	speed (wps):1367.512554762125
step: 274	loss: 49335.931203365326	speed (wps):1368.7978436330136
step: 406	loss: 72818.03102016449	speed (wps):1371.9114096907488
step: 538	loss: 96542.87073850632	speed (wps):1380.322187239095
step: 670	loss: 120294.54797029495	speed (wps):1376.38364048046
step: 802	loss: 143622.7827835083	speed (wps):1373.8427363783285
step: 934	loss: 167258.65911722183	speed (wps):1382.0926537259945
step: 1066	loss: 190885.4506134987	speed (wps):1417.4601362035326
step: 1198	loss: 214133.24925661087	speed (wps):1446.3301956778978
epoch: 10	train ppl: 163.9204710339985	val ppl: 157.59693841867937	best val: 157.59693841867937	time (s) spent in epoch: 640.139589548111

EPOCH 11 ------------------
step: 10	loss: 2018.4879040718079	speed (wps):1702.5918231032942
step: 142	loss: 25097.36425638199	speed (wps):1730.954578195718
step: 274	loss: 48954.54173326492	speed (wps):1550.0930217825305
step: 406	loss: 72227.15080738068	speed (wps):1479.8395167411632
step: 538	loss: 95750.22095441818	speed (wps):1446.4446811923701
step: 670	loss: 119298.23569774628	speed (wps):1427.1317152988897
step: 802	loss: 142432.24271774292	speed (wps):1414.265832398184
step: 934	loss: 165882.85658359528	speed (wps):1405.0902702275685
step: 1066	loss: 189315.55475234985	speed (wps):1398.308054772887
step: 1198	loss: 212321.7517542839	speed (wps):1393.0322445145741
epoch: 11	train ppl: 157.1004132872309	val ppl: 153.9223460679799	best val: 153.9223460679799	time (s) spent in epoch: 679.2673563957214

EPOCH 12 ------------------
step: 10	loss: 2003.9284586906433	speed (wps):1339.4620061201235
step: 142	loss: 24890.49733877182	speed (wps):1358.369157604495
step: 274	loss: 48588.77763748169	speed (wps):1379.6125990211601
step: 406	loss: 71707.24017620087	speed (wps):1474.507403513211
step: 538	loss: 95056.94751024246	speed (wps):1528.1361932881653
step: 670	loss: 118437.14527845383	speed (wps):1562.2637857677926
step: 802	loss: 141376.01967811584	speed (wps):1586.0696811344446
step: 934	loss: 164648.60528707504	speed (wps):1603.5340606679918
step: 1066	loss: 187931.33028030396	speed (wps):1616.9306183247195
step: 1198	loss: 210799.28428173065	speed (wps):1627.5648865446356
epoch: 12	train ppl: 151.45842025564363	val ppl: 150.84168278514784	best val: 150.84168278514784	time (s) spent in epoch: 575.8997106552124

EPOCH 13 ------------------
step: 10	loss: 1997.0183539390564	speed (wps):1692.1523632578821
step: 142	loss: 24716.955649852753	speed (wps):1717.364950564555
step: 274	loss: 48238.04212331772	speed (wps):1717.7386572529495
step: 406	loss: 71162.00748682022	speed (wps):1717.8702278903882
step: 538	loss: 94337.34744548798	speed (wps):1718.078003706513
step: 670	loss: 117552.1517086029	speed (wps):1718.7392383733027
step: 802	loss: 140349.2515349388	speed (wps):1719.0402571155637
step: 934	loss: 163459.14563655853	speed (wps):1719.1759281384188
step: 1066	loss: 186565.21201372147	speed (wps):1719.1806365595714
step: 1198	loss: 209249.36215877533	speed (wps):1719.0119449485496
epoch: 13	train ppl: 146.08060225980822	val ppl: 147.21250047923638	best val: 147.21250047923638	time (s) spent in epoch: 548.497843503952

EPOCH 14 ------------------
step: 10	loss: 1976.0311913490295	speed (wps):1692.0276276687853
step: 142	loss: 24501.174058914185	speed (wps):1716.0880204361417
step: 274	loss: 47862.347626686096	speed (wps):1716.7313730248798
step: 406	loss: 70592.51267671585	speed (wps):1716.7879787942397
step: 538	loss: 93603.45382928848	speed (wps):1716.9047985829584
step: 670	loss: 116664.73133087158	speed (wps):1716.986011905135
step: 802	loss: 139281.3749074936	speed (wps):1717.070639604437
step: 934	loss: 162244.35963869095	speed (wps):1702.27746928982
step: 1066	loss: 185198.9921593666	speed (wps):1652.2453160125533
step: 1198	loss: 207718.65696430206	speed (wps):1614.8149459265678
epoch: 14	train ppl: 140.85069464343513	val ppl: 146.80761197002616	best val: 146.80761197002616	time (s) spent in epoch: 595.8512635231018

EPOCH 15 ------------------
step: 10	loss: 1967.687292098999	speed (wps):1617.7363561068205
step: 142	loss: 24352.878041267395	speed (wps):1473.9906215399847
step: 274	loss: 47543.44089508057	speed (wps):1438.89113637176
step: 406	loss: 70132.91073560715	speed (wps):1428.4354153382787
step: 538	loss: 92979.02743816376	speed (wps):1423.7064261241876
step: 670	loss: 115880.63676595688	speed (wps):1421.3390629898847
step: 802	loss: 138373.79679203033	speed (wps):1418.970378844417
step: 934	loss: 161178.85828256607	speed (wps):1417.5883189133147
step: 1066	loss: 183999.22427892685	speed (wps):1416.4371895572208
step: 1198	loss: 206387.90451049805	speed (wps):1415.5449568299925
epoch: 15	train ppl: 136.4426675776574	val ppl: 147.80085384215405	best val: 146.80761197002616	time (s) spent in epoch: 666.5286231040955

EPOCH 16 ------------------
step: 10	loss: 1944.8111009597778	speed (wps):1391.1490209340395
step: 142	loss: 24186.07477426529	speed (wps):1403.77844147048
step: 274	loss: 47246.63713932037	speed (wps):1403.7602567567503
step: 406	loss: 69728.80724430084	speed (wps):1404.9069081932105
step: 538	loss: 92442.96765565872	speed (wps):1405.5966816742205
step: 670	loss: 115184.23314332962	speed (wps):1406.0268666053348
step: 802	loss: 137500.2184033394	speed (wps):1405.7446344214777
step: 934	loss: 160178.34669828415	speed (wps):1405.6123177852678
step: 1066	loss: 182816.2856554985	speed (wps):1406.0472371531152
step: 1198	loss: 205040.0670862198	speed (wps):1406.3868032156372
epoch: 16	train ppl: 132.2002612588739	val ppl: 143.19054530392188	best val: 143.19054530392188	time (s) spent in epoch: 670.3989677429199

EPOCH 17 ------------------
step: 10	loss: 1936.2148427963257	speed (wps):1402.7025620752681
step: 142	loss: 24035.363581180573	speed (wps):1409.84270336462
step: 274	loss: 46958.55437755585	speed (wps):1416.6200231556184
step: 406	loss: 69299.01237726212	speed (wps):1424.498303563827
step: 538	loss: 91889.74521398544	speed (wps):1487.0099149529965
step: 670	loss: 114503.47146749496	speed (wps):1527.5441260425064
step: 802	loss: 136683.75156879425	speed (wps):1555.9947596989618
step: 934	loss: 159244.512758255	speed (wps):1577.0719813513322
step: 1066	loss: 181793.24201345444	speed (wps):1593.353982357733
step: 1198	loss: 203871.30465507507	speed (wps):1606.3562195136128
epoch: 17	train ppl: 128.54023371394783	val ppl: 143.54441580188168	best val: 143.19054530392188	time (s) spent in epoch: 582.6247029304504

EPOCH 18 ------------------
step: 10	loss: 1916.7732429504395	speed (wps):1694.5342850233487
step: 142	loss: 23869.763963222504	speed (wps):1716.9778192835233
step: 274	loss: 46642.34834194183	speed (wps):1717.738492802141
step: 406	loss: 68831.93668365479	speed (wps):1717.7940907230652
step: 538	loss: 91259.28317070007	speed (wps):1718.0609423557448
step: 670	loss: 113739.37390565872	speed (wps):1718.1669395580122
step: 802	loss: 135792.4432516098	speed (wps):1718.272433253082
step: 934	loss: 158216.42068624496	speed (wps):1718.0345776126178
step: 1066	loss: 180624.3360209465	speed (wps):1717.6370341254471
step: 1198	loss: 202593.86969327927	speed (wps):1717.2883625562763
epoch: 18	train ppl: 124.78856743821433	val ppl: 141.03936130879896	best val: 141.03936130879896	time (s) spent in epoch: 549.0524327754974

EPOCH 19 ------------------
step: 10	loss: 1920.0262713432312	speed (wps):1688.9799454901565
step: 142	loss: 23759.942491054535	speed (wps):1713.2074839755767
step: 274	loss: 46436.27650260925	speed (wps):1715.3312235021226
step: 406	loss: 68479.47032213211	speed (wps):1715.6450787509218
step: 538	loss: 90774.49984550476	speed (wps):1715.737474896955
step: 670	loss: 113129.2069530487	speed (wps):1715.5862280318331
step: 802	loss: 135061.96294784546	speed (wps):1715.7533757608044
step: 934	loss: 157385.99981069565	speed (wps):1715.8344380995015
step: 1066	loss: 179671.7228126526	speed (wps):1716.1220995376038
step: 1198	loss: 201498.02261590958	speed (wps):1716.4143677305942
epoch: 19	train ppl: 121.58029165638013	val ppl: 139.61408532535893	best val: 139.61408532535893	time (s) spent in epoch: 549.226126909256

EPOCH 20 ------------------
step: 10	loss: 1912.027723789215	speed (wps):1690.617188794779
step: 142	loss: 23641.02127790451	speed (wps):1716.2596287324027
step: 274	loss: 46187.49450683594	speed (wps):1717.6987039409207
step: 406	loss: 68137.3684000969	speed (wps):1717.9991882501015
step: 538	loss: 90308.90804767609	speed (wps):1718.3136853397896
step: 670	loss: 112533.65170001984	speed (wps):1718.5699072370455
step: 802	loss: 134360.01105070114	speed (wps):1718.7771306385478
step: 934	loss: 156557.87346363068	speed (wps):1718.6849497954586
step: 1066	loss: 178728.29427719116	speed (wps):1718.652007429945
step: 1198	loss: 200431.24469518661	speed (wps):1718.6897552053179
epoch: 20	train ppl: 118.49111471820733	val ppl: 139.6503559362725	best val: 139.61408532535893	time (s) spent in epoch: 548.5843114852905

EPOCH 21 ------------------
step: 10	loss: 1894.0609240531921	speed (wps):1693.9534580239051
step: 142	loss: 23503.097677230835	speed (wps):1716.5263515683944
step: 274	loss: 45933.41552734375	speed (wps):1717.4436027662668
step: 406	loss: 67732.31685638428	speed (wps):1717.7136392640562
step: 538	loss: 89812.8089261055	speed (wps):1717.7266366157644
step: 670	loss: 111957.17034816742	speed (wps):1717.9133072258371
step: 802	loss: 133666.57014608383	speed (wps):1717.9165564498442
step: 934	loss: 155757.75685310364	speed (wps):1718.3178061998283
step: 1066	loss: 177823.96445035934	speed (wps):1718.3899256762977
step: 1198	loss: 199411.60331726074	speed (wps):1718.454451202269
epoch: 21	train ppl: 115.5849678789814	val ppl: 138.35330904819563	best val: 138.35330904819563	time (s) spent in epoch: 548.6428742408752

EPOCH 22 ------------------
step: 10	loss: 1884.8402190208435	speed (wps):1688.4986950998514
step: 142	loss: 23352.56173849106	speed (wps):1715.8122759946605
step: 274	loss: 45684.39295530319	speed (wps):1716.9119079136335
step: 406	loss: 67383.23021173477	speed (wps):1717.399000039309
step: 538	loss: 89334.60761070251	speed (wps):1718.5948768191406
step: 670	loss: 111346.24288082123	speed (wps):1714.7330777807374
step: 802	loss: 132924.28663492203	speed (wps):1697.6702932948745
step: 934	loss: 154885.68020105362	speed (wps):1701.143658051141
step: 1066	loss: 176805.74658632278	speed (wps):1703.727724261283
step: 1198	loss: 198279.61060285568	speed (wps):1699.5539300629373
epoch: 22	train ppl: 112.56509093032977	val ppl: 137.47087392727732	best val: 137.47087392727732	time (s) spent in epoch: 558.2230389118195

EPOCH 23 ------------------
step: 10	loss: 1873.3033394813538	speed (wps):1584.1519570636653
step: 142	loss: 23260.974929332733	speed (wps):1609.72430455214
step: 274	loss: 45455.80276012421	speed (wps):1610.231252291289
step: 406	loss: 67033.13499927521	speed (wps):1610.8779823430611
step: 538	loss: 88879.02240037918	speed (wps):1611.5314100120331
step: 670	loss: 110799.2024564743	speed (wps):1612.784984386727
step: 802	loss: 132287.49777793884	speed (wps):1612.8723940398136
step: 934	loss: 154159.50012922287	speed (wps):1613.303702873523
step: 1066	loss: 175999.8741531372	speed (wps):1614.2014981019286
step: 1198	loss: 197364.962348938	speed (wps):1614.435586513081
epoch: 23	train ppl: 110.19948330831535	val ppl: 137.40221524943593	best val: 137.40221524943593	time (s) spent in epoch: 584.3074522018433

EPOCH 24 ------------------
step: 10	loss: 1861.2477397918701	speed (wps):1580.568295414248
step: 142	loss: 23134.487838745117	speed (wps):1610.249402477761
step: 274	loss: 45247.20768213272	speed (wps):1615.9455382695323
step: 406	loss: 66726.98191404343	speed (wps):1615.3218605398931
step: 538	loss: 88475.72887420654	speed (wps):1614.3380813764952
step: 670	loss: 110293.94034147263	speed (wps):1615.285209438139
step: 802	loss: 131663.70116591454	speed (wps):1615.7531564342328
step: 934	loss: 153426.9017112255	speed (wps):1615.1054649368805
step: 1066	loss: 175165.12424826622	speed (wps):1615.258758768396
step: 1198	loss: 196423.15174937248	speed (wps):1614.9303391906035
epoch: 24	train ppl: 107.75450656720035	val ppl: 136.5054149482554	best val: 136.5054149482554	time (s) spent in epoch: 584.108368396759

EPOCH 25 ------------------
step: 10	loss: 1854.6621251106262	speed (wps):1557.9332833513056
step: 142	loss: 23041.974306106567	speed (wps):1608.640397468325
step: 274	loss: 45053.23139667511	speed (wps):1610.9748626625476
step: 406	loss: 66423.61016750336	speed (wps):1612.3509327510246
step: 538	loss: 88066.43856525421	speed (wps):1614.0786952238757
step: 670	loss: 109773.9329957962	speed (wps):1613.991737365646
step: 802	loss: 131045.66724419594	speed (wps):1614.7941658876089
step: 934	loss: 152720.2020919323	speed (wps):1614.2287938101204
step: 1066	loss: 174338.30604195595	speed (wps):1615.212888048225
step: 1198	loss: 195524.15610671043	speed (wps):1615.3855006557546
epoch: 25	train ppl: 105.43017177672007	val ppl: 136.85239145229494	best val: 136.5054149482554	time (s) spent in epoch: 584.0025365352631

EPOCH 26 ------------------
step: 10	loss: 1853.5775542259216	speed (wps):1591.3637064224667
step: 142	loss: 22965.029003620148	speed (wps):1611.7735767433735
step: 274	loss: 44895.34328699112	speed (wps):1614.8276548898423
step: 406	loss: 66185.83047628403	speed (wps):1614.1623304774046
step: 538	loss: 87734.10095214844	speed (wps):1613.8421221483898
step: 670	loss: 109367.86011695862	speed (wps):1614.199447389317
step: 802	loss: 130592.27580070496	speed (wps):1613.8001458752858
step: 934	loss: 152175.78541755676	speed (wps):1613.6506125424903
step: 1066	loss: 173735.57937145233	speed (wps):1613.478495153571
step: 1198	loss: 194779.88954782486	speed (wps):1614.1036136451735
epoch: 26	train ppl: 103.58321954764058	val ppl: 138.40242166422445	best val: 136.5054149482554	time (s) spent in epoch: 584.4078137874603

EPOCH 27 ------------------
step: 10	loss: 1840.8411645889282	speed (wps):1575.0215238022968
step: 142	loss: 22810.360476970673	speed (wps):1610.001902629193
step: 274	loss: 44653.040528297424	speed (wps):1612.6368758528797
step: 406	loss: 65844.95414972305	speed (wps):1612.2249310519799
step: 538	loss: 87315.67048072815	speed (wps):1613.0434485728315
step: 670	loss: 108819.76305961609	speed (wps):1612.588032950085
step: 802	loss: 129917.10986375809	speed (wps):1612.8850212606678
step: 934	loss: 151427.82410621643	speed (wps):1613.1475931730822
step: 1066	loss: 172892.1149814129	speed (wps):1613.2503623363236
step: 1198	loss: 193882.2067272663	speed (wps):1613.520455056341
epoch: 27	train ppl: 101.36042579456667	val ppl: 137.1773023616595	best val: 136.5054149482554	time (s) spent in epoch: 584.5542709827423

EPOCH 28 ------------------
step: 10	loss: 1841.202220916748	speed (wps):1584.8035393922264
step: 142	loss: 22729.2342877388	speed (wps):1615.6688439754876
step: 274	loss: 44475.519676208496	speed (wps):1612.0120915234024
step: 406	loss: 65563.69066953659	speed (wps):1612.3990592767818
step: 538	loss: 86929.89119052887	speed (wps):1614.8106832106332
step: 670	loss: 108363.29862356186	speed (wps):1616.9994885187907
step: 802	loss: 129352.4959564209	speed (wps):1616.9259505792884
step: 934	loss: 150749.35816049576	speed (wps):1617.5889790413846
step: 1066	loss: 172119.86226797104	speed (wps):1617.7643933653924
step: 1198	loss: 193008.75308275223	speed (wps):1617.2623602967678
epoch: 28	train ppl: 99.32088980733263	val ppl: 136.67518563251767	best val: 136.5054149482554	time (s) spent in epoch: 583.058917760849

EPOCH 29 ------------------
step: 10	loss: 1829.1845893859863	speed (wps):1587.0385471879256
step: 142	loss: 22648.517253398895	speed (wps):1614.3562434371452
step: 274	loss: 44305.01537322998	speed (wps):1614.9803984558919
step: 406	loss: 65317.13859796524	speed (wps):1615.622184707108
step: 538	loss: 86602.44821548462	speed (wps):1613.4647278979808
step: 670	loss: 107921.22483730316	speed (wps):1613.4223401137574
step: 802	loss: 128836.6142141819	speed (wps):1613.163563325469
step: 934	loss: 150133.80916714668	speed (wps):1613.7413128965884
step: 1066	loss: 171395.08499026299	speed (wps):1614.1261491727803
step: 1198	loss: 192167.63152003288	speed (wps):1614.7692862496556
epoch: 29	train ppl: 97.31806461752188	val ppl: 137.2614251894289	best val: 136.5054149482554	time (s) spent in epoch: 584.1790449619293

EPOCH 30 ------------------
step: 10	loss: 1821.5105652809143	speed (wps):1590.4814218928598
step: 142	loss: 22553.4264087677	speed (wps):1615.9498024091145
step: 274	loss: 44132.67950296402	speed (wps):1613.9511907346748
step: 406	loss: 65038.47319126129	speed (wps):1615.4002782884147
step: 538	loss: 86238.38357448578	speed (wps):1615.158849615508
step: 670	loss: 107482.24488019943	speed (wps):1615.3521127652114
step: 802	loss: 128260.12463450432	speed (wps):1614.4888706877878
step: 934	loss: 149522.11285710335	speed (wps):1615.5460981716033
step: 1066	loss: 170711.16927862167	speed (wps):1615.8708185681726
step: 1198	loss: 191411.6694331169	speed (wps):1616.1890358308278
epoch: 30	train ppl: 95.5763099920601	val ppl: 138.36986272705272	best val: 136.5054149482554	time (s) spent in epoch: 583.841659784317

EPOCH 31 ------------------
step: 10	loss: 1807.5962448120117	speed (wps):1585.014318364855
step: 142	loss: 22478.134682178497	speed (wps):1617.8463572792148
step: 274	loss: 43978.28947067261	speed (wps):1617.2436407243738
step: 406	loss: 64789.129049777985	speed (wps):1616.500505589797
step: 538	loss: 85874.78942155838	speed (wps):1616.7520388957068
step: 670	loss: 107033.22183609009	speed (wps):1617.0663613798004
step: 802	loss: 127783.27214837074	speed (wps):1616.7758799015576
step: 934	loss: 148950.31859517097	speed (wps):1617.1268274590113
step: 1066	loss: 170039.170678854	speed (wps):1616.5820020405972
step: 1198	loss: 190666.7317056656	speed (wps):1616.3222219710797
epoch: 31	train ppl: 93.94199737708618	val ppl: 137.9937020347009	best val: 136.5054149482554	time (s) spent in epoch: 583.676322221756

EPOCH 32 ------------------
step: 10	loss: 1799.014072418213	speed (wps):1584.9828146229438
step: 142	loss: 22350.55848956108	speed (wps):1613.4922734095333
step: 274	loss: 43790.14680504799	speed (wps):1612.2664176808871
step: 406	loss: 64509.75821971893	speed (wps):1612.934262028359
step: 538	loss: 85524.17715787888	speed (wps):1613.6386141589076
step: 670	loss: 106623.44598531723	speed (wps):1614.1630431922292
step: 802	loss: 127293.62993359566	speed (wps):1614.7182061672906
step: 934	loss: 148372.02163100243	speed (wps):1614.0843043194388
step: 1066	loss: 169421.26896977425	speed (wps):1614.0814546420881
step: 1198	loss: 189984.80926394463	speed (wps):1614.6657560056772
epoch: 32	train ppl: 92.33667370204336	val ppl: 138.37728534980673	best val: 136.5054149482554	time (s) spent in epoch: 584.3903274536133

EPOCH 33 ------------------
step: 10	loss: 1784.4517731666565	speed (wps):1570.9996365838767
step: 142	loss: 22280.336496829987	speed (wps):1610.891100041968
step: 274	loss: 43612.11395025253	speed (wps):1611.1957284509901
step: 406	loss: 64260.09045600891	speed (wps):1612.1354831484161
step: 538	loss: 85161.9259428978	speed (wps):1616.3164073895966
step: 670	loss: 106192.37740755081	speed (wps):1635.1732922333192
step: 802	loss: 126772.5899040699	speed (wps):1648.734699253426
step: 934	loss: 147786.88502430916	speed (wps):1658.8140055829003
step: 1066	loss: 168737.34992861748	speed (wps):1666.3709521735161
step: 1198	loss: 189158.67883205414	speed (wps):1672.252590848827
epoch: 33	train ppl: 90.59443836303227	val ppl: 139.0769291207915	best val: 136.5054149482554	time (s) spent in epoch: 562.0294823646545

EPOCH 34 ------------------
step: 10	loss: 1787.07688331604	speed (wps):1693.3504771912778
step: 142	loss: 22184.387805461884	speed (wps):1718.4230736641466
step: 274	loss: 43431.448550224304	speed (wps):1689.7020916683707
step: 406	loss: 63976.56830430031	speed (wps):1660.8776008170632
step: 538	loss: 84843.54096055031	speed (wps):1646.4904558417632
step: 670	loss: 105775.27683138847	speed (wps):1637.5361300734394
step: 802	loss: 126280.67392230034	speed (wps):1633.172142399894
step: 934	loss: 147202.28851675987	speed (wps):1629.9355969306755
step: 1066	loss: 168061.4597761631	speed (wps):1627.257265019946
step: 1198	loss: 188448.1445121765	speed (wps):1624.721586736881
epoch: 34	train ppl: 89.04009449937027	val ppl: 139.21732365032514	best val: 136.5054149482554	time (s) spent in epoch: 581.0557427406311

EPOCH 35 ------------------
step: 10	loss: 1778.743782043457	speed (wps):1576.6797698065384
step: 142	loss: 22084.221127033234	speed (wps):1603.7786621977764
step: 274	loss: 43204.95618343353	speed (wps):1604.347378543877
step: 406	loss: 63689.240424633026	speed (wps):1604.8145990078945
step: 538	loss: 84468.61504793167	speed (wps):1606.6506191007088
step: 670	loss: 105351.23170375824	speed (wps):1607.3717349270898
step: 802	loss: 125765.94582796097	speed (wps):1607.3668767151044
step: 934	loss: 146590.47315359116	speed (wps):1606.9046402790805
step: 1066	loss: 167374.5690882206	speed (wps):1607.3730630363366
step: 1198	loss: 187666.3212776184	speed (wps):1607.0729256149682
epoch: 35	train ppl: 87.3704942435606	val ppl: 140.04481750831678	best val: 136.5054149482554	time (s) spent in epoch: 587.0590486526489

EPOCH 36 ------------------
step: 10	loss: 1765.9610295295715	speed (wps):1576.7458150948441
step: 142	loss: 21973.249361515045	speed (wps):1603.042826601714
step: 274	loss: 43051.19431972504	speed (wps):1607.0361619994223
step: 406	loss: 63460.38861632347	speed (wps):1608.7980510104421
step: 538	loss: 84170.71943640709	speed (wps):1607.9444757237025
step: 670	loss: 104941.64003610611	speed (wps):1608.3273068005772
step: 802	loss: 125292.61465907097	speed (wps):1609.0954696650494
step: 934	loss: 146013.3705842495	speed (wps):1609.3061192895511
step: 1066	loss: 166730.67760705948	speed (wps):1608.8291334917255
step: 1198	loss: 186948.98592591286	speed (wps):1608.9122784110646
epoch: 36	train ppl: 85.98236005684718	val ppl: 140.98735885714862	best val: 136.5054149482554	time (s) spent in epoch: 586.5304193496704

EPOCH 37 ------------------
step: 10	loss: 1761.8614029884338	speed (wps):1596.2179644513885
step: 142	loss: 21934.73583817482	speed (wps):1608.173300394744
step: 274	loss: 42957.39034533501	speed (wps):1609.5020151309952
step: 406	loss: 63277.41050481796	speed (wps):1609.014747809361
step: 538	loss: 83881.49456739426	speed (wps):1609.8010580762418
step: 670	loss: 104560.05977392197	speed (wps):1610.9692938745345
step: 802	loss: 124838.75109195709	speed (wps):1611.1121727251495
step: 934	loss: 145536.80446982384	speed (wps):1610.3740421225566
step: 1066	loss: 166143.2706296444	speed (wps):1610.4566867877463
step: 1198	loss: 186292.26863384247	speed (wps):1610.612727402901
epoch: 37	train ppl: 84.64976920952826	val ppl: 139.60756701179858	best val: 136.5054149482554	time (s) spent in epoch: 585.8842310905457

EPOCH 38 ------------------
step: 10	loss: 1759.6392226219177	speed (wps):1593.9248708741902
step: 142	loss: 21890.558174848557	speed (wps):1613.5949137069576
step: 274	loss: 42803.84469151497	speed (wps):1609.7085232699867
step: 406	loss: 63054.230296611786	speed (wps):1609.5884844186876
step: 538	loss: 83601.03766441345	speed (wps):1606.2221578975418
step: 670	loss: 104234.54992055893	speed (wps):1605.631003584523
step: 802	loss: 124437.26276397705	speed (wps):1605.9282367622297
step: 934	loss: 145048.10447454453	speed (wps):1605.9913472734752
step: 1066	loss: 165609.4959962368	speed (wps):1606.8194568261147
step: 1198	loss: 185712.3463487625	speed (wps):1606.7886428344766
epoch: 38	train ppl: 83.38451982665448	val ppl: 141.02883439542302	best val: 136.5054149482554	time (s) spent in epoch: 586.9951431751251

EPOCH 39 ------------------
step: 10	loss: 1752.7685546875	speed (wps):1594.4495073031305
step: 142	loss: 21795.7497882843	speed (wps):1602.246609776846
step: 274	loss: 42671.71500682831	speed (wps):1606.1061909896052
step: 406	loss: 62829.70784306526	speed (wps):1607.1491804782268
step: 538	loss: 83305.5261528492	speed (wps):1606.73672931411
step: 670	loss: 103824.54500079155	speed (wps):1606.5753207293824
step: 802	loss: 123959.92039680481	speed (wps):1607.0057995269074
step: 934	loss: 144488.16358804703	speed (wps):1606.278327584206
step: 1066	loss: 164992.57204651833	speed (wps):1606.9964746842684
step: 1198	loss: 185018.97960305214	speed (wps):1607.4302850854267
epoch: 39	train ppl: 82.04260678778203	val ppl: 142.45824752003347	best val: 136.5054149482554	time (s) spent in epoch: 587.0047228336334

DONE

Saving learning curves to RNN_ADAM_model=RNN_optimizer=ADAM_initial_lr=0.0001_batch_size=20_seq_len=35_hidden_size=1500_num_layers=2_dp_keep_prob=0.35_emb_size=1000_0/learning_curves.npy
Set compute mode to DEFAULT for GPU 00000000:8A:00.0.
All done.
