
########## Setting Up Experiment ######################

Putting log in RNN_ADAM_model=RNN_optimizer=ADAM_initial_lr=0.0001_batch_size=20_seq_len=35_hidden_size=1500_num_layers=2_dp_keep_prob=0.35_emb_size=100_0
Using the GPU
Loading data from data
  vocabulary size: 10000

########## Running Main Loop ##########################

EPOCH 0 ------------------
step: 10	loss: 3441.5345096588135	speed (wps):2392.0891344105885
step: 142	loss: 36377.44195699692	speed (wps):2592.4257445856038
step: 274	loss: 67636.59775972366	speed (wps):2598.2255130332237
step: 406	loss: 98143.80971670151	speed (wps):2600.090979462038
step: 538	loss: 128393.2120680809	speed (wps):2601.011807169456
step: 670	loss: 158388.10203552246	speed (wps):2601.6810130165773
step: 802	loss: 187810.94034194946	speed (wps):2602.2671997730704
step: 934	loss: 217151.7576622963	speed (wps):2602.7109620056895
step: 1066	loss: 246337.0258617401	speed (wps):2603.128311060668
step: 1198	loss: 275278.93592119217	speed (wps):2603.478905582043
epoch: 0	train ppl: 684.0724684179252	val ppl: 426.3784545326403	best val: 426.3784545326403	time (s) spent in epoch: 363.82724690437317

EPOCH 1 ------------------
step: 10	loss: 2445.3440356254578	speed (wps):2546.335503627582
step: 142	loss: 30876.55508995056	speed (wps):2601.1276551198607
step: 274	loss: 59644.28355932236	speed (wps):2603.0419530191084
step: 406	loss: 88050.2962064743	speed (wps):2604.1582473794497
step: 538	loss: 116539.20319080353	speed (wps):2604.428990504701
step: 670	loss: 144955.85950613022	speed (wps):2604.731602678145
step: 802	loss: 172921.99242591858	speed (wps):2605.0075224091725
step: 934	loss: 200941.13139867783	speed (wps):2605.298207212715
step: 1066	loss: 228918.8582921028	speed (wps):2605.1947693795687
step: 1198	loss: 256675.23058652878	speed (wps):2605.1585563540207
epoch: 1	train ppl: 448.23858706188895	val ppl: 342.365721113045	best val: 342.365721113045	time (s) spent in epoch: 363.6580033302307

EPOCH 2 ------------------
step: 10	loss: 2360.6424140930176	speed (wps):2547.3013323031437
step: 142	loss: 29820.35634994507	speed (wps):2599.6422690177283
step: 274	loss: 57707.24933862686	speed (wps):2602.2714236741535
step: 406	loss: 85297.13194131851	speed (wps):2602.9279596770543
step: 538	loss: 112981.70104026794	speed (wps):2603.4469162869805
step: 670	loss: 140638.56746912003	speed (wps):2603.7476229042677
step: 802	loss: 167878.38800430298	speed (wps):2604.0179484411383
step: 934	loss: 195198.13431739807	speed (wps):2603.9939344079044
step: 1066	loss: 222530.76507091522	speed (wps):2604.03487139796
step: 1198	loss: 249646.39169216156	speed (wps):2604.1096125204044
epoch: 2	train ppl: 380.266610862476	val ppl: 306.05063697471303	best val: 306.05063697471303	time (s) spent in epoch: 363.79789757728577

EPOCH 3 ------------------
step: 10	loss: 2315.684459209442	speed (wps):2548.3712462661506
step: 142	loss: 29212.24884033203	speed (wps):2599.0044060338723
step: 274	loss: 56559.18469429016	speed (wps):2600.860589255287
step: 406	loss: 83600.1349401474	speed (wps):2601.8882912615286
step: 538	loss: 110746.4163351059	speed (wps):2602.959128168226
step: 670	loss: 137911.55395269394	speed (wps):2602.8595890648053
step: 802	loss: 164683.76456975937	speed (wps):2603.0078960565793
step: 934	loss: 191553.99573802948	speed (wps):2603.027986631375
step: 1066	loss: 218434.68749284744	speed (wps):2602.9377831176416
step: 1198	loss: 245091.4058303833	speed (wps):2602.994921501456
epoch: 3	train ppl: 341.5174438802846	val ppl: 279.6833367814256	best val: 279.6833367814256	time (s) spent in epoch: 363.9531784057617

EPOCH 4 ------------------
step: 10	loss: 2282.669701576233	speed (wps):2545.1152574565617
step: 142	loss: 28759.899134635925	speed (wps):2598.8438993211985
step: 274	loss: 55721.12767934799	speed (wps):2601.844872697593
step: 406	loss: 82407.19662189484	speed (wps):2602.1334983660413
step: 538	loss: 109183.08966636658	speed (wps):2602.2429364229924
step: 670	loss: 135982.10188150406	speed (wps):2602.6399539966633
step: 802	loss: 162374.75269317627	speed (wps):2602.989620809512
step: 934	loss: 188878.93162488937	speed (wps):2603.1298427124093
step: 1066	loss: 215429.47887420654	speed (wps):2603.356365265413
step: 1198	loss: 241725.5888080597	speed (wps):2603.4950120247
epoch: 4	train ppl: 315.4056029980623	val ppl: 268.81170968691515	best val: 268.81170968691515	time (s) spent in epoch: 363.86108899116516

EPOCH 5 ------------------
step: 10	loss: 2253.247365951538	speed (wps):2547.62625154276
step: 142	loss: 28390.464293956757	speed (wps):2602.193742249894
step: 274	loss: 55037.90184497833	speed (wps):2603.256288632426
step: 406	loss: 81379.29792881012	speed (wps):2603.5374643490786
step: 538	loss: 107854.68788385391	speed (wps):2603.7915013762
step: 670	loss: 134354.96842861176	speed (wps):2604.153403638191
step: 802	loss: 160454.58464622498	speed (wps):2604.3971431734644
step: 934	loss: 186665.81830501556	speed (wps):2604.5571916381004
step: 1066	loss: 212924.93057966232	speed (wps):2604.7471462604203
step: 1198	loss: 238949.96011018753	speed (wps):2604.848464569232
epoch: 5	train ppl: 295.469546972851	val ppl: 250.19569705094204	best val: 250.19569705094204	time (s) spent in epoch: 363.6831171512604

EPOCH 6 ------------------
step: 10	loss: 2239.405393600464	speed (wps):2545.45948078244
step: 142	loss: 28104.99412536621	speed (wps):2601.096215204299
step: 274	loss: 54482.90195941925	speed (wps):2603.1817900380092
step: 406	loss: 80559.4200181961	speed (wps):2604.181328687162
step: 538	loss: 106752.28289604187	speed (wps):2604.587441679636
step: 670	loss: 132999.2601466179	speed (wps):2605.0097722944242
step: 802	loss: 158855.29667377472	speed (wps):2605.233518847411
step: 934	loss: 184814.80499505997	speed (wps):2605.389692353759
step: 1066	loss: 210818.01743745804	speed (wps):2605.6863058804915
step: 1198	loss: 236580.72958230972	speed (wps):2605.732592781607
epoch: 6	train ppl: 279.3546200886834	val ppl: 238.7719446014128	best val: 238.7719446014128	time (s) spent in epoch: 363.5839204788208

EPOCH 7 ------------------
step: 10	loss: 2217.8961062431335	speed (wps):2546.103444382987
step: 142	loss: 27810.05536556244	speed (wps):2601.286929065383
step: 274	loss: 53964.32864189148	speed (wps):2603.4575635913343
step: 406	loss: 79809.52441692352	speed (wps):2604.4145937379562
step: 538	loss: 105776.67299985886	speed (wps):2605.0317392988054
step: 670	loss: 131796.23291254044	speed (wps):2605.3291461291856
step: 802	loss: 157433.67460012436	speed (wps):2605.5141482123076
step: 934	loss: 183217.71119832993	speed (wps):2605.587829568677
step: 1066	loss: 209002.5746011734	speed (wps):2605.7054195655337
step: 1198	loss: 234570.68427801132	speed (wps):2605.6915895052216
epoch: 7	train ppl: 266.4779723178621	val ppl: 230.3399063969932	best val: 230.3399063969932	time (s) spent in epoch: 363.57280373573303

EPOCH 8 ------------------
step: 10	loss: 2195.3266644477844	speed (wps):2547.831051516121
step: 142	loss: 27620.87890625	speed (wps):2602.0683678447213
step: 274	loss: 53600.29168844223	speed (wps):2604.339055739738
step: 406	loss: 79269.91203308105	speed (wps):2604.9647011918382
step: 538	loss: 105031.8646645546	speed (wps):2605.2661256985016
step: 670	loss: 130832.90612459183	speed (wps):2605.7677969596957
step: 802	loss: 156256.9626712799	speed (wps):2605.9037102147363
step: 934	loss: 181852.92904376984	speed (wps):2605.767886246929
step: 1066	loss: 207474.01446580887	speed (wps):2605.733482665057
step: 1198	loss: 232853.6108326912	speed (wps):2605.8244174902497
epoch: 8	train ppl: 255.73525686453652	val ppl: 222.62413238299686	best val: 222.62413238299686	time (s) spent in epoch: 363.5667350292206

EPOCH 9 ------------------
step: 10	loss: 2185.049259662628	speed (wps):2549.233378393589
step: 142	loss: 27404.985947608948	speed (wps):2601.1928256687606
step: 274	loss: 53198.425731658936	speed (wps):2603.454818494541
step: 406	loss: 78670.07171869278	speed (wps):2603.8810936586747
step: 538	loss: 104277.21973896027	speed (wps):2604.351711561903
step: 670	loss: 129908.4131193161	speed (wps):2604.809646328902
step: 802	loss: 155160.2259373665	speed (wps):2605.0764263122633
step: 934	loss: 180607.4017047882	speed (wps):2605.1278743946577
step: 1066	loss: 206043.41915607452	speed (wps):2605.2141965003093
step: 1198	loss: 231249.7016096115	speed (wps):2605.200979209937
epoch: 9	train ppl: 246.31331981227618	val ppl: 217.60410660207611	best val: 217.60410660207611	time (s) spent in epoch: 363.63027143478394

EPOCH 10 ------------------
step: 10	loss: 2172.221496105194	speed (wps):2552.6675718258684
step: 142	loss: 27225.51875591278	speed (wps):2601.7973236805674
step: 274	loss: 52861.17929458618	speed (wps):2604.021438504775
step: 406	loss: 78137.74610042572	speed (wps):2605.1860939944863
step: 538	loss: 103569.80601787567	speed (wps):2605.200453969803
step: 670	loss: 129011.882853508	speed (wps):2605.3553145112237
step: 802	loss: 154091.6074538231	speed (wps):2605.506039634647
step: 934	loss: 179383.106443882	speed (wps):2605.6925770322687
step: 1066	loss: 204670.28842926025	speed (wps):2605.727580867875
step: 1198	loss: 229708.6786222458	speed (wps):2605.750717647855
epoch: 10	train ppl: 237.3401583578345	val ppl: 212.81157270608756	best val: 212.81157270608756	time (s) spent in epoch: 363.56565594673157

EPOCH 11 ------------------
step: 10	loss: 2153.1714606285095	speed (wps):2545.441023556655
step: 142	loss: 27032.174260616302	speed (wps):2601.3992206196112
step: 274	loss: 52504.132771492004	speed (wps):2603.7575947462915
step: 406	loss: 77641.38458967209	speed (wps):2604.5806484258337
step: 538	loss: 102911.76273584366	speed (wps):2605.0175195645716
step: 670	loss: 128235.05112171173	speed (wps):2605.3270960938103
step: 802	loss: 153171.58322572708	speed (wps):2605.5036640843446
step: 934	loss: 178296.85549736023	speed (wps):2605.5761788412783
step: 1066	loss: 203452.65847444534	speed (wps):2605.7221212416243
step: 1198	loss: 228327.69340991974	speed (wps):2605.6281998493514
epoch: 11	train ppl: 229.8752324630375	val ppl: 208.44602047409904	best val: 208.44602047409904	time (s) spent in epoch: 363.57319378852844

EPOCH 12 ------------------
step: 10	loss: 2149.238510131836	speed (wps):2545.0408484525246
step: 142	loss: 26900.94807624817	speed (wps):2600.1171722205413
step: 274	loss: 52233.24771642685	speed (wps):2601.678511620562
step: 406	loss: 77249.58284854889	speed (wps):2602.5446715674434
step: 538	loss: 102385.0953912735	speed (wps):2603.153519221527
step: 670	loss: 127569.57128763199	speed (wps):2603.341665872266
step: 802	loss: 152385.70983171463	speed (wps):2603.486882933945
step: 934	loss: 177413.49846363068	speed (wps):2603.816790112132
step: 1066	loss: 202439.7727918625	speed (wps):2603.94117278678
step: 1198	loss: 227182.1075105667	speed (wps):2603.9501240122713
epoch: 12	train ppl: 223.70210577493467	val ppl: 205.19856400861698	best val: 205.19856400861698	time (s) spent in epoch: 363.8233458995819

EPOCH 13 ------------------
step: 10	loss: 2132.9195618629456	speed (wps):2541.566927099544
step: 142	loss: 26765.295004844666	speed (wps):2600.4077572316064
step: 274	loss: 51989.46696996689	speed (wps):2602.2425134801956
step: 406	loss: 76846.30205631256	speed (wps):2603.0289777318494
step: 538	loss: 101864.94176387787	speed (wps):2603.452235816549
step: 670	loss: 126976.77003622055	speed (wps):2603.891826507593
step: 802	loss: 151639.10233974457	speed (wps):2604.20288200732
step: 934	loss: 176538.31484794617	speed (wps):2604.6428517566737
step: 1066	loss: 201444.2056632042	speed (wps):2604.6851877276326
step: 1198	loss: 226077.32790231705	speed (wps):2604.8383820086915
epoch: 13	train ppl: 217.96878834944246	val ppl: 204.29828071474455	best val: 204.29828071474455	time (s) spent in epoch: 363.6878945827484

EPOCH 14 ------------------
step: 10	loss: 2129.342577457428	speed (wps):2543.935054005609
step: 142	loss: 26624.23777103424	speed (wps):2600.636547630763
step: 274	loss: 51741.22729301453	speed (wps):2603.3407635807
step: 406	loss: 76499.10943031311	speed (wps):2604.1301496886035
step: 538	loss: 101392.68699645996	speed (wps):2604.4530366353847
step: 670	loss: 126333.95919561386	speed (wps):2604.612092442786
step: 802	loss: 150893.9858698845	speed (wps):2604.7578403440048
step: 934	loss: 175675.03213882446	speed (wps):2604.923741212713
step: 1066	loss: 200462.89057970047	speed (wps):2605.036681043374
step: 1198	loss: 224972.41117477417	speed (wps):2605.173569229105
epoch: 14	train ppl: 212.22805439404655	val ppl: 199.21692600607543	best val: 199.21692600607543	time (s) spent in epoch: 363.6396903991699

EPOCH 15 ------------------
step: 10	loss: 2122.4264812469482	speed (wps):2551.25501592829
step: 142	loss: 26516.30761384964	speed (wps):2601.4088594163636
step: 274	loss: 51525.28985738754	speed (wps):2603.7006577295197
step: 406	loss: 76170.30537605286	speed (wps):2604.626769654696
step: 538	loss: 100957.6802778244	speed (wps):2605.5952633281563
step: 670	loss: 125812.37052202225	speed (wps):2605.6804768128895
step: 802	loss: 150240.40717601776	speed (wps):2605.810252405571
step: 934	loss: 174940.6300830841	speed (wps):2605.836365314833
step: 1066	loss: 199642.6849913597	speed (wps):2605.8619655419698
step: 1198	loss: 224056.4987897873	speed (wps):2605.869070717017
epoch: 15	train ppl: 207.61213748563912	val ppl: 196.93218569018387	best val: 196.93218569018387	time (s) spent in epoch: 363.55637431144714

EPOCH 16 ------------------
step: 10	loss: 2109.197289943695	speed (wps):2547.4148537238425
step: 142	loss: 26396.310875415802	speed (wps):2601.501817833047
step: 274	loss: 51266.45267486572	speed (wps):2603.720523687889
step: 406	loss: 75803.29725980759	speed (wps):2604.640837976486
step: 538	loss: 100480.38410663605	speed (wps):2604.985692965661
step: 670	loss: 125238.3863735199	speed (wps):2605.1588250315954
step: 802	loss: 149596.3883137703	speed (wps):2605.249732660917
step: 934	loss: 174201.08333349228	speed (wps):2605.425680891017
step: 1066	loss: 198789.44403409958	speed (wps):2605.7200969159903
step: 1198	loss: 223113.8946056366	speed (wps):2606.271759591883
epoch: 16	train ppl: 203.07938358007098	val ppl: 195.09745052646858	best val: 195.09745052646858	time (s) spent in epoch: 363.5075604915619

EPOCH 17 ------------------
step: 10	loss: 2102.3631048202515	speed (wps):2554.09845763051
step: 142	loss: 26294.13375377655	speed (wps):2600.1476545085648
step: 274	loss: 51107.61035442352	speed (wps):2600.725952409699
step: 406	loss: 75510.94796180725	speed (wps):2600.3137909925454
step: 538	loss: 100105.18678426743	speed (wps):2601.3377796566383
step: 670	loss: 124735.80736398697	speed (wps):2600.8379009777536
step: 802	loss: 148995.67584991455	speed (wps):2600.746678554761
step: 934	loss: 173518.5716676712	speed (wps):2600.4159080531135
step: 1066	loss: 198020.13226747513	speed (wps):2600.3497845639426
step: 1198	loss: 222210.29418468475	speed (wps):2600.267518078563
epoch: 17	train ppl: 198.80095555130714	val ppl: 193.64048996442386	best val: 193.64048996442386	time (s) spent in epoch: 364.4158093929291

EPOCH 18 ------------------
step: 10	loss: 2090.4154181480408	speed (wps):2544.138459263673
step: 142	loss: 26177.35756635666	speed (wps):2591.1316227138523
step: 274	loss: 50896.15419626236	speed (wps):2593.067039313034
step: 406	loss: 75215.97108364105	speed (wps):2595.247708454296
step: 538	loss: 99721.97425842285	speed (wps):2596.318800657748
step: 670	loss: 124285.96278905869	speed (wps):2596.4226256980196
step: 802	loss: 148438.9120054245	speed (wps):2595.9447319371243
step: 934	loss: 172866.94946050644	speed (wps):2595.8540753588068
step: 1066	loss: 197274.83577013016	speed (wps):2596.3685855480126
step: 1198	loss: 221386.68791770935	speed (wps):2596.7739886022705
epoch: 18	train ppl: 194.96553171829677	val ppl: 191.23444906282793	best val: 191.23444906282793	time (s) spent in epoch: 364.8006868362427

EPOCH 19 ------------------
step: 10	loss: 2083.9185070991516	speed (wps):2541.3873304965546
step: 142	loss: 26082.776930332184	speed (wps):2594.482827720839
step: 274	loss: 50708.090279102325	speed (wps):2598.7473834728717
step: 406	loss: 74956.04677677155	speed (wps):2600.342106294341
step: 538	loss: 99352.18198299408	speed (wps):2600.9021276603576
step: 670	loss: 123809.02665615082	speed (wps):2600.672660543623
step: 802	loss: 147882.38513231277	speed (wps):2600.816989754245
step: 934	loss: 172235.91470718384	speed (wps):2601.271752876266
step: 1066	loss: 196562.36707687378	speed (wps):2601.533103695752
step: 1198	loss: 220599.67597961426	speed (wps):2601.5786495214165
epoch: 19	train ppl: 191.45619816740913	val ppl: 189.30903102505795	best val: 189.30903102505795	time (s) spent in epoch: 364.25509786605835

EPOCH 20 ------------------
step: 10	loss: 2080.797941684723	speed (wps):2545.296584946578
step: 142	loss: 25990.72497367859	speed (wps):2599.459263961744
step: 274	loss: 50567.12023019791	speed (wps):2602.0010751238524
step: 406	loss: 74719.99975204468	speed (wps):2602.2049478938143
step: 538	loss: 99046.19333744049	speed (wps):2601.1357330175197
step: 670	loss: 123459.93807554245	speed (wps):2601.220532674552
step: 802	loss: 147446.47759199142	speed (wps):2601.756346058681
step: 934	loss: 171706.2403011322	speed (wps):2602.033883700999
step: 1066	loss: 195974.93954658508	speed (wps):2601.930837799577
step: 1198	loss: 219901.76072359085	speed (wps):2601.443589518212
epoch: 20	train ppl: 188.1784751532384	val ppl: 187.62666841816457	best val: 187.62666841816457	time (s) spent in epoch: 364.1998887062073

EPOCH 21 ------------------
step: 10	loss: 2071.54292345047	speed (wps):2545.0619071631722
step: 142	loss: 25930.390214920044	speed (wps):2599.67660344353
step: 274	loss: 50428.77116918564	speed (wps):2600.978540944636
step: 406	loss: 74503.82776498795	speed (wps):2600.0591450866505
step: 538	loss: 98743.94192695618	speed (wps):2600.5283882339413
step: 670	loss: 123072.73538827896	speed (wps):2601.242548531128
step: 802	loss: 146967.89435863495	speed (wps):2601.7109621775803
step: 934	loss: 171172.92125225067	speed (wps):2601.752181982478
step: 1066	loss: 195364.0712428093	speed (wps):2601.1285389511995
step: 1198	loss: 219252.792198658	speed (wps):2601.217746065716
epoch: 21	train ppl: 185.37065125694352	val ppl: 185.69906248309815	best val: 185.69906248309815	time (s) spent in epoch: 364.2098205089569

EPOCH 22 ------------------
step: 10	loss: 2066.8479228019714	speed (wps):2548.8730464558816
step: 142	loss: 25816.217358112335	speed (wps):2599.2524686794904
step: 274	loss: 50217.78459787369	speed (wps):2599.3815971294557
step: 406	loss: 74203.09559822083	speed (wps):2598.3686818136734
step: 538	loss: 98361.22906208038	speed (wps):2599.316039166668
step: 670	loss: 122606.98178768158	speed (wps):2599.9394637800924
step: 802	loss: 146430.94293355942	speed (wps):2600.088286958756
step: 934	loss: 170552.51232624054	speed (wps):2599.7973179132828
step: 1066	loss: 194648.26649188995	speed (wps):2599.579630994706
step: 1198	loss: 218409.83921051025	speed (wps):2599.9371655393174
epoch: 22	train ppl: 181.78225587923907	val ppl: 189.10691622165487	best val: 185.69906248309815	time (s) spent in epoch: 364.39114141464233

EPOCH 23 ------------------
step: 10	loss: 2061.6270089149475	speed (wps):2539.346753222348
step: 142	loss: 25747.420489788055	speed (wps):2595.656281059519
step: 274	loss: 50090.06326675415	speed (wps):2595.888784687268
step: 406	loss: 74015.3706073761	speed (wps):2597.934991668896
step: 538	loss: 98130.55772781372	speed (wps):2599.1197747738047
step: 670	loss: 122278.73280286789	speed (wps):2599.665514775928
step: 802	loss: 146057.00488567352	speed (wps):2599.569032814442
step: 934	loss: 170100.6957435608	speed (wps):2599.5803222021427
step: 1066	loss: 194153.25129032135	speed (wps):2599.9780950299023
step: 1198	loss: 217853.37809324265	speed (wps):2600.247206862887
epoch: 23	train ppl: 179.33722455614515	val ppl: 185.55869496098018	best val: 185.55869496098018	time (s) spent in epoch: 364.3817973136902

EPOCH 24 ------------------
step: 10	loss: 2064.161946773529	speed (wps):2537.9662488737904
step: 142	loss: 25681.994292736053	speed (wps):2591.9145075436995
step: 274	loss: 49945.4970908165	speed (wps):2596.868865229603
step: 406	loss: 73813.40989351273	speed (wps):2598.936727994222
step: 538	loss: 97827.26563930511	speed (wps):2599.7381466490738
step: 670	loss: 121945.6521821022	speed (wps):2599.809019540027
step: 802	loss: 145639.72402334213	speed (wps):2599.382269134461
step: 934	loss: 169628.28241109848	speed (wps):2599.885250621662
step: 1066	loss: 193581.89098358154	speed (wps):2600.2806535365885
step: 1198	loss: 217217.92291164398	speed (wps):2600.3634777379348
epoch: 24	train ppl: 176.71246521102853	val ppl: 182.9489319312041	best val: 182.9489319312041	time (s) spent in epoch: 364.42546010017395

EPOCH 25 ------------------
step: 10	loss: 2054.1017365455627	speed (wps):2539.4679532744967
step: 142	loss: 25602.940764427185	speed (wps):2596.943924309764
step: 274	loss: 49798.675706386566	speed (wps):2599.9719221001446
step: 406	loss: 73556.0423541069	speed (wps):2600.867680963465
step: 538	loss: 97508.1047296524	speed (wps):2600.8916248696128
step: 670	loss: 121555.61923980713	speed (wps):2600.36467268934
step: 802	loss: 145165.3062391281	speed (wps):2600.9017171176442
step: 934	loss: 169085.33311843872	speed (wps):2601.2396255748895
step: 1066	loss: 193013.7022614479	speed (wps):2601.3358148170378
step: 1198	loss: 216594.1197156906	speed (wps):2601.1287462069004
epoch: 25	train ppl: 174.10761401702322	val ppl: 181.2701509267791	best val: 181.2701509267791	time (s) spent in epoch: 364.25008726119995

EPOCH 26 ------------------
step: 10	loss: 2053.346562385559	speed (wps):2544.325660920294
step: 142	loss: 25564.698717594147	speed (wps):2598.795238027209
step: 274	loss: 49727.85360813141	speed (wps):2600.4518041468828
step: 406	loss: 73446.65265083313	speed (wps):2600.108834661751
step: 538	loss: 97352.79915571213	speed (wps):2599.9412192251084
step: 670	loss: 121346.04531764984	speed (wps):2600.567847714071
step: 802	loss: 144897.63130426407	speed (wps):2600.92178795368
step: 934	loss: 168769.84901189804	speed (wps):2601.040202148329
step: 1066	loss: 192624.9146080017	speed (wps):2600.672650456576
step: 1198	loss: 216115.89832305908	speed (wps):2600.508048125793
epoch: 26	train ppl: 172.06586148128216	val ppl: 181.69566778287455	best val: 181.2701509267791	time (s) spent in epoch: 364.3208553791046

EPOCH 27 ------------------
step: 10	loss: 2045.9900522232056	speed (wps):2541.2175570488894
step: 142	loss: 25479.205005168915	speed (wps):2597.7250378987414
step: 274	loss: 49575.87526321411	speed (wps):2599.3780739809586
step: 406	loss: 73247.28283405304	speed (wps):2598.6298232538547
step: 538	loss: 97104.30164575577	speed (wps):2599.526890021549
step: 670	loss: 121004.88220214844	speed (wps):2600.194176398768
step: 802	loss: 144542.3937678337	speed (wps):2600.4895745459417
step: 934	loss: 168360.31039953232	speed (wps):2600.195274840563
step: 1066	loss: 192146.51562452316	speed (wps):2599.8703029963394
step: 1198	loss: 215574.843583107	speed (wps):2600.1788943619936
epoch: 27	train ppl: 169.82077784971665	val ppl: 182.5228183191914	best val: 181.2701509267791	time (s) spent in epoch: 364.3494234085083

EPOCH 28 ------------------
step: 10	loss: 2030.4345560073853	speed (wps):2540.670596916532
step: 142	loss: 25408.98365497589	speed (wps):2597.187625413252
step: 274	loss: 49454.438354969025	speed (wps):2597.524641229331
step: 406	loss: 73080.34411668777	speed (wps):2599.2302153013393
step: 538	loss: 96849.94235277176	speed (wps):2600.230923233654
step: 670	loss: 120739.2891907692	speed (wps):2600.638552791724
step: 802	loss: 144191.09105110168	speed (wps):2600.6719905180603
step: 934	loss: 167948.54269742966	speed (wps):2600.1696488785296
step: 1066	loss: 191686.8150663376	speed (wps):2600.547049110414
step: 1198	loss: 215093.3075785637	speed (wps):2600.906523976417
epoch: 28	train ppl: 167.9288279062987	val ppl: 179.6293419717988	best val: 179.6293419717988	time (s) spent in epoch: 364.2777063846588

EPOCH 29 ------------------
step: 10	loss: 2032.1679067611694	speed (wps):2543.3308416737777
step: 142	loss: 25349.252998828888	speed (wps):2594.1251225923106
step: 274	loss: 49325.10143280029	speed (wps):2597.220580782826
step: 406	loss: 72849.2931175232	speed (wps):2599.379811013883
step: 538	loss: 96580.91907262802	speed (wps):2600.595375958319
step: 670	loss: 120406.88191652298	speed (wps):2601.033018018942
step: 802	loss: 143791.47330999374	speed (wps):2600.7596089658514
step: 934	loss: 167452.57905960083	speed (wps):2601.0403155142253
step: 1066	loss: 191133.8128232956	speed (wps):2601.4032910857673
step: 1198	loss: 214451.208319664	speed (wps):2601.6568338912425
epoch: 29	train ppl: 165.45697245344027	val ppl: 180.15014710687763	best val: 179.6293419717988	time (s) spent in epoch: 364.2223618030548

EPOCH 30 ------------------
step: 10	loss: 2037.4972176551819	speed (wps):2541.12078233699
step: 142	loss: 25300.49881219864	speed (wps):2595.094684958994
step: 274	loss: 49252.304322719574	speed (wps):2599.1156137243147
step: 406	loss: 72735.3726029396	speed (wps):2600.305501357615
step: 538	loss: 96389.87024068832	speed (wps):2600.7001615093523
step: 670	loss: 120140.88846206665	speed (wps):2600.2054535794937
step: 802	loss: 143476.50071382523	speed (wps):2600.5631620586514
step: 934	loss: 167076.32668972015	speed (wps):2600.9453824306624
step: 1066	loss: 190692.78455495834	speed (wps):2601.207380452109
step: 1198	loss: 213958.50899219513	speed (wps):2601.073404262676
epoch: 30	train ppl: 163.47265592840992	val ppl: 177.840623627902	best val: 177.840623627902	time (s) spent in epoch: 364.3456964492798

EPOCH 31 ------------------
step: 10	loss: 2022.812602519989	speed (wps):2541.117983178149
step: 142	loss: 25230.745930671692	speed (wps):2598.367740435478
step: 274	loss: 49117.38047361374	speed (wps):2600.5924100492134
step: 406	loss: 72501.90601110458	speed (wps):2601.035276536247
step: 538	loss: 96113.91994953156	speed (wps):2600.086193454863
step: 670	loss: 119834.11919116974	speed (wps):2600.044977455723
step: 802	loss: 143112.545337677	speed (wps):2600.485885813998
step: 934	loss: 166700.74397802353	speed (wps):2600.728148221789
step: 1066	loss: 190268.47793102264	speed (wps):2600.810497967081
step: 1198	loss: 213469.8382782936	speed (wps):2600.2709753383656
epoch: 31	train ppl: 161.5682487407121	val ppl: 177.7133933327905	best val: 177.7133933327905	time (s) spent in epoch: 364.3502058982849

EPOCH 32 ------------------
step: 10	loss: 2017.2368741035461	speed (wps):2542.0612488002475
step: 142	loss: 25177.563304901123	speed (wps):2598.129155654652
step: 274	loss: 48997.566900253296	speed (wps):2599.955947780167
step: 406	loss: 72349.91967201233	speed (wps):2599.227518462039
step: 538	loss: 95918.04569005966	speed (wps):2599.8957157384916
step: 670	loss: 119550.4233455658	speed (wps):2600.374832402757
step: 802	loss: 142766.4480137825	speed (wps):2600.7355585614346
step: 934	loss: 166319.6640610695	speed (wps):2600.5802644228465
step: 1066	loss: 189832.20895051956	speed (wps):2600.037292099083
step: 1198	loss: 212978.00549268723	speed (wps):2600.229154635975
epoch: 32	train ppl: 159.74500196214223	val ppl: 177.36472985578075	best val: 177.36472985578075	time (s) spent in epoch: 364.3465943336487

EPOCH 33 ------------------
step: 10	loss: 2016.0658526420593	speed (wps):2537.7602399075045
step: 142	loss: 25087.281999588013	speed (wps):2596.361829279107
step: 274	loss: 48857.13222742081	speed (wps):2597.290226815857
step: 406	loss: 72182.02540874481	speed (wps):2598.9431774902773
step: 538	loss: 95673.03817987442	speed (wps):2599.959932798637
step: 670	loss: 119257.71839857101	speed (wps):2600.5444083669386
step: 802	loss: 142414.3658900261	speed (wps):2600.5640513072
step: 934	loss: 165863.52668523788	speed (wps):2599.942472986164
step: 1066	loss: 189336.0234618187	speed (wps):2600.2087874111085
step: 1198	loss: 212437.27173805237	speed (wps):2600.545764700265
epoch: 33	train ppl: 157.66003568054495	val ppl: 176.08218303110195	best val: 176.08218303110195	time (s) spent in epoch: 364.33872175216675

EPOCH 34 ------------------
step: 10	loss: 2009.4877648353577	speed (wps):2545.271309875107
step: 142	loss: 25085.811121463776	speed (wps):2593.772371334351
step: 274	loss: 48784.1427731514	speed (wps):2595.9288714346176
step: 406	loss: 72043.49021196365	speed (wps):2598.361065622943
step: 538	loss: 95458.7089586258	speed (wps):2599.479816871793
step: 670	loss: 118991.60581588745	speed (wps):2599.784266153249
step: 802	loss: 142133.7385725975	speed (wps):2599.2604180222866
step: 934	loss: 165564.43686246872	speed (wps):2599.4942292007145
step: 1066	loss: 188967.33792066574	speed (wps):2599.9727997284613
step: 1198	loss: 212002.94335603714	speed (wps):2600.224863931816
epoch: 34	train ppl: 156.01119837107308	val ppl: 177.40791461717097	best val: 176.08218303110195	time (s) spent in epoch: 364.40714287757874

EPOCH 35 ------------------
step: 10	loss: 2006.2783122062683	speed (wps):2538.158527490952
step: 142	loss: 24989.853267669678	speed (wps):2593.2303140957524
step: 274	loss: 48661.81322097778	speed (wps):2597.7990084591256
step: 406	loss: 71874.35631752014	speed (wps):2599.7255561814336
step: 538	loss: 95274.21444892883	speed (wps):2600.3642732791723
step: 670	loss: 118757.12105989456	speed (wps):2600.024467671715
step: 802	loss: 141830.10845899582	speed (wps):2600.1077315891307
step: 934	loss: 165197.8930926323	speed (wps):2600.5674364980646
step: 1066	loss: 188550.70423603058	speed (wps):2600.796841030135
step: 1198	loss: 211582.53957509995	speed (wps):2600.9363347420726
epoch: 35	train ppl: 154.40903730349376	val ppl: 175.79144199074364	best val: 175.79144199074364	time (s) spent in epoch: 364.35456442832947

EPOCH 36 ------------------
step: 10	loss: 2000.1470470428467	speed (wps):2537.7293314767194
step: 142	loss: 24977.697982788086	speed (wps):2597.1103333145184
step: 274	loss: 48605.800223350525	speed (wps):2599.8688376075743
step: 406	loss: 71778.15693616867	speed (wps):2600.560320033671
step: 538	loss: 95137.21657037735	speed (wps):2599.880219373507
step: 670	loss: 118575.77313423157	speed (wps):2599.4149837604105
step: 802	loss: 141604.15463924408	speed (wps):2599.8975953093304
step: 934	loss: 164936.54420375824	speed (wps):2600.3275379566044
step: 1066	loss: 188254.54785823822	speed (wps):2600.5494280809244
step: 1198	loss: 211197.35282182693	speed (wps):2600.2979691707355
epoch: 36	train ppl: 153.03969580834865	val ppl: 177.69918092690014	best val: 175.79144199074364	time (s) spent in epoch: 364.3828525543213

EPOCH 37 ------------------
step: 10	loss: 2004.7922134399414	speed (wps):2540.451758883106
step: 142	loss: 24891.009216308594	speed (wps):2598.0629166749122
step: 274	loss: 48463.5186958313	speed (wps):2600.325123603149
step: 406	loss: 71583.24379682541	speed (wps):2600.607713926355
step: 538	loss: 94850.56111097336	speed (wps):2599.9765877212035
step: 670	loss: 118274.70739841461	speed (wps):2600.301694534526
step: 802	loss: 141270.2540898323	speed (wps):2600.7451149792623
step: 934	loss: 164559.66034412384	speed (wps):2601.01117341078
step: 1066	loss: 187828.77205848694	speed (wps):2600.693163106134
step: 1198	loss: 210755.11259317398	speed (wps):2600.3828668323895
epoch: 37	train ppl: 151.56931321364584	val ppl: 176.6514837029645	best val: 175.79144199074364	time (s) spent in epoch: 364.32891511917114

EPOCH 38 ------------------
step: 10	loss: 1994.0570211410522	speed (wps):2544.0574940623032
step: 142	loss: 24880.326578617096	speed (wps):2598.4081359957545
step: 274	loss: 48434.2639541626	speed (wps):2599.5699948765127
step: 406	loss: 71509.71200704575	speed (wps):2598.6445615246903
step: 538	loss: 94760.01991987228	speed (wps):2599.3708386535886
step: 670	loss: 118105.69535255432	speed (wps):2600.2584500887324
step: 802	loss: 141026.5461421013	speed (wps):2600.732110120489
step: 934	loss: 164258.22584152222	speed (wps):2600.809168198704
step: 1066	loss: 187483.9538025856	speed (wps):2600.4068313833777
step: 1198	loss: 210364.51847314835	speed (wps):2600.514433720613
epoch: 38	train ppl: 149.98309142705685	val ppl: 176.52390005832473	best val: 175.79144199074364	time (s) spent in epoch: 364.31756806373596

EPOCH 39 ------------------
step: 10	loss: 1994.949448108673	speed (wps):2543.1003309968924
step: 142	loss: 24829.176259040833	speed (wps):2597.036290802466
step: 274	loss: 48339.076862335205	speed (wps):2597.866746278462
step: 406	loss: 71366.3361787796	speed (wps):2599.3443357433193
step: 538	loss: 94574.80586767197	speed (wps):2600.480227581551
step: 670	loss: 117889.99156713486	speed (wps):2601.0194328425946
step: 802	loss: 140772.5819349289	speed (wps):2601.0550122135664
step: 934	loss: 163963.88649463654	speed (wps):2600.523334235303
step: 1066	loss: 187166.1665558815	speed (wps):2600.9010346705895
step: 1198	loss: 210020.05166053772	speed (wps):2601.229405584899
epoch: 39	train ppl: 148.90519796343608	val ppl: 176.0000492573835	best val: 175.79144199074364	time (s) spent in epoch: 364.2327482700348

DONE

Saving learning curves to RNN_ADAM_model=RNN_optimizer=ADAM_initial_lr=0.0001_batch_size=20_seq_len=35_hidden_size=1500_num_layers=2_dp_keep_prob=0.35_emb_size=100_0/learning_curves.npy
Set compute mode to DEFAULT for GPU 00000000:14:00.0.
All done.
