
########## Setting Up Experiment ######################

Putting log in RNN_ADAM_model=RNN_optimizer=ADAM_initial_lr=0.0001_batch_size=20_seq_len=35_hidden_size=1500_num_layers=2_dp_keep_prob=0.35_emb_size=400_0
Using the GPU
Loading data from data
  vocabulary size: 10000

########## Running Main Loop ##########################

EPOCH 0 ------------------
step: 10	loss: 3433.1160593032837	speed (wps):2315.4857688152115
step: 142	loss: 36332.95689344406	speed (wps):2451.1301340396544
step: 274	loss: 67339.38284635544	speed (wps):2450.1786163016773
step: 406	loss: 97518.24491500854	speed (wps):2447.43381788817
step: 538	loss: 127446.46746873856	speed (wps):2446.292212506446
step: 670	loss: 157098.52016687393	speed (wps):2445.1241420131237
step: 802	loss: 186177.5969338417	speed (wps):2443.8852502314107
step: 934	loss: 215131.84462547302	speed (wps):2443.3679003967336
step: 1066	loss: 243857.5003862381	speed (wps):2442.8954282333943
step: 1198	loss: 272295.01468896866	speed (wps):2442.217301034569
epoch: 0	train ppl: 634.7623516477611	val ppl: 373.0724135659606	best val: 373.0724135659606	time (s) spent in epoch: 388.1456518173218

EPOCH 1 ------------------
step: 10	loss: 2398.7738609313965	speed (wps):2378.299598313901
step: 142	loss: 30243.63511323929	speed (wps):2425.215560651434
step: 274	loss: 58438.3882856369	speed (wps):2426.8556004489487
step: 406	loss: 86232.20943450928	speed (wps):2429.0666597325003
step: 538	loss: 114101.19405269623	speed (wps):2430.9907491323447
step: 670	loss: 141932.0903658867	speed (wps):2432.764858087012
step: 802	loss: 169257.47552633286	speed (wps):2433.828512083682
step: 934	loss: 196613.86346578598	speed (wps):2434.8710170318304
step: 1066	loss: 223912.25712060928	speed (wps):2435.0822888732564
step: 1198	loss: 250965.48139572144	speed (wps):2435.5055114509632
epoch: 1	train ppl: 390.8100564925346	val ppl: 292.4588193878861	best val: 292.4588193878861	time (s) spent in epoch: 389.0530381202698

EPOCH 2 ------------------
step: 10	loss: 2304.187116622925	speed (wps):2388.3336002966325
step: 142	loss: 29037.427549362183	speed (wps):2432.515796222823
step: 274	loss: 56223.650295734406	speed (wps):2435.387202978618
step: 406	loss: 83069.22570943832	speed (wps):2436.124196941636
step: 538	loss: 110045.84851503372	speed (wps):2436.255103307343
step: 670	loss: 136984.1118645668	speed (wps):2436.873834084551
step: 802	loss: 163490.4530787468	speed (wps):2437.131333209614
step: 934	loss: 190055.75635671616	speed (wps):2437.2921359208885
step: 1066	loss: 216642.11867809296	speed (wps):2437.5246566939945
step: 1198	loss: 242953.15797567368	speed (wps):2437.583640230824
epoch: 2	train ppl: 323.7897396213353	val ppl: 256.8254611107156	best val: 256.8254611107156	time (s) spent in epoch: 388.7604503631592

EPOCH 3 ------------------
step: 10	loss: 2251.803607940674	speed (wps):2389.541583805762
step: 142	loss: 28296.75330400467	speed (wps):2433.7899193082235
step: 274	loss: 54885.06098031998	speed (wps):2434.4484128835934
step: 406	loss: 81136.93066596985	speed (wps):2435.8655763945303
step: 538	loss: 107485.75307130814	speed (wps):2436.362408470632
step: 670	loss: 133850.07419586182	speed (wps):2436.091466082432
step: 802	loss: 159792.83500432968	speed (wps):2436.459707306239
step: 934	loss: 185812.62175798416	speed (wps):2437.0122059134096
step: 1066	loss: 211850.60417175293	speed (wps):2436.99376426813
step: 1198	loss: 237631.88850402832	speed (wps):2437.395201154117
epoch: 3	train ppl: 285.89605662807793	val ppl: 232.88958288344656	best val: 232.88958288344656	time (s) spent in epoch: 388.7768361568451

EPOCH 4 ------------------
step: 10	loss: 2209.8899483680725	speed (wps):2383.880327012983
step: 142	loss: 27763.821213245392	speed (wps):2431.940045925774
step: 274	loss: 53895.26210784912	speed (wps):2433.457494379865
step: 406	loss: 79654.4412112236	speed (wps):2434.3519958485704
step: 538	loss: 105576.98390007019	speed (wps):2434.612555857089
step: 670	loss: 131499.5735692978	speed (wps):2434.912406304769
step: 802	loss: 156987.23884820938	speed (wps):2435.2908021355797
step: 934	loss: 182604.50756072998	speed (wps):2435.6787934619274
step: 1066	loss: 208244.62616205215	speed (wps):2435.976691205754
step: 1198	loss: 233602.82604455948	speed (wps):2436.1674111513294
epoch: 4	train ppl: 259.90220989489325	val ppl: 218.41914876719733	best val: 218.41914876719733	time (s) spent in epoch: 388.99124670028687

EPOCH 5 ------------------
step: 10	loss: 2184.9775290489197	speed (wps):2391.891245557716
step: 142	loss: 27370.45331478119	speed (wps):2435.463189146739
step: 274	loss: 53137.30737686157	speed (wps):2436.430393727698
step: 406	loss: 78527.24581956863	speed (wps):2435.8510526847135
step: 538	loss: 104062.22244501114	speed (wps):2436.450205520049
step: 670	loss: 129643.3931684494	speed (wps):2436.768983361274
step: 802	loss: 154792.86382436752	speed (wps):2436.716186255196
step: 934	loss: 180060.3898859024	speed (wps):2436.8196875012786
step: 1066	loss: 205359.91053819656	speed (wps):2437.166424602224
step: 1198	loss: 230383.730905056	speed (wps):2437.287081796638
epoch: 5	train ppl: 240.79169244813767	val ppl: 206.01406199678576	best val: 206.01406199678576	time (s) spent in epoch: 388.7865083217621

EPOCH 6 ------------------
step: 10	loss: 2158.645668029785	speed (wps):2387.325174062715
step: 142	loss: 27006.744005680084	speed (wps):2432.2344248328377
step: 274	loss: 52490.57104587555	speed (wps):2434.736015607042
step: 406	loss: 77590.61967611313	speed (wps):2436.3065837862982
step: 538	loss: 102813.21528673172	speed (wps):2436.24778594133
step: 670	loss: 128083.84704351425	speed (wps):2436.428255203273
step: 802	loss: 152934.65999603271	speed (wps):2436.7109352611014
step: 934	loss: 177962.48229026794	speed (wps):2436.828463242448
step: 1066	loss: 202983.3083295822	speed (wps):2436.8692277857326
step: 1198	loss: 227718.99731874466	speed (wps):2437.248523700724
epoch: 6	train ppl: 226.20321732054748	val ppl: 195.7258021156198	best val: 195.7258021156198	time (s) spent in epoch: 388.86359548568726

EPOCH 7 ------------------
step: 10	loss: 2136.92617893219	speed (wps):2380.998394513996
step: 142	loss: 26724.9299120903	speed (wps):2421.724384858253
step: 274	loss: 51939.7171664238	speed (wps):2424.2905600876156
step: 406	loss: 76746.7314529419	speed (wps):2424.000451760609
step: 538	loss: 101718.66378307343	speed (wps):2423.6559591667337
step: 670	loss: 126721.23847007751	speed (wps):2423.7604316213115
step: 802	loss: 151305.02304792404	speed (wps):2423.3312951201588
step: 934	loss: 176088.35011005402	speed (wps):2423.4028364189444
step: 1066	loss: 200879.12809371948	speed (wps):2423.2642477573468
step: 1198	loss: 225354.3107366562	speed (wps):2423.2380462789347
epoch: 7	train ppl: 213.93762048153826	val ppl: 188.23204613936994	best val: 188.23204613936994	time (s) spent in epoch: 391.0309348106384

EPOCH 8 ------------------
step: 10	loss: 2115.3814601898193	speed (wps):2370.3815742829106
step: 142	loss: 26463.379366397858	speed (wps):2417.4231880961092
step: 274	loss: 51442.265560626984	speed (wps):2420.8555127561453
step: 406	loss: 76008.25298547745	speed (wps):2421.3008609064163
step: 538	loss: 100744.53454494476	speed (wps):2421.776398507358
step: 670	loss: 125512.8212928772	speed (wps):2422.3082773057554
step: 802	loss: 149877.6876926422	speed (wps):2421.749841997353
step: 934	loss: 174444.26246404648	speed (wps):2422.046331011426
step: 1066	loss: 198992.56997823715	speed (wps):2422.246201355124
step: 1198	loss: 223261.7405629158	speed (wps):2422.076045340437
epoch: 8	train ppl: 203.4942240026417	val ppl: 184.73318446269138	best val: 184.73318446269138	time (s) spent in epoch: 391.18777084350586

EPOCH 9 ------------------
step: 10	loss: 2101.060538291931	speed (wps):2371.493967865281
step: 142	loss: 26215.431501865387	speed (wps):2419.470165728097
step: 274	loss: 51006.44303560257	speed (wps):2420.247098237848
step: 406	loss: 75373.58563899994	speed (wps):2420.6629336870933
step: 538	loss: 99891.14780664444	speed (wps):2421.4489241267443
step: 670	loss: 124462.44065999985	speed (wps):2421.1731577540722
step: 802	loss: 148608.262693882	speed (wps):2421.4850805820306
step: 934	loss: 172994.31257247925	speed (wps):2421.5583339172276
step: 1066	loss: 197383.4696817398	speed (wps):2421.478981272356
step: 1198	loss: 221445.10108709335	speed (wps):2421.6106953720846
epoch: 9	train ppl: 195.0619151778696	val ppl: 178.90092564317388	best val: 178.90092564317388	time (s) spent in epoch: 391.286789894104

EPOCH 10 ------------------
step: 10	loss: 2085.4078435897827	speed (wps):2376.64918504675
step: 142	loss: 25988.18110704422	speed (wps):2418.0895123478927
step: 274	loss: 50579.24886226654	speed (wps):2420.805147047051
step: 406	loss: 74727.16066360474	speed (wps):2420.566159827945
step: 538	loss: 99083.90716791153	speed (wps):2422.1301119142063
step: 670	loss: 123444.30347204208	speed (wps):2424.0234285085003
step: 802	loss: 147378.91848564148	speed (wps):2425.521749386962
step: 934	loss: 171592.4747300148	speed (wps):2426.9651353146824
step: 1066	loss: 195789.77058887482	speed (wps):2428.191276470872
step: 1198	loss: 219663.04696559906	speed (wps):2429.051172013716
epoch: 10	train ppl: 186.94335364623439	val ppl: 173.2730722858213	best val: 173.2730722858213	time (s) spent in epoch: 390.0245101451874

EPOCH 11 ------------------
step: 10	loss: 2066.061556339264	speed (wps):2384.0487343027066
step: 142	loss: 25797.630150318146	speed (wps):2434.6578842120316
step: 274	loss: 50208.345363140106	speed (wps):2435.43303495226
step: 406	loss: 74167.89245605469	speed (wps):2435.7142006723484
step: 538	loss: 98309.32453632355	speed (wps):2436.1849169137968
step: 670	loss: 122509.85678434372	speed (wps):2435.9691282813537
step: 802	loss: 146287.21791505814	speed (wps):2436.341704836215
step: 934	loss: 170330.4115152359	speed (wps):2436.5597664679713
step: 1066	loss: 194338.1831431389	speed (wps):2436.661091941006
step: 1198	loss: 218014.85617160797	speed (wps):2436.925385632933
epoch: 11	train ppl: 179.88620190032242	val ppl: 169.27408391686518	best val: 169.27408391686518	time (s) spent in epoch: 388.8090310096741

EPOCH 12 ------------------
step: 10	loss: 2055.2746772766113	speed (wps):2391.038943943648
step: 142	loss: 25618.990514278412	speed (wps):2435.2684554082734
step: 274	loss: 49882.0348739624	speed (wps):2437.711276132636
step: 406	loss: 73694.72044467926	speed (wps):2437.8249938032145
step: 538	loss: 97709.74147081375	speed (wps):2437.690227505205
step: 670	loss: 121750.14503717422	speed (wps):2437.3805337458493
step: 802	loss: 145390.63940048218	speed (wps):2437.6225647383244
step: 934	loss: 169282.52382993698	speed (wps):2437.472037698428
step: 1066	loss: 193166.03026390076	speed (wps):2437.4115051206327
step: 1198	loss: 216680.63514709473	speed (wps):2437.4307648984627
epoch: 12	train ppl: 174.20028163670244	val ppl: 167.1487237730735	best val: 167.1487237730735	time (s) spent in epoch: 388.7959158420563

EPOCH 13 ------------------
step: 10	loss: 2042.7579021453857	speed (wps):2388.520831943561
step: 142	loss: 25466.731605529785	speed (wps):2433.715091615107
step: 274	loss: 49571.971418857574	speed (wps):2436.7928376300815
step: 406	loss: 73213.38265895844	speed (wps):2438.4968653602205
step: 538	loss: 97042.36144304276	speed (wps):2438.1893358181646
step: 670	loss: 120926.48493051529	speed (wps):2437.491743174632
step: 802	loss: 144371.53969049454	speed (wps):2436.6466457878523
step: 934	loss: 168119.59227323532	speed (wps):2435.093910636802
step: 1066	loss: 191845.4585504532	speed (wps):2433.5169803170047
step: 1198	loss: 215216.69902086258	speed (wps):2432.3256551315817
epoch: 13	train ppl: 168.31579663867453	val ppl: 164.1721597505673	best val: 164.1721597505673	time (s) spent in epoch: 389.83153009414673

EPOCH 14 ------------------
step: 10	loss: 2035.1259016990662	speed (wps):2369.2274669264375
step: 142	loss: 25258.573269844055	speed (wps):2415.7557581735273
step: 274	loss: 49240.694143772125	speed (wps):2418.1599510473598
step: 406	loss: 72719.03279304504	speed (wps):2418.251392284737
step: 538	loss: 96445.99761009216	speed (wps):2418.7271424885885
step: 670	loss: 120168.6219573021	speed (wps):2418.5916658954948
step: 802	loss: 143471.70295715332	speed (wps):2418.3418309071944
step: 934	loss: 167097.0629954338	speed (wps):2418.6506690128135
step: 1066	loss: 190707.62164354324	speed (wps):2418.3835117233284
step: 1198	loss: 213961.75778150558	speed (wps):2418.444164363354
epoch: 14	train ppl: 163.4191051748253	val ppl: 161.34189501280608	best val: 161.34189501280608	time (s) spent in epoch: 391.77848649024963

EPOCH 15 ------------------
step: 10	loss: 2022.8717494010925	speed (wps):2368.8503695664785
step: 142	loss: 25144.902877807617	speed (wps):2414.864643920544
step: 274	loss: 49012.76542901993	speed (wps):2417.288496501731
step: 406	loss: 72349.95159864426	speed (wps):2418.0552725227867
step: 538	loss: 95894.78410959244	speed (wps):2418.3173429892413
step: 670	loss: 119511.29331111908	speed (wps):2418.970673955344
step: 802	loss: 142682.22884655	speed (wps):2419.1978293815205
step: 934	loss: 166177.2280406952	speed (wps):2418.9080383726373
step: 1066	loss: 189633.77825737	speed (wps):2419.1483789127738
step: 1198	loss: 212705.82828521729	speed (wps):2419.1831237718807
epoch: 15	train ppl: 158.519504025845	val ppl: 160.78563626192621	best val: 160.78563626192621	time (s) spent in epoch: 391.71313643455505

EPOCH 16 ------------------
step: 10	loss: 2008.5559177398682	speed (wps):2376.367810922709
step: 142	loss: 24971.835899353027	speed (wps):2417.2212108866274
step: 274	loss: 48709.13362979889	speed (wps):2418.883982546351
step: 406	loss: 71923.45185041428	speed (wps):2418.778677507728
step: 538	loss: 95344.84588861465	speed (wps):2419.6279059603635
step: 670	loss: 118802.07065343857	speed (wps):2419.7753635270865
step: 802	loss: 141860.9255862236	speed (wps):2419.7130539999825
step: 934	loss: 165246.17916107178	speed (wps):2419.827187509071
step: 1066	loss: 188602.990796566	speed (wps):2420.1984494249973
step: 1198	loss: 211544.90889072418	speed (wps):2421.1891197294767
epoch: 16	train ppl: 154.30312826873833	val ppl: 157.5663239192684	best val: 157.5663239192684	time (s) spent in epoch: 391.18632912635803

EPOCH 17 ------------------
step: 10	loss: 1992.2931957244873	speed (wps):2384.6447739470573
step: 142	loss: 24850.429282188416	speed (wps):2431.175810672818
step: 274	loss: 48456.57003879547	speed (wps):2434.2855217420547
step: 406	loss: 71527.26816654205	speed (wps):2434.6075371641023
step: 538	loss: 94837.07165002823	speed (wps):2435.446963245091
step: 670	loss: 118163.43158721924	speed (wps):2436.1493439093606
step: 802	loss: 141064.29179906845	speed (wps):2436.1374841179036
step: 934	loss: 164313.25326919556	speed (wps):2436.5085756507365
step: 1066	loss: 187542.53942251205	speed (wps):2436.688626532141
step: 1198	loss: 210366.3752746582	speed (wps):2436.619023181784
epoch: 17	train ppl: 150.03872404192256	val ppl: 155.78359975627868	best val: 155.78359975627868	time (s) spent in epoch: 388.9491653442383

EPOCH 18 ------------------
step: 10	loss: 1988.4627175331116	speed (wps):2388.9662432759765
step: 142	loss: 24712.020523548126	speed (wps):2425.518514801697
step: 274	loss: 48213.70052814484	speed (wps):2424.1213469864274
step: 406	loss: 71175.4489159584	speed (wps):2423.4586248170604
step: 538	loss: 94357.7813911438	speed (wps):2421.840338457118
step: 670	loss: 117594.24656391144	speed (wps):2420.6818468333404
step: 802	loss: 140401.0330939293	speed (wps):2420.4792575016095
step: 934	loss: 163555.82453489304	speed (wps):2419.652911436374
step: 1066	loss: 186686.68396949768	speed (wps):2419.3514708223975
step: 1198	loss: 209379.01836395264	speed (wps):2419.0811556111726
epoch: 18	train ppl: 146.4785490413346	val ppl: 154.90582997225926	best val: 154.90582997225926	time (s) spent in epoch: 391.7594106197357

EPOCH 19 ------------------
step: 10	loss: 1981.0932064056396	speed (wps):2370.7774326404037
step: 142	loss: 24575.284700393677	speed (wps):2413.6611632851204
step: 274	loss: 47944.18084144592	speed (wps):2414.4843477129266
step: 406	loss: 70792.09052562714	speed (wps):2415.944999267043
step: 538	loss: 93877.10705518723	speed (wps):2415.883510230535
step: 670	loss: 116984.60777759552	speed (wps):2415.8447872035117
step: 802	loss: 139673.78978013992	speed (wps):2416.4033650939705
step: 934	loss: 162700.36889076233	speed (wps):2416.3516548845346
step: 1066	loss: 185714.88006830215	speed (wps):2416.7125197088767
step: 1198	loss: 208299.89081144333	speed (wps):2416.835233520167
epoch: 19	train ppl: 142.84926039455027	val ppl: 152.22002550332817	best val: 152.22002550332817	time (s) spent in epoch: 392.09560918807983

EPOCH 20 ------------------
step: 10	loss: 1971.4310359954834	speed (wps):2368.586472831047
step: 142	loss: 24477.450668811798	speed (wps):2415.538216335598
step: 274	loss: 47761.2317943573	speed (wps):2415.7232150249165
step: 406	loss: 70475.10441541672	speed (wps):2416.0453851715897
step: 538	loss: 93414.176633358	speed (wps):2416.722373375394
step: 670	loss: 116418.3833527565	speed (wps):2416.4492577183555
step: 802	loss: 139000.42814016342	speed (wps):2416.6551853371907
step: 934	loss: 161937.62135982513	speed (wps):2416.8722387077064
step: 1066	loss: 184825.21921873093	speed (wps):2416.7877858923343
step: 1198	loss: 207295.13590574265	speed (wps):2416.983735659674
epoch: 20	train ppl: 139.56353049946455	val ppl: 151.06307311707752	best val: 151.06307311707752	time (s) spent in epoch: 392.04558062553406

EPOCH 21 ------------------
step: 10	loss: 1966.24027967453	speed (wps):2364.545040484311
step: 142	loss: 24374.245886802673	speed (wps):2412.098080009369
step: 274	loss: 47569.051394462585	speed (wps):2414.519771261583
step: 406	loss: 70205.69868326187	speed (wps):2415.0462307128864
step: 538	loss: 93049.51007604599	speed (wps):2415.9681039568786
step: 670	loss: 115969.12330389023	speed (wps):2416.160926760084
step: 802	loss: 138457.7223110199	speed (wps):2415.9299933843113
step: 934	loss: 161268.18137168884	speed (wps):2416.2128516903163
step: 1066	loss: 184057.4404811859	speed (wps):2416.435482849187
step: 1198	loss: 206411.72212839127	speed (wps):2416.2890971956053
epoch: 21	train ppl: 136.63925228853432	val ppl: 149.76964810740205	best val: 149.76964810740205	time (s) spent in epoch: 392.1189546585083

EPOCH 22 ------------------
step: 10	loss: 1949.060881137848	speed (wps):2366.243864340144
step: 142	loss: 24221.28200531006	speed (wps):2411.986460170516
step: 274	loss: 47304.61627006531	speed (wps):2416.280083240456
step: 406	loss: 69829.82427597046	speed (wps):2416.6263032141687
step: 538	loss: 92574.75394964218	speed (wps):2417.7703063290824
step: 670	loss: 115368.99673461914	speed (wps):2418.7071034029304
step: 802	loss: 137757.76348352432	speed (wps):2419.646819897393
step: 934	loss: 160492.09853887558	speed (wps):2421.3014211367513
step: 1066	loss: 183191.89717292786	speed (wps):2422.297785819521
step: 1198	loss: 205450.61698675156	speed (wps):2423.261472921414
epoch: 22	train ppl: 133.5422735182474	val ppl: 148.67302534109376	best val: 148.67302534109376	time (s) spent in epoch: 390.93107533454895

EPOCH 23 ------------------
step: 10	loss: 1949.2060947418213	speed (wps):2383.3298698354524
step: 142	loss: 24155.091922283173	speed (wps):2424.7949157473377
step: 274	loss: 47158.69807720184	speed (wps):2428.2322238214047
step: 406	loss: 69596.9188117981	speed (wps):2428.401844338684
step: 538	loss: 92248.10483455658	speed (wps):2428.9061409122164
step: 670	loss: 114967.5303196907	speed (wps):2429.193092358933
step: 802	loss: 137247.07931518555	speed (wps):2428.8605322604667
step: 934	loss: 159892.83544063568	speed (wps):2429.1916352234366
step: 1066	loss: 182496.73226356506	speed (wps):2429.2828673491226
step: 1198	loss: 204668.0740094185	speed (wps):2429.3898019191133
epoch: 23	train ppl: 131.02757074545394	val ppl: 149.74928036500876	best val: 148.67302534109376	time (s) spent in epoch: 390.00356221199036

EPOCH 24 ------------------
step: 10	loss: 1933.8221645355225	speed (wps):2385.5415069190817
step: 142	loss: 24030.4114818573	speed (wps):2424.1822499854698
step: 274	loss: 46944.76429224014	speed (wps):2427.6994841425685
step: 406	loss: 69244.27197217941	speed (wps):2428.6655361836583
step: 538	loss: 91821.2912273407	speed (wps):2428.8673704335456
step: 670	loss: 114421.78465127945	speed (wps):2429.346459565398
step: 802	loss: 136626.88858509064	speed (wps):2429.5581512388844
step: 934	loss: 159191.34960889816	speed (wps):2429.1750513122233
step: 1066	loss: 181720.86256980896	speed (wps):2429.2379340004545
step: 1198	loss: 203792.4932384491	speed (wps):2429.1749874172683
epoch: 24	train ppl: 128.4271150501617	val ppl: 148.7842363132857	best val: 148.67302534109376	time (s) spent in epoch: 390.10975551605225

EPOCH 25 ------------------
step: 10	loss: 1930.2799272537231	speed (wps):2377.9477964097973
step: 142	loss: 23961.509771347046	speed (wps):2425.2841365783097
step: 274	loss: 46791.576290130615	speed (wps):2426.713029968116
step: 406	loss: 69011.94061994553	speed (wps):2427.967216132343
step: 538	loss: 91472.86197423935	speed (wps):2428.0022645732934
step: 670	loss: 114002.7958893776	speed (wps):2428.026271018896
step: 802	loss: 136130.41560649872	speed (wps):2428.5514529517404
step: 934	loss: 158578.64725112915	speed (wps):2428.351407178418
step: 1066	loss: 181026.81933164597	speed (wps):2428.4884875243383
step: 1198	loss: 203007.8860616684	speed (wps):2428.625410284479
epoch: 25	train ppl: 125.9184443448691	val ppl: 146.6428346827764	best val: 146.6428346827764	time (s) spent in epoch: 390.1831238269806

EPOCH 26 ------------------
step: 10	loss: 1932.630865573883	speed (wps):2384.8451637018934
step: 142	loss: 23844.898524284363	speed (wps):2426.568167783319
step: 274	loss: 46564.375479221344	speed (wps):2427.135589462765
step: 406	loss: 68722.87382364273	speed (wps):2428.5381966757436
step: 538	loss: 91076.04494810104	speed (wps):2428.714138502445
step: 670	loss: 113516.38864517212	speed (wps):2428.7235435043026
step: 802	loss: 135500.11770248413	speed (wps):2429.122919597818
step: 934	loss: 157864.656727314	speed (wps):2428.7521381500496
step: 1066	loss: 180229.37836647034	speed (wps):2428.601821279385
step: 1198	loss: 202139.464533329	speed (wps):2428.6414482582722
epoch: 26	train ppl: 123.47958536739674	val ppl: 146.30202717024426	best val: 146.30202717024426	time (s) spent in epoch: 390.2086853981018

EPOCH 27 ------------------
step: 10	loss: 1909.2486548423767	speed (wps):2384.0753085771785
step: 142	loss: 23747.664206027985	speed (wps):2423.6009658918188
step: 274	loss: 46363.01352739334	speed (wps):2425.1979139399955
step: 406	loss: 68402.70911931992	speed (wps):2426.358636494046
step: 538	loss: 90688.32836389542	speed (wps):2427.9523365293235
step: 670	loss: 113029.9146437645	speed (wps):2428.637787664086
step: 802	loss: 134947.37145662308	speed (wps):2429.5972745785475
step: 934	loss: 157238.7083888054	speed (wps):2431.3425675525054
step: 1066	loss: 179496.6828584671	speed (wps):2432.545220217815
step: 1198	loss: 201282.63931512833	speed (wps):2433.0712633260764
epoch: 27	train ppl: 120.973816548594	val ppl: 146.55529372211342	best val: 146.30202717024426	time (s) spent in epoch: 389.3345990180969

EPOCH 28 ------------------
step: 10	loss: 1905.5224680900574	speed (wps):2390.0795258936487
step: 142	loss: 23673.515429496765	speed (wps):2433.391582516936
step: 274	loss: 46253.63357067108	speed (wps):2433.6539439898465
step: 406	loss: 68215.2329158783	speed (wps):2434.372046187359
step: 538	loss: 90430.0755405426	speed (wps):2434.5874386079354
step: 670	loss: 112724.74519252777	speed (wps):2434.088437726924
step: 802	loss: 134594.56543445587	speed (wps):2434.4807917350936
step: 934	loss: 156819.09941911697	speed (wps):2434.2231858052423
step: 1066	loss: 179017.69721269608	speed (wps):2433.9109817032763
step: 1198	loss: 200759.20523881912	speed (wps):2434.248276163102
epoch: 28	train ppl: 119.30927683805328	val ppl: 146.82647474413898	best val: 146.30202717024426	time (s) spent in epoch: 389.3008863925934

EPOCH 29 ------------------
step: 10	loss: 1894.6076154708862	speed (wps):2377.816488380291
step: 142	loss: 23550.670495033264	speed (wps):2423.710347301929
step: 274	loss: 46018.8351726532	speed (wps):2424.242518867192
step: 406	loss: 67933.17996501923	speed (wps):2423.433544100575
step: 538	loss: 90066.10345840454	speed (wps):2423.4253316220716
step: 670	loss: 112252.93222427368	speed (wps):2423.200391676714
step: 802	loss: 134031.6546201706	speed (wps):2422.7116265461154
step: 934	loss: 156162.46371269226	speed (wps):2422.881937734497
step: 1066	loss: 178265.14455795288	speed (wps):2423.0630866445
step: 1198	loss: 199920.4007768631	speed (wps):2422.895232404403
epoch: 29	train ppl: 117.07640258415297	val ppl: 145.20007323664748	best val: 145.20007323664748	time (s) spent in epoch: 391.0792977809906

EPOCH 30 ------------------
step: 10	loss: 1890.3397941589355	speed (wps):2377.7426121040826
step: 142	loss: 23479.38735485077	speed (wps):2418.0318846990704
step: 274	loss: 45890.831859111786	speed (wps):2420.657952409982
step: 406	loss: 67696.19299888611	speed (wps):2422.085935495896
step: 538	loss: 89773.53482961655	speed (wps):2421.668313869263
step: 670	loss: 111914.23002958298	speed (wps):2421.8852501895276
step: 802	loss: 133635.92421770096	speed (wps):2422.098520524224
step: 934	loss: 155730.10555267334	speed (wps):2421.9114197479703
step: 1066	loss: 177741.33585691452	speed (wps):2422.280365375457
step: 1198	loss: 199312.5861477852	speed (wps):2422.3252671018226
epoch: 30	train ppl: 115.42364981671679	val ppl: 145.00408220095758	best val: 145.00408220095758	time (s) spent in epoch: 391.1961019039154

EPOCH 31 ------------------
step: 10	loss: 1875.9575724601746	speed (wps):2374.2481941611363
step: 142	loss: 23403.928050994873	speed (wps):2420.26926202493
step: 274	loss: 45743.9435505867	speed (wps):2420.2236217525788
step: 406	loss: 67446.34418964386	speed (wps):2421.8587310184153
step: 538	loss: 89407.03138113022	speed (wps):2422.692071285235
step: 670	loss: 111457.66640901566	speed (wps):2422.48920880689
step: 802	loss: 133084.10738229752	speed (wps):2422.9717307607248
step: 934	loss: 155081.89096689224	speed (wps):2423.3516321790366
step: 1066	loss: 177036.9722723961	speed (wps):2423.091926589361
step: 1198	loss: 198524.83659267426	speed (wps):2423.2655881438486
epoch: 31	train ppl: 113.2322661677505	val ppl: 145.0954084657382	best val: 145.00408220095758	time (s) spent in epoch: 391.0559539794922

EPOCH 32 ------------------
step: 10	loss: 1881.4606857299805	speed (wps):2372.759232330217
step: 142	loss: 23341.435215473175	speed (wps):2420.2177247998106
step: 274	loss: 45602.56060838699	speed (wps):2421.83965041386
step: 406	loss: 67258.5747718811	speed (wps):2421.77980555314
step: 538	loss: 89144.08841371536	speed (wps):2422.2805602006174
step: 670	loss: 111108.45205783844	speed (wps):2422.327678550501
step: 802	loss: 132666.19052410126	speed (wps):2422.493698906513
step: 934	loss: 154575.30457258224	speed (wps):2422.893023404058
step: 1066	loss: 176454.93807315826	speed (wps):2422.7719968225883
step: 1198	loss: 197884.44857120514	speed (wps):2422.757191257208
epoch: 32	train ppl: 111.51317325056681	val ppl: 146.30932182509036	best val: 145.00408220095758	time (s) spent in epoch: 391.12638092041016

EPOCH 33 ------------------
step: 10	loss: 1870.152633190155	speed (wps):2374.979753268212
step: 142	loss: 23257.375631332397	speed (wps):2419.6751266846104
step: 274	loss: 45455.292501449585	speed (wps):2421.6467086236576
step: 406	loss: 67066.4786195755	speed (wps):2422.3334917879965
step: 538	loss: 88901.1402630806	speed (wps):2423.2020984451833
step: 670	loss: 110812.81011104584	speed (wps):2423.2258131588123
step: 802	loss: 132293.1826710701	speed (wps):2423.031540342435
step: 934	loss: 154134.93434667587	speed (wps):2423.1189053191706
step: 1066	loss: 175945.1277732849	speed (wps):2422.8915192816035
step: 1198	loss: 197284.22937631607	speed (wps):2423.0673960894646
epoch: 33	train ppl: 109.9513154481996	val ppl: 145.47092864198876	best val: 145.00408220095758	time (s) spent in epoch: 391.0960364341736

EPOCH 34 ------------------
step: 10	loss: 1866.8489527702332	speed (wps):2367.0938450111457
step: 142	loss: 23167.607805728912	speed (wps):2417.0582841903956
step: 274	loss: 45278.577625751495	speed (wps):2420.7051912213246
step: 406	loss: 66783.96991729736	speed (wps):2420.2112382136124
step: 538	loss: 88522.5349354744	speed (wps):2420.7617982880174
step: 670	loss: 110368.97371768951	speed (wps):2420.9116446614794
step: 802	loss: 131785.6280219555	speed (wps):2420.848980021039
step: 934	loss: 153584.65729117393	speed (wps):2421.032217273326
step: 1066	loss: 175344.64853405952	speed (wps):2420.8928281014114
step: 1198	loss: 196626.60999417305	speed (wps):2420.9564346034554
epoch: 34	train ppl: 108.21760617733277	val ppl: 146.01124187819167	best val: 145.00408220095758	time (s) spent in epoch: 391.37678599357605

EPOCH 35 ------------------
step: 10	loss: 1857.4048280715942	speed (wps):2367.103040141263
step: 142	loss: 23139.31373357773	speed (wps):2416.998270692736
step: 274	loss: 45208.33261013031	speed (wps):2419.037100218374
step: 406	loss: 66638.83016347885	speed (wps):2419.0030812299815
step: 538	loss: 88358.25670957565	speed (wps):2419.351513567376
step: 670	loss: 110154.59022283554	speed (wps):2419.805433067021
step: 802	loss: 131476.19935274124	speed (wps):2419.542011485291
step: 934	loss: 153191.54022455215	speed (wps):2420.2372956872528
step: 1066	loss: 174885.95968961716	speed (wps):2420.315706061993
step: 1198	loss: 196096.29140615463	speed (wps):2420.1214489969684
epoch: 35	train ppl: 106.91827310569715	val ppl: 145.3525526494926	best val: 145.00408220095758	time (s) spent in epoch: 391.48951268196106

EPOCH 36 ------------------
step: 10	loss: 1858.286874294281	speed (wps):2366.424874141345
step: 142	loss: 23041.631424427032	speed (wps):2416.133533461512
step: 274	loss: 45009.635989665985	speed (wps):2419.357508464568
step: 406	loss: 66395.8699798584	speed (wps):2419.941841632128
step: 538	loss: 88004.12789344788	speed (wps):2419.787212243715
step: 670	loss: 109733.16682577133	speed (wps):2420.977838764866
step: 802	loss: 131011.69882655144	speed (wps):2421.3705111091767
step: 934	loss: 152655.8296906948	speed (wps):2421.5877333328403
step: 1066	loss: 174276.16716980934	speed (wps):2421.726439408386
step: 1198	loss: 195457.36303925514	speed (wps):2421.8724760454247
epoch: 36	train ppl: 105.25920685843722	val ppl: 145.3866978581366	best val: 145.00408220095758	time (s) spent in epoch: 391.1845006942749

EPOCH 37 ------------------
step: 10	loss: 1856.6677784919739	speed (wps):2378.0558300218813
step: 142	loss: 22974.96726512909	speed (wps):2419.643778613841
step: 274	loss: 44921.78462982178	speed (wps):2422.0647807649752
step: 406	loss: 66203.65553379059	speed (wps):2423.139686716767
step: 538	loss: 87758.04856300354	speed (wps):2423.026196358495
step: 670	loss: 109390.14922857285	speed (wps):2423.5106035944377
step: 802	loss: 130604.39473628998	speed (wps):2423.5134167437013
step: 934	loss: 152215.29515028	speed (wps):2423.255508400388
step: 1066	loss: 173765.55131077766	speed (wps):2423.538268581642
step: 1198	loss: 194844.70990657806	speed (wps):2423.1637692688787
epoch: 37	train ppl: 103.73619916402886	val ppl: 146.3240152237403	best val: 145.00408220095758	time (s) spent in epoch: 391.04227352142334

EPOCH 38 ------------------
step: 10	loss: 1838.02978515625	speed (wps):2377.7475137053398
step: 142	loss: 22907.885239124298	speed (wps):2421.289994856609
step: 274	loss: 44771.97138786316	speed (wps):2421.10055560717
step: 406	loss: 66010.3634595871	speed (wps):2421.8361719462055
step: 538	loss: 87491.48950815201	speed (wps):2421.7442482026736
step: 670	loss: 109069.04912233353	speed (wps):2421.9494460568526
step: 802	loss: 130207.6576602459	speed (wps):2422.2923729248955
step: 934	loss: 151732.61191487312	speed (wps):2422.172469200711
step: 1066	loss: 173206.49011731148	speed (wps):2422.356432056791
step: 1198	loss: 194234.0268290043	speed (wps):2422.4358604251333
epoch: 38	train ppl: 102.23848527980648	val ppl: 144.5489320743427	best val: 144.5489320743427	time (s) spent in epoch: 391.17189168930054

EPOCH 39 ------------------
step: 10	loss: 1832.282440662384	speed (wps):2373.4321387002533
step: 142	loss: 22854.79370355606	speed (wps):2417.647055910476
step: 274	loss: 44691.04632139206	speed (wps):2419.0369262759045
step: 406	loss: 65836.19759082794	speed (wps):2420.5902741141967
step: 538	loss: 87244.61211204529	speed (wps):2420.883245298106
step: 670	loss: 108758.58981370926	speed (wps):2421.037836062384
step: 802	loss: 129870.72838664055	speed (wps):2421.576573837521
step: 934	loss: 151345.73248267174	speed (wps):2421.6165930044695
step: 1066	loss: 172784.93607640266	speed (wps):2421.7133123518474
step: 1198	loss: 193764.087985754	speed (wps):2422.1244923616164
epoch: 39	train ppl: 101.05632430381297	val ppl: 146.7789074132934	best val: 144.5489320743427	time (s) spent in epoch: 391.2457699775696

DONE

Saving learning curves to RNN_ADAM_model=RNN_optimizer=ADAM_initial_lr=0.0001_batch_size=20_seq_len=35_hidden_size=1500_num_layers=2_dp_keep_prob=0.35_emb_size=400_0/learning_curves.npy
Set compute mode to DEFAULT for GPU 00000000:11:00.0.
All done.
