
########## Setting Up Experiment ######################

Putting log in RNN_ADAM_model=RNN_optimizer=ADAM_initial_lr=0.0001_batch_size=20_seq_len=50_hidden_size=1500_num_layers=2_dp_keep_prob=0.35_0
Using the GPU
Loading data from data
  vocabulary size: 10000

########## Running Main Loop ##########################

EPOCH 0 ------------------
step: 10	loss: 4912.176752090454	speed (wps):2449.5981822446684
step: 102	loss: 38203.99720668793	speed (wps):2590.219788545889
step: 194	loss: 69452.61406898499	speed (wps):2593.481085222471
step: 286	loss: 99902.68745422363	speed (wps):2592.8944288452362
step: 378	loss: 130121.39611244202	speed (wps):2592.24320230873
step: 470	loss: 160084.3420267105	speed (wps):2591.45723524677
step: 562	loss: 189497.91119098663	speed (wps):2590.8981855833845
step: 654	loss: 218761.26255989075	speed (wps):2590.5497996962836
step: 746	loss: 247880.18519878387	speed (wps):2590.129726505383
step: 838	loss: 276701.1425733566	speed (wps):2589.5943954047775
epoch: 0	train ppl: 706.9673916744441	val ppl: 425.65405089367056	best val: 425.65405089367056	time (s) spent in epoch: 366.14483737945557

EPOCH 1 ------------------
step: 10	loss: 3446.542263031006	speed (wps):2539.738348953935
step: 102	loss: 31762.2487783432	speed (wps):2578.659014238403
step: 194	loss: 60342.54975318909	speed (wps):2581.032431679801
step: 286	loss: 88602.26006507874	speed (wps):2581.719702642503
step: 378	loss: 116944.57428455353	speed (wps):2582.957078773256
step: 470	loss: 145194.68302726746	speed (wps):2583.6379585571726
step: 562	loss: 172998.65853786469	speed (wps):2583.856668864115
step: 654	loss: 200809.41455364227	speed (wps):2583.9592397457445
step: 746	loss: 228636.718416214	speed (wps):2583.920727340282
step: 838	loss: 256171.3423013687	speed (wps):2584.1832692337325
epoch: 1	train ppl: 442.92759891274426	val ppl: 331.7650754072814	best val: 331.7650754072814	time (s) spent in epoch: 366.8195960521698

EPOCH 2 ------------------
step: 10	loss: 3328.8491010665894	speed (wps):2533.0353395791385
step: 102	loss: 30585.88433265686	speed (wps):2578.7707638820234
step: 194	loss: 58203.98135185242	speed (wps):2581.1421661182258
step: 286	loss: 85531.29663467407	speed (wps):2581.9580547539554
step: 378	loss: 112995.83549499512	speed (wps):2582.6611469640657
step: 470	loss: 140410.5633020401	speed (wps):2583.051268571469
step: 562	loss: 167401.99210643768	speed (wps):2583.285331626967
step: 654	loss: 194455.03976345062	speed (wps):2583.2327793836957
step: 746	loss: 221539.26815986633	speed (wps):2583.3626907542575
step: 838	loss: 248354.63905334473	speed (wps):2583.8217457786227
epoch: 2	train ppl: 369.1608472223034	val ppl: 290.67130219858086	best val: 290.67130219858086	time (s) spent in epoch: 366.8939745426178

EPOCH 3 ------------------
step: 10	loss: 3248.277473449707	speed (wps):2531.4235841633495
step: 102	loss: 29855.68857192993	speed (wps):2578.109088536783
step: 194	loss: 56886.9660615921	speed (wps):2580.511735719524
step: 286	loss: 83656.13524913788	speed (wps):2581.8057563949787
step: 378	loss: 110532.18672275543	speed (wps):2582.741418987764
step: 470	loss: 137392.17669963837	speed (wps):2583.279183560742
step: 562	loss: 163842.32630729675	speed (wps):2583.338928359465
step: 654	loss: 190392.06256866455	speed (wps):2583.248135555221
step: 746	loss: 216986.7506980896	speed (wps):2583.4203035626974
step: 838	loss: 243296.10090255737	speed (wps):2583.6524014827555
epoch: 3	train ppl: 327.8887850463709	val ppl: 265.36629519569146	best val: 265.36629519569146	time (s) spent in epoch: 366.90896439552307

EPOCH 4 ------------------
step: 10	loss: 3201.332926750183	speed (wps):2537.082580798139
step: 102	loss: 29375.759959220886	speed (wps):2578.9383911140308
step: 194	loss: 55999.224495887756	speed (wps):2580.4409859498587
step: 286	loss: 82316.86279773712	speed (wps):2581.291407410367
step: 378	loss: 108789.70346450806	speed (wps):2582.232902632677
step: 470	loss: 135258.5174560547	speed (wps):2582.7388273478036
step: 562	loss: 161333.51464271545	speed (wps):2582.798018526827
step: 654	loss: 187493.86613368988	speed (wps):2582.9710311338795
step: 746	loss: 213708.78760814667	speed (wps):2583.1434013191047
step: 838	loss: 239654.85146045685	speed (wps):2583.4067695410577
epoch: 4	train ppl: 300.75757974799956	val ppl: 246.12572996937018	best val: 246.12572996937018	time (s) spent in epoch: 366.9563081264496

EPOCH 5 ------------------
step: 10	loss: 3147.206950187683	speed (wps):2539.639510060254
step: 102	loss: 28986.783933639526	speed (wps):2578.867898506146
step: 194	loss: 55276.42273902893	speed (wps):2580.801296578244
step: 286	loss: 81266.59319400787	speed (wps):2581.9757489323947
step: 378	loss: 107378.25102806091	speed (wps):2582.5661781345834
step: 470	loss: 133476.3396501541	speed (wps):2582.9641745671483
step: 562	loss: 159245.94564437866	speed (wps):2582.933183075476
step: 654	loss: 185088.47749233246	speed (wps):2582.9336303677405
step: 746	loss: 211012.35072612762	speed (wps):2583.2287940889305
step: 838	loss: 236630.19721508026	speed (wps):2583.3720650848236
epoch: 5	train ppl: 280.108053317045	val ppl: 234.65117992914907	best val: 234.65117992914907	time (s) spent in epoch: 366.963173866272

EPOCH 6 ------------------
step: 10	loss: 3116.882824897766	speed (wps):2533.557929095283
step: 102	loss: 28640.432929992676	speed (wps):2578.804275270254
step: 194	loss: 54632.5909614563	speed (wps):2582.1043057657184
step: 286	loss: 80290.88957309723	speed (wps):2583.320700885226
step: 378	loss: 106130.90023994446	speed (wps):2583.3115316550325
step: 470	loss: 131972.00682163239	speed (wps):2583.233763537938
step: 562	loss: 157422.92895317078	speed (wps):2583.5834978588305
step: 654	loss: 183010.5926990509	speed (wps):2583.899461632058
step: 746	loss: 208644.9219942093	speed (wps):2584.108428516741
step: 838	loss: 233995.38443088531	speed (wps):2584.1016978028156
epoch: 6	train ppl: 263.3010304296328	val ppl: 222.4061134083757	best val: 222.4061134083757	time (s) spent in epoch: 366.8735225200653

EPOCH 7 ------------------
step: 10	loss: 3088.0911350250244	speed (wps):2528.6676382556275
step: 102	loss: 28347.872400283813	speed (wps):2579.152525072814
step: 194	loss: 54086.29603385925	speed (wps):2582.630806865236
step: 286	loss: 79515.66336154938	speed (wps):2583.462937293557
step: 378	loss: 105116.44213199615	speed (wps):2583.6854616014566
step: 470	loss: 130701.65300369263	speed (wps):2583.679162200399
step: 562	loss: 155933.96027088165	speed (wps):2583.954388947454
step: 654	loss: 181298.75311851501	speed (wps):2584.097250090804
step: 746	loss: 206703.61099243164	speed (wps):2584.082158599349
step: 838	loss: 231821.9292163849	speed (wps):2583.99707773194
epoch: 7	train ppl: 249.90308206563077	val ppl: 213.24804415242602	best val: 213.24804415242602	time (s) spent in epoch: 366.8780794143677

EPOCH 8 ------------------
step: 10	loss: 3061.970067024231	speed (wps):2537.733299678288
step: 102	loss: 28106.139183044434	speed (wps):2581.3868075671644
step: 194	loss: 53641.91393852234	speed (wps):2582.9363662753462
step: 286	loss: 78829.1160106659	speed (wps):2582.9260138320733
step: 378	loss: 104215.4797077179	speed (wps):2582.984111702574
step: 470	loss: 129622.99201488495	speed (wps):2583.2184685037596
step: 562	loss: 154628.87229919434	speed (wps):2583.5653393917005
step: 654	loss: 179799.26912784576	speed (wps):2583.695344487254
step: 746	loss: 204992.6488161087	speed (wps):2583.6395270992275
step: 838	loss: 229892.19529628754	speed (wps):2583.675331512012
epoch: 8	train ppl: 238.84746538891474	val ppl: 207.5104459734108	best val: 207.5104459734108	time (s) spent in epoch: 366.8988745212555

EPOCH 9 ------------------
step: 10	loss: 3046.1928606033325	speed (wps):2536.9416798643983
step: 102	loss: 27840.50190448761	speed (wps):2579.357685453178
step: 194	loss: 53169.14095878601	speed (wps):2581.283339120441
step: 286	loss: 78150.70815086365	speed (wps):2581.9148974823433
step: 378	loss: 103327.26831436157	speed (wps):2582.727806381075
step: 470	loss: 128526.53431892395	speed (wps):2583.276021740364
step: 562	loss: 153364.83008861542	speed (wps):2583.3760729204437
step: 654	loss: 178372.30718135834	speed (wps):2583.3407161025166
step: 746	loss: 203378.2347202301	speed (wps):2583.4970635701975
step: 838	loss: 228099.60567951202	speed (wps):2583.7274889803452
epoch: 9	train ppl: 228.85691646964747	val ppl: 202.34741735221715	best val: 202.34741735221715	time (s) spent in epoch: 366.8983988761902

EPOCH 10 ------------------
step: 10	loss: 3021.5524196624756	speed (wps):2533.4677784914434
step: 102	loss: 27630.87260723114	speed (wps):2577.6775420940867
step: 194	loss: 52806.52582645416	speed (wps):2580.3042520504264
step: 286	loss: 77638.01808357239	speed (wps):2581.65888540765
step: 378	loss: 102643.66869926453	speed (wps):2582.255977394787
step: 470	loss: 127646.27687931061	speed (wps):2582.3877318692766
step: 562	loss: 152278.8826227188	speed (wps):2582.460587022159
step: 654	loss: 177096.40078544617	speed (wps):2582.77992485909
step: 746	loss: 201930.33258914948	speed (wps):2583.1130067316412
step: 838	loss: 226479.7505378723	speed (wps):2583.1480874034924
epoch: 10	train ppl: 220.1990919447343	val ppl: 197.4004059499472	best val: 197.4004059499472	time (s) spent in epoch: 367.0021216869354

EPOCH 11 ------------------
step: 10	loss: 3000.397562980652	speed (wps):2532.8316200784193
step: 102	loss: 27471.343445777893	speed (wps):2578.438637232842
step: 194	loss: 52473.06942939758	speed (wps):2581.5685508041956
step: 286	loss: 77095.31199932098	speed (wps):2582.6937223609143
step: 378	loss: 101897.44217395782	speed (wps):2582.609734368271
step: 470	loss: 126740.82238674164	speed (wps):2582.8749319334047
step: 562	loss: 151227.15570926666	speed (wps):2583.00403117703
step: 654	loss: 175895.6705570221	speed (wps):2583.2894125472444
step: 746	loss: 200591.4538860321	speed (wps):2583.3931423403874
step: 838	loss: 224966.15135669708	speed (wps):2583.284611107926
epoch: 11	train ppl: 212.51525511229855	val ppl: 192.67398089241289	best val: 192.67398089241289	time (s) spent in epoch: 366.9935281276703

EPOCH 12 ------------------
step: 10	loss: 2980.0567150115967	speed (wps):2530.868832448594
step: 102	loss: 27271.827840805054	speed (wps):2579.5190433126177
step: 194	loss: 52109.2000246048	speed (wps):2582.2391189753175
step: 286	loss: 76589.40808773041	speed (wps):2583.160026681865
step: 378	loss: 101283.61928462982	speed (wps):2583.378060915057
step: 470	loss: 125978.59835624695	speed (wps):2583.7495871824012
step: 562	loss: 150280.63867092133	speed (wps):2583.9891788776195
step: 654	loss: 174811.55905723572	speed (wps):2584.0126916978647
step: 746	loss: 199355.86845874786	speed (wps):2583.877756992467
step: 838	loss: 223567.57831573486	speed (wps):2583.7919019493156
epoch: 12	train ppl: 205.67332660048692	val ppl: 187.01267145359168	best val: 187.01267145359168	time (s) spent in epoch: 366.8810918331146

EPOCH 13 ------------------
step: 10	loss: 2963.7285232543945	speed (wps):2534.6208820614875
step: 102	loss: 27135.423016548157	speed (wps):2579.680637018172
step: 194	loss: 51858.901834487915	speed (wps):2581.6669954844665
step: 286	loss: 76217.09468364716	speed (wps):2582.0251831555533
step: 378	loss: 100725.97939968109	speed (wps):2582.400819640826
step: 470	loss: 125280.94580173492	speed (wps):2582.959926064628
step: 562	loss: 149442.3785686493	speed (wps):2583.1914459118575
step: 654	loss: 173833.24751853943	speed (wps):2583.240479307685
step: 746	loss: 198235.9034061432	speed (wps):2583.3056683837435
step: 838	loss: 222339.90037441254	speed (wps):2583.429856419921
epoch: 13	train ppl: 199.67694550910923	val ppl: 184.67199146400225	best val: 184.67199146400225	time (s) spent in epoch: 366.9196672439575

EPOCH 14 ------------------
step: 10	loss: 2946.59686088562	speed (wps):2536.6659220439997
step: 102	loss: 26957.416582107544	speed (wps):2578.3692952942397
step: 194	loss: 51587.418842315674	speed (wps):2581.345727355404
step: 286	loss: 75757.47590065002	speed (wps):2582.027775098485
step: 378	loss: 100172.2264289856	speed (wps):2582.8016073961644
step: 470	loss: 124604.70473766327	speed (wps):2583.539110989366
step: 562	loss: 148646.58064842224	speed (wps):2583.67535975724
step: 654	loss: 172939.5431280136	speed (wps):2583.701086261163
step: 746	loss: 197243.8781261444	speed (wps):2583.7379965775904
step: 838	loss: 221197.35054969788	speed (wps):2583.9513053200194
epoch: 14	train ppl: 194.32641529642996	val ppl: 181.3352950250785	best val: 181.3352950250785	time (s) spent in epoch: 366.832496881485

EPOCH 15 ------------------
step: 10	loss: 2936.811137199402	speed (wps):2535.90549267307
step: 102	loss: 26791.182613372803	speed (wps):2579.7165751541406
step: 194	loss: 51250.93424320221	speed (wps):2582.091939557673
step: 286	loss: 75302.8650522232	speed (wps):2582.668033602172
step: 378	loss: 99595.15042304993	speed (wps):2583.3113175511266
step: 470	loss: 123889.26537036896	speed (wps):2583.7385032974457
step: 562	loss: 147798.43304157257	speed (wps):2583.651877066936
step: 654	loss: 171958.16502571106	speed (wps):2583.5432684494062
step: 746	loss: 196131.71293735504	speed (wps):2583.5501638677897
step: 838	loss: 219956.81066513062	speed (wps):2583.7701725997563
epoch: 15	train ppl: 188.83944207349245	val ppl: 178.4602078894042	best val: 178.4602078894042	time (s) spent in epoch: 366.8797571659088

EPOCH 16 ------------------
step: 10	loss: 2921.9911575317383	speed (wps):2539.3642835850533
step: 102	loss: 26683.147501945496	speed (wps):2580.313837007099
step: 194	loss: 51047.25019931793	speed (wps):2582.616470251042
step: 286	loss: 74997.63848781586	speed (wps):2582.92485551296
step: 378	loss: 99159.75604057312	speed (wps):2584.0039067643584
step: 470	loss: 123321.8816280365	speed (wps):2584.8464123463614
step: 562	loss: 147130.8611869812	speed (wps):2585.2492456218306
step: 654	loss: 171182.15010166168	speed (wps):2585.466125312241
step: 746	loss: 195240.4508113861	speed (wps):2585.4494597599514
step: 838	loss: 218958.01949501038	speed (wps):2585.4343464810145
epoch: 16	train ppl: 184.31483179239055	val ppl: 176.0736873126994	best val: 176.0736873126994	time (s) spent in epoch: 366.65118980407715

EPOCH 17 ------------------
step: 10	loss: 2909.1203927993774	speed (wps):2536.796470625818
step: 102	loss: 26533.94682407379	speed (wps):2581.770701519051
step: 194	loss: 50813.136196136475	speed (wps):2584.0767759208784
step: 286	loss: 74645.26708126068	speed (wps):2584.805520955269
step: 378	loss: 98686.71827316284	speed (wps):2584.752301191438
step: 470	loss: 122748.33109378815	speed (wps):2585.2369198730066
step: 562	loss: 146432.04762935638	speed (wps):2585.5772456559553
step: 654	loss: 170385.47689914703	speed (wps):2585.705566344059
step: 746	loss: 194317.97456741333	speed (wps):2585.8873355838996
step: 838	loss: 217888.28151226044	speed (wps):2585.8946758937745
epoch: 17	train ppl: 179.75081917460165	val ppl: 173.83632317056512	best val: 173.83632317056512	time (s) spent in epoch: 366.58074426651

EPOCH 18 ------------------
step: 10	loss: 2900.4127502441406	speed (wps):2539.8418095019993
step: 102	loss: 26399.80993270874	speed (wps):2582.607117025035
step: 194	loss: 50549.79772567749	speed (wps):2584.5941582236537
step: 286	loss: 74255.14640808105	speed (wps):2585.3199721995557
step: 378	loss: 98187.85202503204	speed (wps):2585.431399914122
step: 470	loss: 122157.47601985931	speed (wps):2585.426616265521
step: 562	loss: 145754.28986549377	speed (wps):2585.7460945287567
step: 654	loss: 169626.33242607117	speed (wps):2585.909636143976
step: 746	loss: 193471.58255577087	speed (wps):2585.9999225969223
step: 838	loss: 216930.55572509766	speed (wps):2585.882324638982
epoch: 18	train ppl: 175.73313661851944	val ppl: 171.45644908008384	best val: 171.45644908008384	time (s) spent in epoch: 366.63386034965515

EPOCH 19 ------------------
step: 10	loss: 2893.2939291000366	speed (wps):2540.1414732138114
step: 102	loss: 26296.855998039246	speed (wps):2582.6963112885815
step: 194	loss: 50344.81852054596	speed (wps):2584.947794874413
step: 286	loss: 73950.3054857254	speed (wps):2585.12395129534
step: 378	loss: 97776.25138759613	speed (wps):2584.9080831672873
step: 470	loss: 121640.20392894745	speed (wps):2585.004823520776
step: 562	loss: 145106.23457431793	speed (wps):2585.4324005348512
step: 654	loss: 168863.10424804688	speed (wps):2585.746177188772
step: 746	loss: 192605.29353618622	speed (wps):2585.920821891284
step: 838	loss: 215942.7847623825	speed (wps):2585.918981607561
epoch: 19	train ppl: 171.66181493735766	val ppl: 170.28056767940024	best val: 170.28056767940024	time (s) spent in epoch: 366.36875796318054

EPOCH 20 ------------------
step: 10	loss: 2870.7299947738647	speed (wps):2547.780622245371
step: 102	loss: 26209.551215171814	speed (wps):2594.5951192112757
step: 194	loss: 50187.67766952515	speed (wps):2597.872096018408
step: 286	loss: 73697.18415737152	speed (wps):2599.070605283889
step: 378	loss: 97466.48075580597	speed (wps):2599.4698586055556
step: 470	loss: 121217.90542602539	speed (wps):2599.967049471623
step: 562	loss: 144585.9830379486	speed (wps):2600.283337886522
step: 654	loss: 168262.939786911	speed (wps):2600.5056048180145
step: 746	loss: 191898.85613918304	speed (wps):2600.603228010759
step: 838	loss: 215140.1233434677	speed (wps):2600.686200583442
epoch: 20	train ppl: 168.35624464283947	val ppl: 167.69721622001765	best val: 167.69721622001765	time (s) spent in epoch: 364.45396733283997

EPOCH 21 ------------------
step: 10	loss: 2861.681079864502	speed (wps):2549.591497556777
step: 102	loss: 26092.724561691284	speed (wps):2596.1112173427387
step: 194	loss: 49982.60221481323	speed (wps):2598.5037569061806
step: 286	loss: 73397.70202636719	speed (wps):2599.1376780389455
step: 378	loss: 97041.68276786804	speed (wps):2599.619431535634
step: 470	loss: 120705.85191249847	speed (wps):2599.813149349669
step: 562	loss: 144001.6110420227	speed (wps):2600.0511788978274
step: 654	loss: 167569.17645931244	speed (wps):2600.3278021071073
step: 746	loss: 191145.66476345062	speed (wps):2600.3532477303543
step: 838	loss: 214310.7778787613	speed (wps):2600.448804923756
epoch: 21	train ppl: 165.08577659436173	val ppl: 165.8496452346598	best val: 165.8496452346598	time (s) spent in epoch: 364.4615738391876

EPOCH 22 ------------------
step: 10	loss: 2849.966073036194	speed (wps):2547.6984603759556
step: 102	loss: 25999.303317070007	speed (wps):2594.8404293184967
step: 194	loss: 49798.761892318726	speed (wps):2598.1216582615903
step: 286	loss: 73126.11713409424	speed (wps):2598.9232279836433
step: 378	loss: 96707.05366134644	speed (wps):2599.420456771218
step: 470	loss: 120275.00448226929	speed (wps):2599.4791612799163
step: 562	loss: 143485.46605110168	speed (wps):2599.812168916238
step: 654	loss: 166962.0955467224	speed (wps):2599.8623776959103
step: 746	loss: 190436.4806175232	speed (wps):2599.99849417849
step: 838	loss: 213530.5781841278	speed (wps):2599.9910231026106
epoch: 22	train ppl: 161.97453093247654	val ppl: 164.321057256438	best val: 164.321057256438	time (s) spent in epoch: 364.5387718677521

EPOCH 23 ------------------
step: 10	loss: 2846.281051635742	speed (wps):2550.989355945372
step: 102	loss: 25921.324586868286	speed (wps):2595.9142242149896
step: 194	loss: 49631.836462020874	speed (wps):2598.220709165476
step: 286	loss: 72862.58897781372	speed (wps):2598.9781165554386
step: 378	loss: 96346.40920162201	speed (wps):2599.7113561156334
step: 470	loss: 119829.66558933258	speed (wps):2599.954802899937
step: 562	loss: 142929.30974960327	speed (wps):2599.9697368106113
step: 654	loss: 166347.6378440857	speed (wps):2600.1796509328474
step: 746	loss: 189745.5866098404	speed (wps):2600.3336862903607
step: 838	loss: 212745.90799808502	speed (wps):2600.3277330308806
epoch: 23	train ppl: 159.10077858552026	val ppl: 164.1795715417104	best val: 164.1795715417104	time (s) spent in epoch: 364.50664925575256

EPOCH 24 ------------------
step: 10	loss: 2832.069182395935	speed (wps):2548.7603605283784
step: 102	loss: 25803.88059616089	speed (wps):2595.618182367549
step: 194	loss: 49443.896079063416	speed (wps):2597.881057345668
step: 286	loss: 72598.21290969849	speed (wps):2598.7939779779467
step: 378	loss: 96000.7276058197	speed (wps):2599.355495919568
step: 470	loss: 119395.21384239197	speed (wps):2599.504056047678
step: 562	loss: 142448.66471290588	speed (wps):2599.894202253687
step: 654	loss: 165804.30772304535	speed (wps):2600.0163736719323
step: 746	loss: 189116.29948616028	speed (wps):2600.195417919762
step: 838	loss: 212048.55799674988	speed (wps):2600.386314301182
epoch: 24	train ppl: 156.40691706497398	val ppl: 164.9047906616762	best val: 164.1795715417104	time (s) spent in epoch: 364.4824094772339

EPOCH 25 ------------------
step: 10	loss: 2818.9242839813232	speed (wps):2554.7722032535185
step: 102	loss: 25712.498712539673	speed (wps):2596.0833076452195
step: 194	loss: 49281.5904378891	speed (wps):2598.3025901248348
step: 286	loss: 72343.5387134552	speed (wps):2599.3420266034077
step: 378	loss: 95674.18808937073	speed (wps):2599.7511260759156
step: 470	loss: 118998.80425930023	speed (wps):2600.044076516672
step: 562	loss: 141952.49676704407	speed (wps):2600.1703811343527
step: 654	loss: 165204.29804325104	speed (wps):2600.1664110064744
step: 746	loss: 188459.88471508026	speed (wps):2600.318197481614
step: 838	loss: 211299.24042224884	speed (wps):2600.436393032479
epoch: 25	train ppl: 153.74909278595746	val ppl: 162.43319173931332	best val: 162.43319173931332	time (s) spent in epoch: 364.47056436538696

EPOCH 26 ------------------
step: 10	loss: 2807.935857772827	speed (wps):2548.518628318699
step: 102	loss: 25609.546613693237	speed (wps):2597.294569393343
step: 194	loss: 49101.99599266052	speed (wps):2600.466140380617
step: 286	loss: 72086.09285354614	speed (wps):2600.9873579462956
step: 378	loss: 95333.7408542633	speed (wps):2601.4639145855886
step: 470	loss: 118589.72637653351	speed (wps):2601.7423145803077
step: 562	loss: 141464.39006328583	speed (wps):2601.9734345366933
step: 654	loss: 164667.10560321808	speed (wps):2602.1106382559556
step: 746	loss: 187832.65888690948	speed (wps):2602.1672351748434
step: 838	loss: 210577.38711833954	speed (wps):2602.199502809094
epoch: 26	train ppl: 151.13138667349983	val ppl: 161.7197443550054	best val: 161.7197443550054	time (s) spent in epoch: 364.2397310733795

EPOCH 27 ------------------
step: 10	loss: 2793.7753200531006	speed (wps):2550.1956478577345
step: 102	loss: 25517.16070175171	speed (wps):2596.6153956913463
step: 194	loss: 48941.6166305542	speed (wps):2599.758778383816
step: 286	loss: 71832.8866481781	speed (wps):2600.943775740577
step: 378	loss: 94993.85843276978	speed (wps):2601.452138886279
step: 470	loss: 118170.0101852417	speed (wps):2601.701183807465
step: 562	loss: 140969.06938552856	speed (wps):2602.077364030642
step: 654	loss: 164076.3545513153	speed (wps):2602.2003856302945
step: 746	loss: 187164.6740436554	speed (wps):2602.3248527186392
step: 838	loss: 209814.82932567596	speed (wps):2602.391044244357
epoch: 27	train ppl: 148.42006757343026	val ppl: 161.30363164950884	best val: 161.30363164950884	time (s) spent in epoch: 364.20310854911804

EPOCH 28 ------------------
step: 10	loss: 2798.8214254379272	speed (wps):2552.6303675822287
step: 102	loss: 25463.362050056458	speed (wps):2598.050108010605
step: 194	loss: 48803.70752811432	speed (wps):2601.290313519321
step: 286	loss: 71645.13704776764	speed (wps):2601.9995895777265
step: 378	loss: 94749.14169311523	speed (wps):2602.3919031864457
step: 470	loss: 117856.90224170685	speed (wps):2602.504675348112
step: 562	loss: 140585.2902650833	speed (wps):2602.6602661950315
step: 654	loss: 163624.31683540344	speed (wps):2602.672330982032
step: 746	loss: 186661.3186597824	speed (wps):2602.7710410877853
step: 838	loss: 209268.65558624268	speed (wps):2602.8907888650115
epoch: 28	train ppl: 146.49493684227463	val ppl: 159.8452410983928	best val: 159.8452410983928	time (s) spent in epoch: 364.14399456977844

EPOCH 29 ------------------
step: 10	loss: 2771.996760368347	speed (wps):2557.147641876518
step: 102	loss: 25346.54426574707	speed (wps):2597.8412604337395
step: 194	loss: 48632.812786102295	speed (wps):2600.313436778055
step: 286	loss: 71385.76822280884	speed (wps):2601.189080250834
step: 378	loss: 94434.27484035492	speed (wps):2601.774855456463
step: 470	loss: 117477.7024269104	speed (wps):2601.980867181404
step: 562	loss: 140151.5415906906	speed (wps):2602.1636064675495
step: 654	loss: 163112.16533184052	speed (wps):2602.1246102728082
step: 746	loss: 186070.77827453613	speed (wps):2602.1756875570795
step: 838	loss: 208590.20402431488	speed (wps):2602.1364989333083
epoch: 29	train ppl: 144.12045183747207	val ppl: 159.14198494427274	best val: 159.14198494427274	time (s) spent in epoch: 364.26136565208435

EPOCH 30 ------------------
step: 10	loss: 2769.1046953201294	speed (wps):2558.9030270781245
step: 102	loss: 25279.198050498962	speed (wps):2597.4541188599023
step: 194	loss: 48497.78950214386	speed (wps):2599.7799665392904
step: 286	loss: 71191.37830734253	speed (wps):2600.673357059974
step: 378	loss: 94139.36071395874	speed (wps):2601.1326392072756
step: 470	loss: 117127.66532897949	speed (wps):2601.256274052441
step: 562	loss: 139713.8597726822	speed (wps):2601.6189015531895
step: 654	loss: 162614.15481567383	speed (wps):2601.7137049048106
step: 746	loss: 185492.50378608704	speed (wps):2601.7691968592
step: 838	loss: 207956.1173439026	speed (wps):2601.8784694504443
epoch: 30	train ppl: 142.0185614937107	val ppl: 158.66481662130712	best val: 158.66481662130712	time (s) spent in epoch: 364.30992674827576

EPOCH 31 ------------------
step: 10	loss: 2768.050742149353	speed (wps):2549.9835214270915
step: 102	loss: 25208.86800289154	speed (wps):2596.2712767715925
step: 194	loss: 48367.17026233673	speed (wps):2599.000603643994
step: 286	loss: 70971.5151309967	speed (wps):2600.006603231154
step: 378	loss: 93848.13575744629	speed (wps):2600.5132955582035
step: 470	loss: 116733.09643268585	speed (wps):2601.3360972770674
step: 562	loss: 139268.57924461365	speed (wps):2601.8935233107054
step: 654	loss: 162096.59135341644	speed (wps):2601.825727117532
step: 746	loss: 184924.02157783508	speed (wps):2601.786100828382
step: 838	loss: 207317.18153953552	speed (wps):2601.772276153695
epoch: 31	train ppl: 139.86478942544738	val ppl: 157.9248790451243	best val: 157.9248790451243	time (s) spent in epoch: 364.3901643753052

EPOCH 32 ------------------
step: 10	loss: 2766.475772857666	speed (wps):2546.9063767022926
step: 102	loss: 25164.392614364624	speed (wps):2594.4232225095743
step: 194	loss: 48271.97856903076	speed (wps):2597.7176342381194
step: 286	loss: 70795.72176933289	speed (wps):2597.865333848605
step: 378	loss: 93635.08274555206	speed (wps):2598.8066440862885
step: 470	loss: 116466.09399318695	speed (wps):2599.083771932963
step: 562	loss: 138909.8888874054	speed (wps):2598.7999775741423
step: 654	loss: 161705.37555217743	speed (wps):2599.2274683292876
step: 746	loss: 184435.9926223755	speed (wps):2599.478584009265
step: 838	loss: 206782.1887731552	speed (wps):2599.3620750097984
epoch: 32	train ppl: 138.06655361050593	val ppl: 157.19917042592354	best val: 157.19917042592354	time (s) spent in epoch: 364.628130197525

EPOCH 33 ------------------
step: 10	loss: 2747.691035270691	speed (wps):2553.489044989931
step: 102	loss: 25039.62230682373	speed (wps):2595.6348379001793
step: 194	loss: 48058.71646404266	speed (wps):2597.2227706607787
step: 286	loss: 70515.76936244965	speed (wps):2598.503790216504
step: 378	loss: 93305.2983045578	speed (wps):2598.9113047823867
step: 470	loss: 116068.12603473663	speed (wps):2598.9940308460955
step: 562	loss: 138461.87891960144	speed (wps):2599.3824479481427
step: 654	loss: 161178.0192375183	speed (wps):2599.4623544048877
step: 746	loss: 183850.62839984894	speed (wps):2599.4768241341676
step: 838	loss: 206078.80883216858	speed (wps):2599.619225360894
epoch: 33	train ppl: 135.7763256123646	val ppl: 157.638761906035	best val: 157.19917042592354	time (s) spent in epoch: 364.63796949386597

EPOCH 34 ------------------
step: 10	loss: 2742.447352409363	speed (wps):2547.584793102285
step: 102	loss: 24988.204741477966	speed (wps):2594.640138345793
step: 194	loss: 47967.8448677063	speed (wps):2598.1052674312546
step: 286	loss: 70378.8777589798	speed (wps):2598.615177896848
step: 378	loss: 93084.95938777924	speed (wps):2598.8463183907584
step: 470	loss: 115796.96865081787	speed (wps):2599.2504445317727
step: 562	loss: 138139.51756954193	speed (wps):2599.4493281688647
step: 654	loss: 160795.43271064758	speed (wps):2599.532221441996
step: 746	loss: 183429.92322444916	speed (wps):2599.7061175383083
step: 838	loss: 205622.6063489914	speed (wps):2599.6214415345794
epoch: 34	train ppl: 134.340133692701	val ppl: 157.44158369175582	best val: 157.19917042592354	time (s) spent in epoch: 364.63881039619446

EPOCH 35 ------------------
step: 10	loss: 2735.377264022827	speed (wps):2547.1199601358853
step: 102	loss: 24916.968035697937	speed (wps):2594.045151735497
step: 194	loss: 47800.819635391235	speed (wps):2596.370593939605
step: 286	loss: 70139.48020935059	speed (wps):2597.768395554463
step: 378	loss: 92792.23618507385	speed (wps):2598.2053303170305
step: 470	loss: 115452.7339220047	speed (wps):2598.573539045403
step: 562	loss: 137732.89332389832	speed (wps):2599.007755747136
step: 654	loss: 160355.87928295135	speed (wps):2599.008670397192
step: 746	loss: 182941.1726951599	speed (wps):2599.204986553155
step: 838	loss: 205063.738656044	speed (wps):2599.332301193576
epoch: 35	train ppl: 132.5255102950588	val ppl: 156.56485155828372	best val: 156.56485155828372	time (s) spent in epoch: 364.6608428955078

EPOCH 36 ------------------
step: 10	loss: 2720.4519271850586	speed (wps):2551.5648175697575
step: 102	loss: 24822.964096069336	speed (wps):2596.209927945796
step: 194	loss: 47653.04265022278	speed (wps):2597.9380531641336
step: 286	loss: 69936.30938529968	speed (wps):2598.61713569491
step: 378	loss: 92531.05733394623	speed (wps):2599.212022280046
step: 470	loss: 115134.67998504639	speed (wps):2599.161782813331
step: 562	loss: 137339.46185112	speed (wps):2599.4310633148466
step: 654	loss: 159894.7627544403	speed (wps):2599.680131564427
step: 746	loss: 182416.34576320648	speed (wps):2599.4564520279987
step: 838	loss: 204492.12493896484	speed (wps):2599.557281570496
epoch: 36	train ppl: 130.81286872177904	val ppl: 156.78373507092184	best val: 156.56485155828372	time (s) spent in epoch: 364.6077618598938

EPOCH 37 ------------------
step: 10	loss: 2721.524214744568	speed (wps):2546.629994702771
step: 102	loss: 24803.867173194885	speed (wps):2592.831798407202
step: 194	loss: 47582.19645023346	speed (wps):2596.6050127070703
step: 286	loss: 69811.7297410965	speed (wps):2597.5261122944426
step: 378	loss: 92338.31660747528	speed (wps):2597.8970718817977
step: 470	loss: 114890.69526195526	speed (wps):2598.615948538523
step: 562	loss: 137040.6858921051	speed (wps):2598.6240719935095
step: 654	loss: 159538.01953792572	speed (wps):2598.9501239773595
step: 746	loss: 182013.65432739258	speed (wps):2599.176481145983
step: 838	loss: 204033.6076259613	speed (wps):2599.075821880079
epoch: 37	train ppl: 129.24082202360697	val ppl: 155.0003319177331	best val: 155.0003319177331	time (s) spent in epoch: 364.69558095932007

EPOCH 38 ------------------
step: 10	loss: 2713.6654376983643	speed (wps):2551.335250760537
step: 102	loss: 24720.962023735046	speed (wps):2596.187944802082
step: 194	loss: 47449.88675117493	speed (wps):2596.99120067583
step: 286	loss: 69613.24291229248	speed (wps):2597.792451453512
step: 378	loss: 92061.56620979309	speed (wps):2598.8435651979394
step: 470	loss: 114555.00164031982	speed (wps):2598.8628377603823
step: 562	loss: 136661.52625083923	speed (wps):2598.931959573581
step: 654	loss: 159073.43380451202	speed (wps):2599.2096567314657
step: 746	loss: 181480.79504966736	speed (wps):2599.171567152967
step: 838	loss: 203453.37262153625	speed (wps):2599.185231581402
epoch: 38	train ppl: 127.5344468745567	val ppl: 154.56682985973566	best val: 154.56682985973566	time (s) spent in epoch: 364.65425157546997

EPOCH 39 ------------------
step: 10	loss: 2706.1492443084717	speed (wps):2551.3447035259687
step: 102	loss: 24667.572927474976	speed (wps):2593.358304283113
step: 194	loss: 47333.83321762085	speed (wps):2596.820551451962
step: 286	loss: 69422.73066043854	speed (wps):2598.128624733371
step: 378	loss: 91836.53502464294	speed (wps):2598.3514322414044
step: 470	loss: 114256.33773803711	speed (wps):2598.966061753138
step: 562	loss: 136308.51769447327	speed (wps):2599.287688977522
step: 654	loss: 158684.24015045166	speed (wps):2599.031079631671
step: 746	loss: 181052.5143146515	speed (wps):2599.1399705570316
step: 838	loss: 202953.6180973053	speed (wps):2599.3125944396947
epoch: 39	train ppl: 126.07968564636302	val ppl: 154.99373483861714	best val: 154.56682985973566	time (s) spent in epoch: 364.6906695365906

DONE

Saving learning curves to RNN_ADAM_model=RNN_optimizer=ADAM_initial_lr=0.0001_batch_size=20_seq_len=50_hidden_size=1500_num_layers=2_dp_keep_prob=0.35_0/learning_curves.npy
Set compute mode to DEFAULT for GPU 00000000:94:00.0.
All done.
