
########## Setting Up Experiment ######################

Putting log in RNN_SGD_LR_SCHEDULE_model=RNN_optimizer=SGD_LR_SCHEDULE_initial_lr=1_batch_size=20_seq_len=35_hidden_size=512_num_layers=2_dp_keep_prob=0.35_0
Using the GPU
Loading data from data
  vocabulary size: 10000

########## Running Main Loop ##########################

EPOCH 0 ------------------
step: 10	loss: 3327.7903509140015	speed (wps):5195.29915629842
step: 142	loss: 37448.0922627449	speed (wps):6081.013183384096
step: 274	loss: 69937.01227664948	speed (wps):6122.732341948939
step: 406	loss: 101645.6242442131	speed (wps):6138.018990529391
step: 538	loss: 132831.42459630966	speed (wps):6145.393045700552
step: 670	loss: 163704.13158416748	speed (wps):6139.331737886553
step: 802	loss: 193965.18902540207	speed (wps):6142.004610182721
step: 934	loss: 224083.49077939987	speed (wps):6137.2719288371445
step: 1066	loss: 254012.56740808487	speed (wps):6134.721396074518
step: 1198	loss: 283678.0441951752	speed (wps):6136.427055741795
epoch: 0	train ppl: 831.800876943194	val ppl: 508.31595652241367	best val: 508.31595652241367	time (s) spent in epoch: 155.37881088256836

EPOCH 1 ------------------
step: 10	loss: 2509.2276740074158	speed (wps):5811.687602638929
step: 142	loss: 31799.56418275833	speed (wps):6126.191339687912
step: 274	loss: 61330.031270980835	speed (wps):6119.512945282819
step: 406	loss: 90554.77664232254	speed (wps):6132.845168064657
step: 538	loss: 119807.58627414703	speed (wps):6139.852504803766
step: 670	loss: 149019.7954940796	speed (wps):6144.06323888807
step: 802	loss: 177745.51368951797	speed (wps):6146.887766544785
step: 934	loss: 206497.93933868408	speed (wps):6148.9011212176065
step: 1066	loss: 235215.10632038116	speed (wps):6150.481677407304
step: 1198	loss: 263751.8222093582	speed (wps):6151.582851238665
epoch: 1	train ppl: 530.0415050331694	val ppl: 403.54059051376385	best val: 403.54059051376385	time (s) spent in epoch: 155.01473832130432

EPOCH 2 ------------------
step: 10	loss: 2432.202363014221	speed (wps):5817.1214920412085
step: 142	loss: 30735.166623592377	speed (wps):6132.730280061609
step: 274	loss: 59389.37129974365	speed (wps):6147.566037393363
step: 406	loss: 87764.90068912506	speed (wps):6150.933719951806
step: 538	loss: 116210.18639802933	speed (wps):6153.134769808167
step: 670	loss: 144668.48634004593	speed (wps):6154.430321198029
step: 802	loss: 172664.91921901703	speed (wps):6155.4823583796915
step: 934	loss: 200743.03524255753	speed (wps):6156.141954072743
step: 1066	loss: 228804.70876693726	speed (wps):6156.5836462278785
step: 1198	loss: 256697.16156244278	speed (wps):6156.867406662003
epoch: 2	train ppl: 449.49243511755407	val ppl: 355.29007338627906	best val: 355.29007338627906	time (s) spent in epoch: 154.91729760169983

EPOCH 3 ------------------
step: 10	loss: 2386.0490202903748	speed (wps):5828.109207636132
step: 142	loss: 30098.6576461792	speed (wps):6133.811080733828
step: 274	loss: 58214.59227561951	speed (wps):6146.7789758632325
step: 406	loss: 86059.15011644363	speed (wps):6151.911578574745
step: 538	loss: 114017.7107667923	speed (wps):6154.628702383278
step: 670	loss: 142005.39289474487	speed (wps):6156.135626245973
step: 802	loss: 169532.91439056396	speed (wps):6156.992513820044
step: 934	loss: 197132.07038640976	speed (wps):6157.723750440367
step: 1066	loss: 224758.56310606003	speed (wps):6158.1840744873
step: 1198	loss: 252214.60295915604	speed (wps):6158.63008142403
epoch: 3	train ppl: 404.6392677371518	val ppl: 319.9242354779347	best val: 319.9242354779347	time (s) spent in epoch: 154.8614420890808

EPOCH 4 ------------------
step: 10	loss: 2354.7978377342224	speed (wps):5826.109501373358
step: 142	loss: 29656.00712776184	speed (wps):6131.339767720777
step: 274	loss: 57376.51456594467	speed (wps):6144.763778052496
step: 406	loss: 84851.2356042862	speed (wps):6149.4761858436395
step: 538	loss: 112433.09981584549	speed (wps):6151.779615562254
step: 670	loss: 140039.28859949112	speed (wps):6153.6626347202255
step: 802	loss: 167207.61437416077	speed (wps):6154.383680177474
step: 934	loss: 194466.59509420395	speed (wps):6155.0194517932405
step: 1066	loss: 221745.88255405426	speed (wps):6155.333845365204
step: 1198	loss: 248859.96718406677	speed (wps):6155.886785892593
epoch: 4	train ppl: 373.864565821701	val ppl: 306.6516820588662	best val: 306.6516820588662	time (s) spent in epoch: 154.94543504714966

EPOCH 5 ------------------
step: 10	loss: 2322.073540687561	speed (wps):5827.960917318782
step: 142	loss: 29289.88299369812	speed (wps):6131.31684558261
step: 274	loss: 56738.39752435684	speed (wps):6143.926099590188
step: 406	loss: 83897.35062122345	speed (wps):6148.502897587033
step: 538	loss: 111199.24015045166	speed (wps):6150.450180897971
step: 670	loss: 138508.63564252853	speed (wps):6152.053794417875
step: 802	loss: 165394.721596241	speed (wps):6152.882832919793
step: 934	loss: 192372.10476636887	speed (wps):6153.437002904326
step: 1066	loss: 219399.1281914711	speed (wps):6153.938733001985
step: 1198	loss: 246248.28419446945	speed (wps):6154.37838916205
epoch: 5	train ppl: 351.4405299119819	val ppl: 284.7210579886105	best val: 284.7210579886105	time (s) spent in epoch: 154.97521829605103

EPOCH 6 ------------------
step: 10	loss: 2302.2760248184204	speed (wps):5830.584982265141
step: 142	loss: 28993.116855621338	speed (wps):6130.450854578769
step: 274	loss: 56171.09949350357	speed (wps):6140.582525335116
step: 406	loss: 83064.12707805634	speed (wps):6144.980784831213
step: 538	loss: 110105.88481903076	speed (wps):6146.020651085253
step: 670	loss: 137173.57838392258	speed (wps):6142.573386472771
step: 802	loss: 163838.30346345901	speed (wps):6144.413815452022
step: 934	loss: 190588.48685741425	speed (wps):6145.869768231561
step: 1066	loss: 217369.33568954468	speed (wps):6147.163235732145
step: 1198	loss: 243967.6055765152	speed (wps):6147.728713339997
epoch: 6	train ppl: 332.9884153304574	val ppl: 274.51220684885453	best val: 274.51220684885453	time (s) spent in epoch: 155.14132165908813

EPOCH 7 ------------------
step: 10	loss: 2282.166919708252	speed (wps):5821.67656560074
step: 142	loss: 28734.633870124817	speed (wps):6129.899140086568
step: 274	loss: 55696.47224187851	speed (wps):6142.554184467463
step: 406	loss: 82379.79749679565	speed (wps):6147.647126823814
step: 538	loss: 109210.15372037888	speed (wps):6149.7994446658595
step: 670	loss: 136077.66259670258	speed (wps):6151.012499646563
step: 802	loss: 162536.42478466034	speed (wps):6152.172858663475
step: 934	loss: 189056.19244098663	speed (wps):6152.809378431412
step: 1066	loss: 215645.12806892395	speed (wps):6153.229587737446
step: 1198	loss: 242057.48533964157	speed (wps):6153.513244216626
epoch: 7	train ppl: 318.4457727242354	val ppl: 259.06399222114226	best val: 259.06399222114226	time (s) spent in epoch: 154.995290517807

EPOCH 8 ------------------
step: 10	loss: 2270.283019542694	speed (wps):5807.533468786712
step: 142	loss: 28532.630631923676	speed (wps):6099.2739703742955
step: 274	loss: 55305.72609901428	speed (wps):6124.775159755878
step: 406	loss: 81788.16069126129	speed (wps):6133.461267031846
step: 538	loss: 108442.61827945709	speed (wps):6137.95685094535
step: 670	loss: 135111.78688526154	speed (wps):6141.049224958756
step: 802	loss: 161393.21696043015	speed (wps):6143.175497601891
step: 934	loss: 187761.41040325165	speed (wps):6144.431814915218
step: 1066	loss: 214166.70669794083	speed (wps):6144.234261174277
step: 1198	loss: 240378.87280464172	speed (wps):6144.260267190615
epoch: 8	train ppl: 305.94835416319563	val ppl: 249.91586067361231	best val: 249.91586067361231	time (s) spent in epoch: 155.19837999343872

EPOCH 9 ------------------
step: 10	loss: 2248.985586166382	speed (wps):5843.322139229896
step: 142	loss: 28349.125080108643	speed (wps):6137.843228704785
step: 274	loss: 54951.235291957855	speed (wps):6148.133303437017
step: 406	loss: 81258.28028917313	speed (wps):6126.536371677818
step: 538	loss: 107757.87997722626	speed (wps):6106.843192593647
step: 670	loss: 134258.61613988876	speed (wps):6100.821045732906
step: 802	loss: 160373.6787557602	speed (wps):6105.123740532461
step: 934	loss: 186619.73727703094	speed (wps):6110.527541461901
step: 1066	loss: 212867.476978302	speed (wps):6111.691748481692
step: 1198	loss: 238911.80716753006	speed (wps):6110.834324588527
epoch: 9	train ppl: 295.44963213182484	val ppl: 243.07320186018575	best val: 243.07320186018575	time (s) spent in epoch: 156.05534744262695

EPOCH 10 ------------------
step: 10	loss: 2242.470600605011	speed (wps):5817.962972437214
step: 142	loss: 28186.699800491333	speed (wps):6132.70842248417
step: 274	loss: 54674.135558605194	speed (wps):6146.0294493550045
step: 406	loss: 80849.24767971039	speed (wps):6151.312919927721
step: 538	loss: 107193.96276473999	speed (wps):6154.0247530787
step: 670	loss: 133568.7002158165	speed (wps):6155.417095150627
step: 802	loss: 159521.6325354576	speed (wps):6156.38296441141
step: 934	loss: 185593.37379932404	speed (wps):6157.155102785762
step: 1066	loss: 211729.2836546898	speed (wps):6157.767297998577
step: 1198	loss: 237640.5848646164	speed (wps):6158.1818364131705
epoch: 10	train ppl: 286.75735145102516	val ppl: 234.8457843433358	best val: 234.8457843433358	time (s) spent in epoch: 154.88336491584778

EPOCH 11 ------------------
step: 10	loss: 2230.7690477371216	speed (wps):5840.006437432586
step: 142	loss: 28030.72103023529	speed (wps):6136.604128333582
step: 274	loss: 54364.134171009064	speed (wps):6150.066857501226
step: 406	loss: 80405.21156549454	speed (wps):6154.915053361882
step: 538	loss: 106579.29776191711	speed (wps):6150.726664775016
step: 670	loss: 132801.8572306633	speed (wps):6153.123903708167
step: 802	loss: 158638.1399178505	speed (wps):6155.046776935501
step: 934	loss: 184584.65785503387	speed (wps):6156.165022913605
step: 1066	loss: 210571.8511557579	speed (wps):6157.083662707849
step: 1198	loss: 236343.65419626236	speed (wps):6157.753368032552
epoch: 11	train ppl: 278.10860567288574	val ppl: 229.77165466925476	best val: 229.77165466925476	time (s) spent in epoch: 154.88705730438232

EPOCH 12 ------------------
step: 10	loss: 2221.6352772712708	speed (wps):5835.395232653209
step: 142	loss: 27873.964755535126	speed (wps):6134.705360948544
step: 274	loss: 54090.20029783249	speed (wps):6142.203159414117
step: 406	loss: 79982.9823756218	speed (wps):6147.186126644687
step: 538	loss: 106050.91742753983	speed (wps):6150.140427044933
step: 670	loss: 132164.1604924202	speed (wps):6132.751820589333
step: 802	loss: 157848.55370521545	speed (wps):6112.817045444695
step: 934	loss: 183671.44399642944	speed (wps):6109.898453728314
step: 1066	loss: 209535.82929611206	speed (wps):6110.793153505245
step: 1198	loss: 235203.51495027542	speed (wps):6109.936806137326
epoch: 12	train ppl: 270.73337921864726	val ppl: 227.63460044688262	best val: 227.63460044688262	time (s) spent in epoch: 156.13874745368958

EPOCH 13 ------------------
step: 10	loss: 2214.9350571632385	speed (wps):5794.380895993685
step: 142	loss: 27755.989158153534	speed (wps):6080.786836320084
step: 274	loss: 53870.13154268265	speed (wps):6095.029980675578
step: 406	loss: 79656.21067762375	speed (wps):6094.014186281694
step: 538	loss: 105637.6032114029	speed (wps):6096.079127910364
step: 670	loss: 131635.6994485855	speed (wps):6098.320759849133
step: 802	loss: 157211.8034505844	speed (wps):6100.115165690105
step: 934	loss: 182957.87209033966	speed (wps):6100.816746181368
step: 1066	loss: 208706.3831591606	speed (wps):6101.976104696002
step: 1198	loss: 234255.32786130905	speed (wps):6104.062573550718
epoch: 13	train ppl: 264.57073648521236	val ppl: 222.3233052223201	best val: 222.3233052223201	time (s) spent in epoch: 156.17181301116943

EPOCH 14 ------------------
step: 10	loss: 2201.580512523651	speed (wps):5797.190198741734
step: 142	loss: 27623.219029903412	speed (wps):6102.858498093257
step: 274	loss: 53615.6157875061	speed (wps):6113.547218568106
step: 406	loss: 79294.61753845215	speed (wps):6118.062725884596
step: 538	loss: 105151.8976521492	speed (wps):6119.6714693723825
step: 670	loss: 131036.12871646881	speed (wps):6120.744696968805
step: 802	loss: 156513.03547143936	speed (wps):6121.314970603973
step: 934	loss: 182152.99250364304	speed (wps):6121.586510572199
step: 1066	loss: 207835.03738164902	speed (wps):6121.9072580876355
step: 1198	loss: 233285.75535297394	speed (wps):6122.372399674767
epoch: 14	train ppl: 258.57064548885836	val ppl: 218.83477932578057	best val: 218.83477932578057	time (s) spent in epoch: 155.7326009273529

EPOCH 15 ------------------
step: 10	loss: 2187.5526213645935	speed (wps):5824.957822626695
step: 142	loss: 27478.23029756546	speed (wps):6118.498129831508
step: 274	loss: 53379.712274074554	speed (wps):6134.286839764739
step: 406	loss: 78919.72656488419	speed (wps):6139.364325128765
step: 538	loss: 104642.56938934326	speed (wps):6141.559694790375
step: 670	loss: 130408.85169267654	speed (wps):6143.691795320892
step: 802	loss: 155750.02640247345	speed (wps):6144.750790898566
step: 934	loss: 181264.996445179	speed (wps):6145.500985395656
step: 1066	loss: 206786.37381076813	speed (wps):6143.097726577711
step: 1198	loss: 232114.4319987297	speed (wps):6140.87423134414
epoch: 15	train ppl: 251.61446697383087	val ppl: 212.24823515783243	best val: 212.24823515783243	time (s) spent in epoch: 155.27472281455994

EPOCH 16 ------------------
step: 10	loss: 2177.652862071991	speed (wps):5828.1102593674605
step: 142	loss: 27367.206962108612	speed (wps):6125.45655569429
step: 274	loss: 53131.90142869949	speed (wps):6141.27574353913
step: 406	loss: 78555.6015753746	speed (wps):6147.692164780554
step: 538	loss: 104169.81045484543	speed (wps):6152.619762397376
step: 670	loss: 129821.28497362137	speed (wps):6156.094786502383
step: 802	loss: 155052.02472925186	speed (wps):6158.1401054455255
step: 934	loss: 180425.66346645355	speed (wps):6159.213410965733
step: 1066	loss: 205848.2154226303	speed (wps):6161.037174648862
step: 1198	loss: 231009.37591552734	speed (wps):6164.868731744549
epoch: 16	train ppl: 244.944892201794	val ppl: 206.64224929849644	best val: 206.64224929849644	time (s) spent in epoch: 154.53068709373474

EPOCH 17 ------------------
step: 10	loss: 2175.7199573516846	speed (wps):5875.18110636149
step: 142	loss: 27250.60005426407	speed (wps):6177.445049481671
step: 274	loss: 52926.41530036926	speed (wps):6193.818431988384
step: 406	loss: 78235.86268186569	speed (wps):6198.991899920389
step: 538	loss: 103735.944917202	speed (wps):6201.084795608284
step: 670	loss: 129256.43888473511	speed (wps):6202.910769378316
step: 802	loss: 154385.94037532806	speed (wps):6203.834072881407
step: 934	loss: 179677.87500619888	speed (wps):6204.468325527874
step: 1066	loss: 204977.7295613289	speed (wps):6204.877206660089
step: 1198	loss: 230057.33870506287	speed (wps):6205.381203899879
epoch: 17	train ppl: 239.52921475311268	val ppl: 203.77011456933633	best val: 203.77011456933633	time (s) spent in epoch: 153.64428281784058

EPOCH 18 ------------------
step: 10	loss: 2166.2978959083557	speed (wps):5875.087054454194
step: 142	loss: 27142.24428653717	speed (wps):6174.6997982107
step: 274	loss: 52726.76765680313	speed (wps):6189.211764927372
step: 406	loss: 77985.2576804161	speed (wps):6194.888259654638
step: 538	loss: 103416.22890472412	speed (wps):6198.52080380031
step: 670	loss: 128877.79755830765	speed (wps):6200.892571279953
step: 802	loss: 153912.07851171494	speed (wps):6202.577696167614
step: 934	loss: 179143.65845680237	speed (wps):6204.0087010867555
step: 1066	loss: 204401.0624742508	speed (wps):6204.513266248637
step: 1198	loss: 229390.8391547203	speed (wps):6204.200786901645
epoch: 18	train ppl: 235.71187414761917	val ppl: 201.30285216633828	best val: 201.30285216633828	time (s) spent in epoch: 153.73563289642334

EPOCH 19 ------------------
step: 10	loss: 2157.325828075409	speed (wps):5849.805909951854
step: 142	loss: 27106.292061805725	speed (wps):6162.4113509945655
step: 274	loss: 52674.9782371521	speed (wps):6180.964737214031
step: 406	loss: 77878.7907910347	speed (wps):6190.641041247366
step: 538	loss: 103251.10805273056	speed (wps):6195.8636198209815
step: 670	loss: 128657.97216653824	speed (wps):6192.029499998695
step: 802	loss: 153643.139462471	speed (wps):6188.309302383095
step: 934	loss: 178826.6274023056	speed (wps):6188.679074800344
step: 1066	loss: 204029.00355815887	speed (wps):6188.974723922169
step: 1198	loss: 228968.6207294464	speed (wps):6189.200148602155
epoch: 19	train ppl: 233.25558704717017	val ppl: 199.25641486759574	best val: 199.25641486759574	time (s) spent in epoch: 154.04523038864136

EPOCH 20 ------------------
step: 10	loss: 2156.9166564941406	speed (wps):5864.038779182753
step: 142	loss: 27053.084936141968	speed (wps):6166.645316567219
step: 274	loss: 52574.751110076904	speed (wps):6177.872807748467
step: 406	loss: 77720.04860639572	speed (wps):6182.699313446932
step: 538	loss: 103071.43379688263	speed (wps):6185.199630955814
step: 670	loss: 128467.99447059631	speed (wps):6185.3451140347315
step: 802	loss: 153441.82532548904	speed (wps):6186.429467882604
step: 934	loss: 178586.40362977982	speed (wps):6187.379986152948
step: 1066	loss: 203748.58675956726	speed (wps):6184.642443068179
step: 1198	loss: 228652.8836131096	speed (wps):6184.361348940959
epoch: 20	train ppl: 231.57413626935693	val ppl: 198.49308870357277	best val: 198.49308870357277	time (s) spent in epoch: 154.17153215408325

EPOCH 21 ------------------
step: 10	loss: 2157.8649258613586	speed (wps):5839.207132566926
step: 142	loss: 27031.76869392395	speed (wps):6159.301268982348
step: 274	loss: 52535.093359947205	speed (wps):6172.92026610354
step: 406	loss: 77699.96541976929	speed (wps):6177.637836604334
step: 538	loss: 103047.84046649933	speed (wps):6180.037885616819
step: 670	loss: 128403.9691901207	speed (wps):6176.853194692754
step: 802	loss: 153361.36979579926	speed (wps):6177.407032120554
step: 934	loss: 178486.1541891098	speed (wps):6178.526006147854
step: 1066	loss: 203633.81729364395	speed (wps):6177.422574035873
step: 1198	loss: 228536.00360155106	speed (wps):6176.458716979195
epoch: 21	train ppl: 230.78447854200513	val ppl: 198.10695030074697	best val: 198.10695030074697	time (s) spent in epoch: 154.3708951473236

EPOCH 22 ------------------
step: 10	loss: 2152.8740072250366	speed (wps):5830.876573938031
step: 142	loss: 27049.967408180237	speed (wps):6139.860752552295
step: 274	loss: 52544.50789451599	speed (wps):6151.530569407994
step: 406	loss: 77684.24149513245	speed (wps):6154.460886977334
step: 538	loss: 103034.94190692902	speed (wps):6160.00889588687
step: 670	loss: 128407.88351535797	speed (wps):6164.739773946529
step: 802	loss: 153365.31524658203	speed (wps):6168.246230754867
step: 934	loss: 178474.07502412796	speed (wps):6170.606893701944
step: 1066	loss: 203639.71427440643	speed (wps):6172.441205920061
step: 1198	loss: 228536.73043727875	speed (wps):6174.017755813161
epoch: 22	train ppl: 230.98112767204447	val ppl: 197.65259015487683	best val: 197.65259015487683	time (s) spent in epoch: 154.37302422523499

EPOCH 23 ------------------
step: 10	loss: 2153.171761035919	speed (wps):5866.744463302217
step: 142	loss: 27044.962871074677	speed (wps):6164.979475242785
step: 274	loss: 52547.221224308014	speed (wps):6177.420654269697
step: 406	loss: 77701.11504554749	speed (wps):6181.469507930424
step: 538	loss: 103034.10203456879	speed (wps):6182.444027018075
step: 670	loss: 128413.46715450287	speed (wps):6183.515366971021
step: 802	loss: 153365.3673005104	speed (wps):6184.63126062849
step: 934	loss: 178490.44699430466	speed (wps):6185.67385109872
step: 1066	loss: 203647.93690919876	speed (wps):6186.637708217844
step: 1198	loss: 228540.0350522995	speed (wps):6187.272772555112
epoch: 23	train ppl: 231.02127347109973	val ppl: 197.44685855296098	best val: 197.44685855296098	time (s) spent in epoch: 154.07189631462097

EPOCH 24 ------------------
step: 10	loss: 2151.561644077301	speed (wps):5844.446189743889
step: 142	loss: 27035.097408294678	speed (wps):6159.212357522404
step: 274	loss: 52536.36655330658	speed (wps):6173.627649999382
step: 406	loss: 77692.88702011108	speed (wps):6178.396846011423
step: 538	loss: 103027.85299301147	speed (wps):6173.484643587096
step: 670	loss: 128414.39548015594	speed (wps):6173.4175295951845
step: 802	loss: 153357.73626804352	speed (wps):6175.027719899928
step: 934	loss: 178471.91506147385	speed (wps):6176.674374088393
step: 1066	loss: 203617.94813871384	speed (wps):6177.384800175721
step: 1198	loss: 228540.373711586	speed (wps):6178.315807099701
epoch: 24	train ppl: 230.92105137483546	val ppl: 197.27442508989165	best val: 197.27442508989165	time (s) spent in epoch: 154.29332876205444

EPOCH 25 ------------------
step: 10	loss: 2151.6953921318054	speed (wps):5853.804303694681
step: 142	loss: 27042.46882200241	speed (wps):6164.179517717394
step: 274	loss: 52569.774844646454	speed (wps):6176.507899205859
step: 406	loss: 77708.81680727005	speed (wps):6181.1612057652055
step: 538	loss: 103030.56043148041	speed (wps):6183.797285697047
step: 670	loss: 128390.59717178345	speed (wps):6184.908293814426
step: 802	loss: 153320.95904111862	speed (wps):6185.8613385543385
step: 934	loss: 178444.61196660995	speed (wps):6186.408937799888
step: 1066	loss: 203600.90287208557	speed (wps):6186.12123876858
step: 1198	loss: 228504.03810024261	speed (wps):6186.670073564233
epoch: 25	train ppl: 230.7513655941998	val ppl: 197.26056536186238	best val: 197.26056536186238	time (s) spent in epoch: 154.08796548843384

EPOCH 26 ------------------
step: 10	loss: 2155.046854019165	speed (wps):5840.41514942399
step: 142	loss: 27043.87886762619	speed (wps):6161.400740762536
step: 274	loss: 52551.361672878265	speed (wps):6173.559439178689
step: 406	loss: 77678.95811319351	speed (wps):6178.749408189048
step: 538	loss: 103014.31618452072	speed (wps):6181.09531988731
step: 670	loss: 128376.22571468353	speed (wps):6182.227866310097
step: 802	loss: 153323.33039045334	speed (wps):6183.359263585456
step: 934	loss: 178444.7807788849	speed (wps):6185.270675183579
step: 1066	loss: 203621.86995744705	speed (wps):6186.072547805299
step: 1198	loss: 228528.70802402496	speed (wps):6187.302091162894
epoch: 26	train ppl: 230.77809841439915	val ppl: 197.2593631742241	best val: 197.2593631742241	time (s) spent in epoch: 154.05930590629578

EPOCH 27 ------------------
step: 10	loss: 2153.2362818717957	speed (wps):5868.131294686254
step: 142	loss: 27024.315402507782	speed (wps):6172.565210196991
step: 274	loss: 52541.99697256088	speed (wps):6184.415541461948
step: 406	loss: 77680.80995798111	speed (wps):6189.329339465571
step: 538	loss: 103012.76618242264	speed (wps):6191.737323717072
step: 670	loss: 128393.01238059998	speed (wps):6191.630731583407
step: 802	loss: 153357.9684662819	speed (wps):6184.242074770689
step: 934	loss: 178501.91341161728	speed (wps):6181.918273692459
step: 1066	loss: 203649.3425321579	speed (wps):6179.180793772993
step: 1198	loss: 228550.94244480133	speed (wps):6178.034099125946
epoch: 27	train ppl: 230.93047246841476	val ppl: 197.2594034859113	best val: 197.2593631742241	time (s) spent in epoch: 154.4301197528839

EPOCH 28 ------------------
step: 10	loss: 2150.6288290023804	speed (wps):5810.701568627098
step: 142	loss: 27033.55965614319	speed (wps):6138.421951947329
step: 274	loss: 52554.034214019775	speed (wps):6148.635494728448
step: 406	loss: 77702.91623830795	speed (wps):6155.485875822044
step: 538	loss: 103034.70470190048	speed (wps):6157.775396485045
step: 670	loss: 128394.28205251694	speed (wps):6160.340246763757
step: 802	loss: 153338.50733995438	speed (wps):6161.47728541549
step: 934	loss: 178458.44225645065	speed (wps):6156.665801565401
step: 1066	loss: 203626.3707613945	speed (wps):6154.5747916468945
step: 1198	loss: 228533.6500930786	speed (wps):6154.970852371199
epoch: 28	train ppl: 230.9052633683623	val ppl: 197.25938915286596	best val: 197.2593631742241	time (s) spent in epoch: 154.91885638237

EPOCH 29 ------------------
step: 10	loss: 2160.7945322990417	speed (wps):5840.579917722979
step: 142	loss: 27032.772204875946	speed (wps):6135.044839838514
step: 274	loss: 52561.33488178253	speed (wps):6146.74855890626
step: 406	loss: 77695.60692548752	speed (wps):6150.604301011676
step: 538	loss: 103008.10230731964	speed (wps):6152.009558644773
step: 670	loss: 128394.02485370636	speed (wps):6151.581690446752
step: 802	loss: 153354.4484758377	speed (wps):6151.345883223595
step: 934	loss: 178460.261824131	speed (wps):6151.417302744433
step: 1066	loss: 203634.38561439514	speed (wps):6152.599728033634
step: 1198	loss: 228546.08909606934	speed (wps):6153.25012031752
epoch: 29	train ppl: 230.83595533129903	val ppl: 197.25939631938857	best val: 197.2593631742241	time (s) spent in epoch: 154.93223929405212

EPOCH 30 ------------------
step: 10	loss: 2150.7228565216064	speed (wps):5839.260975822752
step: 142	loss: 27041.894710063934	speed (wps):6130.83229736317
step: 274	loss: 52533.97637844086	speed (wps):6144.270915841442
step: 406	loss: 77701.9574713707	speed (wps):6144.047996162933
step: 538	loss: 103037.49980926514	speed (wps):6145.339613515205
step: 670	loss: 128405.36079406738	speed (wps):6147.4878421811245
step: 802	loss: 153355.20253181458	speed (wps):6149.371104785658
step: 934	loss: 178458.74318122864	speed (wps):6150.156626051097
step: 1066	loss: 203607.05858707428	speed (wps):6150.2718289120885
step: 1198	loss: 228511.6567993164	speed (wps):6150.467588621628
epoch: 30	train ppl: 230.81872531705017	val ppl: 197.25939184031188	best val: 197.2593631742241	time (s) spent in epoch: 155.0336890220642

EPOCH 31 ------------------
step: 10	loss: 2158.8399815559387	speed (wps):5795.271964417444
step: 142	loss: 27040.712139606476	speed (wps):6095.865172329967
step: 274	loss: 52545.19914865494	speed (wps):6124.143911141593
step: 406	loss: 77698.24273347855	speed (wps):6133.4728523386475
step: 538	loss: 103058.66646528244	speed (wps):6138.588010197906
step: 670	loss: 128418.6666893959	speed (wps):6141.577668199968
step: 802	loss: 153354.4325041771	speed (wps):6143.861253800433
step: 934	loss: 178473.47801446915	speed (wps):6142.364818806364
step: 1066	loss: 203626.4947962761	speed (wps):6142.756992723597
step: 1198	loss: 228530.7850909233	speed (wps):6144.415095360405
epoch: 31	train ppl: 230.8575573304001	val ppl: 197.25939631938857	best val: 197.2593631742241	time (s) spent in epoch: 155.1546127796173

EPOCH 32 ------------------
step: 10	loss: 2154.956932067871	speed (wps):5806.001858142606
step: 142	loss: 27039.59921360016	speed (wps):6124.70104087283
step: 274	loss: 52552.93285369873	speed (wps):6138.416865096804
step: 406	loss: 77687.74609804153	speed (wps):6143.617794925409
step: 538	loss: 102999.17573451996	speed (wps):6147.406318950991
step: 670	loss: 128369.45114374161	speed (wps):6148.504763095158
step: 802	loss: 153298.18919420242	speed (wps):6149.79922597593
step: 934	loss: 178413.8360953331	speed (wps):6151.108842127755
step: 1066	loss: 203566.07250213623	speed (wps):6152.56300630915
step: 1198	loss: 228465.12299060822	speed (wps):6152.545229547316
epoch: 32	train ppl: 230.48847040210933	val ppl: 197.25939631938857	best val: 197.2593631742241	time (s) spent in epoch: 154.9962306022644

EPOCH 33 ------------------
step: 10	loss: 2149.764473438263	speed (wps):5809.560152951798
step: 142	loss: 27047.323489189148	speed (wps):6139.610161723554
step: 274	loss: 52553.21835756302	speed (wps):6149.136971931551
step: 406	loss: 77696.26014471054	speed (wps):6152.813333301616
step: 538	loss: 103013.53332281113	speed (wps):6155.684713702963
step: 670	loss: 128391.51908874512	speed (wps):6156.721292755328
step: 802	loss: 153327.2534775734	speed (wps):6157.420458646021
step: 934	loss: 178457.06604003906	speed (wps):6157.822690638751
step: 1066	loss: 203597.3242521286	speed (wps):6157.770941265025
step: 1198	loss: 228508.20316553116	speed (wps):6157.9900868565255
epoch: 33	train ppl: 230.64633527308695	val ppl: 197.25939631938857	best val: 197.2593631742241	time (s) spent in epoch: 154.85190653800964

EPOCH 34 ------------------
step: 10	loss: 2155.8095049858093	speed (wps):5827.700112940971
step: 142	loss: 27044.462609291077	speed (wps):6127.58345247354
step: 274	loss: 52531.81289434433	speed (wps):6144.294434888555
step: 406	loss: 77674.66924667358	speed (wps):6146.734238378313
step: 538	loss: 103001.05413198471	speed (wps):6148.222913765083
step: 670	loss: 128354.10266160965	speed (wps):6142.667961835365
step: 802	loss: 153292.64607667923	speed (wps):6137.097558639557
step: 934	loss: 178429.35233831406	speed (wps):6138.545186428483
step: 1066	loss: 203582.6770377159	speed (wps):6140.298462475154
step: 1198	loss: 228506.83259010315	speed (wps):6141.746487522114
epoch: 34	train ppl: 230.85996669185775	val ppl: 197.25939631938857	best val: 197.2593631742241	time (s) spent in epoch: 155.21084547042847

EPOCH 35 ------------------
step: 10	loss: 2155.712640285492	speed (wps):5836.021591161871
step: 142	loss: 27047.479634284973	speed (wps):6148.502427908908
step: 274	loss: 52562.4306678772	speed (wps):6161.403276142879
step: 406	loss: 77704.72837924957	speed (wps):6165.534077350587
step: 538	loss: 103046.0499382019	speed (wps):6164.286115747559
step: 670	loss: 128411.21591806412	speed (wps):6164.262596399218
step: 802	loss: 153368.265748024	speed (wps):6164.327750613376
step: 934	loss: 178474.93500709534	speed (wps):6163.650101826327
step: 1066	loss: 203623.1982755661	speed (wps):6163.433862070189
step: 1198	loss: 228523.65757465363	speed (wps):6163.091521905063
epoch: 35	train ppl: 230.78631277011448	val ppl: 197.25939631938857	best val: 197.2593631742241	time (s) spent in epoch: 154.71994805335999

EPOCH 36 ------------------
step: 10	loss: 2149.7525906562805	speed (wps):5827.9556589354315
step: 142	loss: 27028.777120113373	speed (wps):6135.867920585162
step: 274	loss: 52552.957570552826	speed (wps):6146.862179477346
step: 406	loss: 77707.9885673523	speed (wps):6149.9694657235
step: 538	loss: 103048.15375804901	speed (wps):6150.651194592819
step: 670	loss: 128411.26339912415	speed (wps):6152.574372269826
step: 802	loss: 153318.31173419952	speed (wps):6154.466065429732
step: 934	loss: 178448.6872768402	speed (wps):6154.365592876435
step: 1066	loss: 203598.11847925186	speed (wps):6152.509078490229
step: 1198	loss: 228508.17172288895	speed (wps):6152.205741578688
epoch: 36	train ppl: 230.75596156204247	val ppl: 197.25939631938857	best val: 197.2593631742241	time (s) spent in epoch: 154.96560192108154

EPOCH 37 ------------------
step: 10	loss: 2158.9002299308777	speed (wps):5811.061228374826
step: 142	loss: 27045.28390645981	speed (wps):6134.432872730286
step: 274	loss: 52547.14246749878	speed (wps):6147.1311793521245
step: 406	loss: 77686.17855548859	speed (wps):6148.985516392439
step: 538	loss: 103021.97724103928	speed (wps):6149.413241213206
step: 670	loss: 128399.9329328537	speed (wps):6147.682133014242
step: 802	loss: 153329.32446956635	speed (wps):6148.958503059655
step: 934	loss: 178464.45544481277	speed (wps):6150.611475091106
step: 1066	loss: 203604.51930999756	speed (wps):6151.4044972711545
step: 1198	loss: 228516.3019490242	speed (wps):6150.9715976438265
epoch: 37	train ppl: 230.75058808303808	val ppl: 197.25939631938857	best val: 197.2593631742241	time (s) spent in epoch: 155.02412271499634

EPOCH 38 ------------------
step: 10	loss: 2153.0896162986755	speed (wps):5819.815506021346
step: 142	loss: 27028.749165534973	speed (wps):6124.089616916562
step: 274	loss: 52531.58116340637	speed (wps):6139.298089368887
step: 406	loss: 77666.08163356781	speed (wps):6140.525903746919
step: 538	loss: 102992.03298091888	speed (wps):6142.614516051344
step: 670	loss: 128351.74923658371	speed (wps):6144.199499771272
step: 802	loss: 153288.37628602982	speed (wps):6144.657919581798
step: 934	loss: 178423.45852851868	speed (wps):6144.988032048002
step: 1066	loss: 203562.05321788788	speed (wps):6145.373615371978
step: 1198	loss: 228470.77936172485	speed (wps):6145.788975416787
epoch: 38	train ppl: 230.6528733769789	val ppl: 197.25939631938857	best val: 197.2593631742241	time (s) spent in epoch: 155.07805371284485

EPOCH 39 ------------------
step: 10	loss: 2148.273718357086	speed (wps):5708.931798395828
step: 142	loss: 27032.863612174988	speed (wps):6129.79067059353
step: 274	loss: 52542.190635204315	speed (wps):6154.661345923893
step: 406	loss: 77667.90590763092	speed (wps):6161.071274907409
step: 538	loss: 103001.01386070251	speed (wps):6165.941214878505
step: 670	loss: 128376.1902999878	speed (wps):6167.662607582346
step: 802	loss: 153311.10939979553	speed (wps):6164.009059443905
step: 934	loss: 178426.7838382721	speed (wps):6166.456472185354
step: 1066	loss: 203605.20802736282	speed (wps):6168.371716964108
step: 1198	loss: 228507.99762010574	speed (wps):6169.779141362137
epoch: 39	train ppl: 230.79913635411123	val ppl: 197.25939631938857	best val: 197.2593631742241	time (s) spent in epoch: 154.54293370246887

DONE

Saving learning curves to RNN_SGD_LR_SCHEDULE_model=RNN_optimizer=SGD_LR_SCHEDULE_initial_lr=1_batch_size=20_seq_len=35_hidden_size=512_num_layers=2_dp_keep_prob=0.35_0/learning_curves.npy
Set compute mode to DEFAULT for GPU 00000000:07:00.0.
All done.
